            --------------------------------------------------------
                             AMBER SQM VERSION 19
 
                                     By
              Ross C. Walker, Michael F. Crowley, Scott Brozell,
                         Tim Giese, Andreas W. Goetz,
                        Tai-Sung Lee and David A. Case
 
            --------------------------------------------------------
 

--------------------------------------------------------------------------------
  QM CALCULATION INFO
--------------------------------------------------------------------------------

| QMMM: Citation for AMBER QMMM Run:
| QMMM: R.C. Walker, M.F. Crowley and D.A. Case, J. COMP. CHEM. 29:1019, 2008

QMMM: SINGLET STATE CALCULATION
QMMM: RHF CALCULATION, NO. OF DOUBLY OCCUPIED LEVELS = 92

| QMMM: *** Selected Hamiltonian *** 
| QMMM: AM1         

| QMMM: *** Parameter sets in use ***
| QMMM: S : M.J.S.DEWAR et al. INORG. CHEM., 29, 3881, (1990)
| QMMM: C : M.J.S.DEWAR et al. JACS, 107, 3902, (1985)
| QMMM: N : M.J.S.DEWAR et al. JACS, 107, 3902, (1985)
| QMMM: O : M.J.S.DEWAR et al. JACS, 107, 3902, (1985)
| QMMM: P : M.J.S.DEWAR et al. THEOCHEM, 187,1, (1989)
| QMMM: H : M.J.S.DEWAR et al. JACS, 107, 3902, (1985)
| QMMM: Br: M.J.S.DEWAR et al. THEOCHEM, 180, 1, (1988)

| QMMM: *** SCF convergence criteria ***
| QMMM: Energy change                :  0.1D-09 kcal/mol
| QMMM: Error matrix |FP-PF|         :  0.1D+00 au
| QMMM: Density matrix change        :  0.5D-06
| QMMM: Maximum number of SCF cycles :     1000

| QMMM: *** Diagonalization Routine Information ***
| QMMM: Pseudo diagonalizations are allowed.
| QMMM: Auto diagonalization routine selection is in use.
| QMMM:
| QMMM: Timing diagonalization routines:
| QMMM:                              norbs =      149
| QMMM:    diag iterations used for timing =       10
| QMMM:
| QMMM:              Internal diag routine = 0.052769 seconds
| QMMM:                 Dspev diag routine = 0.053575 seconds
| QMMM:                Dspevd diag routine = 0.036833 seconds
| QMMM:                Dspevx diag routine = 0.188908 seconds
| QMMM:                 Dsyev diag routine = 0.062360 seconds
| QMMM:                Dsyevd diag routine = 0.055361 seconds
| QMMM:                Dsyevr diag routine = 0.048271 seconds
| QMMM:
| QMMM:                Pseudo diag routine = 0.022825 seconds
| QMMM:
| QMMM: Using dspevd routine (diag_routine=3).

  QMMM: QM Region Cartesian Coordinates (*=link atom) 
  QMMM: QM_NO.   MM_NO.  ATOM         X         Y         Z
  QMMM:     1        1      S      -36.3230  -34.6810   24.2950
  QMMM:     2        2      C      -34.9450  -35.2240   23.4370
  QMMM:     3        3      N      -33.8270  -34.9430   24.1300
  QMMM:     4        4      C      -34.0480  -34.4030   25.4050
  QMMM:     5        5      C      -35.3790  -34.2180   25.6950
  QMMM:     6        6      C      -35.9910  -33.8260   27.0090
  QMMM:     7        7      C      -36.3560  -32.3460   27.2040
  QMMM:     8        8      O      -36.7330  -32.1670   28.5530
  QMMM:     9        9      P      -37.9460  -31.0730   28.8720
  QMMM:    10       10      P      -39.9240  -33.3160   28.4880
  QMMM:    11       11      N      -30.0550  -32.1620   23.6090
  QMMM:    12       12      O      -37.6780  -29.7330   28.2890
  QMMM:    13       13      O      -40.1100  -33.2480   30.0580
  QMMM:    14       14      C      -30.6350  -31.3410   22.7120
  QMMM:    15       15      O      -38.0710  -31.1200   30.4170
  QMMM:    16       16      O      -38.8680  -34.3750   28.0700
  QMMM:    17       17      N      -31.7610  -31.6030   22.0610
  QMMM:    18       18      O      -39.2130  -31.7800   28.1710
  QMMM:    19       19      O      -41.1470  -33.3680   27.6390
  QMMM:    20       20      C      -32.4060  -32.7850   22.2680
  QMMM:    21       21      N      -33.5310  -33.0070   21.5900
  QMMM:    22       22      C      -31.8580  -33.7270   23.2130
  QMMM:    23       23      C      -30.6860  -33.3280   23.8310
  QMMM:    24       24      C      -32.4550  -35.0660   23.5700
  QMMM:    25       25      C      -29.9750  -30.0220   22.4260
  QMMM:    26       26      C      -32.9010  -34.2010   26.3350
  QMMM:    27       27      H      -36.9120  -34.3970   27.2190
  QMMM:    28       28      H      -35.2710  -34.0890   27.8040
  QMMM:    29       29      H      -35.4920  -31.6960   26.9770
  QMMM:    30       30      H      -37.1730  -32.0700   26.5100
  QMMM:    31       31      H      -33.8450  -32.2780   20.9510
  QMMM:    32       32      H      -33.8620  -34.0170   21.4290
  QMMM:    33       33      H      -30.2180  -33.9990   24.5650
  QMMM:    34       34      H      -32.5390  -35.7470   22.7140
  QMMM:    35       35      H      -31.8220  -35.5530   24.3280
  QMMM:    36       36      H      -29.8780  -29.4340   23.3510
  QMMM:    37       37      H      -30.5490  -29.4490   21.6850
  QMMM:    38       38      H      -28.9520  -30.1750   22.0480
  QMMM:    39       39      H      -32.3260  -35.1380   26.4430
  QMMM:    40       40      H      -33.2730  -33.9010   27.3240
  QMMM:    41       41      H      -32.2110  -33.4180   25.9810
  QMMM:    42       42      C      -34.7120  -37.5460   22.4390
  QMMM:    43       43      C      -35.0050  -35.9810   22.0980
  QMMM:    44       44      O      -33.4610  -37.8290   22.5300
  QMMM:    45       45      O      -35.6570  -38.3300   22.5410
  QMMM:    46       46      O      -34.0540  -35.5080   21.2460
  QMMM:    47       47      C      -36.3990  -35.8230   21.4880
  QMMM:    48       48      Br     -37.7120  -36.7460   22.5810
  QMMM:    49       49      H      -36.4390  -36.2760   20.4950
  QMMM:    50       50      H      -36.6900  -34.7710   21.4590

--------------------------------------------------------------------------------
  RESULTS
--------------------------------------------------------------------------------

      iter         sqm energy              rms gradient
      ----    -------------------    -----------------------
xmin    10     -292.9047 kcal/mol        2.6346 kcal/(mol*A)
xmin    20     -295.0193 kcal/mol        0.3708 kcal/(mol*A)
xmin    30     -295.3750 kcal/mol        0.1765 kcal/(mol*A)
xmin    40     -295.4277 kcal/mol        0.0710 kcal/(mol*A)
xmin    50     -295.4340 kcal/mol        0.0314 kcal/(mol*A)
xmin    60     -295.4371 kcal/mol        0.0172 kcal/(mol*A)
xmin    70     -295.4382 kcal/mol        0.0228 kcal/(mol*A)
xmin    80     -295.4384 kcal/mol        0.0039 kcal/(mol*A)
xmin    90     -295.4384 kcal/mol        0.0014 kcal/(mol*A)
  ... geometry converged !
 
 Final MO eigenvalues (eV):
 -33.4033  -32.1844  -29.0895  -28.8391  -27.2798  -26.8082  -26.2681  -24.8643
 -24.4078  -24.1647  -23.6259  -23.3837  -21.7038  -21.1980  -20.5768  -20.2547
 -20.1845  -19.3448  -19.2460  -18.6184  -18.5568  -17.5674  -16.9249  -16.5138
 -15.1138  -13.9460  -13.1403  -11.6566  -11.0930  -10.8357  -10.4702   -9.8894
  -8.8755   -8.7072   -8.6937   -8.3489   -7.7963   -7.2158   -7.0559   -7.0226
  -6.9009   -6.6961   -6.5672   -6.4881   -6.1850   -5.8209   -5.5870   -5.4214
  -5.3390   -5.1363   -5.0985   -5.0093   -4.6559   -4.6006   -4.4003   -4.3354
  -4.0122   -3.9017   -3.7162   -3.3000   -3.1576   -2.9800   -2.8322   -2.5857
  -2.3818   -1.9023   -1.6943   -1.5715   -1.4616   -1.4317   -1.3486   -0.8919
  -0.4339   -0.3414   -0.2035   -0.1735   -0.1381   -0.0328    0.5389    1.0748
   1.0922    1.2483    1.3405    1.6428    1.9515    2.0383    2.5826    3.3206
   3.3433    3.3780    3.4698    3.4838    7.2235    7.6736    8.2505    8.8807
   9.3330    9.3473    9.5634    9.7703    9.8036   10.1428   10.1727   10.4316
  10.7112   10.7803   10.9220   11.1118   11.3711   11.7371   11.8242   12.1898
  12.3842   12.4999   12.5743   12.6212   12.7051   12.7548   12.8628   12.9170
  12.9513   12.9708   13.2379   13.5181   13.6897   13.7042   13.8778   13.8896
  14.0679   14.1056   14.3314   14.4727   14.7731   14.9701   15.1459   15.5651
  15.8019   16.0324   16.5942   16.6573   17.2064   18.0445   18.2236   19.1949
  19.9230   20.9892   21.4710   22.4166   22.4480

 Heat of formation   =       -295.43843407 kcal/mol  (      -12.81117185 eV)

 Total SCF energy    =    -161148.34882332 kcal/mol  (    -6987.91677825 eV)
 Electronic energy   =   -1243020.81299979 kcal/mol  (   -53901.42721477 eV)
 Core-core repulsion =    1081872.46417647 kcal/mol  (    46913.51043651 eV)
 
    Atomic Charges for Step       1 :
  Atom    Element       Mulliken Charge
     1      S                  0.653
     2      C                 -0.238
     3      N                 -0.041
     4      C                 -0.104
     5      C                 -0.307
     6      C                 -0.202
     7      C                  0.084
     8      O                 -0.754
     9      P                  2.677
    10      P                  2.658
    11      N                 -0.263
    12      O                 -1.251
    13      O                 -1.281
    14      C                  0.040
    15      O                 -1.238
    16      O                 -1.285
    17      N                 -0.296
    18      O                 -1.286
    19      O                 -1.283
    20      C                  0.197
    21      N                 -0.329
    22      C                 -0.223
    23      C                 -0.015
    24      C                 -0.003
    25      C                 -0.146
    26      C                 -0.169
    27      H                  0.204
    28      H                  0.126
    29      H                 -0.010
    30      H                  0.100
    31      H                  0.196
    32      H                  0.307
    33      H                  0.152
    34      H                  0.211
    35      H                  0.111
    36      H                  0.086
    37      H                  0.073
    38      H                  0.069
    39      H                  0.054
    40      H                  0.182
    41      H                  0.072
    42      C                  0.321
    43      C                  0.202
    44      O                 -0.604
    45      O                 -0.595
    46      O                 -0.716
    47      C                 -0.217
    48      Br                -0.127
    49      H                  0.131
    50      H                  0.077
 Total Mulliken Charge =      -4.000
 
                  X        Y        Z     TOTAL  
  QM DIPOLE   710.129  647.749 -517.553 1091.661
 
 Final Structure

  QMMM: QM Region Cartesian Coordinates (*=link atom) 
  QMMM: QM_NO.   MM_NO.  ATOM         X         Y         Z
  QMMM:     1        1      S      -36.5693  -35.3241   24.1959
  QMMM:     2        2      C      -35.1156  -35.4433   23.3316
  QMMM:     3        3      N      -34.1014  -34.8104   23.9846
  QMMM:     4        4      C      -34.5251  -34.2315   25.2064
  QMMM:     5        5      C      -35.8803  -34.4160   25.4421
  QMMM:     6        6      C      -36.6290  -33.9326   26.6133
  QMMM:     7        7      C      -36.6123  -32.3966   26.7720
  QMMM:     8        8      O      -36.0662  -32.0411   27.9894
  QMMM:     9        9      P      -37.1006  -31.1685   29.0241
  QMMM:    10       10      P      -39.6180  -33.3351   29.2559
  QMMM:    11       11      N      -30.0556  -32.2191   23.9369
  QMMM:    12       12      O      -37.4332  -29.9689   28.2008
  QMMM:    13       13      O      -39.3585  -34.1827   30.4709
  QMMM:    14       14      C      -30.4457  -31.3756   22.9340
  QMMM:    15       15      O      -36.2571  -30.9496   30.2339
  QMMM:    16       16      O      -39.4142  -34.0386   27.9358
  QMMM:    17       17      N      -31.5339  -31.5196   22.1320
  QMMM:    18       18      O      -38.2916  -32.1648   29.2054
  QMMM:    19       19      O      -40.8680  -32.5033   29.3550
  QMMM:    20       20      C      -32.3472  -32.6188   22.3606
  QMMM:    21       21      N      -33.4995  -32.7597   21.6435
  QMMM:    22       22      C      -31.9953  -33.5769   23.3880
  QMMM:    23       23      C      -30.8524  -33.2938   24.1386
  QMMM:    24       24      C      -32.7114  -34.8739   23.5780
  QMMM:    25       25      C      -29.5924  -30.1476   22.7050
  QMMM:    26       26      C      -33.5989  -33.5282   26.1191
  QMMM:    27       27      H      -37.7158  -34.2615   26.6133
  QMMM:    28       28      H      -36.1778  -34.3794   27.5434
  QMMM:    29       29      H      -35.9832  -31.9534   25.9412
  QMMM:    30       30      H      -37.6641  -32.0067   26.6786
  QMMM:    31       31      H      -33.6565  -32.1546   20.8752
  QMMM:    32       32      H      -33.9433  -33.6761   21.6099
  QMMM:    33       33      H      -30.5435  -33.9679   24.9589
  QMMM:    34       34      H      -32.6701  -35.4672   22.6014
  QMMM:    35       35      H      -32.1754  -35.4874   24.3619
  QMMM:    36       36      H      -29.9051  -29.3580   23.4318
  QMMM:    37       37      H      -29.7206  -29.7535   21.6686
  QMMM:    38       38      H      -28.5133  -30.3821   22.8689
  QMMM:    39       39      H      -32.8296  -34.2367   26.5169
  QMMM:    40       40      H      -34.1915  -33.0968   26.9767
  QMMM:    41       41      H      -33.0723  -32.6937   25.5929
  QMMM:    42       42      C      -34.1923  -37.5445   22.2517
  QMMM:    43       43      C      -34.9180  -36.1761   21.9710
  QMMM:    44       44      O      -33.2260  -37.5670   23.0707
  QMMM:    45       45      O      -34.5555  -38.5667   21.5992
  QMMM:    46       46      O      -34.2310  -35.4240   21.1083
  QMMM:    47       47      C      -36.3027  -36.4468   21.3233
  QMMM:    48       48      Br     -37.8037  -37.0075   22.4303
  QMMM:    49       49      H      -36.1505  -37.2785   20.5968
  QMMM:    50       50      H      -36.6595  -35.5275   20.8096

           --------- Calculation Completed ----------

