
Will write log file to "mm_opt.md.log".

Command line:  /software/orca/5.0.4/orca_5_0_4_linux_x86-64_openmpi411/orca_md mm_opt orca


    ################################################################
    ########    ORCA ab initio Molecular Dynamics Module    ########
    ########          and SANscript Interpreter             ########
    ########          Martin Brehm, 2016 - 2022             ########
    ########       https://brehm-research.de/orcamd         ########
    ################################################################


  * Compiled as ORCA module.
  * Called from ORCA.
  * Base name: "mm_opt"
  * Source code version: Jan 31 2022
  * Compiled at Mar  1 2023 11:25:12, compiler "Clang 12.0.0 (/home/frankw/CompEnv/src/llvm1200/llvm-project/clang d28af7c654d8db0b68c175db5ce212d74fb5e9bc)", LLVM, CLANG 12.0.0, Linux
  * Machine: x86_64, int=4b, long=8b, addr=8b, 0xA0B0C0D0=D0,C0,B0,A0.
  * Executable name: "/software/orca/5.0.4/orca_5_0_4_linux_x86-64_openmpi411/orca_md"
  * Running on qnode0227 at Wed Jul 24 13:25:16 2024 (PID 124698)
  * Running in /projects/b1039/wxk6447/INI-STRUCT-6/Out/8

Initializing SAN engine...

Started parsing input script.
Reading input file "mm_opt.mdinput" ...
204 Bytes read.
Tokenizing input...
Found 26 tokens in file.
Handling brackets...
Handling reference parentheses...
Handling keywords...
Handling operators...
Grouping commas...
Removing commas...
Handling variables...
Found unit "Bohr", converting 0.300000 Bohr to 0.158753 Angstrom...
Handling functions, iteration 1...
Handling functions, iteration 2...
Flattening tree...
Checking keyword syntax...
Finished parsing input script.

Initializing MD engine with interface "ORCA" ...


>>>>>>>>>>>>>>>>>>>>>>>>>>>>>>>>>>>>>>>>>>>>>>>>>>>>
>>>   Output of System Information (from ORCA)   >>>
>>>>>>>>>>>>>>>>>>>>>>>>>>>>>>>>>>>>>>>>>>>>>>>>>>>>


############################################
   Total Atom Count:           18673
   Total System Mass:       131433.2 a.m.u.
   Total Basis Dimension:          0
   Total Electron Number:          0
   Total Charge:                  -9
   Total Multiplicity:             1
  ------------------------------------------
   ReducePrint:                 true
   Print Mulliken Pop:             1
   Print Loewdin Pop:              1
   Print Mayer Pop:                1
   Print Orbital Energies:         1
############################################

<<<<<<<<<<<<<<<<<<<<<<<<<<<<<<<<<<<<<<<<<<<<<<<<<<<<
<<<          End of System Information           <<<
<<<<<<<<<<<<<<<<<<<<<<<<<<<<<<<<<<<<<<<<<<<<<<<<<<<<

Initializing regions...
  Found "mm_opt-active_atoms.tmp" file, reading active region data...
  Found "mm_opt-qm_atoms.tmp" file, reading QM region data...

Defined regions:
         all: 18673 atoms
          mm: 18673 atoms
      active:   422 atoms
    inactive: 18251 atoms


######################################################
########        Executing Input Script        ########
######################################################

Execution verbose level is 2.



>>>>>> Dump Position, Stride, 1, Filename, "mm_opt_trj.dcd", Replace

Modified writing position trajectory for region "all": Format DCD, stride 1, filename "mm_opt_trj.dcd", replace.


>>>>>> Minimize LBFGS, StepLimit, 0.30, MaxGrad, 4.9615, RMSGrad, 0.9923, Steps, 1000

Starting minimization loop with L-BFGS method:
    Max. Steps:             1000
    L-BFGS History:         20
    RMS(Grad) Convergence:  0.9923 kJ/mol/Angstrom
    Max(Grad) Convergence:  4.9615 kJ/mol/Angstrom
    Step Limit:             0.159 Angstrom
    Random Displacement:    disabled


Dump: Will write Position data of region "all" in DCD format with stride 1 to "mm_opt_trj.dcd" (replace).

Defined regions:
         all: 18673 atoms
          mm: 18673 atoms
      active:   422 atoms
    inactive: 18251 atoms

Will write restart file to "mm_opt.mdrestart" after each step.
Will write energy statistics to "mm_opt-minimize-ener.csv" after each step.


The system contains 1266 active degrees of freedom (422 active atoms * 3).

This is a 1266-dimensional optimization problem.

Allocating 563.58 KiB of memory for L-BFGS working space...



            |  t_SCF | t_Grad |     Temp |           E_Pot |      Delta E |    RMS(Grad) |    Max(Grad) |  Max(Step)
       Step |    [s] |    [s] |      [K] |       [Hartree] |    [Hartree] | [kJ/(mol*A)] | [kJ/(mol*A)] | [Angstrom]
------------|--------|--------|----------|-----------------|--------------|--------------|--------------|--------------
          1      2.5      0.0                  63.40897065                                                          
          2      2.5      0.0                 -24.57096325   -87.97993390       657.3887      9521.1952     0.274969
          3      2.5      0.0                 -24.57775280    -0.00678956       649.6427      9397.7111     0.000996
          4      2.5      0.0                 -24.60404966    -0.02629685       619.9350      8921.8225     0.003986
          5      2.5      0.1                 -24.69672071    -0.09267105       519.4731      7277.1032     0.015942
          6      2.4      0.0                 -24.92662777    -0.22990706       314.0949      3464.7221     0.063768
          7      2.5      0.0                 -25.06399603    -0.13736826       246.3669      1944.7306     0.115994
          8      2.5      0.0                 -25.25515284    -0.19115681       188.7947      1563.6053     0.039890
          9      2.5      0.0                 -25.57666048    -0.32150764        97.0540       594.4338     0.130755
         10      2.5      0.0                 -25.72425445    -0.14759396        62.0967       465.0548     0.086918
         11      2.5      0.0                 -25.74973580    -0.02548135        77.9887       687.9730     0.054488
         12      2.5      0.0                 -25.83109397    -0.08135817        60.7252       767.2892     0.056741
         13      2.5      0.1                 -25.84829253    -0.01719856        77.8525       864.1949     0.040998
         14      2.5      0.0                 -25.91742305    -0.06913053        45.7231       366.7420     0.056505
         15      2.5      0.0                 -25.93938335    -0.02196030        51.6610       404.6143     0.054928
         16      2.5      0.0                 -25.98074730    -0.04136395        35.8961       195.9824     0.044031
         17      2.5      0.0                 -25.99827670    -0.01752939        48.4072       261.4837     0.053442
         18      2.5      0.1                 -26.03479874    -0.03652205        29.8250       143.4860     0.050790
         19      2.5      0.0                 -26.03994842    -0.00514968        37.8062       270.9324     0.027584
         20      2.5      0.0                 -26.06073050    -0.02078208        27.7474       149.3533     0.035224
         21      2.5      0.0                 -26.06333458    -0.00260408        36.7336       308.9163     0.017661
         22      2.5      0.1                 -26.08158255    -0.01824797        26.1118       119.7017     0.027843
         23      2.5      0.0                 -26.09174162    -0.01015907        34.9471       277.2679     0.041548
         24      2.6      0.0                 -26.11047948    -0.01873786        23.4162       127.7113     0.035421
         25      2.5      0.0                 -26.11381339    -0.00333390        31.3081       199.5840     0.022553
         26      2.5      0.0                 -26.12797219    -0.01415880        21.3621        94.1731     0.035035
         27      2.5      0.0                 -26.13162524    -0.00365305        28.9216       125.2041     0.029085
         28      2.5      0.0                 -26.14435341    -0.01272817        20.4098        82.2532     0.035780
         29      2.5      0.0                 -26.15037461    -0.00602120        28.6431       151.3674     0.047064
         30      2.6      0.0                 -26.16378361    -0.01340901        18.7431        81.4887     0.047530
         31      2.5      0.1                 -26.16764307    -0.00385945        24.8667       126.3177     0.042880
         32      2.5      0.0                 -26.17764100    -0.00999793        17.1544        85.5227     0.038824
         33      2.5      0.0                 -26.17910113    -0.00146014        22.7933       129.6798     0.021681
         34      2.5      0.0                 -26.18703272    -0.00793159        16.9828        75.9265     0.044813
         35      2.5      0.0                 -26.18935160    -0.00231888        23.0246       176.8367     0.042923
         36      2.5      0.0                 -26.19709489    -0.00774329        21.8902       134.4802     0.036800
         37      2.5      0.0                 -26.20611029    -0.00901541        16.6721        81.8423     0.061610
         38      2.5      0.0                 -26.20741081    -0.00130051        22.2341       122.9282     0.035649
         39      2.5      0.1                 -26.21522915    -0.00781834        14.1241        55.0825     0.036527
         40      2.5      0.0                 -26.21637969    -0.00115054        17.7664        72.3076     0.020442
         41      2.5      0.0                 -26.22170851    -0.00532882        12.7075        39.4059     0.040696
         42      2.5      0.0                 -26.22285994    -0.00115143        17.6382        72.0957     0.029928
         43      2.5      0.0                 -26.22792904    -0.00506910        12.6510        48.5751     0.023095
         44      2.5      0.1                 -26.23018196    -0.00225292        17.2610        70.0284     0.028852
         45      2.5      0.0                 -26.23538243    -0.00520047        12.0759        40.9415     0.051946
         46      2.5      0.0                 -26.23609186    -0.00070943        15.7027        62.4251     0.028239
         47      2.5      0.0                 -26.24055205    -0.00446019        12.0315        46.4364     0.023495
         48      2.6      0.1                 -26.24159429    -0.00104224        16.2404        71.6483     0.018183
         49      2.5      0.0                 -26.24647546    -0.00488117        12.3616        47.5880     0.056237
         50      2.5      0.0                 -26.24700518    -0.00052972        15.9478        81.3266     0.026496
         51      2.5      0.0                 -26.25113655    -0.00413137        11.5638        43.8911     0.026855
         52      2.6      0.1                 -26.25163738    -0.00050083        14.6330        54.9794     0.013225
         53      2.5      0.0                 -26.25560144    -0.00396406        11.7612        39.2254     0.047786
         54      2.5      0.0                 -26.25657877    -0.00097733        16.8452        82.1965     0.041152
         55      2.5      0.0                 -26.26105281    -0.00447404        12.0380        49.6437     0.025298
         56      2.5      0.0                 -26.26145975    -0.00040694        14.9002        83.1745     0.010353
         57      2.5      0.1                 -26.26525804    -0.00379829        11.5020        57.1044     0.053969
         58      2.5      0.0                 -26.26560680    -0.00034876        14.7532       132.1621     0.024887
         59      2.4      0.0                 -26.26879750    -0.00319070        11.5305        51.4090     0.023677
         60      2.5      0.0                 -26.26891629    -0.00011880        13.3449        58.2012     0.005548
         61      2.5      0.1                 -26.27212351    -0.00320722        10.6460        55.6931     0.049351
         62      2.5      0.0                 -26.27311449    -0.00099098        15.8202        86.0555     0.052294
         63      2.5      0.0                 -26.27724166    -0.00412717        11.1828        62.9248     0.036539
         64      2.4      0.0                 -26.27820905    -0.00096739        15.3447        60.5362     0.028379
         65      2.5      0.1                 -26.28220422    -0.00399518        11.9806        77.1135     0.079150
         66      2.5      0.0                 -26.28273058    -0.00052636        15.9207       103.5050     0.047942
         67      2.5      0.0                 -26.28669283    -0.00396225        13.5731        63.1359     0.033803
         68      2.5      0.0                 -26.28676562    -0.00007278        14.8476        70.3390     0.005287
         69      2.5      0.0                 -26.29089782    -0.00413220        13.3631        79.1925     0.119622
         70      2.5      0.1                 -26.29487775    -0.00397993        10.6693        55.3358     0.052968
         71      2.6      0.0                 -26.29569168    -0.00081393        14.5506        59.0760     0.037757
         72      2.5      0.0                 -26.29929628    -0.00360460        12.2479        96.7710     0.082937
         73      2.5      0.0                 -26.29945742    -0.00016113        14.5721       127.6922     0.023560
         74      2.5      0.1                 -26.30216620    -0.00270879        12.7777        83.8609     0.037007
         75      2.5      0.0                 -26.30223105    -0.00006485        11.8331        63.2561     0.004921
         76      2.5      0.0                 -26.30537666    -0.00314561        11.5738        58.8444     0.115170
         77      2.5      0.0                 -26.30767234    -0.00229568         7.9697        33.9091     0.032469
         78      2.5      0.1                 -26.30798816    -0.00031581        10.3246        38.0139     0.017399
         79      2.5      0.0                 -26.30970687    -0.00171871         7.1536        33.3657     0.027092
         80      2.4      0.0                 -26.31011209    -0.00040522        10.0080        59.8560     0.021088
         81      2.5      0.0                 -26.31161078    -0.00149869         6.8988        25.8428     0.036575
         82      2.5      0.0                 -26.31197605    -0.00036528         8.9262        61.0904     0.029787
         83      2.6      0.0                 -26.31322290    -0.00124685         7.1010        42.1090     0.011388
         84      2.5      0.0                 -26.31326398    -0.00004108         7.9773        52.7362     0.002478
         85      2.5      0.0                 -26.31459790    -0.00133392         7.2074        41.2552     0.053460
         86      2.5      0.0                 -26.31468757    -0.00008967         8.6769        52.9047     0.019210
         87      2.5      0.1                 -26.31600906    -0.00132150         7.5903        56.9500     0.021045
         88      2.5      0.0                 -26.31711615    -0.00110708         5.9197        19.3076     0.030051
         89      2.5      0.0                 -26.31735316    -0.00023702         8.2166        45.9677     0.021918
         90      2.5      0.0                 -26.31839094    -0.00103777         5.4328        19.5934     0.024570
         91      2.5      0.1                 -26.31855434    -0.00016341         7.0427        37.4126     0.014377
         92      2.5      0.0                 -26.31933523    -0.00078089         5.0656        19.1884     0.017836
         93      2.5      0.0                 -26.31958130    -0.00024606         7.2600        36.4655     0.017105
         94      2.5      0.0                 -26.32044722    -0.00086593         5.4544        21.2058     0.022945
         95      2.5      0.0                 -26.32098918    -0.00054196         7.9386        32.0019     0.037750
         96      2.5      0.1                 -26.32205748    -0.00106830         5.3693        20.2861     0.029464
         97      2.5      0.0                 -26.32229826    -0.00024078         7.2529        33.3756     0.022143
         98      2.5      0.0                 -26.32317982    -0.00088157         5.1934        20.6888     0.022614
         99      2.5      0.0                 -26.32345067    -0.00027084         7.3715        27.2814     0.021293
        100      2.5      0.1                 -26.32435447    -0.00090380         5.1561        17.9671     0.026843
        101      2.5      0.0                 -26.32466435    -0.00030988         7.0068        28.3548     0.027633
        102      2.5      0.0                 -26.32551810    -0.00085375         4.9600        19.2379     0.014288
        103      2.5      0.0                 -26.32565384    -0.00013573         6.2946        29.7347     0.008409
        104      2.5      0.1                 -26.32638334    -0.00072950         4.4652        18.3147     0.030630
        105      2.5      0.0                 -26.32650042    -0.00011708         5.6206        20.7005     0.018332
        106      2.5      0.0                 -26.32716377    -0.00066335         4.8598        27.2893     0.019799
        107      2.5      0.0                 -26.32723257    -0.00006880         6.0938        37.7156     0.008817
        108      2.5      0.1                 -26.32797934    -0.00074677         4.7003        19.4749     0.022926
        109      2.5      0.0                 -26.32810851    -0.00012917         6.2619        38.4265     0.014391
        110      2.7      0.0                 -26.32876236    -0.00065386         4.7263        20.8062     0.020078
        111      2.5      0.0                 -26.32879259    -0.00003022         5.6004        32.3826     0.005359
        112      2.5      0.0                 -26.32931204    -0.00051945         4.0508        15.5802     0.018031
        113      2.5      0.1                 -26.32940405    -0.00009201         5.3309        32.8440     0.011461
        114      2.5      0.0                 -26.32987207    -0.00046802         3.7889        14.5418     0.010212
        115      2.5      0.0                 -26.32997063    -0.00009856         5.1030        30.4819     0.007315
        116      2.4      0.0                 -26.33039588    -0.00042524         3.5177        17.4391     0.012064
        117      2.5      0.1                 -26.33050838    -0.00011250         4.7076        21.9205     0.010191
        118      2.5      0.0                 -26.33089409    -0.00038571         3.1475        13.2076     0.010769
        119      2.5      0.0                 -26.33100679    -0.00011271         4.1150        14.4109     0.009789
        120      2.5      0.0                 -26.33134350    -0.00033671         3.0105        10.7896     0.010958
        121      2.5      0.1                 -26.33144272    -0.00009922         4.2817        18.8773     0.010015
        122      2.5      0.0                 -26.33177402    -0.00033131         2.9474        10.0355     0.007940
        123      2.5      0.0                 -26.33183828    -0.00006425         4.0312        16.8340     0.005362
        124      2.5      0.0                 -26.33211189    -0.00027361         2.8658         9.4176     0.009620
        125      2.5      0.0                 -26.33218673    -0.00007484         3.9173        14.3712     0.008315
        126      2.5      0.1                 -26.33246880    -0.00028207         2.7833         9.0479     0.012272
        127      2.5      0.0                 -26.33255545    -0.00008665         3.8462        14.3426     0.011561
        128      2.5      0.0                 -26.33282936    -0.00027391         2.7542         8.7718     0.008728
        129      2.5      0.0                 -26.33289696    -0.00006760         3.9164        16.4966     0.006997
        130      2.5      0.0                 -26.33314849    -0.00025153         2.7536         8.8731     0.006283
        131      2.5      0.0                 -26.33320973    -0.00006123         3.7557        24.1835     0.004988
        132      2.5      0.0                 -26.33345210    -0.00024238         2.7932         9.6755     0.011490
        133      2.5      0.0                 -26.33355249    -0.00010038         4.1008        35.0385     0.013569
        134      2.5      0.0                 -26.33382556    -0.00027308         2.8262         8.6090     0.008402
        135      2.5      0.0                 -26.33387924    -0.00005368         3.8227        30.2297     0.005731
        136      2.5      0.0                 -26.33410475    -0.00022550         2.7557        10.2793     0.008471
        137      2.4      0.0                 -26.33416733    -0.00006258         3.9413        24.9186     0.007403
        138      2.5      0.0                 -26.33440814    -0.00024081         2.8939        11.7025     0.008505
        139      2.6      0.1                 -26.33456218    -0.00015404         4.0522        17.2583     0.014167
        140      2.5      0.0                 -26.33484431    -0.00028213         2.7458         7.9395     0.011831
        141      2.5      0.0                 -26.33489253    -0.00004822         3.6856        11.1303     0.007322
        142      2.5      0.0                 -26.33512284    -0.00023031         2.6876         8.9565     0.009778
        143      2.5      0.1                 -26.33522207    -0.00009923         3.9313        15.5612     0.011906
        144      2.5      0.0                 -26.33548120    -0.00025913         2.7435         8.8914     0.013010
        145      2.5      0.0                 -26.33555556    -0.00007436         3.8330        15.5689     0.011668
        146      2.5      0.0                 -26.33580226    -0.00024671         2.6803         8.1814     0.011074
        147      2.5      0.1                 -26.33589892    -0.00009666         3.7118        12.8582     0.012536
        148      2.5      0.0                 -26.33614516    -0.00024624         2.6524        10.2516     0.014136
        149      2.5      0.0                 -26.33621336    -0.00006819         3.7664        13.7726     0.012411
        150      2.5      0.0                 -26.33645888    -0.00024552         2.7046         9.1868     0.010737
        151      2.5      0.0                 -26.33655649    -0.00009761         3.8252        20.3751     0.012332
        152      2.5      0.1                 -26.33680083    -0.00024434         3.0491        19.7460     0.025385
        153      2.5      0.0                 -26.33682018    -0.00001935         3.8728        34.0521     0.009850
        154      2.5      0.0                 -26.33704766    -0.00022748         2.9298        10.2424     0.006549
        155      2.5      0.0                 -26.33708760    -0.00003994         3.7592        27.3393     0.004134
        156      2.5      0.0                 -26.33733500    -0.00024740         2.9123         9.3724     0.029894
        157      2.5      0.0                 -26.33736262    -0.00002763         3.8196        20.7388     0.014714
        158      2.5      0.0                 -26.33759737    -0.00023474         2.6180        11.2036     0.012714
        159      2.5      0.0                 -26.33766931    -0.00007194         3.5407        12.5060     0.011991
        160      2.5      0.1                 -26.33788825    -0.00021894         2.4929         9.9914     0.019254
        161      2.4      0.0                 -26.33795643    -0.00006818         3.5371        12.9305     0.018513
        162      2.5      0.0                 -26.33816542    -0.00020899         2.5546        10.9945     0.014391
        163      2.5      0.0                 -26.33822640    -0.00006098         3.6516        16.6016     0.013068
        164      2.5      0.0                 -26.33844559    -0.00021919         2.6453        11.8683     0.020894
        165      2.5      0.1                 -26.33853554    -0.00008995         3.7951        19.8510     0.024970
        166      2.5      0.0                 -26.33876369    -0.00022814         2.7106        13.3650     0.009035
        167      2.5      0.0                 -26.33880382    -0.00004013         3.5698        26.7463     0.005712
        168      2.5      0.0                 -26.33900919    -0.00020538         3.9053        34.1723     0.053241
        169      2.5      0.1                 -26.33927686    -0.00026767         3.1052        11.7264     0.013251
        170      2.5      0.0                 -26.33928850    -0.00001164         3.6337        15.6403     0.003408
        171      2.5      0.0                 -26.33951894    -0.00023044         2.7628        14.2839     0.032738
        172      2.5      0.0                 -26.33956087    -0.00004194         3.7972        28.4467     0.022594
        173      2.5      0.1                 -26.33978922    -0.00022834         2.6062         9.9811     0.006032
        174      2.5      0.0                 -26.33985500    -0.00006578         3.4443        24.9508     0.005415
        175      2.5      0.0                 -26.34009790    -0.00024290         2.6818        11.9646     0.041622
        176      2.5      0.0                 -26.34013483    -0.00003693         3.9321        34.1311     0.027932
        177      2.5      0.0                 -26.34035257    -0.00021774         2.6066         8.8335     0.004625
        178      2.5      0.1                 -26.34038894    -0.00003637         3.2134        17.0935     0.002816
        179      2.5      0.0                 -26.34060192    -0.00021298         2.7514        13.2854     0.036976
        180      2.5      0.0                 -26.34063463    -0.00003271         3.9484        29.3902     0.023634
        181      2.5      0.0                 -26.34084720    -0.00021257         2.5616        10.8087     0.008133
        182      2.5      0.0                 -26.34088138    -0.00003419         3.1852        13.0065     0.004827
        183      2.5      0.0                 -26.34105501    -0.00017363         2.5243        11.3002     0.031124
        184      2.5      0.0                 -26.34108625    -0.00003124         3.4513        24.3327     0.021305
        185      2.5      0.0                 -26.34126299    -0.00017675         2.4085         7.7995     0.005778
        186      2.5      0.1                 -26.34128413    -0.00002114         3.0743        18.8548     0.002806
        187      2.5      0.0                 -26.34144394    -0.00015980         2.2830         7.9654     0.029096
        188      2.5      0.0                 -26.34148554    -0.00004160         3.1798        20.5136     0.026168
        189      2.5      0.0                 -26.34164909    -0.00016355         2.2150         8.0254     0.004978
        190      2.5      0.0                 -26.34167583    -0.00002674         2.9384        18.4212     0.002987
        191      2.5      0.1                 -26.34182510    -0.00014927         2.0754         7.4709     0.024467
        192      2.5      0.0                 -26.34187021    -0.00004512         2.8651        14.5640     0.023601
        193      2.5      0.0                 -26.34201200    -0.00014179         1.9701         8.0081     0.007602
        194      2.5      0.0                 -26.34204614    -0.00003414         2.7121        11.0630     0.005986
        195      2.5      0.0                 -26.34217267    -0.00012653         1.8776         5.7289     0.018246
        196      2.5      0.0                 -26.34221059    -0.00003792         2.5264         9.3629     0.017038
        197      2.5      0.0                 -26.34232231    -0.00011172         1.8603         9.4567     0.006869
        198      2.5      0.0                 -26.34233901    -0.00001670         2.4954        15.6977     0.003874
        199      2.5      0.0                 -26.34243211    -0.00009310         1.8924         6.1637     0.019712
        200      2.5      0.0                 -26.34244994    -0.00001783         2.5382        18.7426     0.013528
        201      2.4      0.0                 -26.34255765    -0.00010770         2.0351        10.1682     0.005603
        202      2.5      0.0                 -26.34257155    -0.00001390         2.6065        19.8690     0.002873
        203      2.5      0.0                 -26.34267836    -0.00010681         1.7889         7.7863     0.017125
        204      2.6      0.1                 -26.34269955    -0.00002119         2.3451         7.9302     0.011838
        205      2.5      0.0                 -26.34279102    -0.00009147         1.6260         5.1044     0.007054
        206      2.5      0.0                 -26.34281896    -0.00002794         2.2655         8.4113     0.006608
        207      2.5      0.0                 -26.34290217    -0.00008320         1.5659         5.0218     0.007975
        208      2.5      0.1                 -26.34292402    -0.00002186         2.1517         8.0922     0.006691
        209      2.5      0.0                 -26.34300069    -0.00007666         1.5467         5.4751     0.005786
        210      2.5      0.0                 -26.34303118    -0.00003049         2.1961         8.4463     0.006616
        211      2.5      0.0                 -26.34311328    -0.00008211         1.5216         5.7223     0.008412
        212      2.5      0.1                 -26.34314006    -0.00002677         2.1143         7.6584     0.008279
        213      2.5      0.0                 -26.34321774    -0.00007769         1.4708         5.3383     0.006773
        214      2.5      0.0                 -26.34324256    -0.00002482         2.0278         8.5025     0.006563
        215      2.5      0.0                 -26.34331454    -0.00007198         1.4455         5.1756     0.009717
        216      2.5      0.1                 -26.34332990    -0.00001536         1.9954         6.4409     0.007027
        217      2.5      0.0                 -26.34339471    -0.00006480         1.3855         4.6218     0.006601
        218      2.5      0.0                 -26.34341546    -0.00002075         1.9180         7.2505     0.006406
        219      2.5      0.0                 -26.34347480    -0.00005934         1.2881         4.0828     0.008625
        220      2.5      0.0                 -26.34348806    -0.00001326         1.7107         6.1134     0.006442
        221      2.5      0.0                 -26.34353784    -0.00004978         1.2278         3.4879     0.005811
        222      2.5      0.0                 -26.34355385    -0.00001600         1.7386         6.2748     0.005655
        223      2.5      0.0                 -26.34360517    -0.00005132         1.1968         3.6578     0.006618
        224      2.5      0.0                 -26.34362327    -0.00001810         1.6435         6.5028     0.006908
        225      2.5      0.1                 -26.34366962    -0.00004635         1.1060         3.3320     0.006775
        226      2.5      0.0                 -26.34367961    -0.00000998         1.4930         5.3779     0.004925
        227      2.5      0.0                 -26.34371708    -0.00003747         1.0490         3.0076     0.005575
        228      2.5      0.0                 -26.34372791    -0.00001083         1.4712         4.2740     0.005014
        229      2.5      0.1                 -26.34376408    -0.00003618         1.0465         2.9771     0.005520
        230      2.5      0.0                 -26.34377724    -0.00001316         1.4885         6.9491     0.005895
        231      2.5      0.0                 -26.34381399    -0.00003675         1.0281         3.1913     0.006042
        232      2.5      0.0                 -26.34382454    -0.00001055         1.4189         4.7471     0.005407
        233      2.5      0.0                 -26.34385796    -0.00003342         0.9760         3.0463     0.005321


The minimization has converged.


>>> Timing data >>>
    Minimization loop was running for 604.123 seconds ( 0:10:04.123 h:m:s).
    Performance: 2.593 seconds/step.
    Time spent within the MD module (overhead): 19.434 seconds (3.2170 % of total time).
<<< Timing data <<<


Finished minimization loop.



>>>>>> Dump Position, Format, PDB, Stride, 0, Filename, "mm_opt.pdb", Replace

Writing a single position snapshot for region "all": Format PDB, filename "mm_opt.pdb", replace.


###############################################################
########        Finished Executing Input Script        ########
###############################################################


    3 function calls, 0 operator calls, 27 evaluated expressions.


Timings for individual modules during the MD run:

MM module                       ...      581.869 sec (=   9.698 min) 100.0 %
Self time inside of MD module   ...       22.223 sec (=   0.370 min)   3.7 %

Sum of individual times         ...      604.092 sec (=  10.068 min)

Total wall time of MD module    ...      606.799 sec (=  10.113 min)
             --> "dark time"    ...        2.707 sec (=   0.045 min)   0.4 %

( The "dark time" is spent in the ORCA-internal routines for energy and gradient calculation,
  but not inside of the sub-programs which do so. It contains operating system overhead for
  spawning new processes in each MD step and some file IO time. )



    #########################################################
    ####    ORCA ab initio Molecular Dynamics leaving    ####
    ####           Martin Brehm, 2016 - 2022             ####
    ####        https://brehm-research.de/orcamd         ####
    #########################################################

