            --------------------------------------------------------
                             AMBER SQM VERSION 19
 
                                     By
              Ross C. Walker, Michael F. Crowley, Scott Brozell,
                         Tim Giese, Andreas W. Goetz,
                        Tai-Sung Lee and David A. Case
 
            --------------------------------------------------------
 

--------------------------------------------------------------------------------
  QM CALCULATION INFO
--------------------------------------------------------------------------------

| QMMM: Citation for AMBER QMMM Run:
| QMMM: R.C. Walker, M.F. Crowley and D.A. Case, J. COMP. CHEM. 29:1019, 2008

QMMM: SINGLET STATE CALCULATION
QMMM: RHF CALCULATION, NO. OF DOUBLY OCCUPIED LEVELS =100

| QMMM: *** Selected Hamiltonian *** 
| QMMM: AM1         

| QMMM: *** Parameter sets in use ***
| QMMM: S : M.J.S.DEWAR et al. INORG. CHEM., 29, 3881, (1990)
| QMMM: C : M.J.S.DEWAR et al. JACS, 107, 3902, (1985)
| QMMM: N : M.J.S.DEWAR et al. JACS, 107, 3902, (1985)
| QMMM: O : M.J.S.DEWAR et al. JACS, 107, 3902, (1985)
| QMMM: P : M.J.S.DEWAR et al. THEOCHEM, 187,1, (1989)
| QMMM: H : M.J.S.DEWAR et al. JACS, 107, 3902, (1985)

| QMMM: *** SCF convergence criteria ***
| QMMM: Energy change                :  0.1D-09 kcal/mol
| QMMM: Error matrix |FP-PF|         :  0.1D+00 au
| QMMM: Density matrix change        :  0.5D-06
| QMMM: Maximum number of SCF cycles :     1000

| QMMM: *** Diagonalization Routine Information ***
| QMMM: Pseudo diagonalizations are allowed.
| QMMM: Auto diagonalization routine selection is in use.
| QMMM:
| QMMM: Timing diagonalization routines:
| QMMM:                              norbs =      168
| QMMM:    diag iterations used for timing =        5
| QMMM:
| QMMM:              Internal diag routine = 0.046009 seconds
| QMMM:                 Dspev diag routine = 0.041164 seconds
| QMMM:                Dspevd diag routine = 0.029657 seconds
| QMMM:                Dspevx diag routine = 0.132141 seconds
| QMMM:                 Dsyev diag routine = 0.048314 seconds
| QMMM:                Dsyevd diag routine = 0.033705 seconds
| QMMM:                Dsyevr diag routine = 0.044146 seconds
| QMMM:
| QMMM:                Pseudo diag routine = 0.019327 seconds
| QMMM:
| QMMM: Using dspevd routine (diag_routine=3).

  QMMM: QM Region Cartesian Coordinates (*=link atom) 
  QMMM: QM_NO.   MM_NO.  ATOM         X         Y         Z
  QMMM:     1        1      S      -36.3230  -34.6810   24.2950
  QMMM:     2        2      C      -34.9450  -35.2240   23.4370
  QMMM:     3        3      N      -33.8270  -34.9430   24.1300
  QMMM:     4        4      C      -34.0480  -34.4030   25.4050
  QMMM:     5        5      C      -35.3790  -34.2180   25.6950
  QMMM:     6        6      C      -35.9910  -33.8260   27.0090
  QMMM:     7        7      C      -36.3560  -32.3460   27.2040
  QMMM:     8        8      O      -36.7330  -32.1670   28.5530
  QMMM:     9        9      P      -37.9460  -31.0730   28.8720
  QMMM:    10       10      P      -39.9240  -33.3160   28.4880
  QMMM:    11       11      N      -30.0550  -32.1620   23.6090
  QMMM:    12       12      O      -37.6780  -29.7330   28.2890
  QMMM:    13       13      O      -40.1100  -33.2480   30.0580
  QMMM:    14       14      C      -30.6350  -31.3410   22.7120
  QMMM:    15       15      O      -38.0710  -31.1200   30.4170
  QMMM:    16       16      O      -38.8680  -34.3750   28.0700
  QMMM:    17       17      N      -31.7610  -31.6030   22.0610
  QMMM:    18       18      O      -39.2130  -31.7800   28.1710
  QMMM:    19       19      O      -41.1470  -33.3680   27.6390
  QMMM:    20       20      C      -32.4060  -32.7850   22.2680
  QMMM:    21       21      N      -33.5310  -33.0070   21.5900
  QMMM:    22       22      C      -31.8580  -33.7270   23.2130
  QMMM:    23       23      C      -30.6860  -33.3280   23.8310
  QMMM:    24       24      C      -32.4550  -35.0660   23.5700
  QMMM:    25       25      C      -29.9750  -30.0220   22.4260
  QMMM:    26       26      C      -32.9010  -34.2010   26.3350
  QMMM:    27       27      H      -36.9120  -34.3970   27.2190
  QMMM:    28       28      H      -35.2710  -34.0890   27.8040
  QMMM:    29       29      H      -35.4920  -31.6960   26.9770
  QMMM:    30       30      H      -37.1730  -32.0700   26.5100
  QMMM:    31       31      H      -33.8450  -32.2780   20.9510
  QMMM:    32       32      H      -33.8620  -34.0170   21.4290
  QMMM:    33       33      H      -30.2180  -33.9990   24.5650
  QMMM:    34       34      H      -32.5390  -35.7470   22.7140
  QMMM:    35       35      H      -31.8220  -35.5530   24.3280
  QMMM:    36       36      H      -29.8780  -29.4340   23.3510
  QMMM:    37       37      H      -30.5490  -29.4490   21.6850
  QMMM:    38       38      H      -28.9520  -30.1750   22.0480
  QMMM:    39       39      H      -32.3260  -35.1380   26.4430
  QMMM:    40       40      H      -33.2730  -33.9010   27.3240
  QMMM:    41       41      H      -32.2110  -33.4180   25.9810
  QMMM:    42       42      C      -34.7120  -37.5460   22.4390
  QMMM:    43       43      C      -35.0050  -35.9810   22.0980
  QMMM:    44       44      O      -33.4610  -37.8290   22.5300
  QMMM:    45       45      O      -35.6570  -38.3300   22.5410
  QMMM:    46       46      O      -34.0540  -35.5080   21.2460
  QMMM:    47       47      C      -36.3920  -35.8240   21.4910
  QMMM:    48       48      C      -37.1580  -34.7210   21.9060
  QMMM:    49       49      C      -36.9330  -36.7040   20.5470
  QMMM:    50       50      C      -38.4390  -34.5080   21.3900
  QMMM:    51       51      H      -36.7650  -34.0170   22.6380
  QMMM:    52       52      C      -38.9660  -35.3910   20.4520
  QMMM:    53       53      H      -39.0220  -33.6500   21.7180
  QMMM:    54       54      C      -38.2140  -36.4860   20.0310
  QMMM:    55       55      H      -36.3860  -37.5680   20.1820
  QMMM:    56       56      H      -38.6270  -37.1770   19.2980
  QMMM:    57       57      H      -39.9610  -35.2270   20.0470

--------------------------------------------------------------------------------
  RESULTS
--------------------------------------------------------------------------------

      iter         sqm energy              rms gradient
      ----    -------------------    -----------------------
xmin    10     -257.3851 kcal/mol        0.9829 kcal/(mol*A)
xmin    20     -259.5535 kcal/mol        1.3781 kcal/(mol*A)
xmin    30     -260.1609 kcal/mol        0.3774 kcal/(mol*A)
xmin    40     -260.3144 kcal/mol        0.2165 kcal/(mol*A)
xmin    50     -261.4693 kcal/mol        1.1223 kcal/(mol*A)
xmin    60     -262.8798 kcal/mol        0.2004 kcal/(mol*A)
xmin    70     -263.1289 kcal/mol        0.0854 kcal/(mol*A)
xmin    80     -263.1475 kcal/mol        0.0482 kcal/(mol*A)
xmin    90     -263.1522 kcal/mol        0.0061 kcal/(mol*A)
xmin   100     -263.1525 kcal/mol        0.0036 kcal/(mol*A)
xmin   110     -263.1525 kcal/mol        0.0012 kcal/(mol*A)
  ... geometry converged !
 
 Final MO eigenvalues (eV):
 -33.4677  -32.3370  -31.3826  -29.0064  -28.6463  -27.3742  -26.8663  -26.2827
 -24.9514  -24.4672  -24.2724  -23.5607  -23.3103  -22.8807  -21.8440  -21.2907
 -20.6705  -20.3542  -19.9702  -19.3445  -18.7579  -18.6586  -18.6417  -17.1693
 -16.7783  -15.7718  -15.1043  -14.9557  -13.7027  -13.2483  -11.7111  -11.1804
 -10.9317  -10.5885  -10.2677   -9.4326   -9.0001   -8.7556   -8.7423   -8.3926
  -7.8977   -7.8215   -7.5624   -7.2320   -7.0820   -7.0195   -6.7386   -6.5818
  -6.5568   -6.4077   -6.2308   -5.9514   -5.8091   -5.5662   -5.4728   -5.3288
  -5.2954   -5.1917   -5.1644   -4.7029   -4.6240   -4.5143   -4.1505   -4.0300
  -3.9608   -3.7090   -3.5742   -3.3572   -3.2188   -3.0664   -2.8521   -2.4469
  -1.9123   -1.8029   -1.6750   -1.6259   -1.5222   -1.4669   -1.3809   -1.0405
  -0.4865   -0.4363   -0.2841   -0.2357   -0.2153   -0.1341    0.4127    0.9855
   1.0677    1.1550    1.2505    1.5470    1.8596    1.9455    2.4926    3.2306
   3.2554    3.2931    3.3852    3.3988    7.1736    7.6256    8.1050    8.4657
   8.5218    8.6920    9.1572    9.3488    9.6847    9.7273   10.0323   10.1303
  10.3929   10.6761   10.7457   10.8786   10.9655   11.0712   11.3220   11.4885
  11.6607   11.6958   11.7772   11.8673   12.1119   12.2946   12.4367   12.4969
  12.5397   12.5610   12.6387   12.7885   12.8079   12.8689   12.9168   12.9708
  13.1226   13.1522   13.2209   13.4743   13.5423   13.6369   13.6703   13.7645
  13.7863   13.9317   13.9905   14.1541   14.1948   14.2809   14.4307   14.6648
  14.8470   15.0215   15.4719   15.6895   15.9166   16.4905   16.7117   17.1532
  17.9861   18.1305   19.0852   19.8307   20.8990   21.3791   22.3385   22.3579


 Heat of formation   =       -263.15254715 kcal/mol  (      -11.41115074 eV)

 Total SCF energy    =    -168694.46509897 kcal/mol  (    -7315.14093487 eV)
 Electronic energy   =   -1416458.38422825 kcal/mol  (   -61422.24466538 eV)
 Core-core repulsion =    1247763.91912928 kcal/mol  (    54107.10373051 eV)
 
    Atomic Charges for Step       1 :
  Atom    Element       Mulliken Charge
     1      S                  0.588
     2      C                 -0.235
     3      N                 -0.044
     4      C                 -0.101
     5      C                 -0.269
     6      C                 -0.207
     7      C                  0.085
     8      O                 -0.754
     9      P                  2.676
    10      P                  2.658
    11      N                 -0.261
    12      O                 -1.250
    13      O                 -1.280
    14      C                  0.040
    15      O                 -1.237
    16      O                 -1.286
    17      N                 -0.295
    18      O                 -1.286
    19      O                 -1.282
    20      C                  0.196
    21      N                 -0.330
    22      C                 -0.224
    23      C                 -0.014
    24      C                 -0.009
    25      C                 -0.146
    26      C                 -0.173
    27      H                  0.206
    28      H                  0.136
    29      H                 -0.009
    30      H                  0.102
    31      H                  0.196
    32      H                  0.306
    33      H                  0.152
    34      H                  0.224
    35      H                  0.108
    36      H                  0.086
    37      H                  0.073
    38      H                  0.070
    39      H                  0.058
    40      H                  0.189
    41      H                  0.072
    42      C                  0.317
    43      C                  0.234
    44      O                 -0.601
    45      O                 -0.588
    46      O                 -0.706
    47      C                 -0.065
    48      C                 -0.111
    49      C                 -0.091
    50      C                 -0.173
    51      H                  0.142
    52      C                 -0.170
    53      H                  0.084
    54      C                 -0.152
    55      H                  0.163
    56      H                  0.102
    57      H                  0.084
 Total Mulliken Charge =      -4.000
 
                  X        Y        Z     TOTAL  
  QM DIPOLE   710.030  648.703 -516.231 1091.537
 
 Final Structure

  QMMM: QM Region Cartesian Coordinates (*=link atom) 
  QMMM: QM_NO.   MM_NO.  ATOM         X         Y         Z
  QMMM:     1        1      S      -36.6584  -34.9995   24.0122
  QMMM:     2        2      C      -35.1853  -35.1622   23.1880
  QMMM:     3        3      N      -34.1504  -34.6638   23.9129
  QMMM:     4        4      C      -34.5676  -34.1724   25.1768
  QMMM:     5        5      C      -35.9362  -34.2805   25.3707
  QMMM:     6        6      C      -36.6873  -33.8726   26.5661
  QMMM:     7        7      C      -36.5763  -32.3663   26.8890
  QMMM:     8        8      O      -35.9602  -32.1744   28.1094
  QMMM:     9        9      P      -36.9149  -31.3988   29.2904
  QMMM:    10       10      P      -39.4943  -33.5030   29.3654
  QMMM:    11       11      N      -30.0082  -32.2491   24.0913
  QMMM:    12       12      O      -37.2366  -30.0993   28.6314
  QMMM:    13       13      O      -39.2054  -34.5123   30.4417
  QMMM:    14       14      C      -30.3377  -31.3362   23.1278
  QMMM:    15       15      O      -36.0124  -31.3569   30.4758
  QMMM:    16       16      O      -39.3747  -34.0293   27.9551
  QMMM:    17       17      N      -31.4090  -31.3913   22.2930
  QMMM:    18       18      O      -38.1310  -32.3744   29.4018
  QMMM:    19       19      O      -40.7079  -32.6563   29.6360
  QMMM:    20       20      C      -32.2709  -32.4672   22.4395
  QMMM:    21       21      N      -33.4095  -32.5198   21.6880
  QMMM:    22       22      C      -31.9852  -33.4934   23.4201
  QMMM:    23       23      C      -30.8521  -33.2990   24.2134
  QMMM:    24       24      C      -32.7583  -34.7670   23.5204
  QMMM:    25       25      C      -29.4297  -30.1343   22.9887
  QMMM:    26       26      C      -33.6195  -33.6305   26.1737
  QMMM:    27       27      H      -37.7919  -34.1300   26.5113
  QMMM:    28       28      H      -36.2972  -34.4447   27.4554
  QMMM:    29       29      H      -35.9599  -31.8673   26.0812
  QMMM:    30       30      H      -37.6087  -31.9172   26.8898
  QMMM:    31       31      H      -33.5177  -31.8685   20.9493
  QMMM:    32       32      H      -33.8825  -33.4165   21.5845
  QMMM:    33       33      H      -30.5925  -34.0290   25.0025
  QMMM:    34       34      H      -32.7335  -35.3061   22.5086
  QMMM:    35       35      H      -32.2615  -35.4487   24.2726
  QMMM:    36       36      H      -29.7132  -29.3833   23.7666
  QMMM:    37       37      H      -29.5312  -29.6644   21.9813
  QMMM:    38       38      H      -28.3636  -30.4279   23.1420
  QMMM:    39       39      H      -32.9355  -34.4378   26.5372
  QMMM:    40       40      H      -34.2042  -33.2146   27.0455
  QMMM:    41       41      H      -32.9986  -32.8112   25.7338
  QMMM:    42       42      C      -34.4441  -37.2726   22.0496
  QMMM:    43       43      C      -35.0275  -35.8311   21.7722
  QMMM:    44       44      O      -33.3463  -37.3566   22.6774
  QMMM:    45       45      O      -35.0531  -38.2928   21.6175
  QMMM:    46       46      O      -34.2303  -35.1202   20.9836
  QMMM:    47       47      C      -36.4609  -35.9007   21.2254
  QMMM:    48       48      C      -36.8253  -35.0534   20.1700
  QMMM:    49       49      C      -37.4022  -36.8207   21.7042
  QMMM:    50       50      C      -38.1038  -35.1076   19.6192
  QMMM:    51       51      H      -36.0667  -34.3541   19.7837
  QMMM:    52       52      C      -39.0392  -36.0168   20.1129
  QMMM:    53       53      H      -38.3781  -34.4304   18.7992
  QMMM:    54       54      C      -38.6825  -36.8751   21.1519
  QMMM:    55       55      H      -37.1011  -37.5335   22.4902
  QMMM:    56       56      H      -39.4137  -37.5956   21.5433
  QMMM:    57       57      H      -40.0513  -36.0529   19.6893

           --------- Calculation Completed ----------

