            --------------------------------------------------------
                             AMBER SQM VERSION 19
 
                                     By
              Ross C. Walker, Michael F. Crowley, Scott Brozell,
                         Tim Giese, Andreas W. Goetz,
                        Tai-Sung Lee and David A. Case
 
            --------------------------------------------------------
 

--------------------------------------------------------------------------------
  QM CALCULATION INFO
--------------------------------------------------------------------------------

| QMMM: Citation for AMBER QMMM Run:
| QMMM: R.C. Walker, M.F. Crowley and D.A. Case, J. COMP. CHEM. 29:1019, 2008

QMMM: SINGLET STATE CALCULATION
QMMM: RHF CALCULATION, NO. OF DOUBLY OCCUPIED LEVELS =103

| QMMM: *** Selected Hamiltonian *** 
| QMMM: AM1         

| QMMM: *** Parameter sets in use ***
| QMMM: S : M.J.S.DEWAR et al. INORG. CHEM., 29, 3881, (1990)
| QMMM: C : M.J.S.DEWAR et al. JACS, 107, 3902, (1985)
| QMMM: N : M.J.S.DEWAR et al. JACS, 107, 3902, (1985)
| QMMM: O : M.J.S.DEWAR et al. JACS, 107, 3902, (1985)
| QMMM: P : M.J.S.DEWAR et al. THEOCHEM, 187,1, (1989)
| QMMM: H : M.J.S.DEWAR et al. JACS, 107, 3902, (1985)

| QMMM: *** SCF convergence criteria ***
| QMMM: Energy change                :  0.1D-09 kcal/mol
| QMMM: Error matrix |FP-PF|         :  0.1D+00 au
| QMMM: Density matrix change        :  0.5D-06
| QMMM: Maximum number of SCF cycles :     1000

| QMMM: *** Diagonalization Routine Information ***
| QMMM: Pseudo diagonalizations are allowed.
| QMMM: Auto diagonalization routine selection is in use.
| QMMM:
| QMMM: Timing diagonalization routines:
| QMMM:                              norbs =      169
| QMMM:    diag iterations used for timing =        5
| QMMM:
| QMMM:              Internal diag routine = 0.038443 seconds
| QMMM:                 Dspev diag routine = 0.038294 seconds
| QMMM:                Dspevd diag routine = 0.027569 seconds
| QMMM:                Dspevx diag routine = 0.145907 seconds
| QMMM:                 Dsyev diag routine = 0.040544 seconds
| QMMM:                Dsyevd diag routine = 0.030501 seconds
| QMMM:                Dsyevr diag routine = 0.031000 seconds
| QMMM:
| QMMM:                Pseudo diag routine = 0.017184 seconds
| QMMM:
| QMMM: Using dspevd routine (diag_routine=3).

  QMMM: QM Region Cartesian Coordinates (*=link atom) 
  QMMM: QM_NO.   MM_NO.  ATOM         X         Y         Z
  QMMM:     1        1      S      -36.3230  -34.6810   24.2950
  QMMM:     2        2      C      -34.9450  -35.2240   23.4370
  QMMM:     3        3      N      -33.8270  -34.9430   24.1300
  QMMM:     4        4      C      -34.0480  -34.4030   25.4050
  QMMM:     5        5      C      -35.3790  -34.2180   25.6950
  QMMM:     6        6      C      -35.9910  -33.8260   27.0090
  QMMM:     7        7      C      -36.3560  -32.3460   27.2040
  QMMM:     8        8      O      -36.7330  -32.1670   28.5530
  QMMM:     9        9      P      -37.9460  -31.0730   28.8720
  QMMM:    10       10      P      -39.9240  -33.3160   28.4880
  QMMM:    11       11      N      -30.0550  -32.1620   23.6090
  QMMM:    12       12      O      -37.6780  -29.7330   28.2890
  QMMM:    13       13      O      -40.1100  -33.2480   30.0580
  QMMM:    14       14      C      -30.6350  -31.3410   22.7120
  QMMM:    15       15      O      -38.0710  -31.1200   30.4170
  QMMM:    16       16      O      -38.8680  -34.3750   28.0700
  QMMM:    17       17      N      -31.7610  -31.6030   22.0610
  QMMM:    18       18      O      -39.2130  -31.7800   28.1710
  QMMM:    19       19      O      -41.1470  -33.3680   27.6390
  QMMM:    20       20      C      -32.4060  -32.7850   22.2680
  QMMM:    21       21      N      -33.5310  -33.0070   21.5900
  QMMM:    22       22      C      -31.8580  -33.7270   23.2130
  QMMM:    23       23      C      -30.6860  -33.3280   23.8310
  QMMM:    24       24      C      -32.4550  -35.0660   23.5700
  QMMM:    25       25      C      -29.9750  -30.0220   22.4260
  QMMM:    26       26      C      -32.9010  -34.2010   26.3350
  QMMM:    27       27      H      -36.9120  -34.3970   27.2190
  QMMM:    28       28      H      -35.2710  -34.0890   27.8040
  QMMM:    29       29      H      -35.4920  -31.6960   26.9770
  QMMM:    30       30      H      -37.1730  -32.0700   26.5100
  QMMM:    31       31      H      -33.8450  -32.2780   20.9510
  QMMM:    32       32      H      -33.8620  -34.0170   21.4290
  QMMM:    33       33      H      -30.2180  -33.9990   24.5650
  QMMM:    34       34      H      -32.5390  -35.7470   22.7140
  QMMM:    35       35      H      -31.8220  -35.5530   24.3280
  QMMM:    36       36      H      -29.8780  -29.4340   23.3510
  QMMM:    37       37      H      -30.5490  -29.4490   21.6850
  QMMM:    38       38      H      -28.9520  -30.1750   22.0480
  QMMM:    39       39      H      -32.3260  -35.1380   26.4430
  QMMM:    40       40      H      -33.2730  -33.9010   27.3240
  QMMM:    41       41      H      -32.2110  -33.4180   25.9810
  QMMM:    42       42      C      -34.7120  -37.5460   22.4390
  QMMM:    43       43      C      -35.0050  -35.9810   22.0980
  QMMM:    44       44      O      -33.4610  -37.8290   22.5300
  QMMM:    45       45      O      -35.6570  -38.3300   22.5410
  QMMM:    46       46      O      -34.0540  -35.5080   21.2460
  QMMM:    47       47      C      -36.4030  -35.8230   21.4860
  QMMM:    48       48      C      -37.4190  -35.3180   22.5080
  QMMM:    49       49      H      -36.7160  -36.8000   21.1000
  QMMM:    50       50      H      -36.3360  -35.1170   20.6500
  QMMM:    51       51      C      -38.8160  -35.2010   21.9030
  QMMM:    52       52      H      -37.0980  -34.3410   22.8950
  QMMM:    53       53      H      -37.4430  -35.9940   23.3710
  QMMM:    54       54      C      -39.8280  -34.7150   22.9170
  QMMM:    55       55      H      -39.1470  -36.1800   21.5380
  QMMM:    56       56      H      -38.8000  -34.4930   21.0680
  QMMM:    57       57      O      -39.5920  -34.4790   24.0900
  QMMM:    58       58      O      -41.0620  -34.5660   22.3830

--------------------------------------------------------------------------------
  RESULTS
--------------------------------------------------------------------------------

      iter         sqm energy              rms gradient
      ----    -------------------    -----------------------
xmin    10     -257.8967 kcal/mol        3.0082 kcal/(mol*A)
xmin    20     -279.5049 kcal/mol        1.9698 kcal/(mol*A)
xmin    30     -294.4821 kcal/mol        1.6881 kcal/(mol*A)
xmin    40     -303.2635 kcal/mol        1.2397 kcal/(mol*A)
xmin    50     -305.6563 kcal/mol        1.1423 kcal/(mol*A)
xmin    60     -306.4563 kcal/mol        0.5328 kcal/(mol*A)
xmin    70     -307.2372 kcal/mol        0.6598 kcal/(mol*A)
xmin    80     -310.2775 kcal/mol        2.0412 kcal/(mol*A)
xmin    90     -312.8626 kcal/mol        0.6401 kcal/(mol*A)
xmin   100     -314.0373 kcal/mol        0.4293 kcal/(mol*A)
xmin   110     -314.5451 kcal/mol        0.4118 kcal/(mol*A)
xmin   120     -314.7257 kcal/mol        0.1061 kcal/(mol*A)
xmin   130     -314.7629 kcal/mol        0.0593 kcal/(mol*A)
xmin   140     -314.7766 kcal/mol        0.0182 kcal/(mol*A)
xmin   150     -314.7781 kcal/mol        0.0038 kcal/(mol*A)
xmin   160     -314.7781 kcal/mol        0.0011 kcal/(mol*A)
  ... geometry converged !
 
 Final MO eigenvalues (eV):
 -32.0600  -30.0833  -29.6436  -27.5536  -27.1391  -26.4376  -25.5933  -24.8998
 -24.6756  -24.1614  -23.9384  -23.2490  -22.2902  -21.0213  -20.8816  -20.5653
 -20.2552  -19.5845  -19.2706  -18.3344  -18.2429  -17.6110  -17.6022  -17.2233
 -15.6825  -14.2544  -13.8594  -13.1085  -12.5378  -11.9140  -10.4708  -10.2820
  -9.7932   -9.3507   -8.8485   -8.4572   -7.7050   -7.4735   -7.0778   -6.7618
  -6.5405   -6.3900   -6.1095   -5.7385   -5.5485   -5.3420   -5.1809   -5.1386
  -5.0969   -4.9889   -4.8812   -4.7526   -4.5851   -4.5220   -4.3468   -4.2080
  -4.1209   -4.0527   -3.9933   -3.7298   -3.5867   -3.3243   -3.2302   -2.7792
  -2.7457   -2.6653   -2.5211   -2.3131   -2.2127   -2.1134   -1.6105   -1.5260
  -1.3775   -1.2557   -0.9555   -0.8548   -0.8282   -0.6674   -0.3823   -0.3049
  -0.0240    0.1308    0.2327    0.4991    0.7455    0.7570    0.8103    0.8327
   1.0775    1.4298    1.7052    1.9061    2.2945    2.3779    2.5953    2.9296
   3.0205    3.5059    4.2963    4.3067    4.3564    4.4453    4.4478    8.5540
   9.1410    9.7116    9.7671    9.9051   10.6310   10.7693   12.2671   12.3179
  12.3482   12.3976   12.6496   12.8226   12.8772   12.9718   13.0746   13.1575
  13.2271   13.2990   13.3221   13.4002   13.5334   13.6024   13.6837   13.7713
  13.8860   13.9338   14.0321   14.0666   14.1252   14.1572   14.2637   14.3201
  14.4689   14.5865   14.6424   14.6608   14.6919   14.8255   14.8890   14.9095
  14.9367   15.0440   15.1397   15.2275   15.3995   15.4244   15.8898   15.8984
  16.0386   16.1056   16.3088   16.8573   17.1902   17.4295   17.6890   18.1421
  18.5480   18.9047   19.0370   20.0257   20.9651   21.9139   22.4577   23.3693
  23.3794

 Heat of formation   =       -314.77809959 kcal/mol  (      -13.64980268 eV)

 Total SCF energy    =    -177845.21966502 kcal/mol  (    -7711.94742921 eV)
 Electronic energy   =   -1405018.55843460 kcal/mol  (   -60926.17659402 eV)
 Core-core repulsion =    1227173.33876958 kcal/mol  (    53214.22916481 eV)
 
    Atomic Charges for Step       1 :
  Atom    Element       Mulliken Charge
     1      S                  0.631
     2      C                 -0.237
     3      N                  0.007
     4      C                 -0.062
     5      C                 -0.313
     6      C                 -0.182
     7      C                  0.105
     8      O                 -0.726
     9      P                  2.684
    10      P                  2.657
    11      N                 -0.364
    12      O                 -1.248
    13      O                 -1.282
    14      C                  0.047
    15      O                 -1.245
    16      O                 -1.282
    17      N                 -0.349
    18      O                 -1.273
    19      O                 -1.287
    20      C                  0.131
    21      N                 -0.388
    22      C                 -0.317
    23      C                 -0.001
    24      C                  0.037
    25      C                 -0.140
    26      C                 -0.165
    27      H                  0.128
    28      H                  0.113
    29      H                  0.005
    30      H                  0.070
    31      H                  0.101
    32      H                  0.206
    33      H                  0.110
    34      H                  0.182
    35      H                  0.089
    36      H                  0.064
    37      H                  0.062
    38      H                  0.050
    39      H                  0.069
    40      H                  0.138
    41      H                  0.112
    42      C                  0.359
    43      C                  0.044
    44      O                 -0.552
    45      O                 -0.542
    46      O                 -0.287
    47      C                 -0.177
    48      C                 -0.130
    49      H                  0.055
    50      H                  0.105
    51      C                 -0.204
    52      H                  0.096
    53      H                  0.088
    54      C                  0.326
    55      H                  0.051
    56      H                  0.063
    57      O                 -0.606
    58      O                 -0.626
 Total Mulliken Charge =      -5.000
 
                  X        Y        Z     TOTAL  
  QM DIPOLE   883.684  807.381 -639.314 1357.013
 
 Final Structure

  QMMM: QM Region Cartesian Coordinates (*=link atom) 
  QMMM: QM_NO.   MM_NO.  ATOM         X         Y         Z
  QMMM:     1        1      S      -36.8348  -34.8414   24.4273
  QMMM:     2        2      C      -35.4951  -34.9473   23.3939
  QMMM:     3        3      N      -34.3544  -34.5102   23.9889
  QMMM:     4        4      C      -34.5857  -34.1210   25.3280
  QMMM:     5        5      C      -35.9106  -34.2748   25.7220
  QMMM:     6        6      C      -36.4578  -34.1191   27.0794
  QMMM:     7        7      C      -36.5529  -32.6709   27.6284
  QMMM:     8        8      O      -36.5266  -32.6806   28.9992
  QMMM:     9        9      P      -38.0389  -32.3124   29.7527
  QMMM:    10       10      P      -37.5689  -32.1999   33.0546
  QMMM:    11       11      N      -30.0310  -32.3729   23.9403
  QMMM:    12       12      O      -38.8439  -33.4703   29.2663
  QMMM:    13       13      O      -36.5884  -31.0854   33.3024
  QMMM:    14       14      C      -30.4368  -31.2978   23.1710
  QMMM:    15       15      O      -38.3477  -30.9879   29.1417
  QMMM:    16       16      O      -37.0684  -33.5572   33.4688
  QMMM:    17       17      N      -31.6001  -31.1424   22.5325
  QMMM:    18       18      O      -37.7242  -32.2908   31.2779
  QMMM:    19       19      O      -38.9726  -31.8956   33.5086
  QMMM:    20       20      C      -32.5703  -32.1827   22.6377
  QMMM:    21       21      N      -33.7616  -32.1161   22.0894
  QMMM:    22       22      C      -32.1808  -33.3765   23.4089
  QMMM:    23       23      C      -30.9398  -33.3719   24.0275
  QMMM:    24       24      C      -33.0122  -34.6045   23.4122
  QMMM:    25       25      C      -29.4272  -30.1706   23.0572
  QMMM:    26       26      C      -33.5033  -33.6182   26.2021
  QMMM:    27       27      H      -37.4904  -34.5610   27.1401
  QMMM:    28       28      H      -35.8102  -34.6977   27.7958
  QMMM:    29       29      H      -35.6603  -32.0985   27.2379
  QMMM:    30       30      H      -37.4955  -32.1920   27.2418
  QMMM:    31       31      H      -33.9388  -31.2691   21.5922
  QMMM:    32       32      H      -35.1029  -34.0572   20.9772
  QMMM:    33       33      H      -30.6196  -34.2370   24.6378
  QMMM:    34       34      H      -33.1328  -34.9840   22.3490
  QMMM:    35       35      H      -32.4941  -35.4186   24.0042
  QMMM:    36       36      H      -29.2534  -29.7272   24.0674
  QMMM:    37       37      H      -29.7857  -29.3661   22.3715
  QMMM:    38       38      H      -28.4583  -30.5654   22.6667
  QMMM:    39       39      H      -32.6593  -34.3514   26.2484
  QMMM:    40       40      H      -33.9112  -33.4486   27.2328
  QMMM:    41       41      H      -33.1046  -32.6510   25.8022
  QMMM:    42       42      C      -35.0459  -37.0771   22.1906
  QMMM:    43       43      C      -35.6122  -35.5962   22.0261
  QMMM:    44       44      O      -33.7982  -37.2060   22.2832
  QMMM:    45       45      O      -35.8811  -38.0132   22.2558
  QMMM:    46       46      O      -34.7919  -34.9686   21.0652
  QMMM:    47       47      C      -37.0831  -35.5792   21.5851
  QMMM:    48       48      C      -37.2630  -35.8960   20.1094
  QMMM:    49       49      H      -37.5248  -34.5696   21.8004
  QMMM:    50       50      H      -37.6323  -36.3470   22.1929
  QMMM:    51       51      C      -38.7203  -35.8470   19.7059
  QMMM:    52       52      H      -36.8434  -36.9171   19.9118
  QMMM:    53       53      H      -36.6811  -35.1667   19.4868
  QMMM:    54       54      C      -38.9569  -36.0006   18.2000
  QMMM:    55       55      H      -39.1589  -34.8612   20.0116
  QMMM:    56       56      H      -39.2852  -36.6518   20.2426
  QMMM:    57       57      O      -38.3903  -35.2125   17.3837
  QMMM:    58       58      O      -39.7738  -36.8917   17.8042

           --------- Calculation Completed ----------

