
Will write log file to "mm_opt.md.log".

Command line:  /software/orca/5.0.4/orca_5_0_4_linux_x86-64_openmpi411/orca_md mm_opt orca


    ################################################################
    ########    ORCA ab initio Molecular Dynamics Module    ########
    ########          and SANscript Interpreter             ########
    ########          Martin Brehm, 2016 - 2022             ########
    ########       https://brehm-research.de/orcamd         ########
    ################################################################


  * Compiled as ORCA module.
  * Called from ORCA.
  * Base name: "mm_opt"
  * Source code version: Jan 31 2022
  * Compiled at Mar  1 2023 11:25:12, compiler "Clang 12.0.0 (/home/frankw/CompEnv/src/llvm1200/llvm-project/clang d28af7c654d8db0b68c175db5ce212d74fb5e9bc)", LLVM, CLANG 12.0.0, Linux
  * Machine: x86_64, int=4b, long=8b, addr=8b, 0xA0B0C0D0=D0,C0,B0,A0.
  * Executable name: "/software/orca/5.0.4/orca_5_0_4_linux_x86-64_openmpi411/orca_md"
  * Running on qnode0702 at Tue Jul 23 17:52:27 2024 (PID 48372)
  * Running in /projects/b1039/wxk6447/INI-STRUCT-6/Out/17

Initializing SAN engine...

Started parsing input script.
Reading input file "mm_opt.mdinput" ...
204 Bytes read.
Tokenizing input...
Found 26 tokens in file.
Handling brackets...
Handling reference parentheses...
Handling keywords...
Handling operators...
Grouping commas...
Removing commas...
Handling variables...
Found unit "Bohr", converting 0.300000 Bohr to 0.158753 Angstrom...
Handling functions, iteration 1...
Handling functions, iteration 2...
Flattening tree...
Checking keyword syntax...
Finished parsing input script.

Initializing MD engine with interface "ORCA" ...


>>>>>>>>>>>>>>>>>>>>>>>>>>>>>>>>>>>>>>>>>>>>>>>>>>>>
>>>   Output of System Information (from ORCA)   >>>
>>>>>>>>>>>>>>>>>>>>>>>>>>>>>>>>>>>>>>>>>>>>>>>>>>>>


############################################
   Total Atom Count:           18677
   Total System Mass:       131472.2 a.m.u.
   Total Basis Dimension:          0
   Total Electron Number:          0
   Total Charge:                  -9
   Total Multiplicity:             1
  ------------------------------------------
   ReducePrint:                 true
   Print Mulliken Pop:             1
   Print Loewdin Pop:              1
   Print Mayer Pop:                1
   Print Orbital Energies:         1
############################################

<<<<<<<<<<<<<<<<<<<<<<<<<<<<<<<<<<<<<<<<<<<<<<<<<<<<
<<<          End of System Information           <<<
<<<<<<<<<<<<<<<<<<<<<<<<<<<<<<<<<<<<<<<<<<<<<<<<<<<<

Initializing regions...
  Found "mm_opt-active_atoms.tmp" file, reading active region data...
  Found "mm_opt-qm_atoms.tmp" file, reading QM region data...

Defined regions:
         all: 18677 atoms
          mm: 18677 atoms
      active:   440 atoms
    inactive: 18237 atoms


######################################################
########        Executing Input Script        ########
######################################################

Execution verbose level is 2.



>>>>>> Dump Position, Stride, 1, Filename, "mm_opt_trj.dcd", Replace

Modified writing position trajectory for region "all": Format DCD, stride 1, filename "mm_opt_trj.dcd", replace.


>>>>>> Minimize LBFGS, StepLimit, 0.30, MaxGrad, 4.9615, RMSGrad, 0.9923, Steps, 1000

Starting minimization loop with L-BFGS method:
    Max. Steps:             1000
    L-BFGS History:         20
    RMS(Grad) Convergence:  0.9923 kJ/mol/Angstrom
    Max(Grad) Convergence:  4.9615 kJ/mol/Angstrom
    Step Limit:             0.159 Angstrom
    Random Displacement:    disabled


Dump: Will write Position data of region "all" in DCD format with stride 1 to "mm_opt_trj.dcd" (replace).

Defined regions:
         all: 18677 atoms
          mm: 18677 atoms
      active:   440 atoms
    inactive: 18237 atoms

Will write restart file to "mm_opt.mdrestart" after each step.
Will write energy statistics to "mm_opt-minimize-ener.csv" after each step.


The system contains 1320 active degrees of freedom (440 active atoms * 3).

This is a 1320-dimensional optimization problem.

Allocating 585.94 KiB of memory for L-BFGS working space...



            |  t_SCF | t_Grad |     Temp |           E_Pot |      Delta E |    RMS(Grad) |    Max(Grad) |  Max(Step)
       Step |    [s] |    [s] |      [K] |       [Hartree] |    [Hartree] | [kJ/(mol*A)] | [kJ/(mol*A)] | [Angstrom]
------------|--------|--------|----------|-----------------|--------------|--------------|--------------|--------------
          1      2.8      0.0               89356.56252216                                                          
          2      2.8      0.0                  27.19473999  -8.932937e+04     56794.6719    803813.0214     0.274969
          3      2.8      0.0                  27.12771318    -0.06702681     56708.9036    802594.8754     0.000099
          4      2.8      0.0                  26.86061323    -0.26709995     56367.2295    797742.1513     0.000394
          5      2.8      0.0                  25.80814744    -1.05246580     55022.6498    778645.1511     0.001576
          6      2.9      0.0                  21.84198057    -3.96616687     49981.4070    707041.9216     0.006306
          7      2.9      0.0                   9.25286394   -12.58911663     34287.3360    484118.7706     0.025223
          8      2.8      0.0                 -12.74768633   -22.00055027      8566.3101    118089.2808     0.100890
          9      2.9      0.1                 -18.88451603    -6.13682970      2427.6315     23340.1072     0.131534
         10      2.8      0.0                 -19.17668080    -0.29216477      2231.1506     21521.0274     0.010032
         11      2.9      0.0                 -20.11549020    -0.93880940      1631.1027     15643.9161     0.040127
         12      2.8      0.0                 -21.74132765    -1.62583744       747.5870      6449.3232     0.150682
         13      2.9      0.0                 -22.50196365    -0.76063601       544.2963      4512.9774     0.061065
         14      2.8      0.0                 -23.53762470    -1.03566105       335.4606      2796.7360     0.132544
         15      2.9      0.0                 -24.44284678    -0.90522208       188.1280      1458.6116     0.168581
         16      2.8      0.0                 -24.45486227    -0.01201549       186.0856      1440.1164     0.003420
         17      2.8      0.0                 -25.07543690    -0.62057463        91.7236       590.9149     0.234520
         18      2.9      0.1                 -25.25735373    -0.18191684       116.8936      1355.3929     0.197602
         19      2.9      0.0                 -25.26227759    -0.00492385       100.4688      1120.7502     0.027865
         20      2.8      0.0                 -25.43141030    -0.16913272        65.6953       457.5954     0.156272
         21      2.9      0.0                 -25.43851525    -0.00710495        67.8744       437.3960     0.023061
         22      2.9      0.1                 -25.55408263    -0.11556738        53.8648       233.9589     0.133414
         23      2.8      0.0                 -25.57074275    -0.01666011        75.3562       410.9121     0.075113
         24      2.8      0.0                 -25.66338440    -0.09264165        45.7676       219.4029     0.138298
         25      3.0      0.0                 -25.67519142    -0.01180703        58.6385       271.9631     0.070445
         26      2.8      0.1                 -25.72786154    -0.05267012        39.1488       211.3930     0.092283
         27      2.8      0.0                 -25.73784029    -0.00997875        51.7998       274.4714     0.061747
         28      2.8      0.0                 -25.78002891    -0.04218861        34.4237       160.7405     0.062757
         29      2.8      0.0                 -25.79512584    -0.01509693        45.4141       225.7394     0.066435
         30      2.8      0.0                 -25.83158403    -0.03645820        31.1676       152.0812     0.065823
         31      2.9      0.1                 -25.84036811    -0.00878408        42.8946       337.7040     0.052030
         32      2.8      0.0                 -25.86960178    -0.02923367        27.7612       135.1440     0.067707
         33      2.8      0.0                 -25.87376953    -0.00416775        36.3569       343.6622     0.037016
         34      2.9      0.0                 -25.89319621    -0.01942668        25.5913       132.6708     0.043632
         35      2.9      0.1                 -25.89693413    -0.00373792        34.9995       285.2894     0.029331
         36      2.8      0.0                 -25.91504405    -0.01810992        24.6315       116.0290     0.041902
         37      2.8      0.0                 -25.92565914    -0.01061509        32.4302       169.6337     0.065155
         38      2.8      0.0                 -25.94312929    -0.01747015        20.8791        97.8378     0.049967
         39      2.8      0.1                 -25.94590902    -0.00277973        27.0944       110.0935     0.029530
         40      2.8      0.0                 -25.95803708    -0.01212806        18.4955        92.2875     0.035736
         41      2.8      0.0                 -25.96120835    -0.00317127        25.3554       119.5571     0.029972
         42      2.8      0.0                 -25.97095621    -0.00974786        16.5326        74.9369     0.044224
         43      2.8      0.0                 -25.97266110    -0.00170489        21.1413       104.5472     0.027929
         44      2.8      0.1                 -25.98072817    -0.00806707        16.3528        65.2588     0.050139
         45      2.9      0.0                 -25.98301638    -0.00228821        21.9939       158.4537     0.046051
         46      2.8      0.0                 -25.99180628    -0.00878990        18.8291       105.4262     0.053177
         47      2.8      0.0                 -25.99199517    -0.00018889        21.1556       149.4411     0.009058
         48      2.8      0.2                 -26.00015995    -0.00816478        15.3657        58.5121     0.046754
         49      2.8      0.0                 -26.00172735    -0.00156739        20.9281       106.6081     0.032114
         50      2.9      0.0                 -26.00936091    -0.00763357        14.7528        65.1708     0.038612
         51      2.8      0.0                 -26.01179392    -0.00243300        20.6434       110.6346     0.037526
         52      2.8      0.1                 -26.01943288    -0.00763897        14.4229        63.3764     0.037025
         53      2.9      0.0                 -26.02194242    -0.00250954        20.4387       100.0732     0.036796
         54      2.9      0.0                 -26.02934108    -0.00739866        14.5283        75.0602     0.035947
         55      2.8      0.0                 -26.03207239    -0.00273131        20.6038       100.1636     0.038979
         56      2.9      0.0                 -26.03984940    -0.00777701        14.4923        73.3955     0.038005
         57      2.9      0.1                 -26.04251178    -0.00266237        20.5655        88.5876     0.038881
         58      2.9      0.0                 -26.04994344    -0.00743166        13.5618        51.8166     0.032110
         59      3.0      0.0                 -26.05135213    -0.00140869        17.7999        74.4984     0.021413
         60      2.9      0.0                 -26.05694140    -0.00558927        13.9063        56.2189     0.044597
         61      2.8      0.1                 -26.05783912    -0.00089773        18.4228       105.5940     0.027040
         62      2.8      0.0                 -26.06375395    -0.00591483        15.7990        59.9272     0.031662
         63      2.9      0.0                 -26.06421189    -0.00045793        18.5045        92.2392     0.011690
         64      2.9      0.0                 -26.07156512    -0.00735323        18.2191        99.5244     0.092713
         65      2.9      0.1                 -26.07798292    -0.00641780        13.7003        52.2600     0.040739
         66      2.8      0.0                 -26.07887919    -0.00089627        17.5111        83.8073     0.022110
         67      2.8      0.0                 -26.08470615    -0.00582696        15.2877        91.0807     0.063110
         68      2.8      0.0                 -26.08516201    -0.00045587        19.4809       167.7222     0.024931
         69      2.9      0.0                 -26.09150585    -0.00634383        14.6586        75.2290     0.030426
         70      2.8      0.1                 -26.09227311    -0.00076726        17.9169        89.7276     0.014940
         71      2.8      0.0                 -26.09868968    -0.00641657        15.2430        88.7799     0.098203
         72      2.8      0.0                 -26.09893373    -0.00024405        18.2922       109.7632     0.026964
         73      2.9      0.0                 -26.10504297    -0.00610924        13.4049        63.5569     0.045135
         74      2.9      0.2                 -26.10595170    -0.00090873        17.3194        88.3149     0.025703
         75      2.8      0.0                 -26.11158632    -0.00563462        14.2248        76.9577     0.091820
         76      2.8      0.0                 -26.11207017    -0.00048385        18.1939       109.1141     0.040910
         77      2.8      0.0                 -26.11817621    -0.00610605        14.6534        87.4581     0.035375
         78      2.9      0.1                 -26.11900852    -0.00083231        18.4503       106.4336     0.018996
         79      2.9      0.0                 -26.12569068    -0.00668216        15.8925       127.6923     0.141777
         80      2.8      0.0                 -26.13140888    -0.00571820        14.2560        58.9665     0.062537
         81      2.8      0.0                 -26.13575387    -0.00434499        12.0911        72.5013     0.086086
         82      2.8      0.0                 -26.13597974    -0.00022586        14.5042       108.2476     0.026439
         83      2.9      0.1                 -26.14008893    -0.00410919        10.8623        39.9682     0.028888
         84      2.9      0.0                 -26.14033739    -0.00024846        12.6189        54.4755     0.009084
         85      2.8      0.0                 -26.14440071    -0.00406332        10.9824        51.4040     0.093994
         86      2.9      0.0                 -26.14453971    -0.00013900        12.9531        70.3577     0.023364
         87      2.8      0.1                 -26.14794822    -0.00340851         9.8851        44.5896     0.021975
         88      2.8      0.0                 -26.14813502    -0.00018680        11.7667        50.5031     0.006494
         89      2.8      0.0                 -26.15082889    -0.00269387         8.9060        34.3833     0.046296
         90      2.8      0.0                 -26.15114453    -0.00031565        11.6997        54.2759     0.022610
         91      2.9      0.1                 -26.15352055    -0.00237601         8.6095        37.4335     0.014343
         92      2.9      0.0                 -26.15420369    -0.00068315        11.5780        62.6214     0.012858
         93      2.9      0.0                 -26.15672939    -0.00252569         9.0974        38.3994     0.052448
         94      2.8      0.0                 -26.15692154    -0.00019216        11.3330        75.9733     0.019687
         95      2.9      0.0                 -26.15918121    -0.00225966         8.4971        36.1604     0.018255
         96      2.8      0.1                 -26.15974007    -0.00055886        11.9858        78.7373     0.014671
         97      2.8      0.0                 -26.16205281    -0.00231274         8.0306        29.2268     0.031212
         98      2.9      0.0                 -26.16255616    -0.00050336        10.5479        49.5032     0.022955
         99      2.8      0.0                 -26.16454560    -0.00198944         7.8592        25.5284     0.022721
        100      2.8      0.1                 -26.16515429    -0.00060869        10.8206        59.2582     0.021335
        101      3.1      0.1                 -26.16722347    -0.00206918         7.6615        32.5361     0.032104
        102      2.4      0.0                 -26.16754513    -0.00032166         9.9965        61.3596     0.018724
        103      2.5      0.0                 -26.16923873    -0.00169360         7.3181        29.9461     0.015020
        104      2.5      0.1                 -26.16962729    -0.00038856         9.8256        49.1999     0.011440
        105      2.5      0.0                 -26.17144793    -0.00182063         7.9872        42.1545     0.043732
        106      2.5      0.0                 -26.17171541    -0.00026748         9.8961        52.7696     0.025384
        107      2.6      0.0                 -26.17387683    -0.00216142         8.2213        26.1011     0.023273
        108      2.4      0.1                 -26.17395499    -0.00007816         9.6919        39.7156     0.005358
        109      2.5      0.0                 -26.17564551    -0.00169052         6.6425        27.6213     0.021662
        110      2.5      0.0                 -26.17599009    -0.00034458         8.8689        42.6425     0.015199
        111      2.5      0.0                 -26.17733109    -0.00134100         6.1426        26.3146     0.014910
        112      2.5      0.0                 -26.17760337    -0.00027228         8.2317        31.3393     0.010418
        113      2.5      0.1                 -26.17874682    -0.00114346         5.8504        22.7151     0.014300
        114      2.5      0.0                 -26.17913606    -0.00038924         8.2109        30.5485     0.014534
        115      2.4      0.0                 -26.18032255    -0.00118648         6.0938        25.6257     0.013557
        116      2.5      0.0                 -26.18078202    -0.00045948         8.8430        60.2491     0.015189
        117      2.5      4.8                 -26.18205812    -0.00127610         6.3257        21.2247     0.023126
        118      2.5      0.0                 -26.18223699    -0.00017887         8.1219        62.6053     0.012545
        119      2.4      0.0                 -26.18333900    -0.00110201         5.9786        19.2021     0.019521
        120      2.5      0.0                 -26.18345366    -0.00011465         7.3232        42.6744     0.008674
        121      2.4      0.1                 -26.18444207    -0.00098841         5.2871        16.7431     0.022106
        122      2.5      0.0                 -26.18462197    -0.00017991         7.1883        30.5386     0.014287
        123      2.5      0.0                 -26.18551109    -0.00088912         5.1147        23.4812     0.017445
        124      2.4      0.0                 -26.18584778    -0.00033669         7.2881        33.6590     0.019230
        125      2.5      0.0                 -26.18677326    -0.00092547         5.1356        18.6691     0.020665
        126      2.5      0.1                 -26.18707623    -0.00030297         7.2596        31.6169     0.020423
        127      2.5      0.0                 -26.18797580    -0.00089957         5.0400        17.8651     0.017329
        128      2.4      0.0                 -26.18821891    -0.00024311         6.8955        29.6671     0.014847
        129      2.4      0.0                 -26.18906857    -0.00084967         4.9155        18.3379     0.021544
        130      2.4      0.1                 -26.18936169    -0.00029311         6.8775        24.7974     0.022131
        131      2.5      0.0                 -26.19025444    -0.00089275         5.0406        17.4817     0.012358
        132      2.5      0.0                 -26.19055025    -0.00029581         7.1033        33.0635     0.012319
        133      2.4      0.0                 -26.19150255    -0.00095231         5.1178        17.4858     0.033310
        134      2.5      0.1                 -26.19165252    -0.00014997         6.5351        31.0759     0.019707
        135      2.5      0.0                 -26.19251651    -0.00086398         5.1306        17.3840     0.013293
        136      2.5      0.0                 -26.19262802    -0.00011151         6.6230        26.6159     0.006800
        137      2.5      0.0                 -26.19355531    -0.00092730         5.0004        14.9741     0.027692
        138      2.4      0.0                 -26.19383378    -0.00027847         7.0444        28.5853     0.026025
        139      2.4      0.1                 -26.19483526    -0.00100148         5.3102        17.5442     0.017698
        140      2.4      0.0                 -26.19506416    -0.00022890         7.6635        36.6801     0.013459
        141      2.5      0.0                 -26.19605607    -0.00099191         5.2421        18.7380     0.024051
        142      2.5      0.0                 -26.19635590    -0.00029984         7.2919        29.7271     0.022418
        143      2.5      0.1                 -26.19726996    -0.00091405         5.1848        16.0068     0.018739
        144      2.5      0.0                 -26.19758399    -0.00031403         7.3393        26.9550     0.019242
        145      2.4      0.0                 -26.19856795    -0.00098396         5.4027        18.3429     0.024673
        146      2.5      0.0                 -26.19906341    -0.00049547         7.8475        29.8196     0.034469
        147      2.5      0.1                 -26.20022935    -0.00116594         5.8109        26.1389     0.012836
        148      2.4      0.0                 -26.20042806    -0.00019871         7.6644        44.1606     0.007948
        149      2.5      0.0                 -26.20147090    -0.00104284         6.3632        31.1768     0.055568
        150      2.5      0.0                 -26.20150411    -0.00003321         7.2204        49.3528     0.012934
        151      2.4      0.0                 -26.20251803    -0.00101392         6.4317        24.2036     0.020303
        152      2.4      0.1                 -26.20345561    -0.00093757         5.2032        18.0846     0.033556
        153      2.4      0.0                 -26.20356657    -0.00011096         6.8867        25.5765     0.016599
        154      2.5      0.0                 -26.20443809    -0.00087152         4.9995        17.7108     0.014567
        155      2.5      0.0                 -26.20463013    -0.00019204         7.0058        33.8497     0.010793
        156      2.4      0.1                 -26.20546725    -0.00083713         4.8265        14.2294     0.023528
        157      2.4      0.0                 -26.20572964    -0.00026239         6.6074        33.7072     0.022639
        158      2.4      0.0                 -26.20649402    -0.00076438         4.6327        14.3016     0.013485
        159      2.5      0.0                 -26.20668936    -0.00019534         6.4446        38.2831     0.011086
        160      2.5      0.1                 -26.20739269    -0.00070333         4.5270        14.3971     0.019919
        161      2.5      0.0                 -26.20760605    -0.00021336         6.3526        41.0171     0.018624
        162      2.5      0.0                 -26.20826865    -0.00066260         4.3658        15.4182     0.015150
        163      2.5      0.0                 -26.20845263    -0.00018398         6.0151        39.2950     0.013238
        164      2.5      0.0                 -26.20905250    -0.00059987         4.2990        13.0283     0.010373
        165      2.5      0.1                 -26.20922843    -0.00017593         5.9475        28.1525     0.009442
        166      2.4      0.0                 -26.20981096    -0.00058253         5.0527        25.7993     0.035484
        167      2.5      0.0                 -26.20984483    -0.00003388         5.7944        39.5795     0.011838
        168      2.4      0.0                 -26.21052451    -0.00067967         6.3669        30.2600     0.024462
        169      2.4      0.1                 -26.21054440    -0.00001990         5.6031        21.3515     0.003540
        170      2.4      0.0                 -26.21122329    -0.00067888         4.3240        12.2923     0.024192
        171      2.5      0.0                 -26.21129980    -0.00007651         5.7590        20.1009     0.011460
        172      2.5      0.0                 -26.21189387    -0.00059407         4.0996        15.2805     0.014677
        173      2.5      0.1                 -26.21208962    -0.00019575         5.8473        21.1625     0.014607
        174      2.5      0.0                 -26.21268991    -0.00060029         4.2624        14.3916     0.020525
        175      2.5      0.0                 -26.21287653    -0.00018662         6.0913        29.1014     0.019831
        176      2.5      0.0                 -26.21351292    -0.00063639         4.2914        16.1371     0.010079
        177      2.4      0.0                 -26.21366197    -0.00014905         5.7743        31.0099     0.007794
        178      2.5      0.1                 -26.21429134    -0.00062937         4.3304        13.6359     0.031089
        179      2.4      0.0                 -26.21445073    -0.00015939         6.1435        42.2858     0.027044
        180      2.5      0.0                 -26.21512956    -0.00067883         4.4883        15.5374     0.012579
        181      2.5      0.0                 -26.21526990    -0.00014034         6.0094        36.7222     0.008899
        182      2.6      0.1                 -26.21595486    -0.00068496         4.4372        15.0688     0.040559
        183      2.5      0.0                 -26.21604095    -0.00008609         5.7934        27.7294     0.021820
        184      2.5      0.0                 -26.21666269    -0.00062175         4.3189        15.5892     0.013269
        185      2.5      0.0                 -26.21678552    -0.00012283         5.9299        27.0448     0.009092
        186      2.5      0.1                 -26.21740434    -0.00061882         4.2316        15.1114     0.030765
        187      2.5      0.0                 -26.21755118    -0.00014684         5.7779        23.6260     0.024914
        188      2.6      0.0                 -26.21812235    -0.00057117         4.2064        14.3792     0.015777
        189      2.5      0.0                 -26.21820249    -0.00008015         5.3840        25.4500     0.008528
        190      2.5      0.0                 -26.21875200    -0.00054950         4.0282        16.8393     0.032706
        191      2.5      0.1                 -26.21885241    -0.00010041         5.3892        29.2636     0.022200
        192      2.5      0.0                 -26.21937627    -0.00052386         3.8916        12.3163     0.016488
        193      2.6      0.0                 -26.21944700    -0.00007073         4.9523        20.1257     0.008695
        194      2.5      0.0                 -26.21995270    -0.00050570         3.9115        15.1632     0.031715
        195      2.4      0.1                 -26.22005973    -0.00010703         5.4263        19.6758     0.023755
        196      2.5      0.0                 -26.22061368    -0.00055394         4.0997        14.0016     0.016127
        197      2.5      0.0                 -26.22069758    -0.00008390         5.5245        20.2055     0.009183
        198      2.5      0.0                 -26.22124111    -0.00054353         4.0382        15.7356     0.025628
        199      2.6      0.0                 -26.22144088    -0.00019977         5.6420        19.6971     0.028324
        200      2.5      0.0                 -26.22203551    -0.00059463         4.1210        11.5143     0.015483
        201      2.5      0.0                 -26.22213166    -0.00009614         5.4143        20.0552     0.009227
        202      2.5      0.0                 -26.22268869    -0.00055703         4.0311        13.6111     0.033401
        203      2.5      0.1                 -26.22278518    -0.00009650         5.3529        19.9558     0.021677
        204      2.5      0.0                 -26.22332287    -0.00053769         3.8326        12.0911     0.013661
        205      2.5      0.0                 -26.22339824    -0.00007537         4.8821        18.8751     0.007392
        206      2.5      0.0                 -26.22387269    -0.00047445         3.7275        11.2903     0.028354
        207      2.5      0.0                 -26.22395389    -0.00008119         5.0320        16.7887     0.017955
        208      2.5      0.1                 -26.22444954    -0.00049565         3.7914        13.7653     0.013361
        209      2.4      0.0                 -26.22460066    -0.00015112         5.3186        35.1056     0.012517
        210      2.4      0.0                 -26.22510590    -0.00050524         4.0992        22.3250     0.031023
        211      2.5      0.0                 -26.22514467    -0.00003877         5.1164        43.4706     0.011460
        212      2.5      0.1                 -26.22557187    -0.00042720         3.6925        11.7202     0.013961
        213      2.5      0.0                 -26.22565520    -0.00008333         5.0295        34.7341     0.009471
        214      2.5      0.0                 -26.22606977    -0.00041456         3.6420        13.6554     0.017554
        215      2.5      0.0                 -26.22628198    -0.00021221         5.0745        19.0772     0.024513
        216      2.5      0.1                 -26.22674056    -0.00045859         3.5033        11.3664     0.017231
        217      2.5      0.0                 -26.22683667    -0.00009611         4.7945        23.4743     0.012290
        218      2.5      0.0                 -26.22723503    -0.00039836         3.4981         9.6360     0.015990
        219      2.5      0.0                 -26.22738578    -0.00015075         5.1151        18.5895     0.017612
        220      2.5      0.0                 -26.22784267    -0.00045689         3.6783        12.3265     0.021286
        221      2.6      0.1                 -26.22805008    -0.00020741         5.2045        17.8849     0.027163
        222      2.5      0.0                 -26.22857436    -0.00052428         3.8639        11.8019     0.014520
        223      2.5      0.0                 -26.22874673    -0.00017237         5.3846        19.7919     0.014395
        224      2.5      0.0                 -26.22931161    -0.00056488         4.4427        16.5385     0.045460
        225      2.5      0.1                 -26.22935920    -0.00004759         5.4343        28.1580     0.018368
        226      2.5      0.0                 -26.22988310    -0.00052390         5.5035        23.4087     0.030354
        227      2.5      0.0                 -26.23050948    -0.00062638         4.5855        13.6060     0.051483
        228      2.4      0.0                 -26.23052665    -0.00001717         5.2651        16.4522     0.010323
        229      2.5      0.1                 -26.23107050    -0.00054385         4.0100        12.8843     0.023873
        230      2.5      0.0                 -26.23122737    -0.00015687         5.8789        21.2496     0.021494
        231      2.5      0.0                 -26.23178774    -0.00056037         4.0077        16.8920     0.035302
        232      2.5      0.0                 -26.23190269    -0.00011495         5.3407        23.1130     0.024943
        233      2.5      0.0                 -26.23238012    -0.00047743         3.8428        13.9027     0.015914
        234      2.4      0.1                 -26.23250103    -0.00012091         5.1025        21.0195     0.013040
        235      2.5      0.0                 -26.23302890    -0.00052787         3.8636        14.0746     0.040616
        236      2.5      0.0                 -26.23316585    -0.00013695         5.2508        19.3931     0.034750
        237      2.5      0.0                 -26.23374750    -0.00058165         4.1821        13.4369     0.014100
        238      2.6      0.1                 -26.23383723    -0.00008973         5.5089        23.8881     0.008134
        239      2.5      0.0                 -26.23443722    -0.00059998         4.0952        13.7380     0.061116
        240      2.5      0.0                 -26.23448986    -0.00005264         4.9843        18.7406     0.025299
        241      2.5      0.0                 -26.23502262    -0.00053276         4.0437        15.1196     0.013424
        242      2.5      0.1                 -26.23507459    -0.00005197         4.9308        17.5051     0.005713
        243      2.4      0.0                 -26.23559095    -0.00051636         4.5827        26.3343     0.069873
        244      2.5      0.0                 -26.23611541    -0.00052446         4.2381        16.2584     0.021494
        245      2.4      0.0                 -26.23614526    -0.00002986         5.1622        27.8161     0.006508
        246      2.5      0.0                 -26.23665497    -0.00050971         3.8480        14.4021     0.044845
        247      2.5      0.1                 -26.23671604    -0.00006107         4.9701        30.6906     0.022162
        248      2.5      0.0                 -26.23716340    -0.00044735         3.4974        13.5074     0.012378
        249      2.5      0.0                 -26.23726155    -0.00009815         4.6560        22.7735     0.009126
        250      2.5      0.0                 -26.23768298    -0.00042144         3.5044        12.4885     0.034504
        251      2.5      0.1                 -26.23782168    -0.00013870         5.0323        23.0456     0.034664
        252      2.5      0.0                 -26.23827184    -0.00045016         3.5830        12.5498     0.018028
        253      2.4      0.0                 -26.23835235    -0.00008052         4.7074        22.3275     0.011524
        254      2.5      0.0                 -26.23874487    -0.00039251         3.6204        10.4406     0.050370
        255      2.5      0.1                 -26.23878411    -0.00003925         4.4049        18.8866     0.022538
        256      2.5      0.0                 -26.23920712    -0.00042301         3.9175        12.3054     0.020720
        257      2.5      0.0                 -26.23923752    -0.00003040         4.6282        17.0433     0.007269
        258      2.4      0.0                 -26.23974393    -0.00050641         3.8632        14.6920     0.061488
        259      2.4      0.0                 -26.23976595    -0.00002202         4.5698        18.3568     0.016481
        260      2.4      0.1                 -26.24020456    -0.00043862         3.7565        22.8277     0.015580
        261      2.5      0.0                 -26.24024178    -0.00003722         4.6955        38.2280     0.006055
        262      2.5      0.0                 -26.24063998    -0.00039820         3.6362        13.1467     0.045457
        263      2.5      0.0                 -26.24067302    -0.00003304         4.4659        28.8539     0.018011
        264      2.5      0.1                 -26.24103284    -0.00035982         3.1379        10.3592     0.013736
        265      2.5      0.0                 -26.24106536    -0.00003252         3.7389        16.0949     0.005556
        266      2.5      0.0                 -26.24136524    -0.00029988         2.8428         8.9914     0.032659
        267      2.5      0.0                 -26.24141580    -0.00005056         3.7926        15.2982     0.020505
        268      2.5      0.1                 -26.24170263    -0.00028683         2.7774         9.9109     0.009579
        269      2.5      0.0                 -26.24175170    -0.00004907         3.7513        15.5696     0.005932
        270      2.5      0.0                 -26.24201112    -0.00025943         2.6908        10.4351     0.023399
        271      2.5      0.0                 -26.24207322    -0.00006210         3.6662        16.7544     0.018579
        272      2.5      0.0                 -26.24231260    -0.00023938         2.7488         9.2075     0.008627
        273      2.5      0.0                 -26.24234458    -0.00003198         3.4760        19.4569     0.004514
        274      2.5      0.0                 -26.24258424    -0.00023966         2.7432         9.5993     0.033512
        275      2.5      0.0                 -26.24261351    -0.00002927         3.3464        14.6188     0.017187
        276      2.5      0.0                 -26.24286968    -0.00025617         2.9172        10.2887     0.009397
        277      2.5      0.1                 -26.24287878    -0.00000910         3.3764        13.1193     0.002137
        278      2.5      0.0                 -26.24311854    -0.00023976         2.5481         8.5130     0.023061
        279      2.4      0.0                 -26.24314768    -0.00002914         3.3527        14.6765     0.011456
        280      2.5      0.0                 -26.24335713    -0.00020945         2.3901         9.4304     0.010465
        281      2.5      0.0                 -26.24342085    -0.00006372         3.4222        15.1886     0.009785
        282      2.5      0.0                 -26.24362494    -0.00020408         2.3600         7.9705     0.009616
        283      2.5      0.0                 -26.24368544    -0.00006050         3.2547        15.1707     0.008816
        284      2.5      0.0                 -26.24387643    -0.00019099         2.4427        11.8196     0.011204
        285      2.5      0.0                 -26.24394696    -0.00007053         3.6696        14.9127     0.012109
        286      2.4      0.1                 -26.24417722    -0.00023026         2.6564         9.6587     0.013002
        287      2.5      0.0                 -26.24428826    -0.00011104         3.7838        16.3486     0.017301
        288      2.5      0.0                 -26.24455125    -0.00026299         2.7685         8.7364     0.012115
        289      2.5      0.0                 -26.24462056    -0.00006932         3.7773        16.0115     0.010188
        290      2.5      0.1                 -26.24491679    -0.00029623         3.2758        13.3550     0.035663
        291      2.5      0.0                 -26.24494810    -0.00003131         3.9825        20.1748     0.017001
        292      2.5      0.0                 -26.24533966    -0.00039157         3.8171        12.9828     0.022311
        293      2.5      0.0                 -26.24535057    -0.00001090         4.3143        14.7860     0.004410
        294      2.5      0.1                 -26.24582055    -0.00046998         3.7480        13.7354     0.049520
        295      2.4      0.0                 -26.24588645    -0.00006591         5.2137        18.6765     0.028117
        296      2.4      0.0                 -26.24641053    -0.00052408         3.9581        15.2967     0.035729
        297      2.6      0.0                 -26.24658272    -0.00017219         5.7627        21.1643     0.035557
        298      2.5      0.0                 -26.24720690    -0.00062418         4.3371        17.4872     0.049478
        299      2.5      0.0                 -26.24744088    -0.00023398         6.4130        23.7719     0.055889
        300      2.4      0.0                 -26.24817814    -0.00073725         4.7325        18.4027     0.031727
        301      2.5      0.0                 -26.24835142    -0.00017329         6.0895        23.1100     0.024676
        302      2.5      0.0                 -26.24887861    -0.00052718         7.5883        73.2356     0.126362
        303      2.5      0.1                 -26.24894587    -0.00006726         6.0465        49.3239     0.037460
        304      2.5      0.0                 -26.24984155    -0.00089568         7.2413        32.8619     0.047424
        305      2.5      0.0                 -26.25068158    -0.00084003         6.0060        46.7768     0.097059
        306      2.5      0.0                 -26.25144338    -0.00076180         4.8932        20.3536     0.017351
        307      2.5      0.1                 -26.25152390    -0.00008052         6.0943        25.7638     0.007780
        308      2.5      0.0                 -26.25227699    -0.00075309         5.4453        38.0095     0.091080
        309      2.5      0.0                 -26.25231403    -0.00003704         6.4885        53.2045     0.029129
        310      2.5      0.0                 -26.25318612    -0.00087208         4.8522        17.8026     0.032227
        311      2.5      0.0                 -26.25327191    -0.00008580         6.2068        25.0024     0.013837
        312      2.5      0.0                 -26.25399690    -0.00072498         4.7494        20.8372     0.055798
        313      2.5      0.0                 -26.25412612    -0.00012922         6.7380        44.1904     0.036477
        314      2.5      0.0                 -26.25479497    -0.00066886         4.5665        15.6723     0.021539
        315      2.5      0.0                 -26.25495275    -0.00015778         5.6253        25.2463     0.016749
        316      2.5      0.1                 -26.25538694    -0.00043419         6.3377        53.7890     0.102695
        317      2.5      0.0                 -26.25541155    -0.00002462         5.3835        37.1944     0.021438
        318      2.5      0.0                 -26.25607788    -0.00066633         4.9595        18.0126     0.014806
        319      2.5      0.0                 -26.25612104    -0.00004316         5.9624        20.9954     0.004851
        320      2.5      0.1                 -26.25684549    -0.00072445         4.4840        17.8558     0.068755
        321      2.5      0.0                 -26.25693566    -0.00009017         5.8904        25.7795     0.035752
        322      2.5      0.0                 -26.25756504    -0.00062938         4.0794        14.8127     0.029371
        323      2.4      0.0                 -26.25770086    -0.00013582         5.6140        23.1154     0.021446
        324      2.4      0.1                 -26.25825128    -0.00055042         4.0146        14.0221     0.028347
        325      2.5      0.0                 -26.25846886    -0.00021758         5.8827        22.1822     0.032343
        326      2.4      0.0                 -26.25906013    -0.00059127         4.2104        13.8365     0.056464
        327      2.5      0.0                 -26.25922820    -0.00016807         5.5287        34.0612     0.053243
        328      2.5      0.0                 -26.25983074    -0.00060254         5.3637        39.0683     0.023207
        329      2.4      0.1                 -26.25983775    -0.00000701         5.7521        46.0816     0.002806
        330      2.4      0.0                 -26.26049885    -0.00066110         5.2539        24.0938     0.068253
        331      2.5      0.0                 -26.26050827    -0.00000941         5.8650        30.1929     0.009478
        332      2.4      0.0                 -26.26108563    -0.00057736         4.0366        14.9497     0.022946
        333      2.5      0.1                 -26.26124910    -0.00016347         5.3328        23.0048     0.020352
        334      2.5      0.0                 -26.26177130    -0.00052220         3.8374        16.3697     0.029642
        335      2.5      0.0                 -26.26192632    -0.00015502         5.5678        20.8601     0.027272
        336      2.5      0.0                 -26.26245016    -0.00052384         3.8989        13.8282     0.014118
        337      2.5      0.1                 -26.26264564    -0.00019548         5.2434        17.7503     0.015392
        338      2.4      0.0                 -26.26316913    -0.00052349         3.8835        12.7185     0.034718
        339      2.4      0.0                 -26.26328680    -0.00011766         5.4901        20.0287     0.026140
        340      2.5      0.0                 -26.26380296    -0.00051616         3.8524        11.9531     0.024079
        341      2.4      0.0                 -26.26401611    -0.00021315         5.3385        18.5793     0.028499
        342      2.5      0.1                 -26.26456821    -0.00055210         3.9636        15.2835     0.012069
        343      2.5      0.0                 -26.26472969    -0.00016148         5.5141        24.7026     0.010965
        344      2.5      0.0                 -26.26531984    -0.00059015         4.2206        16.4090     0.045916
        345      2.5      0.0                 -26.26542375    -0.00010391         5.5350        28.5981     0.029707
        346      2.4      0.1                 -26.26603189    -0.00060814         4.7890        28.6372     0.015213
        347      2.4      0.0                 -26.26608818    -0.00005628         6.0277        52.1378     0.006267
        348      2.5      0.0                 -26.26671053    -0.00062236         4.5579        14.3521     0.044668
        349      2.4      0.0                 -26.26675973    -0.00004920         5.5976        19.2891     0.016750
        350      2.5      0.1                 -26.26732664    -0.00056691         4.2891        19.2306     0.016131
        351      2.4      0.0                 -26.26749687    -0.00017023         5.9482        26.9942     0.014973
        352      2.5      0.0                 -26.26815473    -0.00065786         4.3690        14.1481     0.049034
        353      2.5      0.0                 -26.26825523    -0.00010050         5.6492        32.5911     0.028728
        354      2.5      0.0                 -26.26890799    -0.00065276         4.2098        13.8723     0.015629
        355      2.4      0.1                 -26.26905063    -0.00014264         5.5057        22.6888     0.011503
        356      2.5      0.0                 -26.26971893    -0.00066830         4.1609        16.0839     0.048082
        357      2.4      0.0                 -26.26980741    -0.00008848         5.5382        31.7564     0.025428
        358      2.5      0.0                 -26.27037128    -0.00056387         3.8544        11.7357     0.024296
        359      2.4      0.1                 -26.27047694    -0.00010566         5.2497        27.9855     0.016025
        360      2.4      0.0                 -26.27095789    -0.00048095         3.7115        11.4657     0.016338
        361      2.4      0.0                 -26.27114965    -0.00019176         5.2061        21.2857     0.018719
        362      2.5      0.0                 -26.27165812    -0.00050847         3.7672        10.9985     0.033198
        363      2.5      0.1                 -26.27180842    -0.00015030         5.2998        21.1599     0.030543
        364      2.5      0.0                 -26.27232429    -0.00051587         3.7586        11.2105     0.014165
        365      2.5      0.0                 -26.27245203    -0.00012774         5.0654        17.3378     0.011389
        366      2.5      0.0                 -26.27293215    -0.00048011         3.6841        11.4712     0.043076
        367      2.5      0.0                 -26.27301366    -0.00008151         4.6773        15.4111     0.026989
        368      2.5      0.1                 -26.27350230    -0.00048864         3.9178        14.0400     0.024361
        369      2.5      0.0                 -26.27355839    -0.00005609         4.8222        23.5819     0.011538
        370      2.5      0.0                 -26.27413385    -0.00057547         3.9747        15.6107     0.056367
        371      2.5      0.0                 -26.27416470    -0.00003085         4.7591        17.5789     0.016818
        372      2.5      0.1                 -26.27465490    -0.00049021         3.7341        11.4593     0.013828
        373      2.5      0.0                 -26.27469716    -0.00004226         4.7545        15.8188     0.005428
        374      2.4      0.0                 -26.27511027    -0.00041310         3.3631         9.4791     0.025136
        375      2.5      0.0                 -26.27519729    -0.00008702         4.5892        18.9420     0.018068
        376      2.5      0.1                 -26.27557064    -0.00037335         3.2485        10.7790     0.011135
        377      2.5      0.0                 -26.27568294    -0.00011230         4.5049        20.0562     0.010317
        378      2.5      0.0                 -26.27606172    -0.00037878         3.1941        10.3154     0.022864
        379      2.5      0.0                 -26.27619903    -0.00013731         4.4458        18.0400     0.024425
        380      2.4      0.0                 -26.27658133    -0.00038229         3.1424         9.3221     0.015466
        381      2.5      0.1                 -26.27668211    -0.00010078         4.4013        15.9559     0.013009
        382      2.4      0.0                 -26.27704940    -0.00036729         3.1987         9.4728     0.018636
        383      2.5      0.0                 -26.27718938    -0.00013998         4.6376        17.6303     0.020641
        384      2.5      0.0                 -26.27757798    -0.00038860         3.2282        11.8817     0.017390
        385      2.5      0.1                 -26.27766985    -0.00009187         4.4458        18.0486     0.013523
        386      2.4      0.0                 -26.27801570    -0.00034585         3.1633        11.2820     0.020016
        387      2.5      0.0                 -26.27812050    -0.00010480         4.4159        16.7027     0.018694
        388      2.5      0.0                 -26.27847904    -0.00035854         3.1608         9.6815     0.010302
        389      2.5      0.1                 -26.27859820    -0.00011916         4.2082        11.9027     0.010278
        390      2.5      0.0                 -26.27895298    -0.00035478         3.2430        14.9729     0.026596
        391      2.5      0.0                 -26.27899070    -0.00003772         4.0754        26.9623     0.012075
        392      2.6      0.0                 -26.27931318    -0.00032249         3.3986        12.5676     0.016130
        393      2.5      0.1                 -26.27934131    -0.00002813         4.2333        28.0628     0.006377
        394      2.5      0.0                 -26.27968904    -0.00034773         3.2686        11.4332     0.028063
        395      2.5      0.0                 -26.27976647    -0.00007743         4.3471        16.0300     0.021247
        396      2.4      0.0                 -26.28014472    -0.00037825         3.2767         9.7410     0.014061
        397      2.5      0.0                 -26.28019771    -0.00005300         4.2337        13.7329     0.007597
        398      2.4      0.1                 -26.28057002    -0.00037231         3.2766        13.8552     0.031656
        399      2.5      0.0                 -26.28064828    -0.00007826         4.4462        31.9715     0.022980
        400      2.5      0.0                 -26.28102127    -0.00037299         3.4987        16.7282     0.014526
        401      2.5      0.0                 -26.28105053    -0.00002926         4.3830        34.5300     0.005369
        402      2.4      0.1                 -26.28138073    -0.00033020         3.2366         9.6290     0.024179
        403      2.5      0.0                 -26.28146642    -0.00008569         4.4832        24.7964     0.020328
        404      2.5      0.0                 -26.28182555    -0.00035913         3.2838        11.0210     0.009879
        405      2.5      0.0                 -26.28194257    -0.00011703         4.5623        17.1024     0.009721
        406      2.5      0.1                 -26.28233704    -0.00039447         3.3389        10.7112     0.030325
        407      2.5      0.0                 -26.28243524    -0.00009820         4.6315        18.4936     0.024908
        408      2.5      0.0                 -26.28283722    -0.00040198         3.3480         9.7503     0.012441
        409      2.5      0.0                 -26.28294822    -0.00011101         4.6459        15.3125     0.010837
        410      2.5      0.0                 -26.28335552    -0.00040729         3.3682         9.4427     0.029011
        411      2.4      0.1                 -26.28346871    -0.00011319         4.7014        21.8130     0.025694
        412      2.5      0.0                 -26.28387034    -0.00040164         3.4988        11.1963     0.010255
        413      2.5      0.0                 -26.28393956    -0.00006921         4.5860        22.8221     0.006385
        414      2.5      0.0                 -26.28432683    -0.00038727         3.7495        13.1419     0.049209
        415      2.5      0.1                 -26.28434884    -0.00002201         4.3797        17.9952     0.015789
        416      2.4      0.0                 -26.28478950    -0.00044066         3.7499        14.0974     0.020017
        417      2.4      0.0                 -26.28481376    -0.00002427         4.4497        19.6074     0.005931
        418      2.5      0.0                 -26.28524563    -0.00043186         3.3884        10.5969     0.032675
        419      2.5      0.1                 -26.28529641    -0.00005078         4.4668        18.6118     0.015980
        420      2.5      0.0                 -26.28566815    -0.00037174         3.1322        10.5291     0.013718
        421      2.5      0.0                 -26.28575470    -0.00008655         4.3439        15.8537     0.010554
        422      2.5      0.0                 -26.28607124    -0.00031654         2.9197         9.7010     0.013735
        423      2.5      0.0                 -26.28613717    -0.00006592         3.9303        15.1335     0.009761
        424      2.5      0.0                 -26.28640121    -0.00026405         2.7802         8.2830     0.010119
        425      2.5      0.0                 -26.28650567    -0.00010445         3.8992        15.1256     0.011535
        426      2.5      0.0                 -26.28678574    -0.00028008         2.7488         7.7289     0.014285
        427      2.5      0.0                 -26.28688208    -0.00009633         3.7362        15.2005     0.014700
        428      2.5      0.1                 -26.28714812    -0.00026604         2.7658         8.1565     0.017796
        429      2.5      0.0                 -26.28717606    -0.00002794         3.4441        12.9529     0.007933
        430      2.5      0.0                 -26.28742419    -0.00024813         2.7427         8.0608     0.026618
        431      2.4      0.0                 -26.28745478    -0.00003059         3.3835        12.4314     0.013579
        432      2.5      0.1                 -26.28773036    -0.00027558         2.8717         9.2971     0.021624
        433      2.5      0.0                 -26.28774890    -0.00001854         3.4854        10.8429     0.007255
        434      2.5      0.0                 -26.28800353    -0.00025463         2.7285         9.4989     0.017873
        435      2.5      0.0                 -26.28801763    -0.00001410         3.3413        11.4154     0.005334
        436      2.5      0.0                 -26.28822024    -0.00020261         2.3749         6.5295     0.008014
        437      2.5      0.1                 -26.28828291    -0.00006267         3.3483        14.8366     0.007582
        438      2.5      0.0                 -26.28848448    -0.00020157         2.4334         7.7418     0.010946
        439      2.6      0.0                 -26.28854598    -0.00006150         3.4869        15.0830     0.010259
        440      2.5      0.0                 -26.28874789    -0.00020191         2.3616         6.2237     0.008405
        441      2.5      0.1                 -26.28879656    -0.00004867         3.1332        10.9645     0.006624
        442      2.5      0.0                 -26.28897242    -0.00017586         2.2587         6.9101     0.016347
        443      2.6      0.0                 -26.28901515    -0.00004273         3.0503        10.0723     0.013035
        444      2.5      0.0                 -26.28918732    -0.00017217         2.2474         7.7410     0.007006
        445      2.5      0.1                 -26.28922447    -0.00003714         3.0539        19.7900     0.005103
        446      2.5      0.0                 -26.28939055    -0.00016608         2.2906         9.6493     0.015643
        447      2.5      0.0                 -26.28942176    -0.00003121         3.1682        28.9713     0.010362
        448      2.5      0.0                 -26.28957932    -0.00015757         2.2091         6.7244     0.010537
        449      2.4      0.0                 -26.28962685    -0.00004753         3.0741        23.0031     0.009783
        450      2.4      0.1                 -26.28977826    -0.00015141         2.1612         6.3175     0.011219
        451      2.5      0.0                 -26.28983383    -0.00005557         3.0204        14.3836     0.012069
        452      2.4      0.0                 -26.28998913    -0.00015530         2.1385         5.3878     0.010457
        453      2.5      0.0                 -26.29004724    -0.00005811         3.0058        17.0651     0.011420
        454      2.5      0.1                 -26.29019822    -0.00015098         1.9976         5.5412     0.017344
        455      2.4      0.0                 -26.29022476    -0.00002654         2.5784         8.4535     0.010977
        456      2.4      0.0                 -26.29034779    -0.00012302         1.9029         5.6075     0.005378
        457      2.4      0.0                 -26.29038337    -0.00003559         2.6061         8.2253     0.004845
        458      2.6      0.0                 -26.29051845    -0.00013507         1.8942         5.3131     0.015327
        459      2.4      0.0                 -26.29055272    -0.00003428         2.5992        12.7566     0.012575
        460      2.5      0.0                 -26.29067434    -0.00012162         1.8570         4.9711     0.008349
        461      2.5      0.0                 -26.29069029    -0.00001595         2.4655        13.2532     0.004313
        462      2.5      0.0                 -26.29079169    -0.00010140         1.7376         6.2257     0.010134
        463      2.5      0.1                 -26.29083383    -0.00004214         2.3680         8.5470     0.011999
        464      2.5      0.0                 -26.29094063    -0.00010680         1.6893         4.9812     0.005815
        465      2.5      0.0                 -26.29097539    -0.00003476         2.3328         8.1314     0.005716
        466      2.5      0.0                 -26.29108533    -0.00010994         1.7324         5.8006     0.015222
        467      2.5      0.1                 -26.29110838    -0.00002305         2.3387         8.6490     0.010908
        468      2.5      0.0                 -26.29121796    -0.00010958         1.7394         6.4891     0.006007
        469      2.5      0.0                 -26.29124338    -0.00002542         2.4348         9.1365     0.004606
        470      2.5      0.0                 -26.29135420    -0.00011082         1.7567         6.4165     0.011628
        471      2.5      0.1                 -26.29138908    -0.00003488         2.5156         9.7201     0.011143
        472      2.5      0.0                 -26.29150042    -0.00011134         1.7648         5.3872     0.012590
        473      2.5      0.0                 -26.29153223    -0.00003181         2.4686         9.5445     0.011235
        474      2.5      0.0                 -26.29164192    -0.00010969         1.7386         5.0724     0.006935
        475      2.5      0.0                 -26.29168570    -0.00004378         2.3901        10.0768     0.007954
        476      2.6      0.1                 -26.29179547    -0.00010977         1.7087         4.9856     0.013385
        477      2.5      0.0                 -26.29181936    -0.00002389         2.3826         8.6929     0.009815
        478      2.5      0.0                 -26.29191607    -0.00009671         1.6408         4.8549     0.009679
        479      2.4      0.0                 -26.29194050    -0.00002443         2.2598         8.1233     0.007893
        480      2.4      0.1                 -26.29202943    -0.00008893         1.6287         4.7911     0.005389
        481      2.5      0.0                 -26.29206648    -0.00003704         2.3037         7.6134     0.006382
        482      2.5      0.0                 -26.29216726    -0.00010078         1.6367         5.1287     0.014665
        483      2.5      0.0                 -26.29220004    -0.00003278         2.2895         6.7383     0.014421
        484      2.5      0.1                 -26.29229708    -0.00009704         1.6031         5.3805     0.012572
        485      2.4      0.0                 -26.29231986    -0.00002278         2.2302        10.1769     0.009717
        486      2.5      0.0                 -26.29240777    -0.00008791         1.6015         4.3756     0.007658
        487      2.5      0.0                 -26.29243724    -0.00002946         2.2799         9.4648     0.007685
        488      2.5      0.0                 -26.29253055    -0.00009331         1.6236         5.1700     0.014320
        489      2.5      0.2                 -26.29256313    -0.00003258         2.2886         7.8672     0.014855
        490      2.5      0.0                 -26.29266087    -0.00009774         1.6701         5.2443     0.011137
        491      2.4      0.0                 -26.29269764    -0.00003677         2.4553        13.1268     0.012208
        492      2.5      0.0                 -26.29280020    -0.00010256         1.7245         4.5783     0.010411
        493      2.4      0.1                 -26.29282347    -0.00002327         2.3900        15.9706     0.007856
        494      2.5      0.0                 -26.29291769    -0.00009422         1.7563         5.3447     0.012788
        495      2.5      0.0                 -26.29295505    -0.00003736         2.5765        20.0851     0.014593
        496      2.5      0.0                 -26.29306183    -0.00010678         1.8025         4.6928     0.013255
        497      2.5      0.1                 -26.29309757    -0.00003574         2.5255        18.8123     0.013302
        498      2.4      0.0                 -26.29320043    -0.00010286         1.7967         5.4696     0.009949
        499      2.5      0.0                 -26.29322927    -0.00002884         2.5309        13.6600     0.008749
        500      2.4      0.0                 -26.29333552    -0.00010625         1.8539         4.8134     0.013882
        501      2.5      0.1                 -26.29339012    -0.00005460         2.6682        11.5237     0.019403
        502      2.4      0.0                 -26.29351941    -0.00012929         1.8925         5.2352     0.015263
        503      2.5      0.0                 -26.29356474    -0.00004533         2.6793        10.3310     0.015856
        504      2.4      0.0                 -26.29369879    -0.00013405         1.9116         5.2193     0.017278
        505      2.4      0.0                 -26.29374998    -0.00005119         2.7269         9.8332     0.019169
        506      2.5      0.1                 -26.29388819    -0.00013822         1.9445         5.4732     0.018617
        507      2.5      0.0                 -26.29392591    -0.00003772         2.7548         9.9885     0.016060
        508      2.4      0.0                 -26.29406172    -0.00013582         1.9781         6.2589     0.015595
        509      2.4      0.0                 -26.29411372    -0.00005200         2.8271        11.3039     0.017326
        510      2.4      0.1                 -26.29425523    -0.00014151         2.0008         5.7035     0.019923
        511      2.4      0.0                 -26.29429224    -0.00003701         2.8130         9.3282     0.016665
        512      2.4      0.0                 -26.29442747    -0.00013523         1.9499         5.0908     0.017337
        513      2.4      0.0                 -26.29447777    -0.00005030         2.6827         9.8621     0.018840
        514      2.4      0.1                 -26.29461138    -0.00013361         1.9393         8.4248     0.018173
        515      2.5      0.0                 -26.29465873    -0.00004735         2.7958        11.5068     0.019053
        516      2.5      0.0                 -26.29480155    -0.00014282         1.9893         5.4205     0.016666
        517      2.4      0.0                 -26.29485247    -0.00005092         2.8170        11.7286     0.017535
        518      2.4      0.0                 -26.29499557    -0.00014310         1.9894         6.0510     0.019784
        519      2.5      0.1                 -26.29503314    -0.00003757         2.7867        11.9003     0.016617
        520      2.5      0.0                 -26.29517176    -0.00013862         2.0745         6.5630     0.012610
        521      2.5      0.0                 -26.29523003    -0.00005827         3.0762        13.8535     0.015048
        522      2.5      0.0                 -26.29539448    -0.00016445         2.2007         8.0526     0.027541
        523      2.4      0.1                 -26.29544352    -0.00004904         3.0523        11.9443     0.025552
        524      2.4      0.0                 -26.29561688    -0.00017336         2.2466         7.7855     0.007062
        525      2.4      0.0                 -26.29567746    -0.00006058         3.0346        11.3382     0.007323
        526      2.4      0.0                 -26.29588505    -0.00020759         2.4080         6.8586     0.045814
        527      2.5      0.1                 -26.29592708    -0.00004202         3.2304         9.3520     0.033008
        528      2.5      0.0                 -26.29616041    -0.00023333         2.6156         9.4934     0.012236
        529      2.4      0.0                 -26.29618021    -0.00001980         3.2158        13.1407     0.004756
        530      2.6      0.0                 -26.29641870    -0.00023848         2.5042         7.5787     0.051424
        531      2.4      0.0                 -26.29645348    -0.00003479         3.2497        11.6231     0.029635
        532      2.4      0.1                 -26.29669680    -0.00024331         2.5740         8.5221     0.012972
        533      2.4      0.0                 -26.29672521    -0.00002841         3.3021        13.0384     0.006203
        534      2.4      0.0                 -26.29696730    -0.00024209         2.6330         8.2667     0.043009
        535      2.4      0.0                 -26.29701342    -0.00004612         3.6051        12.5125     0.029517
        536      2.4      0.1                 -26.29727349    -0.00026006         2.8485        10.4651     0.013643
        537      2.5      0.0                 -26.29730239    -0.00002890         3.6267        12.1181     0.006320
        538      2.4      0.0                 -26.29755734    -0.00025496         2.6671         7.2195     0.047957
        539      2.4      0.0                 -26.29759181    -0.00003447         3.3869         9.1977     0.026182
        540      2.4      0.1                 -26.29783296    -0.00024114         2.6935         8.3125     0.010577
        541      2.4      0.0                 -26.29787419    -0.00004123         3.5641        13.1881     0.006548
        542      2.4      0.0                 -26.29813816    -0.00026397         2.8638         7.2943     0.046689
        543      2.4      0.0                 -26.29817071    -0.00003256         3.7075        12.7166     0.023991
        544      2.5      0.0                 -26.29844622    -0.00027551         2.6705         9.1801     0.011479
        545      2.5      0.1                 -26.29848887    -0.00004266         3.3906        15.2460     0.006633
        546      2.5      0.0                 -26.29874298    -0.00025411         2.5206         8.6020     0.035944
        547      2.4      0.0                 -26.29879275    -0.00004977         3.3411        11.0360     0.024888
        548      2.5      0.0                 -26.29902802    -0.00023527         2.6670        11.1504     0.010979
        549      2.5      0.1                 -26.29904582    -0.00001780         3.2849        17.6765     0.003967
        550      2.5      0.0                 -26.29926522    -0.00021940         2.7350        11.2971     0.040450
        551      2.4      0.0                 -26.29928780    -0.00002258         3.4529        21.2630     0.018469
        552      2.5      0.0                 -26.29953564    -0.00024784         2.7280         8.2443     0.009097
        553      2.5      0.1                 -26.29957290    -0.00003726         3.5800        21.0355     0.005155
        554      2.5      0.0                 -26.29981578    -0.00024288         2.6578         7.6968     0.033491
        555      2.4      0.0                 -26.29984339    -0.00002760         3.4467        13.9925     0.015993
        556      2.6      0.0                 -26.30005897    -0.00021558         2.4755         8.0349     0.010105
        557      2.5      0.0                 -26.30013125    -0.00007228         3.4513        12.7463     0.010153
        558      2.5      0.1                 -26.30034741    -0.00021616         2.4708         8.5480     0.024061
        559      2.5      0.0                 -26.30039116    -0.00004375         3.3703        14.6899     0.016892
        560      2.5      0.0                 -26.30058732    -0.00019616         2.4479         7.6868     0.006731
        561      2.5      0.0                 -26.30063846    -0.00005114         3.2896        15.9685     0.005616
        562      2.5      0.1                 -26.30084154    -0.00020308         2.5769         9.1888     0.039707
        563      2.5      0.0                 -26.30086059    -0.00001904         3.0942        17.0246     0.017105
        564      2.6      0.0                 -26.30105544    -0.00019485         2.7894        10.6715     0.015187
        565      2.4      0.0                 -26.30124332    -0.00018788         2.2994         5.8347     0.026944
        566      2.5      0.0                 -26.30127747    -0.00003415         3.1386        12.1619     0.017568
        567      2.5      0.0                 -26.30148146    -0.00020399         2.2677         6.2280     0.010991
        568      2.5      0.0                 -26.30152391    -0.00004246         3.0956        12.9779     0.007802
        569      2.5      0.0                 -26.30170967    -0.00018575         2.1449         6.1491     0.017169
        570      2.5      0.0                 -26.30175250    -0.00004283         2.9080         9.6369     0.013139
        571      2.4      0.1                 -26.30191210    -0.00015961         2.1095         6.6503     0.007843
        572      2.6      0.0                 -26.30194973    -0.00003762         2.9837        10.3231     0.006082
        573      2.5      0.0                 -26.30210300    -0.00015328         2.1133         5.8437     0.010042
        574      2.4      0.0                 -26.30215819    -0.00005519         2.9927        11.1492     0.010650
        575      2.5      0.1                 -26.30231305    -0.00015486         2.0711         6.0852     0.011341
        576      2.5      0.0                 -26.30236026    -0.00004721         2.8633         9.9891     0.010617
        577      2.5      0.0                 -26.30250575    -0.00014550         1.9811         5.0089     0.007364
        578      2.4      0.0                 -26.30255444    -0.00004869         2.7450        11.6413     0.007389
        579      2.4      0.0                 -26.30269304    -0.00013859         1.9379         5.3627     0.008593
        580      2.4      0.0                 -26.30273851    -0.00004548         2.7310        12.9271     0.008493
        581      2.5      0.0                 -26.30287489    -0.00013638         1.9451         5.9883     0.010399
        582      2.5      0.0                 -26.30291738    -0.00004249         2.7682        11.0416     0.009888
        583      2.5      0.0                 -26.30305393    -0.00013655         1.9610         5.3772     0.008882
        584      2.5      0.0                 -26.30310000    -0.00004607         2.7289        10.5398     0.008969
        585      2.4      0.0                 -26.30323771    -0.00013771         1.9523         5.8680     0.017266
        586      2.4      0.0                 -26.30326995    -0.00003224         2.6208         8.9141     0.013395
        587      2.4      0.0                 -26.30340203    -0.00013208         2.0358         5.8143     0.008889
        588      2.5      0.1                 -26.30342359    -0.00002155         2.6310         9.8770     0.005336
        589      2.5      0.0                 -26.30356070    -0.00013712         1.9516         6.4574     0.023725
        590      2.5      0.0                 -26.30357257    -0.00001187         2.3336         9.2582     0.009443
        591      2.5      0.0                 -26.30368875    -0.00011617         1.8482         5.9499     0.010386
        592      2.4      0.1                 -26.30369537    -0.00000662         2.2105         9.4184     0.003148
        593      2.4      0.0                 -26.30379434    -0.00009897         1.6869         4.7531     0.014180
        594      2.5      0.0                 -26.30380647    -0.00001213         2.2015         9.0119     0.007026
        595      2.5      0.0                 -26.30389819    -0.00009172         1.5741         5.4162     0.004828
        596      2.5      0.1                 -26.30392761    -0.00002942         2.1905         8.3288     0.004691
        597      2.4      0.0                 -26.30401551    -0.00008790         1.5218         3.8895     0.009129
        598      2.5      0.0                 -26.30403072    -0.00001521         2.0336         9.2287     0.005699
        599      2.5      0.0                 -26.30410162    -0.00007090         1.4761         3.6559     0.004886
        600      2.5      0.0                 -26.30411826    -0.00001664         2.0782        12.2895     0.003778
        601      2.4      0.1                 -26.30418733    -0.00006907         1.4387         3.7780     0.006328
        602      2.6      0.0                 -26.30421193    -0.00002459         1.9627        12.1406     0.006654
        603      2.5      0.0                 -26.30427712    -0.00006519         1.3337         3.4024     0.005061
        604      2.5      0.0                 -26.30429355    -0.00001644         1.8353        11.0032     0.004119
        605      2.4      0.1                 -26.30435022    -0.00005667         1.2854         3.5009     0.003879
        606      2.5      0.0                 -26.30436958    -0.00001936         1.7954        11.0828     0.003952
        607      2.4      0.0                 -26.30442476    -0.00005518         1.2622         4.3941     0.005511
        608      2.5      0.0                 -26.30444086    -0.00001610         1.7573         9.4506     0.004997
        609      2.4      0.1                 -26.30449242    -0.00005155         1.1845         4.6595     0.003301
        610      2.5      0.0                 -26.30450477    -0.00001235         1.5924         6.6647     0.002591
        611      2.6      0.0                 -26.30454863    -0.00004386         1.0910         3.1856     0.003171
        612      2.4      0.0                 -26.30456335    -0.00001472         1.4956         4.2741     0.003189
        613      2.4      0.0                 -26.30460450    -0.00004115         1.0676         3.4840     0.003482
        614      2.5      0.1                 -26.30461829    -0.00001380         1.5223         5.1470     0.003498
        615      2.5      0.0                 -26.30466134    -0.00004305         1.0840         3.1280     0.003221
        616      2.5      0.0                 -26.30467914    -0.00001780         1.5397         5.1865     0.003795
        617      2.4      0.0                 -26.30472256    -0.00004342         1.0497         2.8847     0.002757
        618      2.5      0.1                 -26.30473141    -0.00000885         1.4193         6.0060     0.001929
        619      2.5      0.0                 -26.30476827    -0.00003685         1.0191         4.3237     0.003097
        620      2.5      0.0                 -26.30478250    -0.00001423         1.4627         5.6553     0.003463
        621      2.5      0.0                 -26.30482149    -0.00003899         1.0246         3.7992     0.003441
        622      2.4      0.0                 -26.30483332    -0.00001182         1.4351         5.0798     0.003207
        623      2.5      0.0                 -26.30487064    -0.00003733         1.0337         3.7359     0.003117
        624      2.5      0.0                 -26.30488223    -0.00001159         1.4787         5.2008     0.002957
        625      2.4      0.0                 -26.30492121    -0.00003898         1.0541         3.2882     0.003318
        626      2.5      0.0                 -26.30493697    -0.00001576         1.4990         4.6471     0.003843
        627      2.5      0.1                 -26.30497849    -0.00004152         1.0609         2.9977     0.004083
        628      2.5      0.0                 -26.30499206    -0.00001357         1.5004         5.2830     0.004025
        629      2.5      0.0                 -26.30503373    -0.00004168         1.0421         3.6375     0.004325
        630      2.5      0.0                 -26.30504845    -0.00001472         1.4445         6.1393     0.004521
        631      2.4      0.1                 -26.30508676    -0.00003831         1.0240         2.5330     0.003943
        632      2.5      0.0                 -26.30509451    -0.00000775         1.4167         7.5902     0.002743
        633      2.4      0.0                 -26.30512904    -0.00003454         1.0006         2.8990     0.003341
        634      2.5      0.0                 -26.30514264    -0.00001360         1.4083         5.1428     0.003796
        635      2.5      0.1                 -26.30517844    -0.00003580         0.9918         2.8970     0.003777


The minimization has converged.


>>> Timing data >>>
    Minimization loop was running for 1684.097 seconds ( 0:28:04.097 h:m:s).
    Performance: 2.652 seconds/step.
    Time spent within the MD module (overhead): 54.304 seconds (3.2245 % of total time).
<<< Timing data <<<


Finished minimization loop.



>>>>>> Dump Position, Format, PDB, Stride, 0, Filename, "mm_opt.pdb", Replace

Writing a single position snapshot for region "all": Format PDB, filename "mm_opt.pdb", replace.


###############################################################
########        Finished Executing Input Script        ########
###############################################################


    3 function calls, 0 operator calls, 27 evaluated expressions.


Timings for individual modules during the MD run:

MM module                       ...     1616.166 sec (=  26.936 min) 100.0 %
Self time inside of MD module   ...       57.526 sec (=   0.959 min)   3.4 %

Sum of individual times         ...     1673.691 sec (=  27.895 min)

Total wall time of MD module    ...     1687.019 sec (=  28.117 min)
             --> "dark time"    ...       13.328 sec (=   0.222 min)   0.8 %

( The "dark time" is spent in the ORCA-internal routines for energy and gradient calculation,
  but not inside of the sub-programs which do so. It contains operating system overhead for
  spawning new processes in each MD step and some file IO time. )



    #########################################################
    ####    ORCA ab initio Molecular Dynamics leaving    ####
    ####           Martin Brehm, 2016 - 2022             ####
    ####        https://brehm-research.de/orcamd         ####
    #########################################################

