            --------------------------------------------------------
                             AMBER SQM VERSION 19
 
                                     By
              Ross C. Walker, Michael F. Crowley, Scott Brozell,
                         Tim Giese, Andreas W. Goetz,
                        Tai-Sung Lee and David A. Case
 
            --------------------------------------------------------
 

--------------------------------------------------------------------------------
  QM CALCULATION INFO
--------------------------------------------------------------------------------

| QMMM: Citation for AMBER QMMM Run:
| QMMM: R.C. Walker, M.F. Crowley and D.A. Case, J. COMP. CHEM. 29:1019, 2008

QMMM: SINGLET STATE CALCULATION
QMMM: RHF CALCULATION, NO. OF DOUBLY OCCUPIED LEVELS =107

| QMMM: *** Selected Hamiltonian *** 
| QMMM: AM1         

| QMMM: *** Parameter sets in use ***
| QMMM: S : M.J.S.DEWAR et al. INORG. CHEM., 29, 3881, (1990)
| QMMM: C : M.J.S.DEWAR et al. JACS, 107, 3902, (1985)
| QMMM: N : M.J.S.DEWAR et al. JACS, 107, 3902, (1985)
| QMMM: O : M.J.S.DEWAR et al. JACS, 107, 3902, (1985)
| QMMM: P : M.J.S.DEWAR et al. THEOCHEM, 187,1, (1989)
| QMMM: H : M.J.S.DEWAR et al. JACS, 107, 3902, (1985)

| QMMM: *** SCF convergence criteria ***
| QMMM: Energy change                :  0.1D-09 kcal/mol
| QMMM: Error matrix |FP-PF|         :  0.1D+00 au
| QMMM: Density matrix change        :  0.5D-06
| QMMM: Maximum number of SCF cycles :     1000

| QMMM: *** Diagonalization Routine Information ***
| QMMM: Pseudo diagonalizations are allowed.
| QMMM: Auto diagonalization routine selection is in use.
| QMMM:
| QMMM: Timing diagonalization routines:
| QMMM:                              norbs =      181
| QMMM:    diag iterations used for timing =        5
| QMMM:
| QMMM:              Internal diag routine = 0.046825 seconds
| QMMM:                 Dspev diag routine = 0.045869 seconds
| QMMM:                Dspevd diag routine = 0.032780 seconds
| QMMM:                Dspevx diag routine = 0.180016 seconds
| QMMM:                 Dsyev diag routine = 0.049354 seconds
| QMMM:                Dsyevd diag routine = 0.034880 seconds
| QMMM:                Dsyevr diag routine = 0.037607 seconds
| QMMM:
| QMMM:                Pseudo diag routine = 0.022056 seconds
| QMMM:
| QMMM: Using dspevd routine (diag_routine=3).

  QMMM: QM Region Cartesian Coordinates (*=link atom) 
  QMMM: QM_NO.   MM_NO.  ATOM         X         Y         Z
  QMMM:     1        1      S      -36.3230  -34.6810   24.2950
  QMMM:     2        2      C      -34.9450  -35.2240   23.4370
  QMMM:     3        3      N      -33.8270  -34.9430   24.1300
  QMMM:     4        4      C      -34.0480  -34.4030   25.4050
  QMMM:     5        5      C      -35.3790  -34.2180   25.6950
  QMMM:     6        6      C      -35.9910  -33.8260   27.0090
  QMMM:     7        7      C      -36.3560  -32.3460   27.2040
  QMMM:     8        8      O      -36.7330  -32.1670   28.5530
  QMMM:     9        9      P      -37.9460  -31.0730   28.8720
  QMMM:    10       10      P      -39.9240  -33.3160   28.4880
  QMMM:    11       11      N      -30.0550  -32.1620   23.6090
  QMMM:    12       12      O      -37.6780  -29.7330   28.2890
  QMMM:    13       13      O      -40.1100  -33.2480   30.0580
  QMMM:    14       14      C      -30.6350  -31.3410   22.7120
  QMMM:    15       15      O      -38.0710  -31.1200   30.4170
  QMMM:    16       16      O      -38.8680  -34.3750   28.0700
  QMMM:    17       17      N      -31.7610  -31.6030   22.0610
  QMMM:    18       18      O      -39.2130  -31.7800   28.1710
  QMMM:    19       19      O      -41.1470  -33.3680   27.6390
  QMMM:    20       20      C      -32.4060  -32.7850   22.2680
  QMMM:    21       21      N      -33.5310  -33.0070   21.5900
  QMMM:    22       22      C      -31.8580  -33.7270   23.2130
  QMMM:    23       23      C      -30.6860  -33.3280   23.8310
  QMMM:    24       24      C      -32.4550  -35.0660   23.5700
  QMMM:    25       25      C      -29.9750  -30.0220   22.4260
  QMMM:    26       26      C      -32.9010  -34.2010   26.3350
  QMMM:    27       27      H      -36.9120  -34.3970   27.2190
  QMMM:    28       28      H      -35.2710  -34.0890   27.8040
  QMMM:    29       29      H      -35.4920  -31.6960   26.9770
  QMMM:    30       30      H      -37.1730  -32.0700   26.5100
  QMMM:    31       31      H      -33.8450  -32.2780   20.9510
  QMMM:    32       32      H      -33.8620  -34.0170   21.4290
  QMMM:    33       33      H      -30.2180  -33.9990   24.5650
  QMMM:    34       34      H      -32.5390  -35.7470   22.7140
  QMMM:    35       35      H      -31.8220  -35.5530   24.3280
  QMMM:    36       36      H      -29.8780  -29.4340   23.3510
  QMMM:    37       37      H      -30.5490  -29.4490   21.6850
  QMMM:    38       38      H      -28.9520  -30.1750   22.0480
  QMMM:    39       39      H      -32.3260  -35.1380   26.4430
  QMMM:    40       40      H      -33.2730  -33.9010   27.3240
  QMMM:    41       41      H      -32.2110  -33.4180   25.9810
  QMMM:    42       42      C      -34.7120  -37.5460   22.4390
  QMMM:    43       43      C      -35.0050  -35.9810   22.0980
  QMMM:    44       44      O      -33.4610  -37.8290   22.5300
  QMMM:    45       45      O      -35.8040  -38.1790   22.9170
  QMMM:    46       46      O      -34.0540  -35.5080   21.2460
  QMMM:    47       47      C      -36.3800  -35.8250   21.4960
  QMMM:    48       48      C      -37.6450  -35.9850   22.1590
  QMMM:    49       49      C      -38.6500  -35.7600   21.2160
  QMMM:    50       50      C      -36.6700  -35.5100   20.1800
  QMMM:    51       51      C      -38.0350  -36.2960   23.4800
  QMMM:    52       52      C      -40.0140  -35.8330   21.5220
  QMMM:    53       53      C      -39.3940  -36.3700   23.8040
  QMMM:    54       54      H      -37.2870  -36.4780   24.2500
  QMMM:    55       55      C      -40.3680  -36.1430   22.8370
  QMMM:    56       56      H      -40.7750  -35.6570   20.7690
  QMMM:    57       57      H      -39.6900  -36.6090   24.8240
  QMMM:    58       58      H      -41.4200  -36.2070   23.1070
  QMMM:    59       59      N      -38.0290  -35.4740   20.0250
  QMMM:    60       60      H      -36.0280  -35.3090   19.3310
  QMMM:    61       61      H      -38.5130  -35.2670   19.1610

--------------------------------------------------------------------------------
  RESULTS
--------------------------------------------------------------------------------

      iter         sqm energy              rms gradient
      ----    -------------------    -----------------------
xmin    10     -220.4456 kcal/mol        2.8076 kcal/(mol*A)
xmin    20     -222.7488 kcal/mol        1.5983 kcal/(mol*A)
xmin    30     -224.6352 kcal/mol        0.5460 kcal/(mol*A)
xmin    40     -226.9120 kcal/mol        0.7043 kcal/(mol*A)
xmin    50     -227.6021 kcal/mol        0.1492 kcal/(mol*A)
xmin    60     -227.6682 kcal/mol        0.1958 kcal/(mol*A)
xmin    70     -227.7216 kcal/mol        0.0498 kcal/(mol*A)
xmin    80     -227.7284 kcal/mol        0.0228 kcal/(mol*A)
xmin    90     -227.7303 kcal/mol        0.0238 kcal/(mol*A)
xmin   100     -227.7305 kcal/mol        0.0037 kcal/(mol*A)
xmin   110     -227.7306 kcal/mol        0.0035 kcal/(mol*A)
xmin   120     -227.7307 kcal/mol        0.0011 kcal/(mol*A)
xmin   130     -227.7307 kcal/mol        0.0012 kcal/(mol*A)
  ... geometry converged !
 
 Final MO eigenvalues (eV):
 -33.5516  -33.2652  -32.3240  -29.5223  -29.0924  -28.7740  -27.4301  -26.9227
 -26.3432  -25.0737  -24.7247  -24.3144  -24.2054  -23.5255  -22.2172  -21.8805
 -21.4270  -21.3201  -20.6920  -20.3752  -19.9362  -19.3807  -18.7588  -18.6852
 -18.5221  -17.2215  -16.8323  -15.6987  -15.6793  -14.9100  -14.7865  -13.3032
 -12.5537  -11.7945  -11.2714  -10.9786  -10.6683  -10.5489   -9.9561   -9.1953
  -8.8894   -8.8076   -8.8062   -8.6445   -8.4551   -7.8998   -7.6738   -7.2800
  -7.1702   -7.1091   -7.0593   -6.8253   -6.7690   -6.6467   -6.4076   -6.3606
  -6.1353   -5.9551   -5.6832   -5.5058   -5.4431   -5.2708   -5.2576   -5.1754
  -4.8776   -4.8002   -4.7347   -4.6689   -4.4494   -4.3623   -4.0619   -3.8165
  -3.6286   -3.4320   -3.2824   -3.1262   -2.8934   -2.6987   -2.4827   -1.9015
  -1.8135   -1.6555   -1.5526   -1.5087   -1.4411   -1.0961   -0.7112   -0.5442
  -0.4509   -0.3182   -0.2513   -0.2226   -0.1533    0.4008    0.9557    0.9618
   1.1315    1.2211    1.5264    1.8386    1.9237    2.4612    3.1891    3.2145
   3.2563    3.3470    3.3620    7.1002    7.5673    7.7594    8.0760    8.1711
   8.6679    9.1125    9.1933    9.4760    9.6254    9.6579    9.9969   10.0720
  10.2636   10.3247   10.6327   10.6475   10.7092   10.8166   10.9778   11.0692
  11.2260   11.2571   11.4621   11.5954   11.6926   11.8338   12.0016   12.0688
  12.2179   12.2455   12.3582   12.4322   12.4524   12.5100   12.5773   12.6343
  12.6937   12.7296   12.7729   12.8261   12.9718   13.0356   13.1807   13.2878
  13.4403   13.4941   13.5857   13.6918   13.7414   13.7987   13.8759   13.9270
  14.0538   14.1297   14.2036   14.3717   14.6142   14.8105   14.9874   15.4356
  15.6658   15.8961   16.4667   16.7321   17.1378   17.9099   18.1045   19.0665
  19.8002   20.8773   21.3505   22.3059   22.3175

 Heat of formation   =       -227.73071324 kcal/mol  (       -9.87514476 eV)

 Total SCF energy    =    -179668.72928030 kcal/mol  (    -7791.02073979 eV)
 Electronic energy   =   -1574845.81078345 kcal/mol  (   -68290.43887010 eV)
 Core-core repulsion =    1395177.08150315 kcal/mol  (    60499.41813031 eV)
 
    Atomic Charges for Step       1 :
  Atom    Element       Mulliken Charge
     1      S                  0.587
     2      C                 -0.223
     3      N                 -0.044
     4      C                 -0.104
     5      C                 -0.268
     6      C                 -0.213
     7      C                  0.086
     8      O                 -0.752
     9      P                  2.677
    10      P                  2.659
    11      N                 -0.264
    12      O                 -1.250
    13      O                 -1.280
    14      C                  0.044
    15      O                 -1.237
    16      O                 -1.286
    17      N                 -0.294
    18      O                 -1.286
    19      O                 -1.282
    20      C                  0.199
    21      N                 -0.331
    22      C                 -0.236
    23      C                 -0.009
    24      C                  0.008
    25      C                 -0.147
    26      C                 -0.167
    27      H                  0.215
    28      H                  0.128
    29      H                 -0.011
    30      H                  0.101
    31      H                  0.202
    32      H                  0.309
    33      H                  0.152
    34      H                  0.195
    35      H                  0.117
    36      H                  0.087
    37      H                  0.075
    38      H                  0.070
    39      H                  0.054
    40      H                  0.180
    41      H                  0.075
    42      C                  0.309
    43      C                  0.272
    44      O                 -0.620
    45      O                 -0.584
    46      O                 -0.704
    47      C                 -0.095
    48      C                 -0.033
    49      C                 -0.033
    50      C                 -0.131
    51      C                 -0.045
    52      C                 -0.169
    53      C                 -0.187
    54      H                  0.191
    55      C                 -0.145
    56      H                  0.100
    57      H                  0.100
    58      H                  0.087
    59      N                 -0.213
    60      H                  0.164
    61      H                  0.196
 Total Mulliken Charge =      -4.000
 
                  X        Y        Z     TOTAL  
  QM DIPOLE   710.830  635.761 -515.397 1084.023
 
 Final Structure

  QMMM: QM Region Cartesian Coordinates (*=link atom) 
  QMMM: QM_NO.   MM_NO.  ATOM         X         Y         Z
  QMMM:     1        1      S      -36.8203  -34.5992   24.2785
  QMMM:     2        2      C      -35.4129  -34.9720   23.4111
  QMMM:     3        3      N      -34.2993  -34.5450   24.0578
  QMMM:     4        4      C      -34.6017  -33.9328   25.3019
  QMMM:     5        5      C      -35.9640  -33.8721   25.5522
  QMMM:     6        6      C      -36.6163  -33.2842   26.7297
  QMMM:     7        7      C      -36.2909  -31.7882   26.9374
  QMMM:     8        8      O      -35.7295  -31.5857   28.1817
  QMMM:     9        9      P      -36.6088  -30.5545   29.2159
  QMMM:    10       10      P      -39.5207  -32.1678   29.2577
  QMMM:    11       11      N      -29.8780  -32.6980   24.1024
  QMMM:    12       12      O      -36.6530  -29.2863   28.4309
  QMMM:    13       13      O      -39.4941  -33.0921   30.4432
  QMMM:    14       14      C      -30.1063  -31.7555   23.1370
  QMMM:    15       15      O      -35.7928  -30.5565   30.4632
  QMMM:    16       16      O      -39.3974  -32.8527   27.9168
  QMMM:    17       17      N      -31.1930  -31.6739   22.3254
  QMMM:    18       18      O      -37.9839  -31.2926   29.3082
  QMMM:    19       19      O      -40.5798  -31.1030   29.3399
  QMMM:    20       20      C      -32.1858  -32.6269   22.5003
  QMMM:    21       21      N      -33.3324  -32.5409   21.7693
  QMMM:    22       22      C      -32.0148  -33.6747   23.4848
  QMMM:    23       23      C      -30.8492  -33.6270   24.2521
  QMMM:    24       24      C      -32.9504  -34.8317   23.6093
  QMMM:    25       25      C      -29.0513  -30.6845   22.9686
  QMMM:    26       26      C      -33.5579  -33.4318   26.2212
  QMMM:    27       27      H      -37.7499  -33.3824   26.7110
  QMMM:    28       28      H      -36.2806  -33.8416   27.6490
  QMMM:    29       29      H      -35.5535  -31.4640   26.1411
  QMMM:    30       30      H      -37.2360  -31.1876   26.8228
  QMMM:    31       31      H      -33.3851  -31.8801   21.0339
  QMMM:    32       32      H      -33.9495  -33.3479   21.7181
  QMMM:    33       33      H      -30.6711  -34.3803   25.0419
  QMMM:    34       34      H      -33.0378  -35.3426   22.5935
  QMMM:    35       35      H      -32.5241  -35.5912   24.3299
  QMMM:    36       36      H      -29.2134  -29.9013   23.7496
  QMMM:    37       37      H      -29.1157  -30.2071   21.9616
  QMMM:    38       38      H      -28.0299  -31.1164   23.0967
  QMMM:    39       39      H      -32.8939  -34.2689   26.5527
  QMMM:    40       40      H      -34.0563  -32.9666   27.1196
  QMMM:    41       41      H      -32.9264  -32.6548   25.7227
  QMMM:    42       42      C      -34.7576  -37.0893   22.1515
  QMMM:    43       43      C      -35.4062  -35.6707   21.9841
  QMMM:    44       44      O      -34.0291  -37.3216   23.1660
  QMMM:    45       45      O      -34.9289  -37.9618   21.2510
  QMMM:    46       46      O      -34.7421  -34.9106   21.1242
  QMMM:    47       47      C      -36.8881  -35.7581   21.6415
  QMMM:    48       48      C      -37.8197  -36.8811   21.7334
  QMMM:    49       49      C      -39.0984  -36.3989   21.2541
  QMMM:    50       50      C      -37.6072  -34.7020   21.1031
  QMMM:    51       51      C      -37.7049  -38.2064   22.1415
  QMMM:    52       52      C      -40.2215  -37.2305   21.2286
  QMMM:    53       53      C      -38.8334  -39.0242   22.1071
  QMMM:    54       54      H      -36.7166  -38.5915   22.4550
  QMMM:    55       55      C      -40.0710  -38.5432   21.6657
  QMMM:    56       56      H      -41.1943  -36.8588   20.8851
  QMMM:    57       57      H      -38.7505  -40.0682   22.4389
  QMMM:    58       58      H      -40.9435  -39.2112   21.6698
  QMMM:    59       59      N      -38.9449  -35.0732   20.7826
  QMMM:    60       60      H      -37.2453  -33.7028   20.8564
  QMMM:    61       61      H      -39.6683  -34.4239   20.9869

           --------- Calculation Completed ----------

