
Will write log file to "mm_opt.md.log".

Command line:  /software/orca/5.0.4/orca_5_0_4_linux_x86-64_openmpi411/orca_md mm_opt orca


    ################################################################
    ########    ORCA ab initio Molecular Dynamics Module    ########
    ########          and SANscript Interpreter             ########
    ########          Martin Brehm, 2016 - 2022             ########
    ########       https://brehm-research.de/orcamd         ########
    ################################################################


  * Compiled as ORCA module.
  * Called from ORCA.
  * Base name: "mm_opt"
  * Source code version: Jan 31 2022
  * Compiled at Mar  1 2023 11:25:12, compiler "Clang 12.0.0 (/home/frankw/CompEnv/src/llvm1200/llvm-project/clang d28af7c654d8db0b68c175db5ce212d74fb5e9bc)", LLVM, CLANG 12.0.0, Linux
  * Machine: x86_64, int=4b, long=8b, addr=8b, 0xA0B0C0D0=D0,C0,B0,A0.
  * Executable name: "/software/orca/5.0.4/orca_5_0_4_linux_x86-64_openmpi411/orca_md"
  * Running on qnode9055 at Tue Jul 23 17:52:28 2024 (PID 250662)
  * Running in /projects/b1039/wxk6447/INI-STRUCT-6/Out/16

Initializing SAN engine...

Started parsing input script.
Reading input file "mm_opt.mdinput" ...
204 Bytes read.
Tokenizing input...
Found 26 tokens in file.
Handling brackets...
Handling reference parentheses...
Handling keywords...
Handling operators...
Grouping commas...
Removing commas...
Handling variables...
Found unit "Bohr", converting 0.300000 Bohr to 0.158753 Angstrom...
Handling functions, iteration 1...
Handling functions, iteration 2...
Flattening tree...
Checking keyword syntax...
Finished parsing input script.

Initializing MD engine with interface "ORCA" ...


>>>>>>>>>>>>>>>>>>>>>>>>>>>>>>>>>>>>>>>>>>>>>>>>>>>>
>>>   Output of System Information (from ORCA)   >>>
>>>>>>>>>>>>>>>>>>>>>>>>>>>>>>>>>>>>>>>>>>>>>>>>>>>>


############################################
   Total Atom Count:           18680
   Total System Mass:       131470.2 a.m.u.
   Total Basis Dimension:          0
   Total Electron Number:          0
   Total Charge:                 -10
   Total Multiplicity:             1
  ------------------------------------------
   ReducePrint:                 true
   Print Mulliken Pop:             1
   Print Loewdin Pop:              1
   Print Mayer Pop:                1
   Print Orbital Energies:         1
############################################

<<<<<<<<<<<<<<<<<<<<<<<<<<<<<<<<<<<<<<<<<<<<<<<<<<<<
<<<          End of System Information           <<<
<<<<<<<<<<<<<<<<<<<<<<<<<<<<<<<<<<<<<<<<<<<<<<<<<<<<

Initializing regions...
  Found "mm_opt-active_atoms.tmp" file, reading active region data...
  Found "mm_opt-qm_atoms.tmp" file, reading QM region data...

Defined regions:
         all: 18680 atoms
          mm: 18680 atoms
      active:   463 atoms
    inactive: 18217 atoms


######################################################
########        Executing Input Script        ########
######################################################

Execution verbose level is 2.



>>>>>> Dump Position, Stride, 1, Filename, "mm_opt_trj.dcd", Replace

Modified writing position trajectory for region "all": Format DCD, stride 1, filename "mm_opt_trj.dcd", replace.


>>>>>> Minimize LBFGS, StepLimit, 0.30, MaxGrad, 4.9615, RMSGrad, 0.9923, Steps, 1000

Starting minimization loop with L-BFGS method:
    Max. Steps:             1000
    L-BFGS History:         20
    RMS(Grad) Convergence:  0.9923 kJ/mol/Angstrom
    Max(Grad) Convergence:  4.9615 kJ/mol/Angstrom
    Step Limit:             0.159 Angstrom
    Random Displacement:    disabled


Dump: Will write Position data of region "all" in DCD format with stride 1 to "mm_opt_trj.dcd" (replace).

Defined regions:
         all: 18680 atoms
          mm: 18680 atoms
      active:   463 atoms
    inactive: 18217 atoms

Will write restart file to "mm_opt.mdrestart" after each step.
Will write energy statistics to "mm_opt-minimize-ener.csv" after each step.


The system contains 1389 active degrees of freedom (463 active atoms * 3).

This is a 1389-dimensional optimization problem.

Allocating 614.51 KiB of memory for L-BFGS working space...



            |  t_SCF | t_Grad |     Temp |           E_Pot |      Delta E |    RMS(Grad) |    Max(Grad) |  Max(Step)
       Step |    [s] |    [s] |      [K] |       [Hartree] |    [Hartree] | [kJ/(mol*A)] | [kJ/(mol*A)] | [Angstrom]
------------|--------|--------|----------|-----------------|--------------|--------------|--------------|--------------
          1      2.9      0.0                  44.82402766                                                          
          2      2.9      0.0                 -23.66446335   -68.48849101      1003.8320     13997.7786     0.274969
          3      2.9      0.0                 -23.72767144    -0.06320810       950.7816     13177.1559     0.004454
          4      2.9      0.0                 -23.94937673    -0.22170528       769.7669     10357.5274     0.017816
          5      2.9      0.1                 -24.48699211    -0.53761538       381.4545      3995.0495     0.071264
          6      3.0      0.0                 -24.79672208    -0.30972997       252.5402      2443.8422     0.165832
          7      2.8      0.0                 -25.01901442    -0.22229234       183.0749      1229.2592     0.056783
          8      2.9      0.0                 -25.29066222    -0.27164780       130.1128       843.5265     0.141443
          9      2.8      0.1                 -25.51614496    -0.22548274        84.6364       578.2798     0.091603
         10      2.9      0.0                 -25.56399834    -0.04785338       102.3540       736.6975     0.067826
         11      2.9      0.0                 -25.71465955    -0.15066121        58.3298       352.4705     0.115949
         12      2.8      0.0                 -25.73810179    -0.02344224        71.7769       574.9875     0.067974
         13      2.9      0.1                 -25.81586543    -0.07776364        47.4531       340.1147     0.073248
         14      2.9      0.0                 -25.83523344    -0.01936802        61.4995       405.9665     0.059243
         15      2.9      0.0                 -25.89551948    -0.06028604        41.5992       366.4925     0.072844
         16      2.9      0.0                 -25.91730792    -0.02178844        51.9003       363.9991     0.078676
         17      2.9      0.0                 -25.96556176    -0.04825384        34.7497       257.8536     0.052022
         18      2.9      0.1                 -25.97460522    -0.00904345        45.9131       267.2990     0.034738
         19      2.8      0.0                 -26.00958039    -0.03497518        30.1043       161.5266     0.055975
         20      2.8      0.0                 -26.01487510    -0.00529471        39.3359       234.7515     0.032005
         21      2.8      0.0                 -26.04062444    -0.02574933        27.3120       137.1877     0.039079
         22      2.8      0.1                 -26.05050667    -0.00988223        37.9951       210.3294     0.044184
         23      2.8      0.0                 -26.07594243    -0.02543576        25.7276       135.6388     0.052429
         24      2.9      0.0                 -26.08282460    -0.00688217        35.8429       290.2499     0.045046
         25      2.9      0.0                 -26.10495156    -0.02212697        26.1522       133.7022     0.050054
         26      2.9      0.1                 -26.11213994    -0.00718837        37.8299       365.5702     0.049312
         27      2.8      0.0                 -26.13410391    -0.02196397        24.6925        96.4184     0.061018
         28      2.8      0.0                 -26.13829365    -0.00418974        32.1998       230.7472     0.041268
         29      2.9      0.0                 -26.15524752    -0.01695387        22.0189        91.3282     0.048333
         30      2.9      0.0                 -26.16109063    -0.00584311        29.5732       138.6616     0.049792
         31      2.9      0.1                 -26.17660125    -0.01551062        20.9081        99.7506     0.060083
         32      2.9      0.0                 -26.18035770    -0.00375645        27.8368       158.1606     0.048501
         33      2.8      0.0                 -26.19234421    -0.01198651        20.7056        95.3874     0.039539
         34      2.8      0.0                 -26.19268350    -0.00033929        23.1568       142.6688     0.007883
         35      2.9      0.1                 -26.20234110    -0.00965760        22.2149        76.4726     0.076899
         36      2.9      0.0                 -26.21270704    -0.01036594        17.4090        61.2280     0.037035
         37      2.8      0.0                 -26.21429981    -0.00159277        22.9365        87.8849     0.021388
         38      2.9      0.0                 -26.22434392    -0.01004411        16.0514        69.4382     0.061548
         39      3.1      0.1                 -26.22628788    -0.00194396        21.1184        83.5200     0.042260
         40      2.9      0.0                 -26.23514687    -0.00885900        14.8775        61.0164     0.026441
         41      2.8      0.0                 -26.23762391    -0.00247704        20.7389        80.2552     0.023231
         42      2.9      0.0                 -26.24600599    -0.00838208        15.6651        65.2645     0.042609
         43      2.9      0.0                 -26.24847066    -0.00246467        22.6025       160.6457     0.039296
         44      2.9      0.1                 -26.25703293    -0.00856227        15.1685        71.4330     0.032969
         45      2.8      0.0                 -26.25851975    -0.00148682        19.3834       129.1404     0.020656
         46      2.9      0.0                 -26.26499485    -0.00647510        14.9265        72.9116     0.048981
         47      2.9      0.0                 -26.26579725    -0.00080239        19.0070       125.3764     0.025023
         48      2.9      0.1                 -26.27251149    -0.00671424        15.5619        79.6492     0.030207
         49      2.9      0.0                 -26.27327920    -0.00076771        18.8231        89.3597     0.014372
         50      2.9      0.0                 -26.28181440    -0.00853520        14.7307        66.9123     0.085593
         51      2.9      0.0                 -26.28218247    -0.00036806        17.6298        97.3773     0.023426
         52      2.9      0.1                 -26.28869874    -0.00651628        13.4231        60.1975     0.027187
         53      2.9      0.0                 -26.28956471    -0.00086597        17.7551        88.7763     0.014187
         54      2.8      0.0                 -26.29567636    -0.00611165        12.7235        57.2210     0.040315
         55      2.8      0.0                 -26.29779518    -0.00211882        18.0065        66.3100     0.042339
         56      2.9      0.0                 -26.30403547    -0.00624030        12.8298        48.9377     0.031616
         57      2.9      0.1                 -26.30551005    -0.00147458        17.9021        68.4826     0.024710
         58      2.9      0.0                 -26.31141506    -0.00590501        13.8926        93.1442     0.054347
         59      2.9      0.0                 -26.31219544    -0.00078038        18.4766       173.8879     0.030640
         60      2.9      0.0                 -26.31728586    -0.00509042        15.8356        97.3259     0.027370
         61      2.9      0.1                 -26.32261930    -0.00533344        14.4443        73.2132     0.075518
         62      2.8      0.0                 -26.32286408    -0.00024478        17.4674        88.4057     0.022198
         63      2.9      0.0                 -26.32867415    -0.00581007        12.6299        69.7618     0.042739
         64      2.9      0.0                 -26.33021689    -0.00154274        16.4588        74.9268     0.036472
         65      2.9      0.1                 -26.33618925    -0.00597236        12.9253        83.3219     0.087507
         66      2.9      0.0                 -26.33664550    -0.00045625        16.0073       103.4587     0.035123
         67      2.9      0.0                 -26.34229658    -0.00565108        12.3660        61.3402     0.041247
         68      2.9      0.0                 -26.34267339    -0.00037681        15.0816        89.5934     0.013907
         69      2.9      0.0                 -26.34725424    -0.00458085        12.6757        79.8968     0.110543
         70      3.0      0.1                 -26.35130862    -0.00405438        11.6117        46.4190     0.043343
         71      2.9      0.0                 -26.35160026    -0.00029164        14.3071        66.4691     0.015318
         72      2.9      0.0                 -26.35537014    -0.00376987        11.7658        90.5794     0.088363
         73      3.0      0.0                 -26.35547931    -0.00010917        13.4306       116.9974     0.019675
         74      2.9      0.1                 -26.35892906    -0.00344975        10.5040        45.4565     0.023808
         75      2.9      0.0                 -26.35905181    -0.00012275        11.8381        48.6811     0.005424
         76      2.9      0.0                 -26.36244797    -0.00339617         9.7149        47.1531     0.078680
         77      2.9      0.0                 -26.36274478    -0.00029681        12.6496        84.1763     0.034239
         78      3.0      0.1                 -26.36567516    -0.00293038         8.9904        34.2233     0.031957
         79      2.8      0.0                 -26.36600715    -0.00033199        11.6305        63.5900     0.015025
         80      2.9      0.0                 -26.36819704    -0.00218989         7.6182        25.9293     0.030262
         81      2.9      0.0                 -26.36864701    -0.00044996        10.1154        41.3505     0.021290
         82      2.9      0.0                 -26.37043772    -0.00179071         7.1842        25.0702     0.031068
         83      2.8      0.1                 -26.37115389    -0.00071617         9.6918        47.4771     0.036183
         84      2.9      0.0                 -26.37279246    -0.00163857         7.5938        38.8449     0.014598
         85      2.9      0.0                 -26.37284959    -0.00005712         8.6297        51.1392     0.003287
         86      2.9      0.0                 -26.37427601    -0.00142643         8.8568        55.5425     0.059945
         87      2.9      0.1                 -26.37617248    -0.00189646         7.7995        26.6110     0.023640
         88      2.9      0.0                 -26.37630150    -0.00012902         9.5637        34.0525     0.007987
         89      2.9      0.0                 -26.37811802    -0.00181652         6.9809        22.6872     0.043703
         90      2.9      0.0                 -26.37830016    -0.00018214         8.7911        32.9899     0.019308
         91      3.0      0.1                 -26.37977533    -0.00147517         5.9413        23.1709     0.016918
         92      2.9      0.0                 -26.38004926    -0.00027393         7.8297        49.9669     0.011089
         93      2.9      0.0                 -26.38130469    -0.00125543         6.0567        23.1805     0.024997
         94      2.9      0.0                 -26.38184668    -0.00054199         9.3999        55.4054     0.030636
         95      3.0      0.1                 -26.38346301    -0.00161632         6.3663        24.7527     0.029476
         96      3.0      0.0                 -26.38394879    -0.00048578         8.5894        38.8072     0.027301
         97      2.9      0.0                 -26.38533685    -0.00138806         5.8894        21.7748     0.026031
         98      2.9      0.0                 -26.38570489    -0.00036804         8.0947        32.9592     0.022014
         99      2.8      0.0                 -26.38693239    -0.00122750         5.7487        20.0909     0.017826
        100      2.8      0.1                 -26.38733432    -0.00040193         8.1138        35.0983     0.017605
        101      2.9      0.0                 -26.38855812    -0.00122379         5.9243        19.5369     0.026633
        102      2.8      0.0                 -26.38895133    -0.00039321         8.1526        30.2019     0.026158
        103      2.9      0.0                 -26.39023062    -0.00127929         6.1524        23.1660     0.022139
        104      3.0      0.1                 -26.39038652    -0.00015590         7.6757        38.5397     0.010937
        105      2.9      0.0                 -26.39149266    -0.00110614         6.3334        32.7629     0.032371
        106      2.9      0.0                 -26.39156134    -0.00006868         7.6986        53.5413     0.010457
        107      2.9      0.0                 -26.39267773    -0.00111639         5.9370        24.0135     0.018064
        108      2.9      0.1                 -26.39292337    -0.00024564         7.9231        38.2502     0.013401
        109      2.9      0.0                 -26.39413910    -0.00121573         5.5802        18.7589     0.024095
        110      2.9      0.0                 -26.39437018    -0.00023108         7.4437        32.7706     0.016148
        111      2.9      0.0                 -26.39538788    -0.00101771         5.1101        16.5885     0.014179
        112      2.9      0.0                 -26.39560704    -0.00021916         6.8707        27.9644     0.010316
        113      2.9      0.1                 -26.39650879    -0.00090174         4.7415        14.9063     0.016868
        114      2.9      0.0                 -26.39680464    -0.00029586         6.4623        25.8356     0.016688
        115      4.0      0.0                 -26.39762841    -0.00082376         4.4662        18.4538     0.022225
        116      2.9      0.0                 -26.39778674    -0.00015833         5.9529        24.4022     0.014946
        117      2.9      0.1                 -26.39848756    -0.00070083         4.2012        14.4872     0.010993
        118      2.9      0.0                 -26.39866461    -0.00017705         5.6952        20.4558     0.008967
        119      2.9      0.0                 -26.39935376    -0.00068915         4.2415        12.6102     0.019040
        120      2.9      0.0                 -26.39959979    -0.00024602         6.1606        26.6664     0.020193
        121      2.9      0.1                 -26.40035496    -0.00075517         4.3446        16.5205     0.015372
        122      2.8      0.0                 -26.40053249    -0.00017752         6.0300        40.8457     0.011903
        123      2.8      0.0                 -26.40118416    -0.00065167         4.2881        13.9266     0.018322
        124      2.9      0.0                 -26.40131149    -0.00012733         5.9211        42.5584     0.012488
        125      2.9      0.0                 -26.40191417    -0.00060268         4.2737        14.2693     0.012750
        126      2.8      0.1                 -26.40220538    -0.00029120         5.9986        28.7405     0.016994
        127      2.8      0.0                 -26.40289097    -0.00068559         4.3131        13.8629     0.032708
        128      2.9      0.0                 -26.40300553    -0.00011456         5.4848        20.9033     0.020401
        129      2.8      0.0                 -26.40366650    -0.00066097         4.4065        13.7795     0.019301
        130      2.9      0.1                 -26.40373851    -0.00007201         5.4994        18.8579     0.008847
        131      2.9      0.0                 -26.40445171    -0.00071320         4.1280        14.6085     0.031869
        132      2.9      0.0                 -26.40459476    -0.00014305         5.6900        22.8861     0.022330
        133      2.8      0.0                 -26.40527230    -0.00067754         4.1245        12.2556     0.019153
        134      2.9      0.1                 -26.40542059    -0.00014828         5.8006        26.3307     0.014110
        135      2.8      0.0                 -26.40605133    -0.00063075         4.1600        12.1353     0.023797
        136      2.8      0.0                 -26.40623860    -0.00018727         5.9075        31.8812     0.021941
        137      2.9      0.0                 -26.40684998    -0.00061137         4.1678        13.3040     0.016795
        138      2.9      0.0                 -26.40699601    -0.00014604         5.7864        40.3211     0.013159
        139      2.9      0.1                 -26.40755486    -0.00055884         3.8935        11.8688     0.019692
        140      2.9      0.0                 -26.40772206    -0.00016720         5.2399        35.6231     0.018203
        141      2.9      0.0                 -26.40819281    -0.00047074         3.6063        12.9271     0.014094
        142      2.9      0.0                 -26.40830501    -0.00011221         4.9173        32.4040     0.011029
        143      2.9      0.1                 -26.40871962    -0.00041461         3.5864        12.7385     0.018966
        144      2.9      0.0                 -26.40885156    -0.00013194         5.0908        26.0784     0.018467
        145      2.9      0.0                 -26.40930500    -0.00045344         3.6659        12.9999     0.008233
        146      2.9      0.0                 -26.40944290    -0.00013790         4.7415        24.9264     0.007700
        147      2.9      0.1                 -26.40993089    -0.00048799         4.0984        21.1331     0.046050
        148      2.8      0.0                 -26.40995363    -0.00002274         4.7245        32.1771     0.013264
        149      2.9      0.0                 -26.41046956    -0.00051594         4.9551        31.2303     0.017632
        150      2.9      0.0                 -26.41098936    -0.00051980         3.8379        16.6169     0.027363
        151      2.9      0.0                 -26.41106885    -0.00007949         5.1644        23.4349     0.015928
        152      2.8      0.1                 -26.41155759    -0.00048874         3.6415        17.4571     0.018484
        153      2.9      0.0                 -26.41168124    -0.00012365         5.0530        18.3042     0.015132
        154      2.9      0.0                 -26.41215492    -0.00047368         3.6932        15.7048     0.021427
        155      2.9      0.0                 -26.41233458    -0.00017967         5.3329        18.3504     0.023809
        156      2.9      0.1                 -26.41286843    -0.00053384         3.8380        16.3256     0.019141
        157      2.9      0.0                 -26.41306386    -0.00019543         5.3230        22.3650     0.020603
        158      2.9      0.0                 -26.41363747    -0.00057362         4.3930        33.7875     0.040073
        159      2.9      0.0                 -26.41372112    -0.00008365         5.8657        54.8987     0.024185
        160      2.9      0.0                 -26.41427918    -0.00055806         5.1095        34.1457     0.022737
        161      2.8      0.0                 -26.41488800    -0.00060882         5.1864        35.0520     0.061877
        162      2.9      0.0                 -26.41489494    -0.00000694         5.8088        43.9538     0.008354
        163      2.8      0.0                 -26.41548275    -0.00058782         4.1798        25.2426     0.024354
        164      2.9      0.0                 -26.41569401    -0.00021125         5.7475        21.8377     0.026104
        165      2.9      0.1                 -26.41632987    -0.00063586         4.4402        30.5392     0.046074
        166      2.9      0.0                 -26.41647107    -0.00014120         6.3628        59.0428     0.037503
        167      2.9      0.0                 -26.41706201    -0.00059093         4.8057        34.8011     0.017055
        168      3.0      0.0                 -26.41707161    -0.00000960         5.2182        45.8056     0.002471
        169      2.9      0.1                 -26.41769781    -0.00062620         5.0474        30.3172     0.070368
        170      2.9      0.0                 -26.41771181    -0.00001400         5.9479        46.6061     0.015141
        171      2.8      0.0                 -26.41833457    -0.00062276         4.2282        26.3265     0.020335
        172      2.9      0.0                 -26.41849247    -0.00015791         5.6071        29.0731     0.016722
        173      2.9      0.1                 -26.41909839    -0.00060592         4.3035        30.8851     0.043852
        174      2.9      0.0                 -26.41921894    -0.00012055         6.0894        53.7530     0.032281
        175      2.9      0.0                 -26.41975044    -0.00053150         4.0453        20.5955     0.006855
        176      2.9      0.0                 -26.41979126    -0.00004082         4.6912        39.3105     0.002499
        177      2.8      0.0                 -26.42026788    -0.00047662         5.1450        43.5134     0.069792
        178      2.8      0.1                 -26.42076945    -0.00050157         3.9955        26.8125     0.021493
        179      2.8      0.0                 -26.42090320    -0.00013375         5.2295        26.4446     0.018343
        180      2.8      0.0                 -26.42142155    -0.00051836         3.9917        33.1452     0.041599
        181      2.8      0.0                 -26.42146893    -0.00004738         4.9606        44.7942     0.017656
        182      2.9      0.1                 -26.42186609    -0.00039716         3.3713        19.6665     0.008762
        183      2.9      0.0                 -26.42188525    -0.00001916         3.9371        34.1846     0.002397
        184      3.0      0.0                 -26.42222994    -0.00034469         3.3024        15.3702     0.044761
        185      2.9      0.0                 -26.42226653    -0.00003659         4.4249        38.4002     0.023196
        186      3.2      0.1                 -26.42260098    -0.00033444         2.9512        11.0328     0.004418
        187      2.9      0.0                 -26.42265683    -0.00005586         3.8003        15.7079     0.002690
        188      3.0      0.0                 -26.42293488    -0.00027805         2.7444         8.3981     0.026006
        189      2.9      0.0                 -26.42299549    -0.00006061         3.8252        17.8049     0.019688
        190      2.8      0.1                 -26.42325011    -0.00025462         2.5481         8.6679     0.008722
        191      2.9      0.0                 -26.42332990    -0.00007979         3.3862        17.8077     0.008340
        192      2.8      0.0                 -26.42354894    -0.00021905         2.3560         6.6187     0.015492
        193      3.0      0.0                 -26.42360815    -0.00005921         3.2610        14.2058     0.013324
        194      2.9      0.0                 -26.42380106    -0.00019291         2.2662         7.2637     0.008558
        195      2.9      0.1                 -26.42384326    -0.00004220         3.0775        14.5890     0.006291
        196      2.9      0.0                 -26.42400812    -0.00016486         2.1578         6.9722     0.014505
        197      2.8      0.0                 -26.42404688    -0.00003876         2.9229        17.3680     0.011330
        198      2.9      0.0                 -26.42419125    -0.00014437         2.2249         9.5300     0.005817
        199      2.8      0.1                 -26.42421190    -0.00002065         2.8805        20.9555     0.003187
        200      2.8      0.0                 -26.42435925    -0.00014735         2.1916         9.7201     0.023004
        201      2.8      0.0                 -26.42437911    -0.00001986         2.7977        21.2194     0.012681
        202      2.8      0.0                 -26.42452240    -0.00014329         2.1239        11.0776     0.007382
        203      2.8      0.1                 -26.42453944    -0.00001704         2.7065        19.8813     0.003576
        204      2.8      0.0                 -26.42467674    -0.00013730         2.0577         6.5283     0.013886
        205      2.8      0.0                 -26.42470570    -0.00002896         2.8998        25.4699     0.010050
        206      2.8      0.0                 -26.42484390    -0.00013820         1.9893         6.9370     0.006432
        207      2.8      0.0                 -26.42488895    -0.00004505         2.7147        18.8621     0.006326
        208      2.8      0.1                 -26.42501503    -0.00012608         1.8687         6.1514     0.007851
        209      2.8      0.0                 -26.42504937    -0.00003434         2.5894        11.6576     0.006762
        210      2.8      0.0                 -26.42516306    -0.00011369         1.7561         5.7616     0.006011
        211      2.8      0.0                 -26.42520089    -0.00003784         2.3586         7.2798     0.006005
        212      2.8      0.1                 -26.42530558    -0.00010469         1.6999         5.6142     0.006198
        213      2.8      0.0                 -26.42534491    -0.00003933         2.4754         9.8440     0.006784
        214      2.8      0.0                 -26.42545452    -0.00010962         1.7439         5.5599     0.005434
        215      2.9      0.0                 -26.42548756    -0.00003304         2.4420        11.4644     0.005042
        216      2.9      0.1                 -26.42559798    -0.00011042         1.7486         6.0171     0.005921
        217      2.8      0.0                 -26.42564706    -0.00004909         2.4779         9.5695     0.007385
        218      2.9      0.1                 -26.42576675    -0.00011969         1.7363         5.9613     0.006818
        219      2.8      0.0                 -26.42580092    -0.00003417         2.4158         8.7544     0.006078
        220      2.8      0.0                 -26.42591138    -0.00011046         1.7571         6.4171     0.008048
        221      2.8      0.1                 -26.42594111    -0.00002973         2.4942        10.9712     0.006879
        222      2.8      0.0                 -26.42605903    -0.00011792         1.8453         6.1678     0.006937
        223      2.8      0.0                 -26.42611505    -0.00005602         2.6817         9.9271     0.009106
        224      2.8      0.0                 -26.42625512    -0.00014008         1.8695         6.0293     0.011311
        225      2.8      0.1                 -26.42629446    -0.00003934         2.5764        12.5062     0.009986
        226      2.8      0.0                 -26.42642503    -0.00013057         1.8573         6.6936     0.009258
        227      2.8      0.0                 -26.42646412    -0.00003909         2.6519        15.7304     0.008549
        228      2.8      0.0                 -26.42659429    -0.00013017         1.9254         5.2831     0.011085
        229      2.8      0.1                 -26.42663307    -0.00003878         2.7655        10.6774     0.010218
        230      2.8      0.0                 -26.42677407    -0.00014100         1.9982         5.9902     0.010055
        231      2.8      0.0                 -26.42684941    -0.00007534         2.7957         8.6096     0.014480
        232      2.8      0.0                 -26.42700822    -0.00015882         2.0636         6.7506     0.014580
        233      2.9      0.0                 -26.42704567    -0.00003745         2.9400        10.5737     0.011354
        234      2.8      0.1                 -26.42720038    -0.00015471         2.0401         6.3689     0.011749
        235      2.8      0.0                 -26.42725067    -0.00005029         2.8008         9.7602     0.011534
        236      2.8      0.0                 -26.42739800    -0.00014732         1.9861         5.1570     0.013231
        237      2.8      0.0                 -26.42744366    -0.00004566         2.8065        12.0220     0.012564
        238      2.8      0.1                 -26.42759500    -0.00015134         2.0361         5.9228     0.011956
        239      2.8      0.0                 -26.42766370    -0.00006870         2.9352        10.9464     0.015139
        240      2.8      0.0                 -26.42783740    -0.00017370         2.0950         7.6234     0.016898
        241      2.8      0.0                 -26.42789578    -0.00005838         2.9772        10.6728     0.017091
        242      2.9      0.1                 -26.42807161    -0.00017583         2.1511         7.6846     0.013019
        243      2.9      0.0                 -26.42812464    -0.00005303         3.0799        12.8187     0.012083
        244      2.8      0.0                 -26.42830079    -0.00017615         2.1427         6.8120     0.015543
        245      2.8      0.0                 -26.42835287    -0.00005208         2.9715        13.0351     0.014266
        246      2.8      0.0                 -26.42851159    -0.00015871         2.0403         5.6700     0.011140
        247      2.8      0.1                 -26.42854874    -0.00003715         2.7758        10.7168     0.008593
        248      2.8      0.0                 -26.42868906    -0.00014033         1.9466         5.6519     0.016010
        249      2.8      0.0                 -26.42873582    -0.00004676         2.6317        10.9650     0.016133
        250      2.8      0.0                 -26.42887745    -0.00014163         1.9606         5.6279     0.006251
        251      2.8      0.1                 -26.42890984    -0.00003239         2.5750         8.6855     0.004746
        252      2.8      0.0                 -26.42905845    -0.00014861         2.1123         8.8058     0.027946
        253      2.8      0.0                 -26.42907004    -0.00001159         2.5813        15.1982     0.010544
        254      2.8      0.0                 -26.42921562    -0.00014558         1.9719         5.2860     0.006584
        255      2.8      0.1                 -26.42922718    -0.00001156         2.4132         7.1287     0.002451
        256      2.8      0.0                 -26.42935416    -0.00012698         1.8126         5.7368     0.018249
        257      2.9      0.0                 -26.42937505    -0.00002089         2.4121         9.9142     0.011096
        258      2.8      0.0                 -26.42950021    -0.00012516         1.7843         4.6406     0.005844
        259      2.8      0.0                 -26.42953497    -0.00003476         2.4770         7.9500     0.005104
        260      2.8      0.1                 -26.42966562    -0.00013065         1.8208         5.2270     0.014442
        261      2.8      0.0                 -26.42969435    -0.00002874         2.5220        12.7998     0.010720
        262      2.8      0.0                 -26.42981306    -0.00011870         1.8178         6.8952     0.007456
        263      2.8      0.0                 -26.42983199    -0.00001893         2.4398        18.4609     0.004398
        264      2.9      0.1                 -26.42993508    -0.00010309         1.7367         4.6861     0.010611
        265      2.8      0.0                 -26.42996344    -0.00002836         2.4302        19.3035     0.009220
        266      2.9      0.0                 -26.43006431    -0.00010087         1.6985         5.8084     0.007994
        267      2.9      0.0                 -26.43009936    -0.00003504         2.3673        18.2675     0.008248
        268      2.8      0.1                 -26.43019393    -0.00009458         1.6356         4.8550     0.008306
        269      3.0      0.0                 -26.43021496    -0.00002103         2.2476        14.6026     0.006180
        270      2.8      0.0                 -26.43030005    -0.00008509         1.6034         4.7180     0.009073
        271      2.8      0.0                 -26.43033587    -0.00003581         2.2318        11.1702     0.010862
        272      2.8      0.0                 -26.43042493    -0.00008906         1.4985         4.1490     0.005495
        273      2.8      0.1                 -26.43044385    -0.00001892         1.9668         7.0134     0.003959
        274      2.9      0.0                 -26.43051803    -0.00007419         1.3825         3.8879     0.009191
        275      2.8      0.0                 -26.43053913    -0.00002110         1.8816         5.6083     0.008191
        276      2.9      0.0                 -26.43060962    -0.00007049         1.3620         3.8218     0.003716
        277      2.8      0.1                 -26.43062652    -0.00001690         1.8529         6.6172     0.002918
        278      2.8      0.0                 -26.43069620    -0.00006968         1.4099         4.4514     0.010852
        279      2.8      0.0                 -26.43071046    -0.00001426         1.8964         7.9867     0.007664
        280      2.8      0.0                 -26.43078664    -0.00007618         1.3972         4.7614     0.004663
        281      2.8      0.1                 -26.43080440    -0.00001776         1.8292         6.4873     0.003590
        282      2.8      0.0                 -26.43088532    -0.00008093         1.3986         4.8951     0.013076
        283      2.9      0.0                 -26.43090077    -0.00001545         1.9080         8.6592     0.008796
        284      2.8      0.0                 -26.43097790    -0.00007713         1.4356         5.0618     0.006228
        285      2.8      0.0                 -26.43099013    -0.00001223         1.9686        12.6597     0.003658
        286      2.8      0.0                 -26.43106051    -0.00007038         1.4100         4.2602     0.007356
        287      2.8      0.0                 -26.43108298    -0.00002247         2.0077        12.9127     0.007133
        288      2.8      0.0                 -26.43115536    -0.00007238         1.3920         4.2183     0.005920
        289      2.8      0.0                 -26.43118169    -0.00002633         1.8984         8.4839     0.006328
        290      2.8      0.1                 -26.43125277    -0.00007108         1.3793         5.2234     0.007789
        291      2.8      0.0                 -26.43127525    -0.00002248         1.9780         6.4956     0.007503
        292      2.8      0.0                 -26.43135035    -0.00007510         1.4265         4.4314     0.005095
        293      2.8      0.0                 -26.43137679    -0.00002644         2.0021         7.6184     0.005314
        294      2.8      0.1                 -26.43145575    -0.00007896         1.4369         3.6899     0.011747
        295      2.8      0.0                 -26.43147365    -0.00001789         1.9591         6.3979     0.008911
        296      2.8      0.0                 -26.43154902    -0.00007537         1.4404         4.7749     0.004364
        297      2.9      0.0                 -26.43156936    -0.00002034         1.9884         7.6067     0.003737
        298      2.9      0.1                 -26.43165035    -0.00008099         1.4708         4.3611     0.013709
        299      2.9      0.0                 -26.43167190    -0.00002155         2.0176         6.9366     0.011761
        300      2.9      0.0                 -26.43175959    -0.00008769         1.5529         5.0696     0.004951
        301      2.9      0.0                 -26.43177915    -0.00001956         2.1290         8.5466     0.003698
        302      2.8      0.0                 -26.43187135    -0.00009220         1.5847         7.0770     0.015844
        303      2.8      0.0                 -26.43188626    -0.00001491         2.1383         7.9441     0.009558
        304      2.9      0.0                 -26.43197282    -0.00008656         1.4846         4.5352     0.005574
        305      2.9      0.0                 -26.43199806    -0.00002525         1.9931         6.6916     0.005055
        306      2.9      0.0                 -26.43207963    -0.00008156         1.5009         4.7951     0.012966
        307      2.8      0.1                 -26.43210129    -0.00002167         2.1562         7.9772     0.011066
        308      2.8      0.0                 -26.43218978    -0.00008849         1.5439         4.6230     0.005400
        309      2.8      0.0                 -26.43221546    -0.00002568         2.1271         6.3855     0.004877
        310      2.8      0.0                 -26.43230017    -0.00008470         1.5046         4.5906     0.013838
        311      2.8      0.1                 -26.43231523    -0.00001506         2.0175         6.1624     0.008873
        312      2.8      0.0                 -26.43239298    -0.00007775         1.5083         4.4387     0.004934
        313      2.8      0.0                 -26.43242256    -0.00002958         2.1301         8.2501     0.005458
        314      2.8      0.0                 -26.43251481    -0.00009225         1.6236         5.1637     0.017521
        315      2.9      0.0                 -26.43253150    -0.00001669         2.1690        10.6905     0.011507
        316      2.8      0.1                 -26.43263063    -0.00009913         1.7140         4.7695     0.005767
        317      2.9      0.0                 -26.43265475    -0.00002412         2.3447         9.8147     0.004580
        318      2.8      0.0                 -26.43277999    -0.00012524         1.8217         5.3672     0.024849
        319      2.8      0.0                 -26.43280312    -0.00002313         2.4665        13.0173     0.016935
        320      2.9      0.1                 -26.43292748    -0.00012437         1.8576         5.7035     0.010243
        321      2.8      0.0                 -26.43293950    -0.00001202         2.3877        13.6135     0.004332
        322      2.8      0.0                 -26.43304870    -0.00010920         1.8059         4.7017     0.017203
        323      2.9      0.0                 -26.43308834    -0.00003964         2.7125        18.2656     0.018595
        324      2.8      0.1                 -26.43321915    -0.00013081         1.9582         5.9039     0.012884
        325      2.9      0.0                 -26.43326887    -0.00004972         2.8055        14.7085     0.014267
        326      2.8      0.0                 -26.43341407    -0.00014520         2.1111         5.9222     0.022231
        327      2.8      0.0                 -26.43346270    -0.00004862         3.0797        12.2250     0.022847
        328      2.9      0.0                 -26.43363006    -0.00016737         2.2767         9.2563     0.008905
        329      2.9      0.1                 -26.43366371    -0.00003365         2.7652        12.2929     0.006173
        330      2.8      0.0                 -26.43379998    -0.00013627         3.5632        25.2046     0.068960
        331      2.8      0.0                 -26.43381570    -0.00001572         2.8209        16.1059     0.019188
        332      2.8      0.0                 -26.43403372    -0.00021802         2.8954        10.3758     0.027252
        333      2.8      0.1                 -26.43403994    -0.00000622         3.3704        15.6330     0.005470
        334      2.8      0.0                 -26.43426104    -0.00022111         2.6104        10.8231     0.032773
        335      2.8      0.0                 -26.43432541    -0.00006437         3.7419        16.4690     0.031195
        336      2.8      0.0                 -26.43458880    -0.00026339         2.8348        12.6167     0.009911
        337      2.8      0.1                 -26.43463447    -0.00004567         3.3946        12.0453     0.006199
        338      2.8      0.0                 -26.43499304    -0.00035857         4.0135        20.5730     0.086627
        339      2.8      0.0                 -26.43545987    -0.00046683         4.0950        15.4920     0.055562
        340      2.8      0.0                 -26.43548748    -0.00002761         5.0615        22.9179     0.017375
        341      2.9      0.0                 -26.43596338    -0.00047590         3.9307        22.7908     0.055276
        342      2.8      0.1                 -26.43605686    -0.00009348         5.4288        33.2960     0.040930
        343      2.8      0.0                 -26.43638464    -0.00032778         5.6419        26.2318     0.039064
        344      2.9      0.0                 -26.43644259    -0.00005795         5.0158        19.5317     0.010999
        345      2.8      0.0                 -26.43711567    -0.00067309         8.3177        38.4032     0.155593
        346      2.8      0.1                 -26.43721326    -0.00009758         5.7902        23.5084     0.047494
        347      2.8      0.0                 -26.43792466    -0.00071140         4.9990        34.4764     0.088261
        348      2.8      0.0                 -26.43798925    -0.00006459         6.2393        48.1267     0.042681
        349      2.9      0.0                 -26.43885875    -0.00086950         5.5585        22.1142     0.024765
        350      2.8      0.1                 -26.44007858    -0.00121983         7.2321        40.1119     0.139505
        351      2.8      0.0                 -26.44124302    -0.00116444         5.8984        37.6069     0.089980
        352      2.8      0.0                 -26.44136570    -0.00012267         7.5448        41.4087     0.041569
        353      2.8      0.0                 -26.44241080    -0.00104511         5.5800        18.8904     0.021996
        354      2.9      0.0                 -26.44246171    -0.00005091         6.1137        22.0614     0.006056
        355      2.8      0.1                 -26.44302148    -0.00055977         9.4090        85.5543     0.160417
        356      2.8      0.0                 -26.44326914    -0.00024765         6.6878        48.7442     0.066141
        357      2.8      0.0                 -26.44328156    -0.00001242         7.0867        55.0859     0.012327
        358      2.8      0.0                 -26.44452921    -0.00124766         6.6644        33.0071     0.056489
        359      2.8      0.1                 -26.44454501    -0.00001579         7.3838        37.3700     0.007138
        360      2.8      0.0                 -26.44566635    -0.00112134         5.5569        36.6331     0.064426
        361      2.8      0.0                 -26.44605014    -0.00038379         8.4416        51.9042     0.068388
        362      2.9      0.0                 -26.44727036    -0.00122022         5.8646        29.3367     0.026931
        363      2.8      0.1                 -26.44745990    -0.00018953         6.9799        36.0379     0.015647
        364      2.9      0.0                 -26.44841868    -0.00095878         8.5314        61.4408     0.163376
        365      2.8      0.0                 -26.44847950    -0.00006082         7.3348        45.9917     0.038759
        366      2.9      0.0                 -26.44995983    -0.00148033         8.6833        41.0747     0.078721
        367      3.0      0.0                 -26.45135034    -0.00139051         6.4396        48.4846     0.088842
        368      2.9      0.1                 -26.45158747    -0.00023713         8.4754        65.4574     0.059007
        369      2.9      0.0                 -26.45286428    -0.00127681         6.6511        47.8828     0.021759
        370      2.9      0.0                 -26.45289585    -0.00003158         7.2410        60.3380     0.004010
        371      2.8      0.0                 -26.45438125    -0.00148540         7.2659        53.0127     0.145731
        372      2.8      0.1                 -26.45441755    -0.00003630         8.2388        68.2658     0.024442
        373      2.8      0.0                 -26.45585011    -0.00143255         6.7189        49.8086     0.063804
        374      2.9      0.0                 -26.45603853    -0.00018842         8.7321        46.9976     0.033293
        375      2.8      0.0                 -26.45736308    -0.00132455         6.4216        45.2687     0.092040
        376      2.9      0.1                 -26.45754310    -0.00018002         8.0929        61.5991     0.051229
        377      2.9      0.0                 -26.45874263    -0.00119953         6.4501        26.1395     0.022289
        378      2.8      0.0                 -26.46017369    -0.00143106         7.2317        48.9456     0.150390
        379      2.8      0.0                 -26.46018725    -0.00001356         7.9584        57.6794     0.018576
        380      2.8      0.2                 -26.46166831    -0.00148105         6.9552        29.5650     0.046261
        381      2.9      0.0                 -26.46174372    -0.00007542         8.2411        43.0179     0.013123
        382      2.8      0.0                 -26.46309115    -0.00134743         6.6032        36.5311     0.111700
        383      2.8      0.0                 -26.46313365    -0.00004250         7.6722        47.5853     0.025254
        384      2.8      0.0                 -26.46415479    -0.00102114         5.7586        21.4480     0.014753
        385      2.9      0.1                 -26.46422957    -0.00007478         6.7643        33.6000     0.005219
        386      2.8      0.0                 -26.46528105    -0.00105149         5.4806        25.6953     0.088594
        387      2.8      0.0                 -26.46541669    -0.00013563         6.9549        43.6677     0.049538
        388      2.8      0.0                 -26.46658202    -0.00116534         5.4944        21.7571     0.020409
        389      2.9      0.1                 -26.46669724    -0.00011521         6.8032        24.6213     0.008757
        390      2.8      0.0                 -26.46771617    -0.00101893         5.2636        27.6537     0.079790
        391      2.8      0.0                 -26.46777544    -0.00005928         6.4132        33.6674     0.025324
        392      2.8      0.0                 -26.46853288    -0.00075744         4.8708        23.3195     0.015065
        393      2.8      0.1                 -26.46862984    -0.00009695         6.3604        41.9866     0.007656
        394      2.8      0.0                 -26.46932974    -0.00069991         4.6645        29.2854     0.048244
        395      2.8      0.0                 -26.46944406    -0.00011432         5.9875        48.1262     0.029545
        396      2.8      0.0                 -26.47004624    -0.00060218         4.4826        20.5070     0.016133
        397      2.8      0.0                 -26.47007782    -0.00003157         5.2010        23.2141     0.004638
        398      2.8      0.1                 -26.47064802    -0.00057021         4.2216        19.7133     0.059741
        399      2.8      0.0                 -26.47070015    -0.00005212         4.9607        25.0755     0.025725
        400      2.8      0.0                 -26.47134053    -0.00064038         4.5253        22.7615     0.019629
        401      2.8      0.0                 -26.47135114    -0.00001061         4.9392        27.5195     0.002876
        402      2.9      0.1                 -26.47190601    -0.00055487         4.1039        16.6229     0.052392
        403      2.9      0.0                 -26.47229776    -0.00039175         3.1391         9.7980     0.027018
        404      2.8      0.0                 -26.47234944    -0.00005168         4.1421        20.4445     0.014023
        405      2.8      0.0                 -26.47269056    -0.00034112         2.9333        12.4230     0.010815
        406      2.8      0.1                 -26.47276983    -0.00007928         4.1050        19.9702     0.008309
        407      2.8      0.0                 -26.47307754    -0.00030771         2.7707        11.2988     0.013611
        408      2.8      0.0                 -26.47317493    -0.00009739         3.6537        13.4980     0.013138
        409      2.8      0.0                 -26.47342571    -0.00025078         2.4733         8.7890     0.009321
        410      2.8      0.0                 -26.47345698    -0.00003126         3.1572        11.4037     0.004655
        411      2.8      0.1                 -26.47364699    -0.00019001         2.2542         7.7660     0.017766
        412      2.8      0.0                 -26.47369460    -0.00004761         2.9504        10.3884     0.014596
        413      2.8      0.0                 -26.47388577    -0.00019117         2.2785         8.9381     0.014220
        414      2.8      0.0                 -26.47390465    -0.00001889         2.7369        13.6666     0.006100
        415      2.8      0.1                 -26.47407731    -0.00017266         2.3031        10.3363     0.020401
        416      2.9      0.0                 -26.47408319    -0.00000587         2.6907        15.4165     0.004561
        417      2.8      0.0                 -26.47422640    -0.00014321         1.9114        10.2591     0.008639
        418      2.8      0.0                 -26.47424738    -0.00002098         2.4755        13.6928     0.004810
        419      2.8      0.1                 -26.47436639    -0.00011901         1.7705         6.9140     0.009872
        420      2.8      0.0                 -26.47439401    -0.00002762         2.3582        10.5604     0.007590
        421      2.8      0.0                 -26.47450051    -0.00010650         1.7306         7.8269     0.008198
        422      2.8      0.0                 -26.47451359    -0.00001308         2.2529         9.2413     0.004052
        423      2.8      0.0                 -26.47460787    -0.00009428         1.6108         6.3628     0.008059
        424      2.8      0.1                 -26.47463982    -0.00003195         2.1641         8.4106     0.008187
        425      2.8      0.0                 -26.47473629    -0.00009646         1.5697         6.0752     0.007132
        426      2.8      0.0                 -26.47475215    -0.00001587         2.0854        12.2377     0.004296
        427      2.8      0.0                 -26.47483379    -0.00008164         1.5603         5.7231     0.007022
        428      2.8      0.0                 -26.47484771    -0.00001391         2.1532        13.6456     0.004334
        429      2.8      0.0                 -26.47492570    -0.00007799         1.5365         4.9280     0.007204
        430      2.9      0.0                 -26.47496062    -0.00003493         2.1742        12.9280     0.009033
        431      2.8      0.0                 -26.47504706    -0.00008643         1.4974         4.4452     0.007222
        432      2.8      0.1                 -26.47507437    -0.00002732         2.0850         9.8035     0.006944
        433      2.8      0.0                 -26.47515619    -0.00008181         1.4839         7.4447     0.006597
        434      2.8      0.0                 -26.47518115    -0.00002497         2.0886        12.4076     0.006179
        435      2.8      0.0                 -26.47525981    -0.00007865         1.4746         5.5463     0.006902
        436      2.7      0.0                 -26.47528396    -0.00002415         2.0889        12.3487     0.006496
        437      2.8      0.1                 -26.47535842    -0.00007446         1.4448         4.7170     0.006587
        438      2.8      0.0                 -26.47538051    -0.00002209         2.0228         9.8453     0.006041
        439      2.8      0.0                 -26.47545241    -0.00007190         1.4534         4.8746     0.007082
        440      2.8      0.0                 -26.47547900    -0.00002659         1.9807         9.4110     0.007667
        441      2.8      0.1                 -26.47556012    -0.00008112         1.4945         5.2733     0.007476
        442      2.8      0.0                 -26.47559192    -0.00003180         2.1993        14.2370     0.008476
        443      2.8      0.0                 -26.47568787    -0.00009595         1.5745         4.6486     0.009810
        444      2.8      0.0                 -26.47571251    -0.00002463         2.2345        10.8869     0.008096
        445      2.8      0.1                 -26.47579979    -0.00008729         1.5015         4.8837     0.008822
        446      2.9      0.0                 -26.47581993    -0.00002013         2.0267         8.6091     0.006739
        447      2.8      0.0                 -26.47589379    -0.00007387         1.4155         4.5626     0.008233
        448      2.9      0.0                 -26.47592127    -0.00002748         1.9721         7.5878     0.008952
        449      2.8      0.0                 -26.47599515    -0.00007387         1.3858         4.3933     0.007659
        450      2.9      0.1                 -26.47601999    -0.00002484         1.9483         6.1676     0.007717
        451      2.8      0.0                 -26.47609199    -0.00007200         1.4046         3.7552     0.006781
        452      2.9      0.0                 -26.47611399    -0.00002200         2.0161         6.0984     0.006358
        453      2.8      0.0                 -26.47618636    -0.00007237         1.3816         4.0500     0.007193
        454      2.8      0.1                 -26.47620868    -0.00002233         1.8907         6.2711     0.006793
        455      2.8      0.0                 -26.47627648    -0.00006780         1.3431         4.1853     0.007393
        456      2.8      0.0                 -26.47630192    -0.00002544         1.9123         7.4037     0.008092
        457      2.8      0.0                 -26.47637162    -0.00006970         1.3523         4.0687     0.008164
        458      2.8      0.1                 -26.47639272    -0.00002110         1.9123         7.9905     0.007605
        459      2.9      0.0                 -26.47646130    -0.00006858         1.3237         4.1950     0.006898
        460      2.8      0.0                 -26.47648523    -0.00002394         1.8222         7.9787     0.007150
        461      2.8      0.0                 -26.47655053    -0.00006530         1.3181         4.3440     0.007471
        462      2.8      0.0                 -26.47656973    -0.00001920         1.8963         6.6475     0.006809
        463      2.8      0.1                 -26.47663733    -0.00006759         1.3733         3.5831     0.007523
        464      2.8      0.0                 -26.47666511    -0.00002779         1.9915         6.6288     0.008835
        465      2.8      0.0                 -26.47673869    -0.00007357         1.3911         4.0170     0.009024
        466      2.8      0.0                 -26.47675960    -0.00002092         1.9468         6.6927     0.008024
        467      2.8      0.0                 -26.47682896    -0.00006936         1.3591         3.8811     0.007362
        468      2.8      0.0                 -26.47685273    -0.00002377         1.8933         6.6407     0.007526
        469      2.8      0.0                 -26.47692318    -0.00007045         1.3642         3.4739     0.007741
        470      2.8      0.0                 -26.47695425    -0.00003107         1.9622         5.7800     0.009594
        471      2.8      0.1                 -26.47702925    -0.00007500         1.3899         3.6554     0.007507
        472      2.9      0.0                 -26.47704636    -0.00001712         1.9353         7.6549     0.005690
        473      2.8      0.0                 -26.47711583    -0.00006946         1.4182         3.7862     0.006943
        474      2.8      0.0                 -26.47714284    -0.00002701         2.0824         9.6929     0.007810
        475      2.8      0.1                 -26.47722220    -0.00007936         1.5125         3.8405     0.008155
        476      2.8      0.0                 -26.47725343    -0.00003123         2.2016        10.0730     0.009247
        477      2.8      0.0                 -26.47734048    -0.00008705         1.5371         4.5779     0.009829
        478      2.8      0.0                 -26.47736806    -0.00002758         2.1482        12.7528     0.009475
        479      2.9      0.0                 -26.47745029    -0.00008223         1.5304         4.7614     0.007027
        480      2.8      0.1                 -26.47747338    -0.00002308         2.1651        12.6974     0.006189
        481      2.8      0.0                 -26.47755536    -0.00008199         1.5557         5.0329     0.007820
        482      2.8      0.0                 -26.47758897    -0.00003361         2.2317        15.2126     0.009150
        483      2.8      0.0                 -26.47767915    -0.00009018         1.6453         5.3918     0.010025
        484      2.9      0.1                 -26.47771123    -0.00003208         2.4241        15.9487     0.010542
        485      2.8      0.0                 -26.47781212    -0.00010089         1.7488         5.2449     0.008294
        486      2.8      0.0                 -26.47784923    -0.00003712         2.5208        15.0792     0.008946
        487      2.8      0.0                 -26.47795920    -0.00010997         1.7745         5.4280     0.010857
        488      2.8      0.1                 -26.47800110    -0.00004190         2.4803        11.5605     0.012058
        489      2.8      0.0                 -26.47811460    -0.00011350         1.8415         5.4543     0.008646
        490      2.8      0.0                 -26.47815411    -0.00003951         2.7105        10.2653     0.008938
        491      2.8      0.0                 -26.47828633    -0.00013222         1.9711         5.8684     0.013029
        492      2.8      0.0                 -26.47834671    -0.00006038         2.8511         9.6179     0.016665
        493      2.8      0.0                 -26.47850338    -0.00015667         2.1357         6.7275     0.013516
        494      2.8      0.0                 -26.47856982    -0.00006643         3.1993        13.3371     0.016246
        495      2.8      0.0                 -26.47875712    -0.00018731         2.2693         8.3113     0.019038
        496      2.8      0.0                 -26.47881630    -0.00005917         3.1946        12.9375     0.018478
        497      2.8      0.1                 -26.47900421    -0.00018791         2.2667         8.0820     0.012386
        498      2.8      0.0                 -26.47906319    -0.00005898         3.1173        11.7409     0.011851
        499      2.8      0.0                 -26.47925852    -0.00019533         2.4036         6.8462     0.023982
        500      2.8      0.0                 -26.47931710    -0.00005858         3.4676        18.9636     0.022751
        501      2.8      0.1                 -26.47954074    -0.00022364         2.5917         7.2403     0.011281
        502      2.8      0.0                 -26.47957215    -0.00003142         3.2821        20.7196     0.006104
        503      2.8      0.0                 -26.47979116    -0.00021900         2.7028         8.0818     0.037219
        504      2.9      0.0                 -26.47980927    -0.00001812         3.3490        16.9260     0.015021
        505      2.8      0.0                 -26.48004418    -0.00023490         2.6179         8.5763     0.010312
        506      2.8      0.1                 -26.48008029    -0.00003611         3.4367        12.2981     0.005930
        507      2.8      0.0                 -26.48032110    -0.00024081         2.5162         6.8605     0.029697
        508      2.8      0.0                 -26.48036598    -0.00004488         3.3541        10.8349     0.020028
        509      2.8      0.0                 -26.48060235    -0.00023636         2.4865         7.2997     0.009845
        510      2.8      0.1                 -26.48066131    -0.00005896         3.4058        11.6594     0.007956
        511      2.8      0.0                 -26.48090347    -0.00024216         2.5750         7.6768     0.029324
        512      2.8      0.0                 -26.48094560    -0.00004214         3.4411        12.6593     0.018804
        513      2.8      0.0                 -26.48119311    -0.00024750         2.5325         7.3032     0.010536
        514      2.7      0.1                 -26.48123935    -0.00004624         3.2581        10.1956     0.006929
        515      2.8      0.0                 -26.48148820    -0.00024885         2.6841         8.5466     0.033919
        516      2.8      0.0                 -26.48152374    -0.00003555         3.5256        10.9890     0.019264
        517      2.8      0.0                 -26.48181567    -0.00029192         2.8295         6.9349     0.014442
        518      2.8      0.0                 -26.48185877    -0.00004310         3.5757        11.8295     0.008079
        519      2.8      0.1                 -26.48217989    -0.00032112         3.1041         8.2688     0.046175
        520      2.8      0.0                 -26.48219672    -0.00001683         3.7249        10.4179     0.013807
        521      2.9      0.0                 -26.48251045    -0.00031373         2.8557         7.6695     0.011940
        522      2.7      0.0                 -26.48254347    -0.00003302         3.5858         9.9387     0.005330
        523      2.8      0.1                 -26.48282834    -0.00028487         2.8296         7.8383     0.036056
        524      2.8      0.0                 -26.48286025    -0.00003191         3.6040        13.9359     0.017286
        525      2.8      0.0                 -26.48315376    -0.00029351         2.8502         7.8317     0.012198
        526      2.8      0.0                 -26.48319947    -0.00004571         3.7240        16.4466     0.007078
        527      2.8      0.1                 -26.48350417    -0.00030471         2.9021         7.7785     0.031155
        528      2.8      0.0                 -26.48354327    -0.00003909         3.8032        19.2081     0.016189
        529      2.8      0.0                 -26.48384202    -0.00029875         2.8754         8.2869     0.009625
        530      2.8      0.0                 -26.48391473    -0.00007271         4.0441        21.7646     0.007639
        531      2.8      0.0                 -26.48422105    -0.00030632         2.9960         8.0735     0.022480
        532      2.8      0.1                 -26.48428826    -0.00006721         4.1648        23.1842     0.016728
        533      2.8      0.0                 -26.48460255    -0.00031429         3.0160         8.6058     0.008864
        534      2.8      0.0                 -26.48471168    -0.00010914         4.1477        22.9639     0.009142
        535      2.8      0.0                 -26.48504841    -0.00033673         2.9647         8.0189     0.030349
        536      2.8      0.1                 -26.48511017    -0.00006176         3.8779        13.6470     0.020250
        537      2.7      0.0                 -26.48541932    -0.00030914         2.9092         8.0444     0.011697
        538      2.8      0.0                 -26.48546614    -0.00004683         3.7281        13.8632     0.006667
        539      2.8      0.0                 -26.48578159    -0.00031545         2.9729        13.3289     0.030299
        540      2.8      0.1                 -26.48583987    -0.00005828         3.9068        23.4750     0.020454
        541      2.8      0.0                 -26.48616895    -0.00032907         3.4197        24.8504     0.017749
        542      2.9      0.0                 -26.48617681    -0.00000786         3.8288        33.5571     0.003204
        543      2.9      0.0                 -26.48647486    -0.00029805         3.1459        10.4112     0.030381
        544      2.8      0.0                 -26.48648280    -0.00000795         3.6113        18.9739     0.005924
        545      2.8      0.1                 -26.48674341    -0.00026061         2.7450         8.0062     0.008620
        546      2.8      0.0                 -26.48685767    -0.00011425         4.1183        13.2241     0.010627
        547      2.8      0.0                 -26.48718303    -0.00032537         2.9089         9.7485     0.018405
        548      2.8      0.0                 -26.48728419    -0.00010116         4.0694        16.9640     0.017549
        549      2.8      0.1                 -26.48758587    -0.00030168         2.7733         7.2243     0.011182
        550      2.8      0.0                 -26.48764505    -0.00005917         3.7270        18.0742     0.007611
        551      2.8      0.0                 -26.48789590    -0.00025086         2.6272         7.5608     0.012352
        552      2.8      0.0                 -26.48798416    -0.00008826         3.6665        18.6484     0.012901
        553      2.8      0.1                 -26.48823098    -0.00024682         2.6423         7.8252     0.006853
        554      2.8      0.0                 -26.48828705    -0.00005606         3.5510        13.7740     0.005176
        555      2.8      0.0                 -26.48853292    -0.00024588         2.6459         9.1216     0.024520
        556      2.8      0.0                 -26.48857094    -0.00003802         3.1849        12.7598     0.014557
        557      2.8      0.0                 -26.48882478    -0.00025384         3.1234        14.4816     0.022411
        558      2.8      0.1                 -26.48882742    -0.00000263         3.3615        17.2828     0.002530
        559      2.8      0.0                 -26.48910404    -0.00027662         2.8804         8.4237     0.021526
        560      2.8      0.0                 -26.48912124    -0.00001720         3.5696        14.2065     0.006926
        561      2.8      0.0                 -26.48937370    -0.00025246         2.5254         8.2623     0.010048
        562      2.8      0.1                 -26.48943516    -0.00006146         3.4363        12.3969     0.007976
        563      3.5      0.0                 -26.48966457    -0.00022941         2.4411         6.6836     0.015059
        564      2.8      0.0                 -26.48971456    -0.00004999         3.2968        11.7865     0.011108
        565      2.7      0.0                 -26.48993410    -0.00021953         2.4013         6.5474     0.007672
        566      2.8      0.1                 -26.48999095    -0.00005685         3.1821         9.9926     0.006375
        567      2.8      0.0                 -26.49022573    -0.00023478         2.4398         6.6729     0.017742
        568      2.8      0.0                 -26.49027869    -0.00005295         3.4539        11.4071     0.013438
        569      2.8      0.0                 -26.49051790    -0.00023921         2.5127         7.2024     0.012857
        570      2.8      0.1                 -26.49057777    -0.00005987         3.5951        16.9144     0.010415
        571      2.8      0.0                 -26.49080879    -0.00023102         2.4548         7.3913     0.010422
        572      2.8      0.0                 -26.49088188    -0.00007309         3.3405        15.2391     0.010029
        573      2.8      0.0                 -26.49109670    -0.00021482         2.3906         6.2501     0.013429
        574      2.8      0.0                 -26.49117213    -0.00007543         3.4557        15.0312     0.013971
        575      2.7      0.1                 -26.49138898    -0.00021685         2.3707         7.1978     0.017589
        576      2.8      5.7                 -26.49144322    -0.00005424         3.1341         9.5263     0.014323
        577      2.8      0.0                 -26.49164467    -0.00020145         2.3846         6.2700     0.009798
        578      2.8      0.0                 -26.49167576    -0.00003109         2.9066         8.1971     0.005661
        579      2.8      0.0                 -26.49190592    -0.00023016         2.5403         8.2465     0.028035
        580      2.8      0.0                 -26.49192067    -0.00001474         3.1186        13.3389     0.009292
        581      2.8      0.0                 -26.49213238    -0.00021172         2.3961         7.1801     0.016181
        582      2.7      0.0                 -26.49215762    -0.00002524         3.2000        13.3956     0.007846
        583      2.9      2.0                 -26.49234131    -0.00018368         2.2552         6.1565     0.014495
        584      2.8      0.0                 -26.49239771    -0.00005641         3.1550        16.6374     0.013650
        585      2.8      0.0                 -26.49257467    -0.00017696         2.1835         6.3314     0.011835
        586      2.8      0.0                 -26.49262977    -0.00005510         3.0434        21.8112     0.011257
        587      2.8      0.0                 -26.49279193    -0.00016215         2.0922         5.9349     0.009022
        588      2.7      0.1                 -26.49283957    -0.00004764         2.8445        21.7805     0.008223
        589      2.8      0.0                 -26.49298755    -0.00014798         2.1289         6.3664     0.019033
        590      2.8      0.0                 -26.49300684    -0.00001929         2.6377        14.2566     0.009927
        591      2.8      0.0                 -26.49316872    -0.00016188         2.0763         6.4910     0.010835
        592      2.8      0.1                 -26.49319362    -0.00002490         2.5957         8.8283     0.006245
        593      2.8      0.0                 -26.49335329    -0.00015967         2.1427         7.0232     0.020264
        594      2.8      0.0                 -26.49335908    -0.00000579         2.5569         9.2522     0.004687
        595      2.8      0.0                 -26.49348243    -0.00012335         1.7789         4.8228     0.011915
        596      2.8      0.1                 -26.49351977    -0.00003734         2.4956        10.6598     0.011101
        597      2.8      0.0                 -26.49363895    -0.00011918         1.7896         4.3399     0.005717
        598      2.8      0.0                 -26.49368262    -0.00004367         2.5087         7.9301     0.006148
        599      2.8      0.0                 -26.49380746    -0.00012483         1.8095         4.7402     0.013665
        600      2.8      0.0                 -26.49383814    -0.00003068         2.5121        11.6982     0.010947
        601      2.8      0.1                 -26.49395165    -0.00011352         1.7269         4.3098     0.007339
        602      2.8      0.0                 -26.49397217    -0.00002051         2.2789         8.7868     0.004721
        603      2.8      0.0                 -26.49406921    -0.00009704         1.6533         4.7069     0.013904
        604      2.8      0.0                 -26.49409524    -0.00002603         2.1922         7.9999     0.011929
        605      4.9      0.1                 -26.49419935    -0.00010411         1.6111         4.0120     0.007477
        606      2.8      0.0                 -26.49421602    -0.00001668         2.0124         7.8935     0.004425
        607      2.8      0.0                 -26.49431250    -0.00009648         1.7145         5.8669     0.015890
        608      2.8      0.0                 -26.49432130    -0.00000880         2.2145         9.4050     0.006499
        609      2.8      0.1                 -26.49441448    -0.00009318         1.5524         5.0208     0.006902
        610      2.8      0.0                 -26.49444142    -0.00002694         2.1955         8.9680     0.006215
        611      2.8      0.0                 -26.49452822    -0.00008681         1.4850         4.4345     0.005420
        612      2.8      0.0                 -26.49455505    -0.00002683         2.0117         6.1767     0.005126
        613      2.8      0.0                 -26.49463491    -0.00007986         1.4670         3.6626     0.004883
        614      2.8      0.1                 -26.49466842    -0.00003351         2.1236         7.7174     0.005826
        615      2.8      0.0                 -26.49475758    -0.00008916         1.5064         3.6650     0.011941
        616      2.8      0.0                 -26.49477644    -0.00001887         2.0195         8.5203     0.008600
        617      2.8      0.0                 -26.49485609    -0.00007964         1.3855         4.7463     0.006033
        618      2.8      0.1                 -26.49487198    -0.00001589         1.8482         6.9621     0.004157
        619      2.8      0.0                 -26.49493864    -0.00006666         1.3309         3.2407     0.005276
        620      2.7      0.0                 -26.49495829    -0.00001965         1.9111         8.0049     0.004818
        621      2.9      0.0                 -26.49502688    -0.00006859         1.3418         3.4481     0.006097
        622      2.8      0.1                 -26.49505491    -0.00002803         1.8594         8.4894     0.007123
        623      2.8      0.0                 -26.49512346    -0.00006856         1.3123         3.8598     0.004441
        624      2.9      0.0                 -26.49514060    -0.00001714         1.8265         7.7103     0.003594
        625      2.8      0.0                 -26.49520380    -0.00006319         1.2967         3.3619     0.006335
        626      2.8      0.0                 -26.49522259    -0.00001879         1.8272         8.2374     0.005824
        627      5.4      0.3                 -26.49528456    -0.00006197         1.2902         3.4516     0.004908
        628      2.8      0.0                 -26.49530426    -0.00001970         1.8193         7.7667     0.004743
        629      2.9      0.0                 -26.49536686    -0.00006260         1.3155         4.1236     0.005844
        630      2.8      0.0                 -26.49539190    -0.00002503         1.8964         6.1525     0.006714
        631      2.8      0.1                 -26.49546081    -0.00006891         1.3087         3.6587     0.005924
        632      2.7      0.0                 -26.49548467    -0.00002386         1.8086         7.5290     0.006099
        633      2.8      0.0                 -26.49554739    -0.00006273         1.2701         3.1250     0.004861
        634      3.8      0.0                 -26.49556031    -0.00001292         1.7306         7.2950     0.003426
        635      2.8      0.1                 -26.49561705    -0.00005674         1.2352         3.4328     0.006657
        636      2.8      0.0                 -26.49563608    -0.00001902         1.7406         9.9180     0.006693
        637      2.8      0.0                 -26.49569282    -0.00005674         1.2495         3.0476     0.006150
        638      2.9      0.0                 -26.49570814    -0.00001533         1.7745        14.0102     0.005268
        639      2.8      0.0                 -26.49576105    -0.00005290         1.2364         3.5465     0.005427
        640      2.8      0.1                 -26.49577425    -0.00001321         1.7212        11.4116     0.004388
        641      2.8      0.0                 -26.49582323    -0.00004898         1.1877         3.8144     0.005345
        642      2.8      0.0                 -26.49584276    -0.00001953         1.6127         6.4633     0.006130
        643      2.8      0.0                 -26.49588965    -0.00004689         1.1008         2.8455     0.005660
        644      2.8      0.1                 -26.49590273    -0.00001307         1.5068         5.0737     0.004960
        645      2.8      0.0                 -26.49594388    -0.00004116         1.0555         2.5607     0.004718
        646      2.8      0.0                 -26.49595580    -0.00001191         1.4766         5.8722     0.004250
        647      2.9      0.0                 -26.49599517    -0.00003938         1.0507         2.5108     0.004859
        648      2.9      0.1                 -26.49600928    -0.00001411         1.4968         6.3045     0.005133
        649      2.8      0.0                 -26.49604940    -0.00004012         1.0632         2.8250     0.005303
        650      2.8      0.0                 -26.49606152    -0.00001212         1.5082         6.4405     0.004933
        651      2.8      0.0                 -26.49610207    -0.00004056         1.0727         3.6334     0.005302
        652      2.9      0.0                 -26.49611878    -0.00001671         1.5192         5.6114     0.006234
        653      2.8      0.1                 -26.49616139    -0.00004260         1.0555         3.5711     0.006066
        654      2.8      0.0                 -26.49617398    -0.00001260         1.4703         5.2267     0.005554
        655      2.8      0.0                 -26.49621353    -0.00003954         1.0400         2.7877     0.005719
        656      2.8      0.0                 -26.49622557    -0.00001205         1.4712         5.3869     0.005351
        657      2.8      0.1                 -26.49626444    -0.00003886         1.0270         2.6847     0.005058
        658      2.8      0.0                 -26.49627786    -0.00001342         1.4335         5.4579     0.005197
        659      2.8      0.0                 -26.49631671    -0.00003885         1.0305         2.6947     0.004705
        660      2.8      0.0                 -26.49633165    -0.00001494         1.4803         5.0816     0.005244
        661      2.8      0.1                 -26.49637361    -0.00004196         1.0582         3.3896     0.006738
        662      2.8      0.0                 -26.49638791    -0.00001429         1.5123         5.4899     0.006852
        663      2.8      0.0                 -26.49643028    -0.00004237         1.0446         3.5561     0.006674
        664      2.8      0.0                 -26.49644257    -0.00001229         1.4458         5.6625     0.006025
        665      2.8      0.1                 -26.49648103    -0.00003846         1.0066         2.9626     0.005569
        666      2.8      0.0                 -26.49649209    -0.00001105         1.4026         5.2822     0.004994
        667      2.8      0.0                 -26.49652992    -0.00003783         1.0147         3.2195     0.005648
        668      2.8      0.0                 -26.49654871    -0.00001879         1.4512         5.0826     0.007688
        669      2.8      0.0                 -26.49659093    -0.00004222         1.0288         2.7783     0.007287
        670      2.8      0.1                 -26.49660131    -0.00001038         1.4432         5.4649     0.005830
        671      2.8      0.0                 -26.49664035    -0.00003903         1.0225         2.5278     0.005933
        672      2.8      0.0                 -26.49665274    -0.00001239         1.4493         5.6525     0.005727
        673      2.8      0.0                 -26.49669194    -0.00003920         1.0317         2.9110     0.006175
        674      2.8      0.1                 -26.49670639    -0.00001445         1.4686         4.4025     0.006671
        675      2.8      0.0                 -26.49674712    -0.00004074         1.0236         2.7230     0.006425
        676      2.8      0.0                 -26.49676071    -0.00001359         1.4272         4.0186     0.006438
        677      2.8      0.0                 -26.49679917    -0.00003846         0.9998         3.1053     0.006291
        678      2.8      0.1                 -26.49680937    -0.00001021         1.3967         4.8930     0.005321
        679      2.8      0.0                 -26.49684598    -0.00003661         1.0048         2.9279     0.006102
        680      2.8      0.0                 -26.49686095    -0.00001497         1.4445         6.2591     0.007139
        681      2.8      0.0                 -26.49690057    -0.00003962         1.0100         2.6061     0.006304
        682      2.8      0.0                 -26.49691286    -0.00001229         1.4135         5.8411     0.005979
        683      2.8      0.1                 -26.49695097    -0.00003811         1.0455         2.6820     0.005873
        684      2.8      0.0                 -26.49696380    -0.00001283         1.5427         7.0492     0.005926
        685      2.9      0.0                 -26.49700781    -0.00004401         1.1500         3.7369     0.006854
        686      2.8      0.0                 -26.49703123    -0.00002342         1.7183        10.4112     0.009860
        687      2.8      0.1                 -26.49708303    -0.00005179         1.1551         3.3072     0.009559
        688      2.8      0.0                 -26.49709230    -0.00000927         1.5427        10.4349     0.006107
        689      2.8      0.0                 -26.49713276    -0.00004046         1.1133         3.2438     0.006627
        690      2.8      0.0                 -26.49714518    -0.00001243         1.6012        11.5782     0.006245
        691      2.8      0.1                 -26.49718842    -0.00004324         1.1693         3.8899     0.006750
        692      2.8      0.0                 -26.49720992    -0.00002150         1.6969        10.5117     0.009197
        693      2.8      0.0                 -26.49726048    -0.00005056         1.1794         2.9290     0.008724
        694      2.8      0.0                 -26.49727545    -0.00001496         1.6424         8.8517     0.008000
        695      2.8      0.0                 -26.49732216    -0.00004671         1.1428         3.0140     0.008266
        696      2.8      0.1                 -26.49733582    -0.00001366         1.5921         6.0846     0.007509
        697      2.8      0.0                 -26.49738206    -0.00004624         1.1638         3.3312     0.007127
        698      2.9      0.0                 -26.49740575    -0.00002369         1.6857         6.5285     0.009949
        699      2.8      0.0                 -26.49745915    -0.00005341         1.2197         3.4153     0.009183
        700      2.8      0.1                 -26.49747242    -0.00001326         1.7344         6.9860     0.007404
        701      2.8      0.0                 -26.49752456    -0.00005214         1.2094         3.7477     0.008543
        702      2.8      0.0                 -26.49754403    -0.00001947         1.6765         6.2337     0.009325
        703      2.8      0.0                 -26.49759542    -0.00005138         1.1667         2.8883     0.007224
        704      2.9      0.1                 -26.49761108    -0.00001566         1.6222         5.5544     0.006768
        705      2.8      0.0                 -26.49766089    -0.00004981         1.1660         2.9029     0.007704
        706      2.8      0.0                 -26.49768066    -0.00001977         1.6783         6.2492     0.008813
        707      2.8      0.0                 -26.49773278    -0.00005212         1.1596         2.6727     0.009533
        708      2.8      0.0                 -26.49774604    -0.00001327         1.6027         6.4461     0.007829
        709      2.8      0.1                 -26.49779242    -0.00004638         1.1295         2.9144     0.008257
        710      2.8      0.0                 -26.49780699    -0.00001457         1.5930         5.7791     0.007913
        711      2.8      0.0                 -26.49785339    -0.00004639         1.1328         2.7988     0.006576
        712      2.8      0.0                 -26.49787160    -0.00001821         1.6054         6.5652     0.007455
        713      2.8      0.1                 -26.49792024    -0.00004864         1.1258         2.7281     0.007757
        714      2.8      0.0                 -26.49793582    -0.00001559         1.5796         6.3198     0.007542
        715      2.8      0.0                 -26.49798273    -0.00004690         1.0971         3.3758     0.006670
        716      2.8      0.0                 -26.49799716    -0.00001444         1.5248         4.7365     0.006294
        717      2.8      0.1                 -26.49804128    -0.00004411         1.0851         3.4624     0.006584
        718      2.8      0.0                 -26.49805523    -0.00001396         1.5432         4.8071     0.006339
        719      2.8      0.0                 -26.49810004    -0.00004481         1.0770         3.0142     0.005650
        720      2.7      0.0                 -26.49811708    -0.00001704         1.4921         5.6218     0.006253
        721      2.8      0.0                 -26.49816038    -0.00004330         1.0676         3.7034     0.007001
        722      2.8      0.1                 -26.49817111    -0.00001073         1.5083         4.7589     0.005635
        723      2.8      0.0                 -26.49821260    -0.00004149         1.0567         2.8551     0.006528
        724      2.8      0.0                 -26.49822804    -0.00001544         1.4766         4.7252     0.007111
        725      2.8      0.0                 -26.49826959    -0.00004155         1.0508         2.7377     0.006451
        726      2.8      0.1                 -26.49828287    -0.00001327         1.4964         6.3204     0.006256
        727      2.8      0.0                 -26.49832462    -0.00004176         1.0514         2.5051     0.005877
        728      2.8      0.0                 -26.49833891    -0.00001428         1.4768         5.2693     0.006003
        729      2.8      0.0                 -26.49838027    -0.00004136         1.0467         2.8791     0.006005
        730      2.8      0.1                 -26.49839366    -0.00001340         1.4850         5.6720     0.005883
        731      2.8      0.0                 -26.49843450    -0.00004084         1.0399         3.1954     0.005639
        732      2.8      0.0                 -26.49844706    -0.00001256         1.4565         7.0434     0.005315
        733      2.8      0.0                 -26.49848579    -0.00003873         1.0460         2.6321     0.006184
        734      2.8      0.0                 -26.49849729    -0.00001149         1.4974        10.0113     0.005681
        735      2.8      0.1                 -26.49853540    -0.00003812         1.0302         2.6543     0.006476
        736      2.8      0.0                 -26.49854671    -0.00001131         1.4188        10.5458     0.005944
        737      2.8      0.0                 -26.49858065    -0.00003394         0.9896         2.5412     0.004704


The minimization has converged.


>>> Timing data >>>
    Minimization loop was running for 2192.104 seconds ( 0:36:32.104 h:m:s).
    Performance: 2.974 seconds/step.
    Time spent within the MD module (overhead): 71.732 seconds (3.2723 % of total time).
<<< Timing data <<<


Finished minimization loop.



>>>>>> Dump Position, Format, PDB, Stride, 0, Filename, "mm_opt.pdb", Replace

Writing a single position snapshot for region "all": Format PDB, filename "mm_opt.pdb", replace.


###############################################################
########        Finished Executing Input Script        ########
###############################################################


    3 function calls, 0 operator calls, 27 evaluated expressions.


Timings for individual modules during the MD run:

MM module                       ...     2107.408 sec (=  35.123 min) 100.0 %
Self time inside of MD module   ...       75.133 sec (=   1.252 min)   3.4 %

Sum of individual times         ...     2182.541 sec (=  36.376 min)

Total wall time of MD module    ...     2195.144 sec (=  36.586 min)
             --> "dark time"    ...       12.603 sec (=   0.210 min)   0.6 %

( The "dark time" is spent in the ORCA-internal routines for energy and gradient calculation,
  but not inside of the sub-programs which do so. It contains operating system overhead for
  spawning new processes in each MD step and some file IO time. )



    #########################################################
    ####    ORCA ab initio Molecular Dynamics leaving    ####
    ####           Martin Brehm, 2016 - 2022             ####
    ####        https://brehm-research.de/orcamd         ####
    #########################################################

