            --------------------------------------------------------
                             AMBER SQM VERSION 19
 
                                     By
              Ross C. Walker, Michael F. Crowley, Scott Brozell,
                         Tim Giese, Andreas W. Goetz,
                        Tai-Sung Lee and David A. Case
 
            --------------------------------------------------------
 

--------------------------------------------------------------------------------
  QM CALCULATION INFO
--------------------------------------------------------------------------------

| QMMM: Citation for AMBER QMMM Run:
| QMMM: R.C. Walker, M.F. Crowley and D.A. Case, J. COMP. CHEM. 29:1019, 2008

QMMM: SINGLET STATE CALCULATION
QMMM: RHF CALCULATION, NO. OF DOUBLY OCCUPIED LEVELS =109

| QMMM: *** Selected Hamiltonian *** 
| QMMM: AM1         

| QMMM: *** Parameter sets in use ***
| QMMM: S : M.J.S.DEWAR et al. INORG. CHEM., 29, 3881, (1990)
| QMMM: C : M.J.S.DEWAR et al. JACS, 107, 3902, (1985)
| QMMM: N : M.J.S.DEWAR et al. JACS, 107, 3902, (1985)
| QMMM: O : M.J.S.DEWAR et al. JACS, 107, 3902, (1985)
| QMMM: P : M.J.S.DEWAR et al. THEOCHEM, 187,1, (1989)
| QMMM: H : M.J.S.DEWAR et al. JACS, 107, 3902, (1985)

| QMMM: *** SCF convergence criteria ***
| QMMM: Energy change                :  0.1D-09 kcal/mol
| QMMM: Error matrix |FP-PF|         :  0.1D+00 au
| QMMM: Density matrix change        :  0.5D-06
| QMMM: Maximum number of SCF cycles :     1000

| QMMM: *** Diagonalization Routine Information ***
| QMMM: Pseudo diagonalizations are allowed.
| QMMM: Auto diagonalization routine selection is in use.
| QMMM:
| QMMM: Timing diagonalization routines:
| QMMM:                              norbs =      181
| QMMM:    diag iterations used for timing =        5
| QMMM:
| QMMM:              Internal diag routine = 0.046068 seconds
| QMMM:                 Dspev diag routine = 0.045725 seconds
| QMMM:                Dspevd diag routine = 0.032029 seconds
| QMMM:                Dspevx diag routine = 0.143731 seconds
| QMMM:                 Dsyev diag routine = 0.049919 seconds
| QMMM:                Dsyevd diag routine = 0.036135 seconds
| QMMM:                Dsyevr diag routine = 0.038103 seconds
| QMMM:
| QMMM:                Pseudo diag routine = 0.021731 seconds
| QMMM:
| QMMM: Using dspevd routine (diag_routine=3).

  QMMM: QM Region Cartesian Coordinates (*=link atom) 
  QMMM: QM_NO.   MM_NO.  ATOM         X         Y         Z
  QMMM:     1        1      S      -36.3230  -34.6810   24.2950
  QMMM:     2        2      C      -34.9450  -35.2240   23.4370
  QMMM:     3        3      N      -33.8270  -34.9430   24.1300
  QMMM:     4        4      C      -34.0480  -34.4030   25.4050
  QMMM:     5        5      C      -35.3790  -34.2180   25.6950
  QMMM:     6        6      C      -35.9910  -33.8260   27.0090
  QMMM:     7        7      C      -36.3560  -32.3460   27.2040
  QMMM:     8        8      O      -36.7330  -32.1670   28.5530
  QMMM:     9        9      P      -37.9460  -31.0730   28.8720
  QMMM:    10       10      P      -39.9240  -33.3160   28.4880
  QMMM:    11       11      N      -30.0550  -32.1620   23.6090
  QMMM:    12       12      O      -37.6780  -29.7330   28.2890
  QMMM:    13       13      O      -40.1100  -33.2480   30.0580
  QMMM:    14       14      C      -30.6350  -31.3410   22.7120
  QMMM:    15       15      O      -38.0710  -31.1200   30.4170
  QMMM:    16       16      O      -38.8680  -34.3750   28.0700
  QMMM:    17       17      N      -31.7610  -31.6030   22.0610
  QMMM:    18       18      O      -39.2130  -31.7800   28.1710
  QMMM:    19       19      O      -41.1470  -33.3680   27.6390
  QMMM:    20       20      C      -32.4060  -32.7850   22.2680
  QMMM:    21       21      N      -33.5310  -33.0070   21.5900
  QMMM:    22       22      C      -31.8580  -33.7270   23.2130
  QMMM:    23       23      C      -30.6860  -33.3280   23.8310
  QMMM:    24       24      C      -32.4550  -35.0660   23.5700
  QMMM:    25       25      C      -29.9750  -30.0220   22.4260
  QMMM:    26       26      C      -32.9010  -34.2010   26.3350
  QMMM:    27       27      H      -36.9120  -34.3970   27.2190
  QMMM:    28       28      H      -35.2710  -34.0890   27.8040
  QMMM:    29       29      H      -35.4920  -31.6960   26.9770
  QMMM:    30       30      H      -37.1730  -32.0700   26.5100
  QMMM:    31       31      H      -33.8450  -32.2780   20.9510
  QMMM:    32       32      H      -33.8620  -34.0170   21.4290
  QMMM:    33       33      H      -30.2180  -33.9990   24.5650
  QMMM:    34       34      H      -32.5390  -35.7470   22.7140
  QMMM:    35       35      H      -31.8220  -35.5530   24.3280
  QMMM:    36       36      H      -29.8780  -29.4340   23.3510
  QMMM:    37       37      H      -30.5490  -29.4490   21.6850
  QMMM:    38       38      H      -28.9520  -30.1750   22.0480
  QMMM:    39       39      H      -32.3260  -35.1380   26.4430
  QMMM:    40       40      H      -33.2730  -33.9010   27.3240
  QMMM:    41       41      H      -32.2110  -33.4180   25.9810
  QMMM:    42       42      C      -34.7120  -37.5460   22.4390
  QMMM:    43       43      C      -35.0050  -35.9810   22.0980
  QMMM:    44       44      O      -33.4610  -37.8290   22.5300
  QMMM:    45       45      O      -35.6570  -38.3300   22.5410
  QMMM:    46       46      O      -34.0540  -35.5080   21.2460
  QMMM:    47       47      C      -36.4030  -35.8230   21.4860
  QMMM:    48       48      C      -36.3540  -35.3460   20.0350
  QMMM:    49       49      H      -36.9660  -35.1090   22.0970
  QMMM:    50       50      H      -36.9010  -36.7970   21.5350
  QMMM:    51       51      C      -37.7350  -35.4430   19.3820
  QMMM:    52       52      H      -35.6360  -35.9470   19.4650
  QMMM:    53       53      H      -35.9950  -34.3090   20.0030
  QMMM:    54       54      C      -37.7160  -34.9430   17.9370
  QMMM:    55       55      H      -38.4540  -34.8530   19.9630
  QMMM:    56       56      H      -38.0790  -36.4840   19.4040
  QMMM:    57       57      C      -39.0940  -35.0760   17.2860
  QMMM:    58       58      H      -36.9820  -35.5130   17.3520
  QMMM:    59       59      H      -37.3900  -33.8960   17.9180
  QMMM:    60       60      C      -39.1850  -34.2820   16.0030
  QMMM:    61       61      H      -39.8570  -34.7030   17.9780
  QMMM:    62       62      H      -39.3110  -36.1250   17.0580
  QMMM:    63       63      O      -38.2320  -33.9370   15.3220
  QMMM:    64       64      O      -40.4620  -34.0070   15.6500

--------------------------------------------------------------------------------
  RESULTS
--------------------------------------------------------------------------------

      iter         sqm energy              rms gradient
      ----    -------------------    -----------------------
xmin    10     -334.9466 kcal/mol        1.8080 kcal/(mol*A)
xmin    20     -339.9876 kcal/mol        2.5664 kcal/(mol*A)
xmin    30     -342.1316 kcal/mol        1.8761 kcal/(mol*A)
xmin    40     -342.9143 kcal/mol        0.9396 kcal/(mol*A)
xmin    50     -343.3782 kcal/mol        0.6147 kcal/(mol*A)
xmin    60     -343.6601 kcal/mol        0.1688 kcal/(mol*A)
xmin    70     -343.7264 kcal/mol        0.2167 kcal/(mol*A)
xmin    80     -343.7931 kcal/mol        0.1089 kcal/(mol*A)
xmin    90     -343.8171 kcal/mol        0.0837 kcal/(mol*A)
xmin   100     -343.8231 kcal/mol        0.0335 kcal/(mol*A)
xmin   110     -343.8282 kcal/mol        0.0216 kcal/(mol*A)
xmin   120     -343.8292 kcal/mol        0.0110 kcal/(mol*A)
xmin   130     -343.8293 kcal/mol        0.0033 kcal/(mol*A)
xmin   140     -343.8294 kcal/mol        0.0025 kcal/(mol*A)
xmin   150     -343.8294 kcal/mol        0.0007 kcal/(mol*A)
xmin   150     -343.8294 kcal/mol        0.0004 kcal/(mol*A)
  ... geometry converged !
 
 Final MO eigenvalues (eV):
 -31.7743  -29.9665  -29.5929  -28.2847  -27.0734  -26.6357  -26.1090  -25.4352
 -24.5581  -24.2238  -23.8500  -23.7819  -23.1921  -21.9352  -20.7564  -20.6165
 -20.3381  -20.1187  -19.6936  -19.3941  -18.4111  -18.0058  -17.7612  -17.6997
 -17.2335  -15.5372  -14.3039  -13.7551  -13.3990  -12.6133  -12.3209  -11.6560
 -10.2581   -9.9881   -9.7828   -9.5174   -8.7067   -8.2975   -7.6090   -7.4034
  -7.1544   -6.8736   -6.5112   -6.4214   -6.2872   -6.1461   -5.6675   -5.6040
  -5.3673   -5.1912   -5.1256   -5.0252   -4.9008   -4.7814   -4.6944   -4.5347
  -4.5000   -4.3092   -4.1708   -4.0792   -4.0084   -3.8947   -3.7643   -3.5405
  -3.3834   -3.2098   -3.1748   -2.9655   -2.8276   -2.5531   -2.4168   -2.3819
  -2.1886   -2.1160   -2.0789   -1.8968   -1.8296   -1.5947   -1.4321   -0.9142
  -0.8517   -0.7965   -0.7102   -0.5311   -0.1904   -0.1651   -0.0080    0.0790
   0.2548    0.3422    0.4080    0.5762    0.6425    0.7763    0.9840    1.3939
   1.8381    1.9479    2.1070    2.1952    2.4973    2.8129    2.9018    3.4396
   4.1643    4.1866    4.2210    4.3117    4.3299    8.8521    9.4879    9.9292
  10.2089   10.2587   10.8190   11.0012   12.3633   12.4077   12.4555   12.4949
  12.6817   12.7275   12.9754   12.9922   13.0262   13.0959   13.2300   13.2846
  13.2989   13.4710   13.5278   13.6043   13.6597   13.7008   13.7832   13.8094
  13.8627   13.9127   13.9672   14.0704   14.0780   14.1377   14.2271   14.2995
  14.3640   14.3945   14.4671   14.4798   14.5168   14.5445   14.6091   14.6506
  14.7412   14.7457   14.7702   14.9189   15.0343   15.2483   15.5548   15.6020
  15.8552   15.9663   15.9873   16.1166   16.4090   16.6400   16.8638   16.9835
  17.2998   17.4616   17.5465   17.6247   18.4022   18.6385   19.0791   20.0794
  20.7776   21.8524   22.3303   23.2553   23.3059

 Heat of formation   =       -343.82940954 kcal/mol  (      -14.90956201 eV)

 Total SCF energy    =    -185047.97703803 kcal/mol  (    -8024.28242652 eV)
 Electronic energy   =   -1537895.21900375 kcal/mol  (   -66688.14097410 eV)
 Core-core repulsion =    1352847.24196572 kcal/mol  (    58663.85854758 eV)
 
    Atomic Charges for Step       1 :
  Atom    Element       Mulliken Charge
     1      S                  0.648
     2      C                 -0.274
     3      N                  0.012
     4      C                 -0.071
     5      C                 -0.282
     6      C                 -0.212
     7      C                  0.086
     8      O                 -0.751
     9      P                  2.678
    10      P                  2.659
    11      N                 -0.363
    12      O                 -1.250
    13      O                 -1.283
    14      C                  0.046
    15      O                 -1.239
    16      O                 -1.285
    17      N                 -0.354
    18      O                 -1.286
    19      O                 -1.284
    20      C                  0.135
    21      N                 -0.397
    22      C                 -0.307
    23      C                 -0.002
    24      C                  0.036
    25      C                 -0.140
    26      C                 -0.174
    27      H                  0.210
    28      H                  0.133
    29      H                 -0.000
    30      H                  0.096
    31      H                  0.098
    32      H                  0.210
    33      H                  0.113
    34      H                  0.175
    35      H                  0.092
    36      H                  0.064
    37      H                  0.060
    38      H                  0.049
    39      H                  0.063
    40      H                  0.170
    41      H                  0.103
    42      C                  0.361
    43      C                  0.047
    44      O                 -0.553
    45      O                 -0.549
    46      O                 -0.302
    47      C                 -0.167
    48      C                 -0.152
    49      H                  0.057
    50      H                  0.105
    51      C                 -0.155
    52      H                  0.115
    53      H                  0.075
    54      C                 -0.139
    55      H                  0.057
    56      H                  0.067
    57      C                 -0.207
    58      H                  0.083
    59      H                  0.066
    60      C                  0.324
    61      H                  0.058
    62      H                  0.056
    63      O                 -0.607
    64      O                 -0.618
 Total Mulliken Charge =      -5.000
 
                  X        Y        Z     TOTAL  
  QM DIPOLE   889.195  815.469 -594.548 1345.045
 
 Final Structure

  QMMM: QM Region Cartesian Coordinates (*=link atom) 
  QMMM: QM_NO.   MM_NO.  ATOM         X         Y         Z
  QMMM:     1        1      S      -36.6849  -34.6034   24.0085
  QMMM:     2        2      C      -35.2458  -34.7505   23.1287
  QMMM:     3        3      N      -34.1655  -34.3273   23.8405
  QMMM:     4        4      C      -34.5349  -33.9027   25.1347
  QMMM:     5        5      C      -35.9028  -34.0100   25.3791
  QMMM:     6        6      C      -36.5954  -33.7450   26.6490
  QMMM:     7        7      C      -36.4939  -32.2892   27.1539
  QMMM:     8        8      O      -35.9408  -32.2554   28.4187
  QMMM:     9        9      P      -36.9381  -31.6209   29.6438
  QMMM:    10       10      P      -39.4745  -33.7663   29.4695
  QMMM:    11       11      N      -29.7732  -32.3574   24.2388
  QMMM:    12       12      O      -37.2804  -30.2677   29.1163
  QMMM:    13       13      O      -39.1960  -34.8614   30.4628
  QMMM:    14       14      C      -30.0302  -31.2925   23.3976
  QMMM:    15       15      O      -36.0706  -31.6771   30.8554
  QMMM:    16       16      O      -39.3146  -34.1641   28.0217
  QMMM:    17       17      N      -31.1019  -31.1045   22.6205
  QMMM:    18       18      O      -38.1368  -32.6255   29.6365
  QMMM:    19       19      O      -40.7109  -32.9696   29.7891
  QMMM:    20       20      C      -32.1280  -32.0942   22.6381
  QMMM:    21       21      N      -33.2395  -31.9856   21.9458
  QMMM:    22       22      C      -31.8940  -33.2790   23.4821
  QMMM:    23       23      C      -30.7372  -33.3089   24.2461
  QMMM:    24       24      C      -32.7718  -34.4749   23.4227
  QMMM:    25       25      C      -28.9594  -30.2174   23.3722
  QMMM:    26       26      C      -33.5509  -33.4126   26.1251
  QMMM:    27       27      H      -37.6991  -34.0175   26.6201
  QMMM:    28       28      H      -36.1491  -34.4114   27.4418
  QMMM:    29       29      H      -35.8342  -31.7044   26.4455
  QMMM:    30       30      H      -37.5225  -31.8312   27.1604
  QMMM:    31       31      H      -33.3096  -31.1441   21.4136
  QMMM:    32       32      H      -34.4882  -33.8226   20.8784
  QMMM:    33       33      H      -30.5374  -34.1638   24.9189
  QMMM:    34       34      H      -32.7800  -34.8815   22.3636
  QMMM:    35       35      H      -32.3526  -35.2882   24.0901
  QMMM:    36       36      H      -28.8914  -29.7408   24.3801
  QMMM:    37       37      H      -29.1891  -29.4266   22.6188
  QMMM:    38       38      H      -27.9698  -30.6704   23.1218
  QMMM:    39       39      H      -32.7946  -34.2061   26.3489
  QMMM:    40       40      H      -34.0923  -33.1288   27.0709
  QMMM:    41       41      H      -33.0124  -32.5152   25.7284
  QMMM:    42       42      C      -34.7201  -36.8873   21.9201
  QMMM:    43       43      C      -35.2190  -35.3864   21.7529
  QMMM:    44       44      O      -33.5348  -37.0595   22.3043
  QMMM:    45       45      O      -35.5419  -37.8051   21.6689
  QMMM:    46       46      O      -34.2826  -34.7668   20.8918
  QMMM:    47       47      C      -36.6239  -35.3123   21.1305
  QMMM:    48       48      C      -36.6098  -35.7154   19.6670
  QMMM:    49       49      H      -37.0223  -34.2682   21.2283
  QMMM:    50       50      H      -37.2945  -36.0084   21.6997
  QMMM:    51       51      C      -37.9563  -35.5180   19.0001
  QMMM:    52       52      H      -36.3031  -36.7944   19.6050
  QMMM:    53       53      H      -35.8329  -35.1139   19.1248
  QMMM:    54       54      C      -37.9207  -35.8662   17.5218
  QMMM:    55       55      H      -38.2819  -34.4507   19.1206
  QMMM:    56       56      H      -38.7232  -36.1550   19.5140
  QMMM:    57       57      C      -39.2521  -35.6134   16.8495
  QMMM:    58       58      H      -37.6424  -36.9450   17.3945
  QMMM:    59       59      H      -37.1268  -35.2572   17.0154
  QMMM:    60       60      C      -39.2585  -35.9780   15.3610
  QMMM:    61       61      H      -39.5263  -34.5325   16.9563
  QMMM:    62       62      H      -40.0447  -36.2207   17.3579
  QMMM:    63       63      O      -39.2214  -37.1979   15.0152
  QMMM:    64       64      O      -39.3523  -35.0431   14.5057

           --------- Calculation Completed ----------

