
Will write log file to "mm_opt.md.log".

Command line:  /software/orca/5.0.4/orca_5_0_4_linux_x86-64_openmpi411/orca_md mm_opt orca


    ################################################################
    ########    ORCA ab initio Molecular Dynamics Module    ########
    ########          and SANscript Interpreter             ########
    ########          Martin Brehm, 2016 - 2022             ########
    ########       https://brehm-research.de/orcamd         ########
    ################################################################


  * Compiled as ORCA module.
  * Called from ORCA.
  * Base name: "mm_opt"
  * Source code version: Jan 31 2022
  * Compiled at Mar  1 2023 11:25:12, compiler "Clang 12.0.0 (/home/frankw/CompEnv/src/llvm1200/llvm-project/clang d28af7c654d8db0b68c175db5ce212d74fb5e9bc)", LLVM, CLANG 12.0.0, Linux
  * Machine: x86_64, int=4b, long=8b, addr=8b, 0xA0B0C0D0=D0,C0,B0,A0.
  * Executable name: "/software/orca/5.0.4/orca_5_0_4_linux_x86-64_openmpi411/orca_md"
  * Running on qnode0229 at Wed Jul 24 13:14:06 2024 (PID 7510)
  * Running in /projects/b1039/wxk6447/INI-STRUCT-6/Out/4

Initializing SAN engine...

Started parsing input script.
Reading input file "mm_opt.mdinput" ...
204 Bytes read.
Tokenizing input...
Found 26 tokens in file.
Handling brackets...
Handling reference parentheses...
Handling keywords...
Handling operators...
Grouping commas...
Removing commas...
Handling variables...
Found unit "Bohr", converting 0.300000 Bohr to 0.158753 Angstrom...
Handling functions, iteration 1...
Handling functions, iteration 2...
Flattening tree...
Checking keyword syntax...
Finished parsing input script.

Initializing MD engine with interface "ORCA" ...


>>>>>>>>>>>>>>>>>>>>>>>>>>>>>>>>>>>>>>>>>>>>>>>>>>>>
>>>   Output of System Information (from ORCA)   >>>
>>>>>>>>>>>>>>>>>>>>>>>>>>>>>>>>>>>>>>>>>>>>>>>>>>>>


############################################
   Total Atom Count:           18668
   Total System Mass:       131414.1 a.m.u.
   Total Basis Dimension:          0
   Total Electron Number:          0
   Total Charge:                 -10
   Total Multiplicity:             1
  ------------------------------------------
   ReducePrint:                 true
   Print Mulliken Pop:             1
   Print Loewdin Pop:              1
   Print Mayer Pop:                1
   Print Orbital Energies:         1
############################################

<<<<<<<<<<<<<<<<<<<<<<<<<<<<<<<<<<<<<<<<<<<<<<<<<<<<
<<<          End of System Information           <<<
<<<<<<<<<<<<<<<<<<<<<<<<<<<<<<<<<<<<<<<<<<<<<<<<<<<<

Initializing regions...
  Found "mm_opt-active_atoms.tmp" file, reading active region data...
  Found "mm_opt-qm_atoms.tmp" file, reading QM region data...

Defined regions:
         all: 18668 atoms
          mm: 18668 atoms
      active:   393 atoms
    inactive: 18275 atoms


######################################################
########        Executing Input Script        ########
######################################################

Execution verbose level is 2.



>>>>>> Dump Position, Stride, 1, Filename, "mm_opt_trj.dcd", Replace

Modified writing position trajectory for region "all": Format DCD, stride 1, filename "mm_opt_trj.dcd", replace.


>>>>>> Minimize LBFGS, StepLimit, 0.30, MaxGrad, 4.9615, RMSGrad, 0.9923, Steps, 1000

Starting minimization loop with L-BFGS method:
    Max. Steps:             1000
    L-BFGS History:         20
    RMS(Grad) Convergence:  0.9923 kJ/mol/Angstrom
    Max(Grad) Convergence:  4.9615 kJ/mol/Angstrom
    Step Limit:             0.159 Angstrom
    Random Displacement:    disabled


Dump: Will write Position data of region "all" in DCD format with stride 1 to "mm_opt_trj.dcd" (replace).

Defined regions:
         all: 18668 atoms
          mm: 18668 atoms
      active:   393 atoms
    inactive: 18275 atoms

Will write restart file to "mm_opt.mdrestart" after each step.
Will write energy statistics to "mm_opt-minimize-ener.csv" after each step.


The system contains 1179 active degrees of freedom (393 active atoms * 3).

This is a 1179-dimensional optimization problem.

Allocating 527.55 KiB of memory for L-BFGS working space...



            |  t_SCF | t_Grad |     Temp |           E_Pot |      Delta E |    RMS(Grad) |    Max(Grad) |  Max(Step)
       Step |    [s] |    [s] |      [K] |       [Hartree] |    [Hartree] | [kJ/(mol*A)] | [kJ/(mol*A)] | [Angstrom]
------------|--------|--------|----------|-----------------|--------------|--------------|--------------|--------------
          1      2.7      0.0                 -25.57262648                                                          
          2      2.7      0.0                 -25.58971633    -0.01708985       169.1097       774.4839     0.003098
          3      2.7      0.0                 -25.93307883    -0.34336250        51.1418       247.6836     0.113366
          4      2.7      0.0                 -25.93733752    -0.00425868        59.3568       363.9343     0.014369
          5      2.8      0.1                 -25.98500482    -0.04766730        43.2933       203.1991     0.039169
          6      2.7      0.0                 -26.02319886    -0.03819404        57.9390       323.5487     0.080274
          7      2.8      0.0                 -26.07106314    -0.04786428        42.6643       266.7400     0.069005
          8      2.7      0.0                 -26.07255604    -0.00149289        50.6003       366.1042     0.014735
          9      2.8      0.1                 -26.10285938    -0.03030334        34.5988       204.2238     0.044625
         10      2.8      0.0                 -26.12167803    -0.01881865        41.1630       232.6788     0.074449
         11      2.8      0.0                 -26.14547862    -0.02380059        28.4607       158.0587     0.041933
         12      2.8      0.0                 -26.14840237    -0.00292375        36.7516       325.5134     0.020919
         13      2.7      0.1                 -26.16444118    -0.01603881        23.0287        97.2754     0.036904
         14      2.8      0.0                 -26.16623364    -0.00179246        29.8805       212.3186     0.017157
         15      2.8      0.0                 -26.17758479    -0.01135115        23.3207        93.2409     0.027889
         16      2.9      0.0                 -26.18769673    -0.01011194        33.0681       250.7105     0.061415
         17      2.8      0.0                 -26.20342619    -0.01572946        22.5114       102.8365     0.041127
         18      2.9      0.1                 -26.20466956    -0.00124337        28.3859       148.9252     0.015280
         19      2.8      0.0                 -26.21564828    -0.01097873        19.5595        91.8117     0.029161
         20      2.8      0.0                 -26.21999665    -0.00434836        26.3648       122.6636     0.033387
         21      2.8      0.0                 -26.23055348    -0.01055683        18.4732        67.3207     0.038587
         22      2.8      0.1                 -26.23343515    -0.00288166        25.8587       133.1370     0.033772
         23      2.7      0.0                 -26.24314825    -0.00971310        16.5523        65.3354     0.035167
         24      2.7      0.0                 -26.24604290    -0.00289465        21.2732        98.5039     0.032696
         25      2.9      0.0                 -26.25319616    -0.00715326        15.6078        80.6107     0.043762
         26      2.7      0.1                 -26.25413028    -0.00093412        20.4740       143.9942     0.023379
         27      2.7      0.0                 -26.25990524    -0.00577496        17.6475        97.4474     0.025669
         28      2.7      0.0                 -26.26002568    -0.00012044        19.4280       135.7255     0.004300
         29      2.8      0.0                 -26.26590917    -0.00588349        17.4838        94.8076     0.061168
         30      2.7      0.0                 -26.27202526    -0.00611609        14.2612        66.5140     0.028624
         31      2.8      0.1                 -26.27459668    -0.00257142        20.6451        94.8531     0.034341
         32      2.7      0.0                 -26.28164795    -0.00705127        14.8283        71.1505     0.050093
         33      2.7      0.0                 -26.28216588    -0.00051794        18.1871        91.7943     0.017949
         34      2.8      0.0                 -26.28728015    -0.00511427        12.3977        52.2910     0.019222
         35      2.7      0.1                 -26.28831467    -0.00103452        16.2414        72.4371     0.013391
         36      2.8      0.0                 -26.29349715    -0.00518247        13.7677        54.7665     0.062235
         37      2.8      0.0                 -26.29433005    -0.00083290        18.3697       104.2604     0.041286
         38      2.7      0.0                 -26.30025937    -0.00592933        14.1094        55.9148     0.030943
         39      2.9      0.1                 -26.30073909    -0.00047972        17.7190        75.6747     0.011694
         40      2.8      0.0                 -26.30558236    -0.00484327        12.8378        47.2751     0.042612
         41      2.9      0.0                 -26.30651153    -0.00092917        17.6294        64.1520     0.028999
         42      2.8      0.0                 -26.31119842    -0.00468689        12.8571        53.6406     0.026601
         43      2.9      0.0                 -26.31311512    -0.00191670        17.9535        85.8711     0.031525
         44      3.0      0.1                 -26.31795896    -0.00484384        13.9282        64.1648     0.072476
         45      2.7      0.0                 -26.31813558    -0.00017662        16.4178        92.4610     0.018557
         46      2.7      0.0                 -26.32218132    -0.00404574        14.0292        58.0558     0.020303
         47      2.7      0.0                 -26.32237188    -0.00019056        16.0389        68.6340     0.005499
         48      2.7      0.0                 -26.32754873    -0.00517685        13.0307        49.3273     0.059717
         49      2.8      0.0                 -26.32825342    -0.00070469        18.2459       123.0126     0.035726
         50      2.8      0.0                 -26.33296043    -0.00470701        12.0212        51.4503     0.030751
         51      2.8      0.0                 -26.33366859    -0.00070816        15.3789        64.7927     0.017498
         52      2.8      0.1                 -26.33732633    -0.00365773        11.7390        59.4215     0.046282
         53      2.7      0.0                 -26.33798130    -0.00065497        16.1515       111.4093     0.031546
         54      2.7      0.0                 -26.34171193    -0.00373064        12.2660        55.3331     0.026609
         55      2.7      0.0                 -26.34218750    -0.00047557        15.3459        77.1917     0.013524
         56      2.9      0.0                 -26.34620363    -0.00401612        13.4562        72.1489     0.084648
         57      2.7      0.0                 -26.34638685    -0.00018323        16.2287        92.1003     0.027424
         58      2.7      0.0                 -26.35078697    -0.00440011        13.0647        65.9685     0.039608
         59      2.7      0.0                 -26.35113395    -0.00034698        16.0205        80.5991     0.014783
         60      2.8      0.0                 -26.35520893    -0.00407498        12.4018        76.3292     0.080329
         61      2.9      0.1                 -26.35559223    -0.00038330        15.5951        94.9356     0.036740
         62      2.7      0.0                 -26.35960452    -0.00401229        11.6936        54.8052     0.037066
         63      2.7      0.0                 -26.36031855    -0.00071403        15.5630        74.6420     0.023925
         64      2.7      0.0                 -26.36430838    -0.00398983        13.9809        81.9037     0.118837
         65      2.9      0.1                 -26.36434519    -0.00003681        15.1500       104.1601     0.016093
         66      2.8      0.0                 -26.36860041    -0.00425522        13.6457        50.4704     0.046446
         67      2.9      0.0                 -26.37194114    -0.00334073        11.4814        74.9122     0.085266
         68      2.7      0.0                 -26.37204280    -0.00010166        13.1270        96.4070     0.019178
         69      2.8      0.0                 -26.37508686    -0.00304407         9.5435        33.9173     0.025831
         70      2.7      0.1                 -26.37524448    -0.00015762        11.1589        48.8670     0.007393
         71      2.8      0.0                 -26.37763341    -0.00238892         9.7339        44.8973     0.081671
         72      2.8      0.0                 -26.37767716    -0.00004375        10.9471        59.4733     0.014001
         73      2.7      0.0                 -26.37963209    -0.00195494         8.9705        38.9856     0.022400
         74      2.9      0.1                 -26.37966090    -0.00002881         9.7880        44.3179     0.003070
         75      2.8      0.0                 -26.38137561    -0.00171471         8.1929        33.7774     0.054546
         76      2.8      0.0                 -26.38141761    -0.00004200         9.2581        45.6356     0.010408
         77      2.7      0.0                 -26.38293234    -0.00151473         6.8057        22.1982     0.014654
         78      2.8      0.1                 -26.38314656    -0.00021422         8.8723        37.5836     0.007969
         79      2.7      0.0                 -26.38440232    -0.00125576         6.6148        27.7660     0.037123
         80      2.7      0.0                 -26.38452994    -0.00012762         8.3850        54.0877     0.016528
         81      2.7      0.0                 -26.38566546    -0.00113552         6.3702        28.0569     0.013528
         82      3.0      0.0                 -26.38591002    -0.00024456         8.6866        62.0140     0.009848
         83      2.7      0.2                 -26.38712769    -0.00121767         6.2631        20.0292     0.032430
         84      2.8      0.0                 -26.38734074    -0.00021305         8.2846        40.2158     0.020737
         85      2.8      0.0                 -26.38838254    -0.00104179         5.8945        20.6311     0.019609
         86      2.7      0.0                 -26.38854442    -0.00016188         7.7606        40.6452     0.011358
         87      2.7      0.1                 -26.38948049    -0.00093606         5.7538        21.6990     0.025172
         88      2.7      0.0                 -26.38980685    -0.00032636         8.0802        39.2088     0.026298
         89      2.7      0.0                 -26.39083705    -0.00103020         5.7753        21.8490     0.019195
         90      2.8      0.0                 -26.39103916    -0.00020210         7.6212        26.6456     0.013069
         91      2.8      0.1                 -26.39199418    -0.00095502         5.8154        22.6627     0.039329
         92      2.8      0.0                 -26.39210985    -0.00011567         7.3423        32.3762     0.019857
         93      2.7      0.0                 -26.39311126    -0.00100141         5.6826        20.0518     0.013281
         94      2.8      0.0                 -26.39328991    -0.00017866         7.4987        29.6825     0.008487
         95      2.5      0.0                 -26.39429900    -0.00100908         5.5223        19.2123     0.038719
         96      2.7      0.1                 -26.39442909    -0.00013009         7.1715        30.2938     0.020182
         97      2.7      0.0                 -26.39528792    -0.00085883         5.1644        18.4504     0.016917
         98      2.7      0.0                 -26.39545113    -0.00016321         7.1145        33.4746     0.011260
         99      2.8      0.0                 -26.39618082    -0.00072969         5.0988        20.6146     0.017251
        100      2.9      0.1                 -26.39635181    -0.00017099         6.8719        36.3924     0.013378
        101      2.7      0.0                 -26.39703104    -0.00067923         4.9559        20.1964     0.012912
        102      2.7      0.0                 -26.39718690    -0.00015586         6.6096        40.5626     0.009842
        103      2.8      0.0                 -26.39786814    -0.00068123         4.7715        14.5641     0.022685
        104      2.9      0.1                 -26.39803264    -0.00016451         6.3856        25.8247     0.018086
        105      2.7      0.0                 -26.39870403    -0.00067139         4.6867        15.8993     0.013263
        106      2.7      0.0                 -26.39884410    -0.00014007         6.2516        32.1061     0.009438
        107      2.8      0.0                 -26.39951239    -0.00066829         4.4365        14.3420     0.024207
        108      2.7      0.0                 -26.39964457    -0.00013218         5.7926        26.2904     0.016905
        109      2.8      0.1                 -26.40023462    -0.00059004         4.5177        22.4555     0.014101
        110      2.8      0.0                 -26.40029659    -0.00006197         5.7808        43.6028     0.006288
        111      2.8      0.0                 -26.40083317    -0.00053658         4.3827        19.4408     0.022032
        112      2.7      0.0                 -26.40091821    -0.00008504         5.8260        28.1969     0.013099
        113      2.7      0.1                 -26.40144854    -0.00053033         4.1886        17.2051     0.012268
        114      2.8      0.0                 -26.40158560    -0.00013706         5.4612        19.3267     0.010175
        115      2.9      0.0                 -26.40215438    -0.00056878         4.0766        13.0384     0.030800
        116      2.7      0.0                 -26.40226046    -0.00010608         5.3440        22.3540     0.020693
        117      2.8      0.1                 -26.40276090    -0.00050044         4.2988        17.1784     0.018657
        118      2.7      0.0                 -26.40278361    -0.00002271         5.1670        18.5146     0.004917
        119      2.7      0.0                 -26.40322654    -0.00044293         3.8588        13.2420     0.023316
        120      2.7      0.0                 -26.40344240    -0.00021586         5.6626        23.3760     0.031490
        121      2.8      0.2                 -26.40397253    -0.00053013         3.8455        12.8215     0.021744
        122      2.8      0.0                 -26.40407398    -0.00010145         5.1210        18.5103     0.014552
        123      2.8      0.0                 -26.40451465    -0.00044067         3.7598        13.6704     0.022277
        124      2.8      0.0                 -26.40466565    -0.00015100         5.5187        21.1676     0.022806
        125      2.8      0.0                 -26.40514463    -0.00047898         3.9962        18.5571     0.023826
        126      2.7      0.1                 -26.40532747    -0.00018284         5.7101        28.5141     0.026510
        127      2.7      0.0                 -26.40584576    -0.00051829         4.3110        16.4611     0.026402
        128      2.9      0.0                 -26.40602064    -0.00017488         6.4897        50.5293     0.026680
        129      2.7      0.0                 -26.40660730    -0.00058666         4.5027        18.6630     0.037214
        130      2.8      0.1                 -26.40678616    -0.00017885         6.0760        34.0619     0.035464
        131      2.8      0.0                 -26.40733050    -0.00054434         4.3161        13.1063     0.015272
        132      2.7      0.0                 -26.40744291    -0.00011241         5.4232        23.3277     0.010796
        133      2.7      0.0                 -26.40784791    -0.00040500         6.0323        42.5015     0.080554
        134      2.7      0.1                 -26.40787040    -0.00002248         5.2630        29.1868     0.016902
        135      2.8      0.0                 -26.40853555    -0.00066515         5.6448        24.6361     0.022455
        136      2.7      0.0                 -26.40906667    -0.00053112         4.1871        13.1812     0.040435
        137      2.8      0.0                 -26.40908657    -0.00001991         4.8686        22.2811     0.009776
        138      2.7      0.0                 -26.40949425    -0.00040768         3.5469        11.6779     0.012251
        139      2.7      0.1                 -26.40954214    -0.00004789         4.4391        15.9109     0.005887
        140      2.8      0.0                 -26.40990356    -0.00036141         3.3782        12.7220     0.026143
        141      2.9      0.0                 -26.40996656    -0.00006300         4.4251        17.4415     0.016823
        142      2.7      0.0                 -26.41033012    -0.00036356         3.1681        10.7076     0.011044
        143      2.7      0.1                 -26.41038802    -0.00005790         4.1712        14.7692     0.006506
        144      2.8      0.0                 -26.41068231    -0.00029429         3.0370         9.1915     0.014083
        145      2.8      0.0                 -26.41072411    -0.00004180         4.0304        15.3495     0.007708
        146      2.8      0.0                 -26.41097777    -0.00025366         2.8093         9.2079     0.008404
        147      2.8      0.1                 -26.41104027    -0.00006250         3.7095        14.6095     0.006730
        148      2.8      0.0                 -26.41125523    -0.00021496         2.4666         8.8398     0.017648
        149      2.8      0.0                 -26.41127111    -0.00001587         2.9226        10.6724     0.006343
        150      2.7      0.0                 -26.41142840    -0.00015730         2.3760         9.3978     0.010734
        151      2.7      0.0                 -26.41145213    -0.00002373         3.0115        13.4566     0.006116
        152      2.7      0.1                 -26.41164205    -0.00018992         2.4747        11.2781     0.017744
        153      2.8      0.0                 -26.41165528    -0.00001323         3.0287        15.6969     0.006210
        154      2.8      0.0                 -26.41182460    -0.00016932         2.2904         9.5942     0.008347
        155      2.8      0.0                 -26.41184504    -0.00002044         2.9638        14.1811     0.004084
        156      2.7      0.0                 -26.41199898    -0.00015394         2.2281         9.4801     0.012052
        157      2.8      0.0                 -26.41202942    -0.00003044         3.0472        15.5167     0.008343
        158      2.8      0.0                 -26.41218689    -0.00015747         2.1908        10.4441     0.009892
        159      2.7      0.0                 -26.41223783    -0.00005094         3.0678        15.7856     0.009686
        160      2.8      0.1                 -26.41239949    -0.00016166         2.1978        10.6415     0.013708
        161      2.8      0.0                 -26.41244399    -0.00004450         3.1243        12.0829     0.011927
        162      2.8      0.0                 -26.41260371    -0.00015972         2.2878        11.4989     0.014722
        163      2.7      0.0                 -26.41266368    -0.00005998         3.3622        14.1813     0.016134
        164      2.8      0.0                 -26.41284370    -0.00018001         2.4013        12.2136     0.016905
        165      2.7      0.1                 -26.41291157    -0.00006787         3.4273        12.8645     0.018591
        166      2.9      0.0                 -26.41310433    -0.00019276         2.5405        13.4598     0.020464
        167      2.8      0.0                 -26.41317464    -0.00007031         3.7914        19.4798     0.022003
        168      2.8      0.0                 -26.41340007    -0.00022543         2.8086        14.6290     0.023645
        169      2.7      0.1                 -26.41350443    -0.00010436         4.2574        20.3390     0.030852
        170      2.7      0.0                 -26.41378556    -0.00028113         3.1723        20.2422     0.032412
        171      2.7      0.0                 -26.41389653    -0.00011097         4.7873        38.2591     0.039528
        172      2.7      0.0                 -26.41411963    -0.00022310         4.6613        50.3842     0.011346
        173      2.7      0.1                 -26.41412286    -0.00000323         4.3114        42.2646     0.001212
        174      2.7      0.0                 -26.41438718    -0.00026432         6.5332        64.4002     0.100171
        175      2.7      0.0                 -26.41443749    -0.00005031         4.0324        24.3220     0.036166
        176      2.7      0.0                 -26.41444393    -0.00000644         4.5432        32.8208     0.009500
        177      2.8      0.0                 -26.41474739    -0.00030346         3.9333        34.4553     0.032431
        178      2.7      0.1                 -26.41491668    -0.00016929         6.0705        52.0194     0.050857
        179      2.8      0.0                 -26.41536669    -0.00045001         3.8034        18.6640     0.016709
        180      2.7      0.0                 -26.41540255    -0.00003586         4.5977        29.0797     0.006275
        181      2.8      0.0                 -26.41557536    -0.00017281         8.4845       108.4007     0.103677
        182      2.8      0.1                 -26.41566062    -0.00008526         5.1424        43.0792     0.047962
        183      2.8      0.0                 -26.41567273    -0.00001211         5.8365        58.9565     0.013294
        184      2.7      0.0                 -26.41610110    -0.00042836         4.9353        35.9724     0.033813
        185      2.7      0.0                 -26.41611265    -0.00001155         5.5807        47.9184     0.006622
        186      2.7      0.0                 -26.41650095    -0.00038830         4.6709        43.0975     0.041432
        187      2.8      0.0                 -26.41664251    -0.00014156         7.0322        82.1993     0.053257
        188      2.7      0.0                 -26.41665131    -0.00000879         6.2478        71.9767     0.011292
        189      2.8      0.0                 -26.41703945    -0.00038815         5.1715        42.6336     0.009044
        190      2.7      0.0                 -26.41704840    -0.00000895         4.6068        30.4038     0.001181
        191      2.8      0.1                 -26.41748293    -0.00043453         4.9645        39.3924     0.075506
        192      2.8      0.0                 -26.41748963    -0.00000670         5.8641        55.6703     0.015431
        193      2.8      0.0                 -26.41792753    -0.00043790         3.9038        31.4199     0.019566
        194      2.7      0.0                 -26.41803515    -0.00010762         4.8875        19.5330     0.015767
        195      2.7      0.1                 -26.41838836    -0.00035321         3.6137        21.5580     0.032864
        196      2.7      0.0                 -26.41846541    -0.00007705         5.0130        30.6428     0.024855
        197      2.8      0.0                 -26.41878503    -0.00031962         3.2903        12.6158     0.009477
        198      2.7      0.0                 -26.41887887    -0.00009384         4.2505        27.5082     0.008648
        199      2.8      0.1                 -26.41907768    -0.00019881         5.8325        66.3783     0.071392
        200      2.7      0.0                 -26.41910076    -0.00002308         4.4518        37.5577     0.020583
        201      2.7      0.0                 -26.41941134    -0.00031058         3.3260        13.2450     0.017979
        202      2.8      0.0                 -26.41941835    -0.00000701         3.7361        16.5132     0.003147
        203      2.7      0.0                 -26.41963652    -0.00021816         2.8628        15.4511     0.024029
        204      2.7      0.0                 -26.41969291    -0.00005640         3.9357        26.3828     0.020475
        205      2.7      0.0                 -26.41991000    -0.00021709         2.4834         9.5329     0.004554
        206      2.7      0.0                 -26.41995096    -0.00004095         3.1716        19.4737     0.003017
        207      2.8      0.0                 -26.42011519    -0.00016423         2.2189         8.2710     0.024784
        208      2.8      0.1                 -26.42015274    -0.00003756         3.0898        17.6949     0.019887
        209      2.8      0.0                 -26.42029752    -0.00014477         2.0600         7.5349     0.003712
        210      2.7      0.0                 -26.42033960    -0.00004208         2.7830        14.8334     0.003356
        211      2.7      0.0                 -26.42046304    -0.00012344         1.9526         7.4415     0.019235
        212      2.8      0.0                 -26.42048802    -0.00002498         2.5882        12.9344     0.013762
        213      2.8      0.0                 -26.42059282    -0.00010480         1.8672         7.8979     0.004278
        214      2.7      0.0                 -26.42060765    -0.00001483         2.4213        16.3710     0.002328
        215      2.8      0.0                 -26.42069083    -0.00008318         1.7874         5.4086     0.017833
        216      2.7      0.0                 -26.42069795    -0.00000712         2.2102        11.2908     0.007144
        217      2.8      0.0                 -26.42077051    -0.00007256         1.5583         5.8558     0.004134
        218      2.8      0.0                 -26.42078194    -0.00001143         2.0192        10.4921     0.002419
        219      2.8      0.0                 -26.42084517    -0.00006323         1.4004         5.1584     0.008533
        220      2.8      0.0                 -26.42086611    -0.00002094         1.9332         8.1034     0.008527
        221      2.8      0.1                 -26.42092338    -0.00005727         1.2982         4.7515     0.004980
        222      2.8      0.0                 -26.42093863    -0.00001526         1.7444         6.8585     0.004222
        223      2.8      0.0                 -26.42098555    -0.00004691         1.2165         3.3438     0.004163
        224      2.7      0.0                 -26.42099646    -0.00001091         1.6891         6.3953     0.003198
        225      2.7      0.1                 -26.42103887    -0.00004241         1.1702         4.4171     0.004776
        226      2.8      0.0                 -26.42105539    -0.00001652         1.5885         6.3669     0.005379
        227      2.7      0.0                 -26.42109347    -0.00003808         1.0557         3.2884     0.004569
        228      2.9      0.0                 -26.42109925    -0.00000578         1.3908         6.5782     0.002602
        229      2.8      0.1                 -26.42112709    -0.00002784         0.9491         2.9155     0.002601


The minimization has converged.


>>> Timing data >>>
    Minimization loop was running for 658.418 seconds ( 0:10:58.418 h:m:s).
    Performance: 2.875 seconds/step.
    Time spent within the MD module (overhead): 20.170 seconds (3.0634 % of total time).
<<< Timing data <<<


Finished minimization loop.



>>>>>> Dump Position, Format, PDB, Stride, 0, Filename, "mm_opt.pdb", Replace

Writing a single position snapshot for region "all": Format PDB, filename "mm_opt.pdb", replace.


###############################################################
########        Finished Executing Input Script        ########
###############################################################


    3 function calls, 0 operator calls, 27 evaluated expressions.


Timings for individual modules during the MD run:

MM module                       ...      635.227 sec (=  10.587 min) 100.0 %
Self time inside of MD module   ...       23.190 sec (=   0.386 min)   3.5 %

Sum of individual times         ...      658.416 sec (=  10.974 min)

Total wall time of MD module    ...      661.329 sec (=  11.022 min)
             --> "dark time"    ...        2.912 sec (=   0.049 min)   0.4 %

( The "dark time" is spent in the ORCA-internal routines for energy and gradient calculation,
  but not inside of the sub-programs which do so. It contains operating system overhead for
  spawning new processes in each MD step and some file IO time. )



    #########################################################
    ####    ORCA ab initio Molecular Dynamics leaving    ####
    ####           Martin Brehm, 2016 - 2022             ####
    ####        https://brehm-research.de/orcamd         ####
    #########################################################

