            --------------------------------------------------------
                             AMBER SQM VERSION 19
 
                                     By
              Ross C. Walker, Michael F. Crowley, Scott Brozell,
                         Tim Giese, Andreas W. Goetz,
                        Tai-Sung Lee and David A. Case
 
            --------------------------------------------------------
 

--------------------------------------------------------------------------------
  QM CALCULATION INFO
--------------------------------------------------------------------------------

| QMMM: Citation for AMBER QMMM Run:
| QMMM: R.C. Walker, M.F. Crowley and D.A. Case, J. COMP. CHEM. 29:1019, 2008

QMMM: SINGLET STATE CALCULATION
QMMM: RHF CALCULATION, NO. OF DOUBLY OCCUPIED LEVELS = 97

| QMMM: *** Selected Hamiltonian *** 
| QMMM: AM1         

| QMMM: *** Parameter sets in use ***
| QMMM: S : M.J.S.DEWAR et al. INORG. CHEM., 29, 3881, (1990)
| QMMM: C : M.J.S.DEWAR et al. JACS, 107, 3902, (1985)
| QMMM: N : M.J.S.DEWAR et al. JACS, 107, 3902, (1985)
| QMMM: O : M.J.S.DEWAR et al. JACS, 107, 3902, (1985)
| QMMM: P : M.J.S.DEWAR et al. THEOCHEM, 187,1, (1989)
| QMMM: H : M.J.S.DEWAR et al. JACS, 107, 3902, (1985)

| QMMM: *** SCF convergence criteria ***
| QMMM: Energy change                :  0.1D-09 kcal/mol
| QMMM: Error matrix |FP-PF|         :  0.1D+00 au
| QMMM: Density matrix change        :  0.5D-06
| QMMM: Maximum number of SCF cycles :     1000

| QMMM: *** Diagonalization Routine Information ***
| QMMM: Pseudo diagonalizations are allowed.
| QMMM: Auto diagonalization routine selection is in use.
| QMMM:
| QMMM: Timing diagonalization routines:
| QMMM:                              norbs =      157
| QMMM:    diag iterations used for timing =        5
| QMMM:
| QMMM:              Internal diag routine = 0.032257 seconds
| QMMM:                 Dspev diag routine = 0.032792 seconds
| QMMM:                Dspevd diag routine = 0.021942 seconds
| QMMM:                Dspevx diag routine = 0.114146 seconds
| QMMM:                 Dsyev diag routine = 0.032752 seconds
| QMMM:                Dsyevd diag routine = 0.024152 seconds
| QMMM:                Dsyevr diag routine = 0.024849 seconds
| QMMM:
| QMMM:                Pseudo diag routine = 0.013010 seconds
| QMMM:
| QMMM: Using dspevd routine (diag_routine=3).

  QMMM: QM Region Cartesian Coordinates (*=link atom) 
  QMMM: QM_NO.   MM_NO.  ATOM         X         Y         Z
  QMMM:     1        1      S      -36.3230  -34.6810   24.2950
  QMMM:     2        2      C      -34.9450  -35.2240   23.4370
  QMMM:     3        3      N      -33.8270  -34.9430   24.1300
  QMMM:     4        4      C      -34.0480  -34.4030   25.4050
  QMMM:     5        5      C      -35.3790  -34.2180   25.6950
  QMMM:     6        6      C      -35.9910  -33.8260   27.0090
  QMMM:     7        7      C      -36.3560  -32.3460   27.2040
  QMMM:     8        8      O      -36.7330  -32.1670   28.5530
  QMMM:     9        9      P      -37.9460  -31.0730   28.8720
  QMMM:    10       10      P      -39.9240  -33.3160   28.4880
  QMMM:    11       11      N      -30.0550  -32.1620   23.6090
  QMMM:    12       12      O      -37.6780  -29.7330   28.2890
  QMMM:    13       13      O      -40.1100  -33.2480   30.0580
  QMMM:    14       14      C      -30.6350  -31.3410   22.7120
  QMMM:    15       15      O      -38.0710  -31.1200   30.4170
  QMMM:    16       16      O      -38.8680  -34.3750   28.0700
  QMMM:    17       17      N      -31.7610  -31.6030   22.0610
  QMMM:    18       18      O      -39.2130  -31.7800   28.1710
  QMMM:    19       19      O      -41.1470  -33.3680   27.6390
  QMMM:    20       20      C      -32.4060  -32.7850   22.2680
  QMMM:    21       21      N      -33.5310  -33.0070   21.5900
  QMMM:    22       22      C      -31.8580  -33.7270   23.2130
  QMMM:    23       23      C      -30.6860  -33.3280   23.8310
  QMMM:    24       24      C      -32.4550  -35.0660   23.5700
  QMMM:    25       25      C      -29.9750  -30.0220   22.4260
  QMMM:    26       26      C      -32.9010  -34.2010   26.3350
  QMMM:    27       27      H      -36.9120  -34.3970   27.2190
  QMMM:    28       28      H      -35.2710  -34.0890   27.8040
  QMMM:    29       29      H      -35.4920  -31.6960   26.9770
  QMMM:    30       30      H      -37.1730  -32.0700   26.5100
  QMMM:    31       31      H      -33.8450  -32.2780   20.9510
  QMMM:    32       32      H      -33.8620  -34.0170   21.4290
  QMMM:    33       33      H      -30.2180  -33.9990   24.5650
  QMMM:    34       34      H      -32.5390  -35.7470   22.7140
  QMMM:    35       35      H      -31.8220  -35.5530   24.3280
  QMMM:    36       36      H      -29.8780  -29.4340   23.3510
  QMMM:    37       37      H      -30.5490  -29.4490   21.6850
  QMMM:    38       38      H      -28.9520  -30.1750   22.0480
  QMMM:    39       39      H      -32.3260  -35.1380   26.4430
  QMMM:    40       40      H      -33.2730  -33.9010   27.3240
  QMMM:    41       41      H      -32.2110  -33.4180   25.9810
  QMMM:    42       42      C      -34.7120  -37.5460   22.4390
  QMMM:    43       43      C      -35.0050  -35.9810   22.0980
  QMMM:    44       44      O      -33.4610  -37.8290   22.5300
  QMMM:    45       45      O      -35.6570  -38.3300   22.5410
  QMMM:    46       46      O      -34.0540  -35.5080   21.2460
  QMMM:    47       47      C      -36.4000  -35.8230   21.4870
  QMMM:    48       48      C      -36.9550  -36.9990   20.7430
  QMMM:    49       49      H      -36.3700  -34.9800   20.7880
  QMMM:    50       50      H      -37.0880  -35.5990   22.3120
  QMMM:    51       51      O      -38.2620  -36.8260   20.4210
  QMMM:    52       52      O      -36.3510  -38.0010   20.4040

--------------------------------------------------------------------------------
  RESULTS
--------------------------------------------------------------------------------

      iter         sqm energy              rms gradient
      ----    -------------------    -----------------------
xmin    10     -259.7482 kcal/mol        2.1065 kcal/(mol*A)
xmin    20     -270.5371 kcal/mol        0.8611 kcal/(mol*A)
xmin    30     -272.0938 kcal/mol        0.7516 kcal/(mol*A)
xmin    40     -272.5649 kcal/mol        0.2434 kcal/(mol*A)
xmin    50     -275.1385 kcal/mol        1.2878 kcal/(mol*A)
xmin    60     -279.8398 kcal/mol        0.4418 kcal/(mol*A)
xmin    70     -282.2655 kcal/mol        0.6416 kcal/(mol*A)
xmin    80     -283.4206 kcal/mol        0.2906 kcal/(mol*A)
xmin    90     -284.5359 kcal/mol        0.1804 kcal/(mol*A)
xmin   100     -285.1532 kcal/mol        0.2692 kcal/(mol*A)
xmin   110     -285.3789 kcal/mol        0.2470 kcal/(mol*A)
xmin   120     -285.5448 kcal/mol        0.1319 kcal/(mol*A)
xmin   130     -285.6569 kcal/mol        0.2205 kcal/(mol*A)
xmin   140     -285.7483 kcal/mol        0.1933 kcal/(mol*A)
xmin   150     -285.7686 kcal/mol        0.0361 kcal/(mol*A)
xmin   160     -285.7705 kcal/mol        0.0091 kcal/(mol*A)
xmin   170     -285.7708 kcal/mol        0.0030 kcal/(mol*A)
xmin   180     -285.7708 kcal/mol        0.0012 kcal/(mol*A)
  ... geometry converged !
 
 Final MO eigenvalues (eV):
 -31.4465  -29.7191  -28.8147  -26.8024  -26.2229  -25.8936  -25.3219  -24.3473
 -23.8199  -23.4492  -22.9408  -21.8624  -20.7775  -20.6297  -20.5897  -20.0141
 -19.3382  -19.0428  -18.1343  -17.8175  -17.4064  -17.3999  -16.7776  -15.2700
 -13.7664  -13.3241  -12.3684  -11.5864  -10.7133   -9.5404   -9.3592   -8.7257
  -8.4954   -7.5966   -7.2059   -6.8201   -6.6850   -6.1728   -6.0248   -5.9219
  -5.6629   -5.1018   -4.9912   -4.9010   -4.7767   -4.6855   -4.5765   -4.4232
  -4.3267   -4.2651   -4.0754   -3.8099   -3.6847   -3.5741   -3.3602   -3.2628
  -3.1984   -3.0084   -2.7949   -2.4566   -2.1986   -2.1219   -2.0638   -1.8830
  -1.7163   -1.3559   -1.0304   -0.7599   -0.6259   -0.5185   -0.3869   -0.3662
  -0.0595    0.0992    0.4743    0.6885    0.8177    0.9661    0.9891    1.0288
   1.0873    1.3089    1.6247    1.6294    2.0023    2.1172    2.5169    2.6192
   2.8220    3.1735    3.2559    3.7220    4.4893    4.5006    4.5526    4.6417
   4.6436    9.1557    9.7784   10.0947   10.2371   10.4729   11.0236   11.2090
  12.5125   12.5522   12.6293   12.8351   12.9959   13.1621   13.3453   13.5683
  13.5959   13.7111   13.7778   13.8054   13.9399   14.0966   14.1446   14.2574
  14.3158   14.3673   14.4541   14.5236   14.5303   14.6509   14.7888   14.9605
  15.0554   15.1071   15.1464   15.1582   15.2743   15.3519   15.4763   15.5485
  15.6386   15.7698   16.1310   16.2626   16.3264   16.5317   17.0252   17.1235
  17.3888   17.9311   18.1873   18.4957   19.2197   19.2412   19.2466   20.2770
  21.1797   22.1531   22.6691   23.5601   23.5731

 Heat of formation   =       -285.77079629 kcal/mol  (      -12.39195162 eV)

 Total SCF energy    =    -170642.50629867 kcal/mol  (    -7399.61434017 eV)
 Electronic energy   =   -1293322.48237721 kcal/mol  (   -56082.67127953 eV)
 Core-core repulsion =    1122679.97607853 kcal/mol  (    48683.05693936 eV)
 
    Atomic Charges for Step       1 :
  Atom    Element       Mulliken Charge
     1      S                  0.727
     2      C                 -0.271
     3      N                 -0.024
     4      C                 -0.067
     5      C                 -0.359
     6      C                 -0.172
     7      C                  0.098
     8      O                 -0.724
     9      P                  2.684
    10      P                  2.659
    11      N                 -0.349
    12      O                 -1.245
    13      O                 -1.283
    14      C                  0.043
    15      O                 -1.246
    16      O                 -1.283
    17      N                 -0.373
    18      O                 -1.274
    19      O                 -1.289
    20      C                  0.131
    21      N                 -0.416
    22      C                 -0.304
    23      C                  0.007
    24      C                  0.015
    25      C                 -0.139
    26      C                 -0.165
    27      H                  0.108
    28      H                  0.131
    29      H                  0.074
    30      H                 -0.011
    31      H                  0.083
    32      H                  0.230
    33      H                  0.149
    34      H                  0.128
    35      H                  0.183
    36      H                  0.063
    37      H                  0.054
    38      H                  0.052
    39      H                  0.096
    40      H                  0.106
    41      H                  0.109
    42      C                  0.350
    43      C                  0.077
    44      O                 -0.549
    45      O                 -0.563
    46      O                 -0.323
    47      C                 -0.243
    48      C                  0.341
    49      H                  0.060
    50      H                  0.127
    51      O                 -0.596
    52      O                 -0.618
 Total Mulliken Charge =      -5.000
 
                  X        Y        Z     TOTAL  
  QM DIPOLE   887.175  812.950 -633.314 1359.799
 
 Final Structure

  QMMM: QM Region Cartesian Coordinates (*=link atom) 
  QMMM: QM_NO.   MM_NO.  ATOM         X         Y         Z
  QMMM:     1        1      S      -36.2086  -35.2713   24.3041
  QMMM:     2        2      C      -35.0112  -35.2432   23.1122
  QMMM:     3        3      N      -34.1475  -34.1957   23.2641
  QMMM:     4        4      C      -34.5109  -33.3963   24.3651
  QMMM:     5        5      C      -35.6307  -33.8793   25.0438
  QMMM:     6        6      C      -36.2113  -33.2671   26.2545
  QMMM:     7        7      C      -37.6164  -33.7769   26.6459
  QMMM:     8        8      O      -37.8695  -33.5367   27.9723
  QMMM:     9        9      P      -39.0755  -32.3347   28.2747
  QMMM:    10       10      P      -39.7915  -32.2772   31.5319
  QMMM:    11       11      N      -29.8070  -33.3475   24.1563
  QMMM:    12       12      O      -40.1952  -32.8405   27.4297
  QMMM:    13       13      O      -38.5222  -31.9222   32.2589
  QMMM:    14       14      C      -29.5054  -32.0961   23.6666
  QMMM:    15       15      O      -38.3625  -31.1221   27.7803
  QMMM:    16       16      O      -40.3329  -33.6377   31.8810
  QMMM:    17       17      N      -30.2229  -31.3591   22.8083
  QMMM:    18       18      O      -39.3265  -32.3890   29.8131
  QMMM:    19       19      O      -40.8291  -31.1844   31.5418
  QMMM:    20       20      C      -31.4551  -31.8901   22.3329
  QMMM:    21       21      N      -32.2069  -31.2398   21.4658
  QMMM:    22       22      C      -31.8502  -33.2178   22.8398
  QMMM:    23       23      C      -30.9790  -33.8611   23.7097
  QMMM:    24       24      C      -33.0472  -33.9309   22.3253
  QMMM:    25       25      C      -28.2043  -31.4985   24.1700
  QMMM:    26       26      C      -33.7765  -32.1691   24.7424
  QMMM:    27       27      H      -35.5212  -33.4550   27.1223
  QMMM:    28       28      H      -36.2865  -32.1506   26.1327
  QMMM:    29       29      H      -38.3908  -33.2872   25.9904
  QMMM:    30       30      H      -37.6317  -34.8951   26.4495
  QMMM:    31       31      H      -31.8332  -30.3533   21.1972
  QMMM:    32       32      H      -35.2724  -35.4661   20.3206
  QMMM:    33       33      H      -31.2212  -34.8743   24.0848
  QMMM:    34       34      H      -33.5146  -33.3760   21.4616
  QMMM:    35       35      H      -32.7155  -34.9563   21.9481
  QMMM:    36       36      H      -28.2673  -31.3524   25.2755
  QMMM:    37       37      H      -27.9914  -30.5125   23.6921
  QMMM:    38       38      H      -27.3573  -32.1915   23.9477
  QMMM:    39       39      H      -32.7756  -32.4365   25.1674
  QMMM:    40       40      H      -34.3613  -31.6065   25.5125
  QMMM:    41       41      H      -33.6132  -31.5124   23.8507
  QMMM:    42       42      C      -33.7488  -37.3016   22.4960
  QMMM:    43       43      C      -34.9090  -36.3187   22.0299
  QMMM:    44       44      O      -32.6012  -37.1408   22.0058
  QMMM:    45       45      O      -34.0404  -38.1772   23.3542
  QMMM:    46       46      O      -34.4832  -35.7219   20.8253
  QMMM:    47       47      C      -36.2430  -37.0661   21.9094
  QMMM:    48       48      C      -36.7632  -37.3527   20.4926
  QMMM:    49       49      H      -37.0625  -36.4814   22.4102
  QMMM:    50       50      H      -36.1370  -38.0464   22.4462
  QMMM:    51       51      O      -37.1158  -38.5346   20.2035
  QMMM:    52       52      O      -36.9068  -36.3946   19.6683

           --------- Calculation Completed ----------

