            --------------------------------------------------------
                             AMBER SQM VERSION 19
 
                                     By
              Ross C. Walker, Michael F. Crowley, Scott Brozell,
                         Tim Giese, Andreas W. Goetz,
                        Tai-Sung Lee and David A. Case
 
            --------------------------------------------------------
 

--------------------------------------------------------------------------------
  QM CALCULATION INFO
--------------------------------------------------------------------------------

| QMMM: Citation for AMBER QMMM Run:
| QMMM: R.C. Walker, M.F. Crowley and D.A. Case, J. COMP. CHEM. 29:1019, 2008

QMMM: SINGLET STATE CALCULATION
QMMM: RHF CALCULATION, NO. OF DOUBLY OCCUPIED LEVELS =101

| QMMM: *** Selected Hamiltonian *** 
| QMMM: AM1         

| QMMM: *** Parameter sets in use ***
| QMMM: S : M.J.S.DEWAR et al. INORG. CHEM., 29, 3881, (1990)
| QMMM: C : M.J.S.DEWAR et al. JACS, 107, 3902, (1985)
| QMMM: N : M.J.S.DEWAR et al. JACS, 107, 3902, (1985)
| QMMM: O : M.J.S.DEWAR et al. JACS, 107, 3902, (1985)
| QMMM: P : M.J.S.DEWAR et al. THEOCHEM, 187,1, (1989)
| QMMM: H : M.J.S.DEWAR et al. JACS, 107, 3902, (1985)

| QMMM: *** SCF convergence criteria ***
| QMMM: Energy change                :  0.1D-09 kcal/mol
| QMMM: Error matrix |FP-PF|         :  0.1D+00 au
| QMMM: Density matrix change        :  0.5D-06
| QMMM: Maximum number of SCF cycles :     1000

| QMMM: *** Diagonalization Routine Information ***
| QMMM: Pseudo diagonalizations are allowed.
| QMMM: Auto diagonalization routine selection is in use.
| QMMM:
| QMMM: Timing diagonalization routines:
| QMMM:                              norbs =      168
| QMMM:    diag iterations used for timing =        5
| QMMM:
| QMMM:              Internal diag routine = 0.046860 seconds
| QMMM:                 Dspev diag routine = 0.040091 seconds
| QMMM:                Dspevd diag routine = 0.030690 seconds
| QMMM:                Dspevx diag routine = 0.131515 seconds
| QMMM:                 Dsyev diag routine = 0.041477 seconds
| QMMM:                Dsyevd diag routine = 0.032011 seconds
| QMMM:                Dsyevr diag routine = 0.031906 seconds
| QMMM:
| QMMM:                Pseudo diag routine = 0.018448 seconds
| QMMM:
| QMMM: Using dspevd routine (diag_routine=3).

  QMMM: QM Region Cartesian Coordinates (*=link atom) 
  QMMM: QM_NO.   MM_NO.  ATOM         X         Y         Z
  QMMM:     1        1      S      -36.3230  -34.6810   24.2950
  QMMM:     2        2      C      -34.9450  -35.2240   23.4370
  QMMM:     3        3      N      -33.8270  -34.9430   24.1300
  QMMM:     4        4      C      -34.0480  -34.4030   25.4050
  QMMM:     5        5      C      -35.3790  -34.2180   25.6950
  QMMM:     6        6      C      -35.9910  -33.8260   27.0090
  QMMM:     7        7      C      -36.3560  -32.3460   27.2040
  QMMM:     8        8      O      -36.7330  -32.1670   28.5530
  QMMM:     9        9      P      -37.9460  -31.0730   28.8720
  QMMM:    10       10      P      -39.9240  -33.3160   28.4880
  QMMM:    11       11      N      -30.0550  -32.1620   23.6090
  QMMM:    12       12      O      -37.6780  -29.7330   28.2890
  QMMM:    13       13      O      -40.1100  -33.2480   30.0580
  QMMM:    14       14      C      -30.6350  -31.3410   22.7120
  QMMM:    15       15      O      -38.0710  -31.1200   30.4170
  QMMM:    16       16      O      -38.8680  -34.3750   28.0700
  QMMM:    17       17      N      -31.7610  -31.6030   22.0610
  QMMM:    18       18      O      -39.2130  -31.7800   28.1710
  QMMM:    19       19      O      -41.1470  -33.3680   27.6390
  QMMM:    20       20      C      -32.4060  -32.7850   22.2680
  QMMM:    21       21      N      -33.5310  -33.0070   21.5900
  QMMM:    22       22      C      -31.8580  -33.7270   23.2130
  QMMM:    23       23      C      -30.6860  -33.3280   23.8310
  QMMM:    24       24      C      -32.4550  -35.0660   23.5700
  QMMM:    25       25      C      -29.9750  -30.0220   22.4260
  QMMM:    26       26      C      -32.9010  -34.2010   26.3350
  QMMM:    27       27      H      -36.9120  -34.3970   27.2190
  QMMM:    28       28      H      -35.2710  -34.0890   27.8040
  QMMM:    29       29      H      -35.4920  -31.6960   26.9770
  QMMM:    30       30      H      -37.1730  -32.0700   26.5100
  QMMM:    31       31      H      -33.8450  -32.2780   20.9510
  QMMM:    32       32      H      -33.8620  -34.0170   21.4290
  QMMM:    33       33      H      -30.2180  -33.9990   24.5650
  QMMM:    34       34      H      -32.5390  -35.7470   22.7140
  QMMM:    35       35      H      -31.8220  -35.5530   24.3280
  QMMM:    36       36      H      -29.8780  -29.4340   23.3510
  QMMM:    37       37      H      -30.5490  -29.4490   21.6850
  QMMM:    38       38      H      -28.9520  -30.1750   22.0480
  QMMM:    39       39      H      -32.3260  -35.1380   26.4430
  QMMM:    40       40      H      -33.2730  -33.9010   27.3240
  QMMM:    41       41      H      -32.2110  -33.4180   25.9810
  QMMM:    42       42      C      -34.7120  -37.5460   22.4390
  QMMM:    43       43      C      -35.0050  -35.9810   22.0980
  QMMM:    44       44      O      -33.4610  -37.8290   22.5300
  QMMM:    45       45      O      -35.6570  -38.3300   22.5410
  QMMM:    46       46      O      -34.0540  -35.5080   21.2460
  QMMM:    47       47      C      -36.4010  -35.8230   21.4870
  QMMM:    48       48      C      -36.4740  -36.4320   20.1340
  QMMM:    49       49      H      -36.6770  -34.7650   21.4530
  QMMM:    50       50      H      -37.1130  -36.3040   22.1700
  QMMM:    51       51      N      -37.3630  -37.4270   19.8020
  QMMM:    52       52      C      -35.8020  -36.1640   18.9580
  QMMM:    53       53      N      -36.2510  -36.9710   17.9450
  QMMM:    54       54      H      -35.0260  -35.4290   18.7800
  QMMM:    55       55      C      -37.1960  -37.7090   18.4770
  QMMM:    56       56      H      -38.0380  -37.8670   20.4140
  QMMM:    57       57      H      -37.7890  -38.4500   17.9580

--------------------------------------------------------------------------------
  RESULTS
--------------------------------------------------------------------------------

      iter         sqm energy              rms gradient
      ----    -------------------    -----------------------
xmin    10     -250.2341 kcal/mol        2.0306 kcal/(mol*A)
xmin    20     -256.6797 kcal/mol        1.0377 kcal/(mol*A)
xmin    30     -259.4036 kcal/mol        0.4444 kcal/(mol*A)
xmin    40     -259.8735 kcal/mol        0.1877 kcal/(mol*A)
xmin    50     -259.9536 kcal/mol        0.2093 kcal/(mol*A)
xmin    60     -259.9789 kcal/mol        0.0290 kcal/(mol*A)
xmin    70     -259.9842 kcal/mol        0.0048 kcal/(mol*A)
xmin    80     -259.9843 kcal/mol        0.0037 kcal/(mol*A)
xmin    90     -259.9843 kcal/mol        0.0030 kcal/(mol*A)
  ... geometry converged !
 
 Final MO eigenvalues (eV):
 -33.5757  -32.9862  -32.3527  -29.2502  -29.0137  -27.4472  -26.9977  -26.5281
 -25.2109  -24.7477  -24.3320  -24.2675  -23.6256  -23.1557  -21.9227  -21.5041
 -20.8468  -20.5186  -20.3267  -19.6754  -19.5009  -19.0052  -18.8861  -17.6277
 -17.0924  -16.7060  -15.3968  -14.6399  -13.8426  -13.3578  -12.9478  -11.8173
 -11.3038  -11.0065  -10.6435  -10.2144   -9.7910   -9.0284   -8.8651   -8.8098
  -8.4768   -7.9477   -7.4493   -7.4156   -7.1824   -7.1589   -7.1157   -6.8539
  -6.6964   -6.6260   -6.4545   -6.4027   -6.1086   -6.0435   -5.6889   -5.5621
  -5.4140   -5.2906   -5.2509   -5.1107   -4.8406   -4.6695   -4.6299   -4.5062
  -4.1660   -4.0591   -3.5029   -3.4801   -3.4330   -3.3034   -3.1992   -2.9710
  -2.5417   -2.5071   -1.8965   -1.8138   -1.6911   -1.6543   -1.6127   -1.0698
  -0.7973   -0.7398   -0.6596   -0.4898   -0.4508   -0.2483   -0.1851    0.2925
   0.7679    0.9106    1.0268    1.0630    1.3783    1.7046    1.7954    2.2888
   2.8941    2.9907    3.0873    3.1566    3.1842    7.0595    7.5272    8.1775
   8.7458    9.1289    9.2001    9.3539    9.6028    9.6335    9.7731    9.9959
  10.0208   10.2789   10.4595   10.5654   10.6292   10.7551   10.9476   11.2019
  11.3630   11.5637   11.6483   11.9112   12.1865   12.2803   12.3036   12.3190
  12.3885   12.4341   12.5347   12.5993   12.6413   12.7371   12.7903   12.8872
  12.9445   13.0042   13.1370   13.2200   13.5493   13.5905   13.7032   13.7376
  13.7968   13.9393   13.9851   14.1603   14.3586   14.6338   14.7524   14.8208
  14.8388   15.0495   15.3311   15.5937   16.1560   16.3497   16.6577   17.0092
  17.6982   17.9506   18.9416   19.6566   20.7504   21.2207   22.0310   22.1493


 Heat of formation   =       -259.98433396 kcal/mol  (      -11.27376670 eV)

 Total SCF energy    =    -172338.70075755 kcal/mol  (    -7473.16685129 eV)
 Electronic energy   =   -1435776.69739338 kcal/mol  (   -62259.94958559 eV)
 Core-core repulsion =    1263437.99663583 kcal/mol  (    54786.78273431 eV)
 
    Atomic Charges for Step       1 :
  Atom    Element       Mulliken Charge
     1      S                  0.644
     2      C                 -0.247
     3      N                 -0.039
     4      C                 -0.124
     5      C                 -0.243
     6      C                 -0.268
     7      C                  0.088
     8      O                 -0.750
     9      P                  2.681
    10      P                  2.664
    11      N                 -0.268
    12      O                 -1.248
    13      O                 -1.277
    14      C                  0.043
    15      O                 -1.236
    16      O                 -1.268
    17      N                 -0.296
    18      O                 -1.290
    19      O                 -1.277
    20      C                  0.201
    21      N                 -0.328
    22      C                 -0.236
    23      C                 -0.013
    24      C                  0.006
    25      C                 -0.146
    26      C                 -0.155
    27      H                  0.267
    28      H                  0.115
    29      H                 -0.015
    30      H                  0.090
    31      H                  0.204
    32      H                  0.313
    33      H                  0.150
    34      H                  0.197
    35      H                  0.113
    36      H                  0.085
    37      H                  0.076
    38      H                  0.069
    39      H                  0.053
    40      H                  0.157
    41      H                  0.073
    42      C                  0.304
    43      C                  0.209
    44      O                 -0.597
    45      O                 -0.616
    46      O                 -0.718
    47      C                 -0.152
    48      C                  0.003
    49      H                  0.079
    50      H                  0.094
    51      N                 -0.124
    52      C                 -0.266
    53      N                 -0.203
    54      H                  0.152
    55      C                 -0.195
    56      H                  0.315
    57      H                  0.152
 Total Mulliken Charge =      -4.000
 
                  X        Y        Z     TOTAL  
  QM DIPOLE   716.841  647.771 -505.064 1090.210
 
 Final Structure

  QMMM: QM Region Cartesian Coordinates (*=link atom) 
  QMMM: QM_NO.   MM_NO.  ATOM         X         Y         Z
  QMMM:     1        1      S      -36.6140  -35.0378   24.3123
  QMMM:     2        2      C      -35.1912  -35.3309   23.4434
  QMMM:     3        3      N      -34.1066  -34.7951   24.0627
  QMMM:     4        4      C      -34.4465  -34.1717   25.2878
  QMMM:     5        5      C      -35.8084  -34.2135   25.5544
  QMMM:     6        6      C      -36.4853  -33.6668   26.7307
  QMMM:     7        7      C      -36.3727  -32.1350   26.8558
  QMMM:     8        8      O      -36.1517  -31.7708   28.1691
  QMMM:     9        9      P      -37.4634  -31.0070   28.9361
  QMMM:    10       10      P      -39.7750  -33.3647   28.5550
  QMMM:    11       11      N      -29.8853  -32.5486   23.9323
  QMMM:    12       12      O      -37.6888  -29.8069   28.0797
  QMMM:    13       13      O      -39.5389  -34.3457   29.6673
  QMMM:    14       14      C      -30.2152  -31.6948   22.9153
  QMMM:    15       15      O      -36.9699  -30.7719   30.3220
  QMMM:    16       16      O      -39.4124  -33.8965   27.1834
  QMMM:    17       17      N      -31.3101  -31.7719   22.1151
  QMMM:    18       18      O      -38.5593  -32.1164   28.7789
  QMMM:    19       19      O      -41.0897  -32.6409   28.6262
  QMMM:    20       20      C      -32.2010  -32.8083   22.3578
  QMMM:    21       21      N      -33.3525  -32.8833   21.6366
  QMMM:    22       22      C      -31.9176  -33.7707   23.4036
  QMMM:    23       23      C      -30.7575  -33.5597   24.1498
  QMMM:    24       24      C      -32.7405  -34.9977   23.6228
  QMMM:    25       25      C      -29.2736  -30.5367   22.6675
  QMMM:    26       26      C      -33.4358  -33.5651   26.1796
  QMMM:    27       27      H      -37.6235  -33.9080   26.7816
  QMMM:    28       28      H      -36.0420  -34.1329   27.6536
  QMMM:    29       29      H      -35.5002  -31.7753   26.2295
  QMMM:    30       30      H      -37.3160  -31.6591   26.4658
  QMMM:    31       31      H      -33.4829  -32.2674   20.8720
  QMMM:    32       32      H      -33.8857  -33.7522   21.6338
  QMMM:    33       33      H      -30.4980  -34.2419   24.9805
  QMMM:    34       34      H      -32.7847  -35.5920   22.6502
  QMMM:    35       35      H      -32.2441  -35.6557   24.3964
  QMMM:    36       36      H      -29.4935  -29.7337   23.4132
  QMMM:    37       37      H      -29.4058  -30.1195   21.6406
  QMMM:    38       38      H      -28.2126  -30.8618   22.7891
  QMMM:    39       39      H      -32.6827  -34.3287   26.4992
  QMMM:    40       40      H      -33.9576  -33.1507   27.0853
  QMMM:    41       41      H      -32.8964  -32.7324   25.6630
  QMMM:    42       42      C      -34.4393  -37.5083   22.4118
  QMMM:    43       43      C      -35.1118  -36.1231   22.0894
  QMMM:    44       44      O      -33.6802  -37.6195   23.4192
  QMMM:    45       45      O      -34.6078  -38.4768   21.6053
  QMMM:    46       46      O      -34.4085  -35.4578   21.1801
  QMMM:    47       47      C      -36.6095  -36.3264   21.6831
  QMMM:    48       48      C      -36.8007  -36.6182   20.2477
  QMMM:    49       49      H      -37.2037  -35.4021   21.9169
  QMMM:    50       50      H      -37.0243  -37.1819   22.2802
  QMMM:    51       51      N      -35.8596  -37.2618   19.4597
  QMMM:    52       52      C      -37.9065  -36.3585   19.3887
  QMMM:    53       53      N      -37.6439  -36.8364   18.1127
  QMMM:    54       54      H      -38.8365  -35.8586   19.6410
  QMMM:    55       55      C      -36.3990  -37.3810   18.1822
  QMMM:    56       56      H      -34.9803  -37.5760   19.8319
  QMMM:    57       57      H      -35.8639  -37.8528   17.3592

           --------- Calculation Completed ----------

