log started: Tue Jul 23 17:42:05 2024

Log file: ./leap.log
>> #
>> # ----- leaprc for loading the ff19SB force field
>> # ----- NOTE: this is designed for PDB format 3!
>> #
>> #	load atom type hybridizations
>> #
>> addAtomTypes {
>> 	{ "H"   "H" "sp3" }
>> 	{ "HO"  "H" "sp3" }
>> 	{ "HS"  "H" "sp3" }
>> 	{ "H1"  "H" "sp3" }
>> 	{ "H2"  "H" "sp3" }
>> 	{ "H3"  "H" "sp3" }
>> 	{ "H4"  "H" "sp3" }
>> 	{ "H5"  "H" "sp3" }
>> 	{ "HW"  "H" "sp3" }
>> 	{ "HC"  "H" "sp3" }
>> 	{ "HA"  "H" "sp3" }
>> 	{ "HP"  "H" "sp3" }
>> 	{ "HZ"  "H" "sp3" }
>> 	{ "OH"  "O" "sp3" }
>> 	{ "OS"  "O" "sp3" }
>> 	{ "O"   "O" "sp2" }
>> 	{ "O2"  "O" "sp2" }
>> 	{ "OP"  "O" "sp2" }
>> 	{ "OW"  "O" "sp3" }
>> 	{ "CT"  "C" "sp3" }
>> 	{ "CX"  "C" "sp3" }
>> 	{ "XC"  "C" "sp3" }
>> 	{ "C8"  "C" "sp3" }
>> 	{ "2C"  "C" "sp3" }
>> 	{ "3C"  "C" "sp3" }
>> 	{ "CH"  "C" "sp3" }
>> 	{ "CS"  "C" "sp2" }
>> 	{ "C"   "C" "sp2" }
>> 	{ "CO"   "C" "sp2" }
>> 	{ "C*"  "C" "sp2" }
>> 	{ "CA"  "C" "sp2" }
>> 	{ "CB"  "C" "sp2" }
>> 	{ "CC"  "C" "sp2" }
>> 	{ "CN"  "C" "sp2" }
>> 	{ "CM"  "C" "sp2" }
>> 	{ "CK"  "C" "sp2" }
>> 	{ "CQ"  "C" "sp2" }
>> 	{ "CD"  "C" "sp2" }
>> 	{ "C5"  "C" "sp2" }
>> 	{ "C4"  "C" "sp2" }
>> 	{ "CP"  "C" "sp2" }
>> 	{ "CI"  "C" "sp3" }
>> 	{ "CJ"  "C" "sp2" }
>> 	{ "CW"  "C" "sp2" }
>> 	{ "CV"  "C" "sp2" }
>> 	{ "CR"  "C" "sp2" }
>> 	{ "CA"  "C" "sp2" }
>> 	{ "CY"  "C" "sp2" }
>> 	{ "C0"  "Ca" "sp3" }
>> 	{ "MG"  "Mg" "sp3" }
>> 	{ "N"   "N" "sp2" }
>> 	{ "NA"  "N" "sp2" }
>> 	{ "N2"  "N" "sp2" }
>> 	{ "N*"  "N" "sp2" }
>> 	{ "NP"  "N" "sp2" }
>> 	{ "NQ"  "N" "sp2" }
>> 	{ "NB"  "N" "sp2" }
>> 	{ "NC"  "N" "sp2" }
>> 	{ "NT"  "N" "sp3" }
>> 	{ "NY"  "N" "sp2" }
>> 	{ "N3"  "N" "sp3" }
>> 	{ "S"   "S" "sp3" }
>> 	{ "SH"  "S" "sp3" }
>> 	{ "P"   "P" "sp3" }
>> 	{ "LP"  ""  "sp3" }
>> 	{ "EP"  ""  "sp3" }
>> 	{ "F"   "F" "sp3" }
>> 	{ "Cl"  "Cl" "sp3" }
>> 	{ "Br"  "Br" "sp3" }
>> 	{ "I"   "I"  "sp3" }
>> }
>> #
>> #	Load the main parameter set.
>> #
>> set default cmap on
>> parm19 = loadamberparams parm19.dat
Loading parameters: /software/ambertools/22/amber22/dat/leap/parm/parm19.dat
Reading title:
PARM99 + frcmod.ff99SB + frcmod.parmbsc0 + OL3 for RNA + ff19SB
(UNKNOWN ATOM TYPE: Zn)
(UNKNOWN ATOM TYPE: EP)
>> frcmod19SB = loadamberparams frcmod.ff19SB
Loading parameters: /software/ambertools/22/amber22/dat/leap/parm/frcmod.ff19SB
Reading force field modification type file (frcmod)
Reading title:
ff19SB AA-specific backbone CMAPs for protein 07/25/2019
>> #
>> #	Load main chain and terminating amino acid libraries
>> #
>> loadOff amino19.lib
Loading library: /software/ambertools/22/amber22/dat/leap/lib/amino19.lib
Loading: ALA
Loading: ARG
Loading: ASH
Loading: ASN
Loading: ASP
Loading: CYM
Loading: CYS
Loading: CYX
Loading: GLH
Loading: GLN
Loading: GLU
Loading: GLY
Loading: HID
Loading: HIE
Loading: HIP
Loading: HYP
Loading: ILE
Loading: LEU
Loading: LYN
Loading: LYS
Loading: MET
Loading: PHE
Loading: PRO
Loading: SER
Loading: THR
Loading: TRP
Loading: TYR
Loading: VAL
>> loadOff aminoct12.lib
Loading library: /software/ambertools/22/amber22/dat/leap/lib/aminoct12.lib
Loading: CALA
Loading: CARG
Loading: CASN
Loading: CASP
Loading: CCYS
Loading: CCYX
Loading: CGLN
Loading: CGLU
Loading: CGLY
Loading: CHID
Loading: CHIE
Loading: CHIP
Loading: CHYP
Loading: CILE
Loading: CLEU
Loading: CLYS
Loading: CMET
Loading: CPHE
Loading: CPRO
Loading: CSER
Loading: CTHR
Loading: CTRP
Loading: CTYR
Loading: CVAL
Loading: NHE
Loading: NME
>> loadOff aminont12.lib
Loading library: /software/ambertools/22/amber22/dat/leap/lib/aminont12.lib
Loading: ACE
Loading: NALA
Loading: NARG
Loading: NASN
Loading: NASP
Loading: NCYS
Loading: NCYX
Loading: NGLN
Loading: NGLU
Loading: NGLY
Loading: NHID
Loading: NHIE
Loading: NHIP
Loading: NILE
Loading: NLEU
Loading: NLYS
Loading: NMET
Loading: NPHE
Loading: NPRO
Loading: NSER
Loading: NTHR
Loading: NTRP
Loading: NTYR
Loading: NVAL
>> 
>> #
>> #	Define the PDB name map for the amino acids
>> #
>> addPdbResMap {
>>   { 0 "HYP" "NHYP" } { 1 "HYP" "CHYP" }
>>   { 0 "ALA" "NALA" } { 1 "ALA" "CALA" }
>>   { 0 "ARG" "NARG" } { 1 "ARG" "CARG" }
>>   { 0 "ASN" "NASN" } { 1 "ASN" "CASN" }
>>   { 0 "ASP" "NASP" } { 1 "ASP" "CASP" }
>>   { 0 "CYS" "NCYS" } { 1 "CYS" "CCYS" }
>>   { 0 "CYX" "NCYX" } { 1 "CYX" "CCYX" }
>>   { 0 "GLN" "NGLN" } { 1 "GLN" "CGLN" }
>>   { 0 "GLU" "NGLU" } { 1 "GLU" "CGLU" }
>>   { 0 "GLY" "NGLY" } { 1 "GLY" "CGLY" }
>>   { 0 "HID" "NHID" } { 1 "HID" "CHID" }
>>   { 0 "HIE" "NHIE" } { 1 "HIE" "CHIE" }
>>   { 0 "HIP" "NHIP" } { 1 "HIP" "CHIP" }
>>   { 0 "ILE" "NILE" } { 1 "ILE" "CILE" }
>>   { 0 "LEU" "NLEU" } { 1 "LEU" "CLEU" }
>>   { 0 "LYS" "NLYS" } { 1 "LYS" "CLYS" }
>>   { 0 "MET" "NMET" } { 1 "MET" "CMET" }
>>   { 0 "PHE" "NPHE" } { 1 "PHE" "CPHE" }
>>   { 0 "PRO" "NPRO" } { 1 "PRO" "CPRO" }
>>   { 0 "SER" "NSER" } { 1 "SER" "CSER" }
>>   { 0 "THR" "NTHR" } { 1 "THR" "CTHR" }
>>   { 0 "TRP" "NTRP" } { 1 "TRP" "CTRP" }
>>   { 0 "TYR" "NTYR" } { 1 "TYR" "CTYR" }
>>   { 0 "VAL" "NVAL" } { 1 "VAL" "CVAL" }
>>   { 0 "HIS" "NHIS" } { 1 "HIS" "CHIS" }
>> }
>> 
>> #
>> # assume that most often proteins use HIE
>> #
>> NHIS = NHIE
>> HIS = HIE
>> CHIS = CHIE
> 
> source leaprc.gaff2
----- Source: /software/ambertools/22/amber22/dat/leap/cmd/leaprc.gaff2
----- Source of /software/ambertools/22/amber22/dat/leap/cmd/leaprc.gaff2 done
>> logFile leap.log
log started: Tue Jul 23 17:42:05 2024

Log file: ./leap.log
>> #
>> # ----- leaprc for loading the general Amber Force field.
>> #       This file is mostly for use with Antechamber
>> #
>> #	load atom type hybridizations
>> #
>> addAtomTypes {
>> 	{ "h1"  "H" "sp3" }
>> 	{ "h2"  "H" "sp3" }
>> 	{ "h3"  "H" "sp3" }
>> 	{ "h4"  "H" "sp3" }
>> 	{ "h5"  "H" "sp3" }
>> 	{ "ha"  "H" "sp3" }
>> 	{ "hc"  "H" "sp3" }
>> 	{ "hn"  "H" "sp3" }
>> 	{ "ho"  "H" "sp3" }
>> 	{ "hp"  "H" "sp3" }
>> 	{ "hs"  "H" "sp3" }
>> 	{ "hw"  "H" "sp3" }
>> 	{ "hx"  "H" "sp3" }
>> 	{ "o"  "O" "sp2" }
>> 	{ "o2"  "O" "sp2" }
>> 	{ "oh"  "O" "sp3" }
>> 	{ "op"  "O" "sp3" }
>> 	{ "oq"  "O" "sp3" }
>> 	{ "os"  "O" "sp3" }
>> 	{ "ow"  "O" "sp3" }
>> 	{ "c"  "C" "sp2" }
>> 	{ "c1"  "C" "sp2" }
>> 	{ "c2"  "C" "sp2" }
>> 	{ "c3"  "C" "sp3" }
>> 	{ "ca"  "C" "sp2" }
>> 	{ "cc"  "C" "sp2" }
>> 	{ "cd"  "C" "sp2" }
>> 	{ "ce"  "C" "sp2" }
>> 	{ "cf"  "C" "sp2" }
>> 	{ "cg"  "C" "sp2" }
>> 	{ "ch"  "C" "sp2" }
>> 	{ "cp"  "C" "sp2" }
>> 	{ "cs"  "C" "sp2" }
>> 	{ "cq"  "C" "sp2" }
>> 	{ "cu"  "C" "sp2" }
>> 	{ "cv"  "C" "sp2" }
>> 	{ "cx"  "C" "sp2" }
>> 	{ "cy"  "C" "sp2" }
>> 	{ "cz"  "C" "sp2" }
>> 	{ "n"   "N" "sp2" }
>> 	{ "n1"  "N" "sp2" }
>> 	{ "n2"  "N" "sp2" }
>> 	{ "n3"  "N" "sp3" }
>> 	{ "n4"  "N" "sp3" }
>> 	{ "n5"  "N" "sp3" }
>> 	{ "n6"  "N" "sp3" }
>> 	{ "n7"  "N" "sp3" }
>> 	{ "n8"  "N" "sp3" }
>> 	{ "n9"  "N" "sp3" }
>> 	{ "na"  "N" "sp2" }
>> 	{ "nb"  "N" "sp2" }
>> 	{ "nc"  "N" "sp2" }
>> 	{ "nd"  "N" "sp2" }
>> 	{ "ne"  "N" "sp2" }
>> 	{ "nf"  "N" "sp2" }
>> 	{ "nh"  "N" "sp2" }
>> 	{ "ni"  "N" "sp2" }
>> 	{ "nj"  "N" "sp2" }
>> 	{ "nk"  "N" "sp3" }
>> 	{ "nl"  "N" "sp3" }
>> 	{ "nm"  "N" "sp2" }
>> 	{ "nn"  "N" "sp2" }
>> 	{ "no"  "N" "sp2" }
>> 	{ "np"  "N" "sp3" }
>> 	{ "nq"  "N" "sp3" }
>> 	{ "ns"  "N" "sp2" }
>> 	{ "nt"  "N" "sp2" }
>> 	{ "nu"  "N" "sp2" }
>> 	{ "nv"  "N" "sp2" }
>> 	{ "nx"  "N" "sp3" }
>> 	{ "ny"  "N" "sp3" }
>> 	{ "nz"  "N" "sp3" }
>> 	{ "n+"  "N" "sp3" }
>> 	{ "s"   "S" "sp2" }
>> 	{ "s2"   "S" "sp2" }
>> 	{ "s3"   "S" "sp3" }
>> 	{ "s4"   "S" "sp3" }
>> 	{ "s6"   "S" "sp3" }
>> 	{ "sh"   "S" "sp3" }
>> 	{ "sp"   "S" "sp3" }
>> 	{ "sq"   "S" "sp3" }
>> 	{ "ss"   "S" "sp3" }
>> 	{ "sx"   "S" "sp3" }
>> 	{ "sy"   "S" "sp3" }
>> 	{ "p2"   "P" "sp2" }
>> 	{ "p3"   "P" "sp3" }
>> 	{ "p4"   "P" "sp3" }
>> 	{ "p5"   "P" "sp3" }
>> 	{ "pb"   "P" "sp3" }
>> 	{ "pc"   "P" "sp3" }
>> 	{ "pd"   "P" "sp3" }
>> 	{ "pe"   "P" "sp3" }
>> 	{ "pf"   "P" "sp3" }
>> 	{ "px"   "P" "sp3" }
>> 	{ "py"   "P" "sp3" }
>> 	{ "f"   "F" "sp3" }
>> 	{ "cl"  "Cl" "sp3" }
>> 	{ "br"  "Br" "sp3" }
>> 	{ "i"   "I"  "sp3" }
>> }
>> #
>> #	Load the general force field parameter set.
>> #
>> gaff = loadamberparams gaff2.dat
Loading parameters: /software/ambertools/22/amber22/dat/leap/parm/gaff2.dat
Reading title:
AMBER General Force Field for organic molecules (Version 2.2.20, March 2021)
(UNKNOWN ATOM TYPE: c6)
> 
> source leaprc.water.tip3p
----- Source: /software/ambertools/22/amber22/dat/leap/cmd/leaprc.water.tip3p
----- Source of /software/ambertools/22/amber22/dat/leap/cmd/leaprc.water.tip3p done
>> #
>> #       Load water and ions for TIP3P + Li/Merz monovalent ions 
>> #       + Joung-Chetham monovalent ions
>> #       + Li/Merz highly charged ions (+2 to +4, 12-6 normal usage set)
>> #
>> #       Note: the Li/Merz monovalent set is loaded only to get Tl+,
>> #          Cu+, Ag+ NH4+, H3O+.  Since we load Joung-Cheatham second,
>> #          the alkali halide parameters come from the Joung-Cheatham set
>> #
>> addAtomTypes {
>> 	{ "HW"  "H" "sp3" }
>> 	{ "OW"  "O" "sp3" }
>> 	{ "F-"   "F" "sp3" }
>> 	{ "Cl-"  "Cl" "sp3" }
>> 	{ "Br-"  "Br" "sp3" }
>> 	{ "I-"   "I"  "sp3" }
>> 	{ "Li+"  "Li"  "sp3" }
>> 	{ "Na+"  "Na"  "sp3" }
>> 	{ "K+"  "K"  "sp3" }
>> 	{ "Rb+"  "Rb"  "sp3" }
>> 	{ "Cs+"  "Cs"  "sp3" }
>> 	{ "Mg+"  "Mg"  "sp3" }
>>     { "Tl+"  "Tl"  "sp3" }
>>     { "Cu+"  "Cu"  "sp3" }
>>     { "Ag+"  "Ag"  "sp3" }
>>     { "NH4+"  "N"  "sp3" }
>>     { "H3O+"  "O"  "sp3" }
>>     { "Be2+" "Be"  "sp3" }
>>     { "Cu2+" "Cu"  "sp3" }
>>     { "Ni2+" "Ni"  "sp3" }
>>     { "Pt2+" "Pt"  "sp3" }
>>     { "Zn2+" "Zn"  "sp3" }
>>     { "Co2+" "Co"  "sp3" }
>>     { "Pd2+" "Pd"  "sp3" }
>>     { "Ag2+" "Ag"  "sp3" }
>>     { "Cr2+" "Cr"  "sp3" }
>>     { "Fe2+" "Fe"  "sp3" }
>>     { "Mg2+" "Mg"  "sp3" }
>>     { "V2+"  "V"   "sp3" }
>>     { "Mn2+" "Mn"  "sp3" }
>>     { "Hg2+" "Hg"  "sp3" }
>>     { "Cd2+" "Cd"  "sp3" }
>>     { "Yb2+" "Yb"  "sp3" }
>>     { "Ca2+" "Ca"  "sp3" }
>>     { "Sn2+" "Sn"  "sp3" }
>>     { "Pb2+" "Pb"  "sp3" }
>>     { "Eu2+" "Eu"  "sp3" }
>>     { "Sr2+" "Sr"  "sp3" }
>>     { "Sm2+" "Sm"  "sp3" }
>>     { "Ba2+" "Ba"  "sp3" }
>>     { "Ra2+" "Ra"  "sp3" }
>>     { "Al3+" "Al"  "sp3" }
>>     { "Fe3+" "Fe"  "sp3" }
>>     { "Cr3+" "Cr"  "sp3" }
>>     { "In3+" "In"  "sp3" }
>>     { "Tl3+" "Tl"  "sp3" }
>>     { "Y3+"  "Y"   "sp3" }
>>     { "La3+" "La"  "sp3" }
>>     { "Ce3+" "Ce"  "sp3" }
>>     { "Pr3+" "Pr"  "sp3" }
>>     { "Nd3+" "Nd"  "sp3" }
>>     { "Sm3+" "Sm"  "sp3" }
>>     { "Eu3+" "Eu"  "sp3" }
>>     { "Gd3+" "Gd"  "sp3" }
>>     { "Tb3+" "Tb"  "sp3" }
>>     { "Dy3+" "Dy"  "sp3" }
>>     { "Er3+" "Er"  "sp3" }
>>     { "Tm3+" "Tm"  "sp3" }
>>     { "Lu3+" "Lu"  "sp3" }
>>     { "Hf4+" "Hf"  "sp3" }
>>     { "Zr4+" "Zr"  "sp3" }
>>     { "Ce4+" "Ce"  "sp3" }
>>     { "U4+"  "U"   "sp3" }
>>     { "Pu4+" "Pu"  "sp3" }
>>     { "Th4+" "Th"  "sp3" }
>> }
>> loadOff atomic_ions.lib
Loading library: /software/ambertools/22/amber22/dat/leap/lib/atomic_ions.lib
Loading: AG
Loading: AL
Loading: Ag
Loading: BA
Loading: BR
Loading: Be
Loading: CA
Loading: CD
Loading: CE
Loading: CL
Loading: CO
Loading: CR
Loading: CS
Loading: CU
Loading: CU1
Loading: Ce
Loading: Cl-
Loading: Cr
Loading: Dy
Loading: EU
Loading: EU3
Loading: Er
Loading: F
Loading: FE
Loading: FE2
Loading: GD3
Loading: H3O+
Loading: HE+
Loading: HG
Loading: HZ+
Loading: Hf
Loading: IN
Loading: IOD
Loading: K
Loading: K+
Loading: LA
Loading: LI
Loading: LU
Loading: MG
Loading: MN
Loading: NA
Loading: NH4
Loading: NI
Loading: Na+
Loading: Nd
Loading: PB
Loading: PD
Loading: PR
Loading: PT
Loading: Pu
Loading: RB
Loading: Ra
Loading: SM
Loading: SR
Loading: Sm
Loading: Sn
Loading: TB
Loading: TL
Loading: Th
Loading: Tl
Loading: Tm
Loading: U4+
Loading: V2+
Loading: Y
Loading: YB2
Loading: ZN
Loading: Zr
>> loadOff solvents.lib
Loading library: /software/ambertools/22/amber22/dat/leap/lib/solvents.lib
Loading: CHCL3BOX
Loading: DC4
Loading: FB3
Loading: FB3BOX
Loading: FB4
Loading: FB4BOX
Loading: MEOHBOX
Loading: NMABOX
Loading: O3P
Loading: OP3
Loading: OPC
Loading: OPC3BOX
Loading: OPC3POLBOX
Loading: OPCBOX
Loading: PL3
Loading: POL3BOX
Loading: QSPCFWBOX
Loading: SPC
Loading: SPCBOX
Loading: SPCFWBOX
Loading: SPF
Loading: SPG
Loading: T4E
Loading: TIP3PBOX
Loading: TIP3PFBOX
Loading: TIP4PBOX
Loading: TIP4PEWBOX
Loading: TIP5PBOX
Loading: TP3
Loading: TP4
Loading: TP5
Loading: TPF
>> HOH = TP3
>> WAT = TP3
>> loadAmberParams frcmod.tip3p
Loading parameters: /software/ambertools/22/amber22/dat/leap/parm/frcmod.tip3p
Reading force field modification type file (frcmod)
Reading title:
This is the additional/replacement parameter set for TIP3P water
>> loadAmberParams frcmod.ions1lm_126_tip3p
Loading parameters: /software/ambertools/22/amber22/dat/leap/parm/frcmod.ions1lm_126_tip3p
Reading force field modification type file (frcmod)
Reading title:
Li/Merz ion parameters of monovalent ions for TIP3P water model (12-6 normal usage set)
>> loadAmberParams frcmod.ionsjc_tip3p
Loading parameters: /software/ambertools/22/amber22/dat/leap/parm/frcmod.ionsjc_tip3p
Reading force field modification type file (frcmod)
Reading title:
Monovalent ion parameters for Ewald and TIP3P water from Joung & Cheatham JPCB (2008)
>> loadAmberParams frcmod.ions234lm_126_tip3p
Loading parameters: /software/ambertools/22/amber22/dat/leap/parm/frcmod.ions234lm_126_tip3p
Reading force field modification type file (frcmod)
Reading title:
Li/Merz ion parameters of divalent to tetravalent ions for TIP3P water model (12-6 normal usage set)
>> 
> 
> loadamberparams	frcmod.ionslm_1264_opc
Loading parameters: /software/ambertools/22/amber22/dat/leap/parm/frcmod.ionslm_1264_opc
Reading force field modification type file (frcmod)
Reading title:
Li/Merz ion parameters of atomic ions for the OPC water model (12-6-4 set)
> 
> loadamberparams INI.frcmod
Loading parameters: ./INI.frcmod
Reading force field modification type file (frcmod)
Reading title:
Remark line goes here
> 
> INI = loadMol2 INI.mol2
Loading Mol2 file: ./INI.mol2
Reading MOLECULE named TPP
> 
> protein = loadPDB protein_amber.pdb
Loading PDB file: ./protein_amber.pdb
Matching PDB residue names to LEaP variables.
Mapped residue MET, term: Terminal/beginning, seq. number: 0 to: NMET.
Mapped residue LEU, term: Terminal/last, seq. number: 555 to: CLEU.
Mapped residue MET, term: Terminal/beginning, seq. number: 556 to: NMET.
Mapped residue LEU, term: Terminal/last, seq. number: 1111 to: CLEU.
  total atoms in file: 17267
> mg = loadPDB MG_amber.pdb
Loading PDB file: ./MG_amber.pdb
Matching PDB residue names to LEaP variables.
Starting new chain with MG
  total atoms in file: 2
> water = loadPDB solvent_amber.pdb
Loading PDB file: ./solvent_amber.pdb
Matching PDB residue names to LEaP variables.
Starting new chain with TP3
Starting new chain with TP3
Starting new chain with TP3
Starting new chain with TP3
Starting new chain with TP3
Starting new chain with TP3
Starting new chain with TP3
Starting new chain with TP3
Starting new chain with TP3
Starting new chain with TP3
Starting new chain with TP3
Starting new chain with TP3
Starting new chain with TP3
Starting new chain with TP3
Starting new chain with TP3
Starting new chain with TP3
Starting new chain with TP3
Starting new chain with TP3
Starting new chain with TP3
Starting new chain with TP3
Starting new chain with TP3
Starting new chain with TP3
Starting new chain with TP3
Starting new chain with TP3
Starting new chain with TP3
Starting new chain with TP3
Starting new chain with TP3
Starting new chain with TP3
Starting new chain with TP3
Starting new chain with TP3
Starting new chain with TP3
Starting new chain with TP3
Starting new chain with TP3
Starting new chain with TP3
Starting new chain with TP3
Starting new chain with TP3
Starting new chain with TP3
Starting new chain with TP3
Starting new chain with TP3
Starting new chain with TP3
Starting new chain with TP3
Starting new chain with TP3
Starting new chain with TP3
Starting new chain with TP3
Starting new chain with TP3
Starting new chain with TP3
Starting new chain with TP3
Starting new chain with TP3
Starting new chain with TP3
Starting new chain with TP3
Starting new chain with TP3
Starting new chain with TP3
Starting new chain with TP3
Starting new chain with TP3
Starting new chain with TP3
Starting new chain with TP3
Starting new chain with TP3
Starting new chain with TP3
Starting new chain with TP3
Starting new chain with TP3
Starting new chain with TP3
Starting new chain with TP3
Starting new chain with TP3
Starting new chain with TP3
Starting new chain with TP3
Starting new chain with TP3
Starting new chain with TP3
Starting new chain with TP3
Starting new chain with TP3
Starting new chain with TP3
Starting new chain with TP3
Starting new chain with TP3
Starting new chain with TP3
Starting new chain with TP3
Starting new chain with TP3
Starting new chain with TP3
Starting new chain with TP3
Starting new chain with TP3
Starting new chain with TP3
Starting new chain with TP3
Starting new chain with TP3
Starting new chain with TP3
Starting new chain with TP3
Starting new chain with TP3
Starting new chain with TP3
Starting new chain with TP3
Starting new chain with TP3
Starting new chain with TP3
Starting new chain with TP3
Starting new chain with TP3
Starting new chain with TP3
Starting new chain with TP3
Starting new chain with TP3
Starting new chain with TP3
Starting new chain with TP3
Starting new chain with TP3
Starting new chain with TP3
Starting new chain with TP3
Starting new chain with TP3
Starting new chain with TP3
Starting new chain with TP3
Starting new chain with TP3
Starting new chain with TP3
Starting new chain with TP3
Starting new chain with TP3
Starting new chain with TP3
Starting new chain with TP3
Starting new chain with TP3
Starting new chain with TP3
Starting new chain with TP3
Starting new chain with TP3
Starting new chain with TP3
Starting new chain with TP3
Starting new chain with TP3
Starting new chain with TP3
Starting new chain with TP3
Starting new chain with TP3
Starting new chain with TP3
Starting new chain with TP3
Starting new chain with TP3
Starting new chain with TP3
Starting new chain with TP3
Starting new chain with TP3
Starting new chain with TP3
Starting new chain with TP3
Starting new chain with TP3
Starting new chain with TP3
Starting new chain with TP3
Starting new chain with TP3
Starting new chain with TP3
Starting new chain with TP3
Starting new chain with TP3
Starting new chain with TP3
Starting new chain with TP3
Starting new chain with TP3
Starting new chain with TP3
Starting new chain with TP3
Starting new chain with TP3
Starting new chain with TP3
Starting new chain with TP3
Starting new chain with TP3
Starting new chain with TP3
Starting new chain with TP3
Starting new chain with TP3
Starting new chain with TP3
Starting new chain with TP3
Starting new chain with TP3
Starting new chain with TP3
Starting new chain with TP3
Starting new chain with TP3
Starting new chain with TP3
Starting new chain with TP3
Starting new chain with TP3
Starting new chain with TP3
Starting new chain with TP3
Starting new chain with TP3
Starting new chain with TP3
Starting new chain with TP3
Starting new chain with TP3
Starting new chain with TP3
Starting new chain with TP3
Starting new chain with TP3
Starting new chain with TP3
Starting new chain with TP3
Starting new chain with TP3
Starting new chain with TP3
Starting new chain with TP3
Starting new chain with TP3
Starting new chain with TP3
Starting new chain with TP3
Starting new chain with TP3
Starting new chain with TP3
Starting new chain with TP3
Starting new chain with TP3
Starting new chain with TP3
Starting new chain with TP3
Starting new chain with TP3
Starting new chain with TP3
Starting new chain with TP3
Starting new chain with TP3
Starting new chain with TP3
Starting new chain with TP3
Starting new chain with TP3
Starting new chain with TP3
Starting new chain with TP3
Starting new chain with TP3
Starting new chain with TP3
Starting new chain with TP3
Starting new chain with TP3
Starting new chain with TP3
Starting new chain with TP3
Starting new chain with TP3
Starting new chain with TP3
Starting new chain with TP3
Starting new chain with TP3
Starting new chain with TP3
Starting new chain with TP3
Starting new chain with TP3
Starting new chain with TP3
Starting new chain with TP3
Starting new chain with TP3
Starting new chain with TP3
Starting new chain with TP3
Starting new chain with TP3
Starting new chain with TP3
Starting new chain with TP3
Starting new chain with TP3
Starting new chain with TP3
Starting new chain with TP3
Starting new chain with TP3
Starting new chain with TP3
Starting new chain with TP3
Starting new chain with TP3
Starting new chain with TP3
Starting new chain with TP3
Starting new chain with TP3
Starting new chain with TP3
Starting new chain with TP3
Starting new chain with TP3
Starting new chain with TP3
Starting new chain with TP3
Starting new chain with TP3
Starting new chain with TP3
Starting new chain with TP3
Starting new chain with TP3
Starting new chain with TP3
Starting new chain with TP3
Starting new chain with TP3
Starting new chain with TP3
Starting new chain with TP3
Starting new chain with TP3
Starting new chain with TP3
Starting new chain with TP3
Starting new chain with TP3
Starting new chain with TP3
Starting new chain with TP3
Starting new chain with TP3
Starting new chain with TP3
Starting new chain with TP3
Starting new chain with TP3
Starting new chain with TP3
Starting new chain with TP3
Starting new chain with TP3
Starting new chain with TP3
Starting new chain with TP3
Starting new chain with TP3
Starting new chain with TP3
Starting new chain with TP3
Starting new chain with TP3
Starting new chain with TP3
Starting new chain with TP3
Starting new chain with TP3
Starting new chain with TP3
Starting new chain with TP3
Starting new chain with TP3
Starting new chain with TP3
Starting new chain with TP3
Starting new chain with TP3
Starting new chain with TP3
Starting new chain with TP3
Starting new chain with TP3
Starting new chain with TP3
Starting new chain with TP3
Starting new chain with TP3
Starting new chain with TP3
Starting new chain with TP3
Starting new chain with TP3
Starting new chain with TP3
Starting new chain with TP3
Starting new chain with TP3
Starting new chain with TP3
Starting new chain with TP3
Starting new chain with TP3
Starting new chain with TP3
Starting new chain with TP3
Starting new chain with TP3
Starting new chain with TP3
Starting new chain with TP3
Starting new chain with TP3
Starting new chain with TP3
Starting new chain with TP3
Starting new chain with TP3
Starting new chain with TP3
Starting new chain with TP3
Starting new chain with TP3
Starting new chain with TP3
Starting new chain with TP3
Starting new chain with TP3
Starting new chain with TP3
Starting new chain with TP3
Starting new chain with TP3
Starting new chain with TP3
Starting new chain with TP3
Starting new chain with TP3
Starting new chain with TP3
Starting new chain with TP3
Starting new chain with TP3
Starting new chain with TP3
Starting new chain with TP3
Starting new chain with TP3
Starting new chain with TP3
Starting new chain with TP3
Starting new chain with TP3
Starting new chain with TP3
Starting new chain with TP3
Starting new chain with TP3
Starting new chain with TP3
Starting new chain with TP3
Starting new chain with TP3
Starting new chain with TP3
Starting new chain with TP3
Starting new chain with TP3
Starting new chain with TP3
Starting new chain with TP3
Starting new chain with TP3
Starting new chain with TP3
Starting new chain with TP3
Starting new chain with TP3
Starting new chain with TP3
Starting new chain with TP3
Starting new chain with TP3
Starting new chain with TP3
Starting new chain with TP3
Starting new chain with TP3
Starting new chain with TP3
Starting new chain with TP3
Starting new chain with TP3
Starting new chain with TP3
Starting new chain with TP3
Starting new chain with TP3
Starting new chain with TP3
Starting new chain with TP3
Starting new chain with TP3
Starting new chain with TP3
Starting new chain with TP3
Starting new chain with TP3
Starting new chain with TP3
Starting new chain with TP3
Starting new chain with TP3
Starting new chain with TP3
Starting new chain with TP3
Starting new chain with TP3
Starting new chain with TP3
Starting new chain with TP3
Starting new chain with TP3
Starting new chain with TP3
Starting new chain with TP3
Starting new chain with TP3
Starting new chain with TP3
Starting new chain with TP3
Starting new chain with TP3
Starting new chain with TP3
Starting new chain with TP3
Starting new chain with TP3
Starting new chain with TP3
Starting new chain with TP3
Starting new chain with TP3
Starting new chain with TP3
Starting new chain with TP3
Starting new chain with TP3
Starting new chain with TP3
Starting new chain with TP3
Starting new chain with TP3
Starting new chain with TP3
Starting new chain with TP3
Starting new chain with TP3
Starting new chain with TP3
Starting new chain with TP3
Starting new chain with TP3
Starting new chain with TP3
Starting new chain with TP3
Starting new chain with TP3
Starting new chain with TP3
Starting new chain with TP3
Starting new chain with TP3
Starting new chain with TP3
Starting new chain with TP3
Starting new chain with TP3
Starting new chain with TP3
Starting new chain with TP3
Starting new chain with TP3
Starting new chain with TP3
Starting new chain with TP3
Starting new chain with TP3
Starting new chain with TP3
Starting new chain with TP3
Starting new chain with TP3
Starting new chain with TP3
Starting new chain with TP3
Starting new chain with TP3
Starting new chain with TP3
Starting new chain with TP3
Starting new chain with TP3
Starting new chain with TP3
Starting new chain with TP3
Starting new chain with TP3
Starting new chain with TP3
Starting new chain with TP3
Starting new chain with TP3
Starting new chain with TP3
Starting new chain with TP3
Starting new chain with TP3
Starting new chain with TP3
Starting new chain with TP3
Starting new chain with TP3
Starting new chain with TP3
Starting new chain with TP3
Starting new chain with TP3
Starting new chain with TP3
Starting new chain with TP3
Starting new chain with TP3
Starting new chain with TP3
Starting new chain with TP3
Starting new chain with TP3
Starting new chain with TP3
Starting new chain with TP3
Starting new chain with TP3
Starting new chain with TP3
Starting new chain with TP3
Starting new chain with TP3
Starting new chain with TP3
Starting new chain with TP3
Starting new chain with TP3
Starting new chain with TP3
Starting new chain with TP3
Starting new chain with TP3
Starting new chain with TP3
Starting new chain with TP3
Starting new chain with TP3
Starting new chain with TP3
Starting new chain with TP3
Starting new chain with TP3
Starting new chain with TP3
Starting new chain with TP3
Starting new chain with TP3
Starting new chain with TP3
Starting new chain with TP3
Starting new chain with TP3
Starting new chain with TP3
Starting new chain with TP3
Starting new chain with TP3
Starting new chain with TP3
Starting new chain with TP3
Starting new chain with TP3
Starting new chain with TP3
Starting new chain with TP3
Starting new chain with TP3
Starting new chain with TP3
  total atoms in file: 1347
> 
> com = combine {protein mg water INI}
  Sequence: default_name
  Sequence: default_name
  Sequence: default_name
  Sequence: TPP
> 
> saveamberparm com complex_dry.prmtop complex_dry.inpcrd
Checking Unit.

/software/ambertools/22/amber22/bin/teLeap: Warning!
The unperturbed charge of the unit (-8.999998) is not zero.

/software/ambertools/22/amber22/bin/teLeap: Note.
Ignoring the warning from Unit Checking.

Building topology.
Building atom parameters.
Building bond parameters.
Building angle parameters.
Building proper torsion parameters.
Building improper torsion parameters.
 total 3580 improper torsions applied
Building H-Bond parameters.
Incorporating Non-Bonded adjustments.
Not Marking per-residue atom chain types.
Marking per-residue atom chain types.
  (Residues lacking connect0/connect1 - 
   these don't have chain types marked:

	res	total affected

	CLEU	2
	NMET	2
	TPP	1
	WAT	449
  )
 (no restraints)
> 
> savePdb com initial_system_dry.pdb
Writing pdb file: initial_system_dry.pdb

/software/ambertools/22/amber22/bin/teLeap: Warning!
 Converting N-terminal residue name to PDB format: NMET -> MET

/software/ambertools/22/amber22/bin/teLeap: Warning!
 Converting C-terminal residue name to PDB format: CLEU -> LEU

/software/ambertools/22/amber22/bin/teLeap: Warning!
 Converting N-terminal residue name to PDB format: NMET -> MET

/software/ambertools/22/amber22/bin/teLeap: Warning!
 Converting C-terminal residue name to PDB format: CLEU -> LEU
> 
> solvatebox com TIP3PBOX 12.0 iso
  Solute vdw bounding box:              114.447 86.213 70.013
  Total bounding box for atom centers:  138.447 138.447 138.447
      (box expansion for 'iso' is  85.0%)
  Solvent unit box:                     18.774 18.774 18.774
The number of boxes:  x= 8  y= 8  z= 8
  Volume: 2832027.408 A^3 
  Total mass 1523348.578 amu,  Density 0.893 g/cc
  Added 77258 residues.
> addIonsRand com  Na+ 0
9 Na+ ions required to neutralize.
Adding 9 counter ions to "com". 77698 solvent molecules will remain.
0: Placed Na+ in com at (21.43, -26.96, -52.52).
0: Placed Na+ in com at (4.16, 55.69, 9.34).
0: Placed Na+ in com at (39.71, 8.78, -22.49).
0: Placed Na+ in com at (27.99, -57.58, 48.78).
0: Placed Na+ in com at (-57.60, 67.29, 57.10).
0: Placed Na+ in com at (61.62, -42.94, 51.79).
0: Placed Na+ in com at (57.86, -31.06, -40.03).
0: Placed Na+ in com at (27.79, 33.30, -0.66).
0: Placed Na+ in com at (61.92, -49.70, 0.48).
> addIonsRand com Na+ 82 Cl- 82
Adding 164 counter ions to "com". 77534 solvent molecules will remain.
0: Placed Na+ in com at (-60.11, 58.28, -65.24).
Placed Cl- in com at (51.11, -11.87, 40.29).
0: Placed Na+ in com at (-41.70, 29.38, -12.95).
Placed Cl- in com at (64.34, 61.16, -8.93).
0: Placed Na+ in com at (-34.38, 17.32, -56.57).
Placed Cl- in com at (6.48, -58.48, 66.73).
0: Placed Na+ in com at (34.03, 51.51, -36.08).
Placed Cl- in com at (62.41, -7.36, 12.43).
0: Placed Na+ in com at (-35.39, -28.77, 15.06).
Placed Cl- in com at (-39.65, -67.97, -9.71).
0: Placed Na+ in com at (-24.86, -37.21, -43.45).
Placed Cl- in com at (-3.33, -24.64, 32.65).
0: Placed Na+ in com at (2.16, -66.32, 52.60).
Placed Cl- in com at (-48.53, 68.85, -36.52).
0: Placed Na+ in com at (-10.57, 19.75, 64.91).
Placed Cl- in com at (-43.17, -44.73, -25.35).
0: Placed Na+ in com at (-9.21, 13.08, 40.96).
Placed Cl- in com at (-22.50, 50.96, -50.36).
0: Placed Na+ in com at (-37.96, 55.22, -23.60).
Placed Cl- in com at (26.40, 24.00, -58.39).
0: Placed Na+ in com at (-44.58, 63.71, 36.59).
Placed Cl- in com at (13.76, 29.77, 16.10).
0: Placed Na+ in com at (-55.69, -2.96, 8.75).
Placed Cl- in com at (-49.22, -59.45, -24.40).
0: Placed Na+ in com at (42.07, 33.26, 59.48).
Placed Cl- in com at (33.37, 61.55, 28.67).
0: Placed Na+ in com at (36.77, -23.62, 1.11).
Placed Cl- in com at (45.62, -50.49, -15.94).
0: Placed Na+ in com at (21.31, 43.13, -51.70).
Placed Cl- in com at (23.93, 6.93, -49.61).
0: Placed Na+ in com at (33.00, 45.89, -0.67).
Placed Cl- in com at (64.11, 12.53, -36.52).
0: Placed Na+ in com at (20.93, -28.77, 52.60).
Placed Cl- in com at (5.36, -9.54, 36.71).
0: Placed Na+ in com at (29.36, 5.79, -46.13).
Placed Cl- in com at (52.54, -16.82, 66.18).
0: Placed Na+ in com at (21.13, 43.64, -7.88).
Placed Cl- in com at (-32.87, -6.96, -48.18).
0: Placed Na+ in com at (-29.02, 50.71, 43.74).
Placed Cl- in com at (58.86, 24.36, 42.17).
0: Placed Na+ in com at (13.18, 33.25, 52.50).
Placed Cl- in com at (43.64, 30.19, -62.67).
0: Placed Na+ in com at (60.45, 48.17, 29.61).
Placed Cl- in com at (-68.04, 34.15, 40.61).
0: Placed Na+ in com at (-3.18, 60.04, 23.07).
Placed Cl- in com at (42.07, 52.03, 40.70).
0: Placed Na+ in com at (-29.54, 23.61, 66.17).
Placed Cl- in com at (44.60, 15.37, -15.71).
0: Placed Na+ in com at (-17.00, 13.33, 64.14).
Placed Cl- in com at (-17.03, 22.37, 49.84).
0: Placed Na+ in com at (22.88, 33.43, 11.03).
Placed Cl- in com at (28.34, 50.63, 59.74).
0: Placed Na+ in com at (-13.87, -12.43, 30.66).
Placed Cl- in com at (-12.11, -43.07, -46.06).
0: Placed Na+ in com at (0.63, -2.96, -47.57).
Placed Cl- in com at (-50.24, -26.13, -62.67).
0: Placed Na+ in com at (0.73, -54.06, 15.73).
Placed Cl- in com at (-5.62, 11.59, 49.75).
0: Placed Na+ in com at (44.21, -61.85, -46.06).
Placed Cl- in com at (-19.88, 23.45, -64.81).
0: Placed Na+ in com at (64.52, 57.30, -66.51).
Placed Cl- in com at (-50.24, -44.91, 12.43).
0: Placed Na+ in com at (-13.41, -54.52, 27.76).
Placed Cl- in com at (37.26, -34.70, 0.78).
0: Placed Na+ in com at (7.56, -50.33, 24.48).
Placed Cl- in com at (-55.29, 36.76, 39.79).
0: Placed Na+ in com at (36.36, 5.83, -57.98).
Placed Cl- in com at (5.36, 1.80, -28.56).
0: Placed Na+ in com at (13.18, -60.62, -3.82).
Placed Cl- in com at (-40.16, 43.93, -13.77).
0: Placed Na+ in com at (0.59, 31.45, -42.37).
Placed Cl- in com at (-16.31, -55.87, 54.21).
0: Placed Na+ in com at (62.52, -27.98, 8.10).
Placed Cl- in com at (17.52, 17.98, 43.14).
0: Placed Na+ in com at (21.54, 35.19, 4.27).
Placed Cl- in com at (40.42, -4.37, -61.48).
0: Placed Na+ in com at (-66.90, -36.57, -66.51).
Placed Cl- in com at (1.04, -57.11, 39.79).
0: Placed Na+ in com at (-7.18, -57.62, 33.50).
Placed Cl- in com at (2.16, -28.77, -41.27).
0: Placed Na+ in com at (-50.96, -28.31, -57.16).
Placed Cl- in com at (21.13, 20.29, -36.81).
0: Placed Na+ in com at (-17.23, -49.83, -40.03).
Placed Cl- in com at (45.14, -29.72, -1.40).
0: Placed Na+ in com at (19.89, -2.09, -26.06).
Placed Cl- in com at (52.94, 48.69, 47.85).
0: Placed Na+ in com at (-4.41, 59.61, -49.20).
Placed Cl- in com at (35.46, 53.59, -46.65).
0: Placed Na+ in com at (-30.85, 48.10, -52.79).
Placed Cl- in com at (-33.81, 0.51, 62.59).
0: Placed Na+ in com at (6.19, -27.98, 45.65).
Placed Cl- in com at (-2.61, 25.16, 23.78).
0: Placed Na+ in com at (-39.23, -27.56, 68.62).
Placed Cl- in com at (55.14, 24.61, 17.12).
0: Placed Na+ in com at (-6.55, -51.56, -24.07).
Placed Cl- in com at (-19.07, 21.63, -36.77).
0: Placed Na+ in com at (-48.31, -51.49, -8.93).
Placed Cl- in com at (62.52, 47.11, 26.88).
0: Placed Na+ in com at (-53.97, 39.07, 57.06).
Placed Cl- in com at (20.55, 20.33, 41.88).
0: Placed Na+ in com at (28.55, 55.20, 59.39).
Placed Cl- in com at (-31.00, -49.19, 47.53).
0: Placed Na+ in com at (2.36, 62.41, 67.22).
Placed Cl- in com at (49.93, -49.39, -32.24).
0: Placed Na+ in com at (52.24, -66.23, 8.00).
Placed Cl- in com at (56.95, 15.82, -28.80).
0: Placed Na+ in com at (10.86, 46.23, 53.00).
Placed Cl- in com at (-9.56, -27.97, 38.33).
0: Placed Na+ in com at (-37.34, 6.10, 19.55).
Placed Cl- in com at (-13.18, -12.15, 38.02).
0: Placed Na+ in com at (32.67, -52.33, 2.07).
Placed Cl- in com at (39.35, 38.47, -61.71).
0: Placed Na+ in com at (25.86, -10.63, 21.01).
Placed Cl- in com at (56.99, 8.78, -54.64).
0: Placed Na+ in com at (-5.94, 16.90, 44.34).
Placed Cl- in com at (-57.70, 46.45, 62.09).
0: Placed Na+ in com at (15.39, 11.14, 66.62).
Placed Cl- in com at (-2.38, 3.63, 52.10).
0: Placed Na+ in com at (67.73, 13.68, 49.29).
Placed Cl- in com at (66.46, -21.87, -62.07).
0: Placed Na+ in com at (-3.55, 22.05, 55.73).
Placed Cl- in com at (-13.41, 39.35, -28.56).
0: Placed Na+ in com at (-16.24, 5.58, -32.93).
Placed Cl- in com at (-1.68, 47.54, 31.07).
0: Placed Na+ in com at (-44.75, 26.93, 11.44).
Placed Cl- in com at (30.78, -42.89, -37.84).
0: Placed Na+ in com at (23.29, -15.29, 31.03).
Placed Cl- in com at (-32.25, -42.94, 33.02).
0: Placed Na+ in com at (41.68, -45.70, 29.61).
Placed Cl- in com at (63.38, -3.40, -15.71).
0: Placed Na+ in com at (-38.59, 32.55, -21.39).
Placed Cl- in com at (57.27, 9.20, -29.70).
0: Placed Na+ in com at (-45.75, 24.08, -54.01).
Placed Cl- in com at (-34.15, -4.68, -38.78).
0: Placed Na+ in com at (-27.44, 10.31, -27.59).
Placed Cl- in com at (42.39, -17.00, -42.07).
0: Placed Na+ in com at (19.37, -43.75, 40.67).
Placed Cl- in com at (-49.94, 34.58, -1.07).
0: Placed Na+ in com at (54.40, 1.59, -10.91).
Placed Cl- in com at (-6.80, -66.56, -67.02).
0: Placed Na+ in com at (-49.63, -45.77, -15.24).
Placed Cl- in com at (49.99, 49.95, 8.78).
0: Placed Na+ in com at (-11.15, -51.10, 54.26).
Placed Cl- in com at (-46.28, -22.11, 39.27).
0: Placed Na+ in com at (-67.47, 5.22, -58.39).
Placed Cl- in com at (-13.91, -49.79, -39.99).
0: Placed Na+ in com at (-46.28, 34.21, 20.50).
Placed Cl- in com at (52.78, 3.28, 36.95).
0: Placed Na+ in com at (-12.58, 65.89, -67.00).
Placed Cl- in com at (10.99, 61.89, -11.43).
0: Placed Na+ in com at (5.77, 60.62, -53.24).
Placed Cl- in com at (-49.63, 48.10, 3.53).
0: Placed Na+ in com at (11.22, -63.21, 43.30).
Placed Cl- in com at (24.00, 32.92, 25.18).
0: Placed Na+ in com at (0.03, 20.93, -65.53).
Placed Cl- in com at (-64.51, -66.06, -32.23).
0: Placed Na+ in com at (-23.80, -39.63, 67.20).
Placed Cl- in com at (-56.30, -16.61, -65.53).
0: Placed Na+ in com at (33.86, 12.95, -38.76).
Placed Cl- in com at (-20.86, 53.59, 47.22).
0: Placed Na+ in com at (-2.94, -29.33, -54.12).
Placed Cl- in com at (-25.57, -10.24, -67.02).
0: Placed Na+ in com at (1.02, 16.25, -58.38).
Placed Cl- in com at (-61.34, -7.78, -40.22).
> 
> saveamberparm com complex_solvated.prmtop complex_solvated.inpcrd
Checking Unit.
Building topology.
Building atom parameters.
Building bond parameters.
Building angle parameters.
Building proper torsion parameters.
Building improper torsion parameters.
 total 3580 improper torsions applied
Building H-Bond parameters.
Incorporating Non-Bonded adjustments.
Not Marking per-residue atom chain types.
Marking per-residue atom chain types.
  (Residues lacking connect0/connect1 - 
   these don't have chain types marked:

	res	total affected

	CLEU	2
	NMET	2
	TPP	1
	WAT	77534
  )
 (no restraints)
> 
> savePdb com initial_system_solvated.pdb
Writing pdb file: initial_system_solvated.pdb
   printing CRYST1 record to PDB file with box info

/software/ambertools/22/amber22/bin/teLeap: Warning!
 Converting N-terminal residue name to PDB format: NMET -> MET

/software/ambertools/22/amber22/bin/teLeap: Warning!
 Converting C-terminal residue name to PDB format: CLEU -> LEU

/software/ambertools/22/amber22/bin/teLeap: Warning!
 Converting N-terminal residue name to PDB format: NMET -> MET

/software/ambertools/22/amber22/bin/teLeap: Warning!
 Converting C-terminal residue name to PDB format: CLEU -> LEU
> 
 quit
	Quit

Exiting LEaP: Errors = 0; Warnings = 9; Notes = 1.
