            --------------------------------------------------------
                             AMBER SQM VERSION 19
 
                                     By
              Ross C. Walker, Michael F. Crowley, Scott Brozell,
                         Tim Giese, Andreas W. Goetz,
                        Tai-Sung Lee and David A. Case
 
            --------------------------------------------------------
 

--------------------------------------------------------------------------------
  QM CALCULATION INFO
--------------------------------------------------------------------------------

| QMMM: Citation for AMBER QMMM Run:
| QMMM: R.C. Walker, M.F. Crowley and D.A. Case, J. COMP. CHEM. 29:1019, 2008

QMMM: SINGLET STATE CALCULATION
QMMM: RHF CALCULATION, NO. OF DOUBLY OCCUPIED LEVELS =104

| QMMM: *** Selected Hamiltonian *** 
| QMMM: AM1         

| QMMM: *** Parameter sets in use ***
| QMMM: S : M.J.S.DEWAR et al. INORG. CHEM., 29, 3881, (1990)
| QMMM: C : M.J.S.DEWAR et al. JACS, 107, 3902, (1985)
| QMMM: N : M.J.S.DEWAR et al. JACS, 107, 3902, (1985)
| QMMM: O : M.J.S.DEWAR et al. JACS, 107, 3902, (1985)
| QMMM: P : M.J.S.DEWAR et al. THEOCHEM, 187,1, (1989)
| QMMM: H : M.J.S.DEWAR et al. JACS, 107, 3902, (1985)

| QMMM: *** SCF convergence criteria ***
| QMMM: Energy change                :  0.1D-09 kcal/mol
| QMMM: Error matrix |FP-PF|         :  0.1D+00 au
| QMMM: Density matrix change        :  0.5D-06
| QMMM: Maximum number of SCF cycles :     1000

| QMMM: *** Diagonalization Routine Information ***
| QMMM: Pseudo diagonalizations are allowed.
| QMMM: Auto diagonalization routine selection is in use.
| QMMM:
| QMMM: Timing diagonalization routines:
| QMMM:                              norbs =      174
| QMMM:    diag iterations used for timing =        5
| QMMM:
| QMMM:              Internal diag routine = 0.040375 seconds
| QMMM:                 Dspev diag routine = 0.054906 seconds
| QMMM:                Dspevd diag routine = 0.032214 seconds
| QMMM:                Dspevx diag routine = 0.142295 seconds
| QMMM:                 Dsyev diag routine = 0.046508 seconds
| QMMM:                Dsyevd diag routine = 0.033348 seconds
| QMMM:                Dsyevr diag routine = 0.035603 seconds
| QMMM:
| QMMM:                Pseudo diag routine = 0.020844 seconds
| QMMM:
| QMMM: Using dspevd routine (diag_routine=3).

  QMMM: QM Region Cartesian Coordinates (*=link atom) 
  QMMM: QM_NO.   MM_NO.  ATOM         X         Y         Z
  QMMM:     1        1      S      -36.3230  -34.6810   24.2950
  QMMM:     2        2      C      -34.9450  -35.2240   23.4370
  QMMM:     3        3      N      -33.8270  -34.9430   24.1300
  QMMM:     4        4      C      -34.0480  -34.4030   25.4050
  QMMM:     5        5      C      -35.3790  -34.2180   25.6950
  QMMM:     6        6      C      -35.9910  -33.8260   27.0090
  QMMM:     7        7      C      -36.3560  -32.3460   27.2040
  QMMM:     8        8      O      -36.7330  -32.1670   28.5530
  QMMM:     9        9      P      -37.9460  -31.0730   28.8720
  QMMM:    10       10      P      -39.9240  -33.3160   28.4880
  QMMM:    11       11      N      -30.0550  -32.1620   23.6090
  QMMM:    12       12      O      -37.6780  -29.7330   28.2890
  QMMM:    13       13      O      -40.1100  -33.2480   30.0580
  QMMM:    14       14      C      -30.6350  -31.3410   22.7120
  QMMM:    15       15      O      -38.0710  -31.1200   30.4170
  QMMM:    16       16      O      -38.8680  -34.3750   28.0700
  QMMM:    17       17      N      -31.7610  -31.6030   22.0610
  QMMM:    18       18      O      -39.2130  -31.7800   28.1710
  QMMM:    19       19      O      -41.1470  -33.3680   27.6390
  QMMM:    20       20      C      -32.4060  -32.7850   22.2680
  QMMM:    21       21      N      -33.5310  -33.0070   21.5900
  QMMM:    22       22      C      -31.8580  -33.7270   23.2130
  QMMM:    23       23      C      -30.6860  -33.3280   23.8310
  QMMM:    24       24      C      -32.4550  -35.0660   23.5700
  QMMM:    25       25      C      -29.9750  -30.0220   22.4260
  QMMM:    26       26      C      -32.9010  -34.2010   26.3350
  QMMM:    27       27      H      -36.9120  -34.3970   27.2190
  QMMM:    28       28      H      -35.2710  -34.0890   27.8040
  QMMM:    29       29      H      -35.4920  -31.6960   26.9770
  QMMM:    30       30      H      -37.1730  -32.0700   26.5100
  QMMM:    31       31      H      -33.8450  -32.2780   20.9510
  QMMM:    32       32      H      -33.8620  -34.0170   21.4290
  QMMM:    33       33      H      -30.2180  -33.9990   24.5650
  QMMM:    34       34      H      -32.5390  -35.7470   22.7140
  QMMM:    35       35      H      -31.8220  -35.5530   24.3280
  QMMM:    36       36      H      -29.8780  -29.4340   23.3510
  QMMM:    37       37      H      -30.5490  -29.4490   21.6850
  QMMM:    38       38      H      -28.9520  -30.1750   22.0480
  QMMM:    39       39      H      -32.3260  -35.1380   26.4430
  QMMM:    40       40      H      -33.2730  -33.9010   27.3240
  QMMM:    41       41      H      -32.2110  -33.4180   25.9810
  QMMM:    42       42      C      -34.7120  -37.5460   22.4390
  QMMM:    43       43      C      -35.0050  -35.9810   22.0980
  QMMM:    44       44      O      -33.4610  -37.8290   22.5300
  QMMM:    45       45      O      -35.6570  -38.3300   22.5410
  QMMM:    46       46      O      -34.0540  -35.5080   21.2460
  QMMM:    47       47      C      -36.4020  -35.8230   21.4870
  QMMM:    48       48      C      -36.6120  -36.8750   20.4030
  QMMM:    49       49      H      -36.4830  -34.8140   21.0660
  QMMM:    50       50      H      -37.1380  -35.9360   22.2910
  QMMM:    51       51      C      -37.9530  -36.9090   19.7200
  QMMM:    52       52      H      -36.4370  -37.8700   20.8330
  QMMM:    53       53      H      -35.8470  -36.7410   19.6270
  QMMM:    54       54      C      -38.3200  -37.7980   18.7250
  QMMM:    55       55      C      -39.6550  -37.6020   18.2750
  QMMM:    56       56      H      -37.6520  -38.5600   18.3380
  QMMM:    57       57      C      -40.2710  -36.5690   18.9380
  QMMM:    58       58      H      -40.1370  -38.1930   17.5050
  QMMM:    59       59      S      -39.2390  -35.8430   20.0920
  QMMM:    60       60      H      -41.2800  -36.2030   18.8020

--------------------------------------------------------------------------------
  RESULTS
--------------------------------------------------------------------------------

      iter         sqm energy              rms gradient
      ----    -------------------    -----------------------
xmin    10     -274.7408 kcal/mol        0.5928 kcal/(mol*A)
xmin    20     -276.1326 kcal/mol        0.1671 kcal/(mol*A)
xmin    30     -276.3590 kcal/mol        0.1569 kcal/(mol*A)
xmin    40     -276.4140 kcal/mol        0.0465 kcal/(mol*A)
xmin    50     -276.4496 kcal/mol        0.1755 kcal/(mol*A)
xmin    60     -276.7114 kcal/mol        0.1436 kcal/(mol*A)
xmin    70     -276.7927 kcal/mol        0.0284 kcal/(mol*A)
xmin    80     -276.7992 kcal/mol        0.0355 kcal/(mol*A)
xmin    90     -276.8007 kcal/mol        0.0024 kcal/(mol*A)
xmin   100     -276.8008 kcal/mol        0.0034 kcal/(mol*A)
xmin   110     -276.8008 kcal/mol        0.0015 kcal/(mol*A)
xmin   120     -276.8008 kcal/mol        0.0010 kcal/(mol*A)
  ... geometry converged !
 
 Final MO eigenvalues (eV):
 -33.5027  -32.3631  -31.3048  -29.4282  -28.9723  -27.4274  -27.1021  -26.7882
 -25.5741  -24.9212  -24.2986  -24.2655  -23.5329  -21.9128  -21.7725  -21.3374
 -20.7102  -20.3945  -20.0646  -19.4059  -19.2371  -18.7630  -18.7011  -17.8361
 -17.1459  -16.7846  -15.6095  -15.0193  -14.0427  -13.5054  -13.2506  -11.7478
 -11.1583  -10.9716  -10.6249  -10.3797  -10.0163   -9.6308   -8.9998   -8.7929
  -8.7534   -8.4364   -8.0366   -7.8395   -7.3547   -7.1453   -7.0962   -7.0722
  -6.8794   -6.8223   -6.7704   -6.6291   -6.5352   -6.2006   -6.0282   -5.6821
  -5.6418   -5.5182   -5.4929   -5.2827   -5.1995   -5.0243   -4.7398   -4.7209
  -4.6083   -4.2899   -4.1682   -4.0512   -3.9879   -3.6562   -3.4706   -3.3709
  -3.2546   -3.1113   -2.8890   -2.5122   -2.4950   -2.1815   -1.9047   -1.8311
  -1.6449   -1.5309   -1.4678   -1.0831   -0.5144   -0.4653   -0.3311   -0.2366
  -0.1783   -0.1762    0.3744    0.9361    1.0985    1.1174    1.2037    1.5070
   1.8220    1.9071    2.4441    3.1703    3.1962    3.2407    3.3313    3.3461
   6.9904    7.1390    7.5989    7.7402    8.0815    8.2541    8.3545    8.6060
   9.0956    9.2367    9.6389    9.6958    9.9893   10.1003   10.3626   10.6489
  10.6500   10.7148   10.7199   10.8460   11.0296   11.2241   11.2802   11.5422
  11.6520   11.7184   11.7401   11.9533   12.2055   12.2495   12.3507   12.3938
  12.4140   12.4551   12.5660   12.7022   12.7223   12.7879   12.8686   12.8973
  13.0040   13.0924   13.2257   13.3918   13.4418   13.6283   13.6664   13.6821
  13.8337   13.9750   14.0482   14.1321   14.4157   14.6025   14.7914   14.9698
  15.4188   15.6422   15.8801   16.4464   16.7661   17.1666   17.9650   18.0863
  19.0443   19.7844   20.8612   21.3347   22.2915   22.2984

 Heat of formation   =       -276.80082729 kcal/mol  (      -12.00298458 eV)

 Total SCF energy    =    -173825.87948797 kcal/mol  (    -7537.65576029 eV)
 Electronic energy   =   -1474228.01006425 kcal/mol  (   -63927.32362275 eV)
 Core-core repulsion =    1300402.13057628 kcal/mol  (    56389.66786246 eV)
 
    Atomic Charges for Step       1 :
  Atom    Element       Mulliken Charge
     1      S                  0.570
     2      C                 -0.226
     3      N                 -0.046
     4      C                 -0.104
     5      C                 -0.260
     6      C                 -0.215
     7      C                  0.086
     8      O                 -0.752
     9      P                  2.677
    10      P                  2.659
    11      N                 -0.263
    12      O                 -1.250
    13      O                 -1.280
    14      C                  0.042
    15      O                 -1.237
    16      O                 -1.286
    17      N                 -0.295
    18      O                 -1.286
    19      O                 -1.281
    20      C                  0.197
    21      N                 -0.330
    22      C                 -0.229
    23      C                 -0.013
    24      C                 -0.005
    25      C                 -0.146
    26      C                 -0.169
    27      H                  0.215
    28      H                  0.131
    29      H                 -0.010
    30      H                  0.101
    31      H                  0.198
    32      H                  0.309
    33      H                  0.151
    34      H                  0.219
    35      H                  0.109
    36      H                  0.086
    37      H                  0.074
    38      H                  0.070
    39      H                  0.056
    40      H                  0.182
    41      H                  0.074
    42      C                  0.312
    43      C                  0.210
    44      O                 -0.605
    45      O                 -0.599
    46      O                 -0.714
    47      C                 -0.196
    48      C                 -0.122
    49      H                  0.045
    50      H                  0.081
    51      C                 -0.285
    52      H                  0.150
    53      H                  0.125
    54      C                 -0.233
    55      C                 -0.172
    56      H                  0.134
    57      C                 -0.517
    58      H                  0.110
    59      S                  0.611
    60      H                  0.142
 Total Mulliken Charge =      -4.000
 
                  X        Y        Z     TOTAL  
  QM DIPOLE   712.339  647.661 -513.966 1091.354
 
 Final Structure

  QMMM: QM Region Cartesian Coordinates (*=link atom) 
  QMMM: QM_NO.   MM_NO.  ATOM         X         Y         Z
  QMMM:     1        1      S      -36.6104  -35.2363   24.2272
  QMMM:     2        2      C      -35.1426  -35.4310   23.3990
  QMMM:     3        3      N      -34.1180  -34.8212   24.0475
  QMMM:     4        4      C      -34.5362  -34.2130   25.2595
  QMMM:     5        5      C      -35.8968  -34.3473   25.4878
  QMMM:     6        6      C      -36.6530  -33.8373   26.6385
  QMMM:     7        7      C      -36.5811  -32.3030   26.8020
  QMMM:     8        8      O      -36.0526  -31.9731   28.0335
  QMMM:     9        9      P      -37.0951  -31.0959   29.0588
  QMMM:    10       10      P      -39.6628  -33.2120   29.1795
  QMMM:    11       11      N      -30.0850  -32.2371   23.9123
  QMMM:    12       12      O      -37.3789  -29.8762   28.2477
  QMMM:    13       13      O      -39.4479  -34.0934   30.3782
  QMMM:    14       14      C      -30.4643  -31.4386   22.8685
  QMMM:    15       15      O      -36.2795  -30.9200   30.2938
  QMMM:    16       16      O      -39.4412  -33.8905   27.8478
  QMMM:    17       17      N      -31.5400  -31.6212   22.0584
  QMMM:    18       18      O      -38.3098  -32.0721   29.1851
  QMMM:    19       19      O      -40.8958  -32.3552   29.2664
  QMMM:    20       20      C      -32.3527  -32.7137   22.3218
  QMMM:    21       21      N      -33.4928  -32.8912   21.5948
  QMMM:    22       22      C      -32.0119  -33.6244   23.3950
  QMMM:    23       23      C      -30.8808  -33.3049   24.1489
  QMMM:    24       24      C      -32.7320  -34.9109   23.6309
  QMMM:    25       25      C      -29.6110  -30.2186   22.5995
  QMMM:    26       26      C      -33.5965  -33.5327   26.1762
  QMMM:    27       27      H      -37.7540  -34.1238   26.6149
  QMMM:    28       28      H      -36.2440  -34.3040   27.5789
  QMMM:    29       29      H      -35.9150  -31.8823   25.9887
  QMMM:    30       30      H      -37.6149  -31.8733   26.6835
  QMMM:    31       31      H      -33.6438  -32.3180   20.8011
  QMMM:    32       32      H      -33.9367  -33.8096   21.5941
  QMMM:    33       33      H      -30.5815  -33.9421   25.0016
  QMMM:    34       34      H      -32.7120  -35.5380   22.6720
  QMMM:    35       35      H      -32.1923  -35.5039   24.4272
  QMMM:    36       36      H      -29.9152  -29.4095   23.3082
  QMMM:    37       37      H      -29.7475  -29.8513   21.5543
  QMMM:    38       38      H      -28.5312  -30.4520   22.7599
  QMMM:    39       39      H      -32.8573  -34.2641   26.5890
  QMMM:    40       40      H      -34.1825  -33.0730   27.0234
  QMMM:    41       41      H      -33.0355  -32.7231   25.6464
  QMMM:    42       42      C      -34.3257  -37.6016   22.4413
  QMMM:    43       43      C      -34.9973  -36.2297   22.0575
  QMMM:    44       44      O      -33.2322  -37.5902   23.0826
  QMMM:    45       45      O      -34.8731  -38.6810   22.0662
  QMMM:    46       46      O      -34.2958  -35.5537   21.1559
  QMMM:    47       47      C      -36.4691  -36.4744   21.6030
  QMMM:    48       48      C      -36.4713  -37.0640   20.2082
  QMMM:    49       49      H      -37.0327  -35.5033   21.6038
  QMMM:    50       50      H      -36.9604  -37.1810   22.3192
  QMMM:    51       51      C      -37.7966  -37.0662   19.5699
  QMMM:    52       52      H      -36.0654  -38.1153   20.2791
  QMMM:    53       53      H      -35.7479  -36.4746   19.5746
  QMMM:    54       54      C      -38.1087  -37.6041   18.3316
  QMMM:    55       55      C      -39.4855  -37.4280   18.0044
  QMMM:    56       56      H      -37.3926  -38.1064   17.6820
  QMMM:    57       57      C      -40.1644  -36.7645   19.0063
  QMMM:    58       58      H      -39.9282  -37.7815   17.0735
  QMMM:    59       59      S      -39.1597  -36.3822   20.2783
  QMMM:    60       60      H      -41.2209  -36.5137   18.9929

           --------- Calculation Completed ----------

