
Will write log file to "mm_opt.md.log".

Command line:  /software/orca/5.0.4/orca_5_0_4_linux_x86-64_openmpi411/orca_md mm_opt orca


    ################################################################
    ########    ORCA ab initio Molecular Dynamics Module    ########
    ########          and SANscript Interpreter             ########
    ########          Martin Brehm, 2016 - 2022             ########
    ########       https://brehm-research.de/orcamd         ########
    ################################################################


  * Compiled as ORCA module.
  * Called from ORCA.
  * Base name: "mm_opt"
  * Source code version: Jan 31 2022
  * Compiled at Mar  1 2023 11:25:12, compiler "Clang 12.0.0 (/home/frankw/CompEnv/src/llvm1200/llvm-project/clang d28af7c654d8db0b68c175db5ce212d74fb5e9bc)", LLVM, CLANG 12.0.0, Linux
  * Machine: x86_64, int=4b, long=8b, addr=8b, 0xA0B0C0D0=D0,C0,B0,A0.
  * Executable name: "/software/orca/5.0.4/orca_5_0_4_linux_x86-64_openmpi411/orca_md"
  * Running on qnode0221 at Wed Jul 24 13:22:11 2024 (PID 181670)
  * Running in /projects/b1039/wxk6447/INI-STRUCT-6/Out/7

Initializing SAN engine...

Started parsing input script.
Reading input file "mm_opt.mdinput" ...
204 Bytes read.
Tokenizing input...
Found 26 tokens in file.
Handling brackets...
Handling reference parentheses...
Handling keywords...
Handling operators...
Grouping commas...
Removing commas...
Handling variables...
Found unit "Bohr", converting 0.300000 Bohr to 0.158753 Angstrom...
Handling functions, iteration 1...
Handling functions, iteration 2...
Flattening tree...
Checking keyword syntax...
Finished parsing input script.

Initializing MD engine with interface "ORCA" ...


>>>>>>>>>>>>>>>>>>>>>>>>>>>>>>>>>>>>>>>>>>>>>>>>>>>>
>>>   Output of System Information (from ORCA)   >>>
>>>>>>>>>>>>>>>>>>>>>>>>>>>>>>>>>>>>>>>>>>>>>>>>>>>>


############################################
   Total Atom Count:           18675
   Total System Mass:       131430.2 a.m.u.
   Total Basis Dimension:          0
   Total Electron Number:          0
   Total Charge:                  -9
   Total Multiplicity:             1
  ------------------------------------------
   ReducePrint:                 true
   Print Mulliken Pop:             1
   Print Loewdin Pop:              1
   Print Mayer Pop:                1
   Print Orbital Energies:         1
############################################

<<<<<<<<<<<<<<<<<<<<<<<<<<<<<<<<<<<<<<<<<<<<<<<<<<<<
<<<          End of System Information           <<<
<<<<<<<<<<<<<<<<<<<<<<<<<<<<<<<<<<<<<<<<<<<<<<<<<<<<

Initializing regions...
  Found "mm_opt-active_atoms.tmp" file, reading active region data...
  Found "mm_opt-qm_atoms.tmp" file, reading QM region data...

Defined regions:
         all: 18675 atoms
          mm: 18675 atoms
      active:   452 atoms
    inactive: 18223 atoms


######################################################
########        Executing Input Script        ########
######################################################

Execution verbose level is 2.



>>>>>> Dump Position, Stride, 1, Filename, "mm_opt_trj.dcd", Replace

Modified writing position trajectory for region "all": Format DCD, stride 1, filename "mm_opt_trj.dcd", replace.


>>>>>> Minimize LBFGS, StepLimit, 0.30, MaxGrad, 4.9615, RMSGrad, 0.9923, Steps, 1000

Starting minimization loop with L-BFGS method:
    Max. Steps:             1000
    L-BFGS History:         20
    RMS(Grad) Convergence:  0.9923 kJ/mol/Angstrom
    Max(Grad) Convergence:  4.9615 kJ/mol/Angstrom
    Step Limit:             0.159 Angstrom
    Random Displacement:    disabled


Dump: Will write Position data of region "all" in DCD format with stride 1 to "mm_opt_trj.dcd" (replace).

Defined regions:
         all: 18675 atoms
          mm: 18675 atoms
      active:   452 atoms
    inactive: 18223 atoms

Will write restart file to "mm_opt.mdrestart" after each step.
Will write energy statistics to "mm_opt-minimize-ener.csv" after each step.


The system contains 1356 active degrees of freedom (452 active atoms * 3).

This is a 1356-dimensional optimization problem.

Allocating 600.84 KiB of memory for L-BFGS working space...



            |  t_SCF | t_Grad |     Temp |           E_Pot |      Delta E |    RMS(Grad) |    Max(Grad) |  Max(Step)
       Step |    [s] |    [s] |      [K] |       [Hartree] |    [Hartree] | [kJ/(mol*A)] | [kJ/(mol*A)] | [Angstrom]
------------|--------|--------|----------|-----------------|--------------|--------------|--------------|--------------
          1      2.5      0.0                 -25.52702975                                                          
          2      2.5      0.0                 -25.54380008    -0.01677033       156.1141       764.1361     0.003067
          3      2.5      0.0                 -25.87428280    -0.33048272        50.4363       264.1569     0.110796
          4      2.5      0.0                 -25.87816197    -0.00387917        57.4344       365.1989     0.013573
          5      2.5      0.1                 -25.92853746    -0.05037549        40.1505       246.7327     0.047105
          6      2.6      0.0                 -25.94918046    -0.02064300        56.4534       680.1959     0.057679
          7      2.5      0.0                 -25.99552288    -0.04634241        34.8827       154.1785     0.072094
          8      2.4      0.0                 -26.00133205    -0.00580918        45.1869       458.4658     0.036505
          9      2.5      0.1                 -26.03183653    -0.03050447        31.6180       268.1683     0.044192
         10      2.5      0.0                 -26.04913142    -0.01729489        39.9820       287.8273     0.068956
         11      2.5      0.0                 -26.07779506    -0.02866364        25.2665       107.6119     0.047728
         12      2.6      0.0                 -26.08276319    -0.00496813        32.1174       187.4850     0.030078
         13      2.5      0.1                 -26.09967225    -0.01690906        22.1234        96.6771     0.041149
         14      2.5      0.0                 -26.10122598    -0.00155373        28.7723       169.2093     0.016918
         15      2.5      0.0                 -26.11388304    -0.01265706        21.2871        98.4434     0.028940
         16      2.4      0.0                 -26.12173053    -0.00784749        29.9495       242.3128     0.047013
         17      2.5      0.0                 -26.13686070    -0.01513017        20.6766        83.0435     0.037725
         18      2.5      0.1                 -26.13974192    -0.00288122        28.0516       270.8827     0.025262
         19      2.5      0.0                 -26.15147775    -0.01173584        18.7454        96.6434     0.032783
         20      2.5      0.0                 -26.15356445    -0.00208669        24.9017       196.1947     0.020925
         21      2.5      0.0                 -26.16311770    -0.00955326        17.2036        64.1490     0.031116
         22      2.5      0.1                 -26.16725164    -0.00413394        23.2178       115.4472     0.038136
         23      2.5      0.0                 -26.17690148    -0.00964984        15.8737        64.2041     0.037690
         24      2.5      0.0                 -26.18040478    -0.00350329        21.8455       153.8609     0.040499
         25      2.5      0.0                 -26.18851163    -0.00810685        14.4180        63.9958     0.042833
         26      2.5      0.1                 -26.18946332    -0.00095169        18.6031       112.4119     0.020578
         27      2.4      0.0                 -26.19538627    -0.00592295        12.9159        51.6931     0.026991
         28      2.5      0.0                 -26.19764078    -0.00225452        17.3406        99.0824     0.030051
         29      2.5      0.0                 -26.20257087    -0.00493009        16.6577       126.5648     0.052353
         30      2.5      0.0                 -26.20264937    -0.00007850        18.4276       160.3613     0.008017
         31      2.5      0.1                 -26.20893959    -0.00629022        18.6170        89.6894     0.036170
         32      2.5      0.0                 -26.21643360    -0.00749401        14.6900        50.6139     0.057588
         33      2.5      0.0                 -26.21704307    -0.00060946        18.8567        73.7086     0.022569
         34      2.5      0.0                 -26.22327238    -0.00622932        12.8153        57.4194     0.031123
         35      2.4      0.1                 -26.22507153    -0.00179914        17.2467        82.2443     0.028053
         36      2.5      0.0                 -26.23094461    -0.00587308        13.0680        50.1997     0.043345
         37      2.5      0.0                 -26.23276336    -0.00181875        18.8185       100.4244     0.041975
         38      2.5      0.0                 -26.23914696    -0.00638360        13.0257        56.3172     0.029885
         39      2.5      0.1                 -26.24044014    -0.00129319        17.3782        82.8169     0.020874
         40      2.4      0.0                 -26.24560656    -0.00516641        12.6942        44.5135     0.046444
         41      2.5      0.0                 -26.24634727    -0.00074072        16.4562        69.5265     0.026702
         42      2.5      0.0                 -26.25100630    -0.00465903        14.8402        81.3865     0.030423
         43      2.5      0.0                 -26.25108329    -0.00007699        16.0103        98.8939     0.004496
         44      2.5      0.1                 -26.25670995    -0.00562665        13.5280        64.5184     0.068196
         45      2.5      0.0                 -26.25688748    -0.00017753        15.8501        77.2085     0.015366
         46      2.5      0.0                 -26.26161893    -0.00473146        11.4496        42.6729     0.025591
         47      2.5      0.0                 -26.26237164    -0.00075271        15.0610        76.9505     0.015117
         48      2.5      0.1                 -26.26660492    -0.00423327        11.4420        47.8657     0.037214
         49      2.6      0.0                 -26.26768122    -0.00107631        16.2528        84.4144     0.031773
         50      2.5      0.0                 -26.27202514    -0.00434392        11.4927        52.7574     0.026288
         51      2.5      0.0                 -26.27252545    -0.00050031        14.3112       108.0902     0.012518
         52      2.5      0.1                 -26.27596587    -0.00344042        13.1395        87.0345     0.057873
         53      2.5      0.0                 -26.27977664    -0.00381078        10.9627        54.1340     0.037129
         54      2.5      0.0                 -26.28027239    -0.00049575        14.1171        54.1608     0.019160
         55      2.5      0.0                 -26.28413550    -0.00386311        11.6251        67.0917     0.064210
         56      2.5      0.0                 -26.28457449    -0.00043898        15.0754       105.5609     0.032911
         57      2.6      0.1                 -26.28841887    -0.00384438        10.5451        59.4680     0.029163
         58      2.4      0.0                 -26.28873069    -0.00031182        12.5189        58.9848     0.011060
         59      2.5      0.0                 -26.29221107    -0.00348038        10.6458        73.9440     0.079522
         60      2.5      0.0                 -26.29252330    -0.00031223        13.8354        97.8222     0.037395
         61      2.5      0.1                 -26.29629968    -0.00377638        10.5298        60.9883     0.048522
         62      2.5      0.0                 -26.29692378    -0.00062410        14.1839        76.0972     0.029913
         63      2.5      0.0                 -26.30081370    -0.00388992        10.4971        62.7941     0.081455
         64      2.5      0.0                 -26.30156672    -0.00075303        14.5517       118.5256     0.066072
         65      2.5      0.0                 -26.30161397    -0.00004725        13.2475       100.0903     0.013708
         66      2.5      0.0                 -26.30478016    -0.00316618        13.7059        77.4134     0.038222
         67      2.5      0.0                 -26.30482682    -0.00004667        12.5957        66.0344     0.004155
         68      2.5      0.0                 -26.30790384    -0.00307702        12.1923        94.8725     0.118996
         69      2.5      0.0                 -26.31087329    -0.00296945         9.0711        50.0836     0.028011
         70      2.6      0.1                 -26.31111739    -0.00024411        11.2668        64.6389     0.010708
         71      2.5      0.0                 -26.31335792    -0.00224052         8.6555        38.2825     0.066085
         72      2.5      0.0                 -26.31349024    -0.00013232        10.4917        71.5585     0.021850
         73      2.5      0.0                 -26.31531722    -0.00182699         7.8296        33.3545     0.018497
         74      2.5      0.1                 -26.31544963    -0.00013241         9.2332        37.3310     0.006502
         75      2.5      0.0                 -26.31715759    -0.00170795         7.3627        31.7154     0.067245
         76      2.5      0.0                 -26.31722434    -0.00006675         8.5589        49.9238     0.017685
         77      2.4      0.0                 -26.31868842    -0.00146408         6.6452        33.1734     0.011731
         78      2.5      0.1                 -26.31878862    -0.00010020         8.0018        47.8442     0.003976
         79      2.4      0.0                 -26.31998447    -0.00119584         6.3317        32.6316     0.043675
         80      2.5      0.0                 -26.32004787    -0.00006341         7.7165        56.3577     0.012973
         81      2.4      0.0                 -26.32103780    -0.00098993         5.5617        20.4480     0.013535
         82      2.5      0.0                 -26.32132492    -0.00028711         7.4843        39.2897     0.012216
         83      2.5      0.1                 -26.32234961    -0.00102469         5.4097        18.6716     0.031188
         84      2.4      0.0                 -26.32256013    -0.00021052         7.3440        33.5699     0.022298
         85      2.4      0.0                 -26.32345439    -0.00089426         4.8876        16.4413     0.016160
         86      2.5      0.0                 -26.32362164    -0.00016725         6.1554        23.0658     0.010646
         87      2.5      0.1                 -26.32438423    -0.00076259         4.6802        20.7754     0.029175
         88      2.5      0.0                 -26.32455964    -0.00017541         6.4181        26.4623     0.022690
         89      2.6      0.0                 -26.32536551    -0.00080587         4.5436        20.8392     0.017208
         90      2.5      0.0                 -26.32555509    -0.00018958         6.0208        25.3921     0.013342
         91      2.5      0.1                 -26.32633389    -0.00077880         4.5278        18.1990     0.034660
         92      2.5      0.0                 -26.32650566    -0.00017177         6.3095        23.7651     0.026172
         93      2.5      0.0                 -26.32726691    -0.00076126         4.6698        18.0277     0.018939
         94      2.5      0.0                 -26.32741090    -0.00014398         6.3113        29.0549     0.012567
         95      2.5      0.0                 -26.32814602    -0.00073512         4.4333        16.5389     0.029498
         96      2.5      0.1                 -26.32834787    -0.00020186         6.0077        23.7769     0.025863
         97      2.6      0.0                 -26.32902875    -0.00068088         4.4851        18.7806     0.015180
         98      2.5      0.0                 -26.32913611    -0.00010736         5.8709        30.0332     0.008880
         99      2.5      0.0                 -26.32975731    -0.00062119         4.2121        17.4689     0.026392
        100      2.5      0.1                 -26.32988400    -0.00012670         5.4645        24.0079     0.018673
        101      2.4      0.0                 -26.33046765    -0.00058365         4.2520        20.9302     0.014961
        102      2.5      0.0                 -26.33055068    -0.00008303         5.5893        30.0313     0.008171
        103      2.6      0.0                 -26.33111838    -0.00056770         3.9652        17.2343     0.023517
        104      2.4      0.1                 -26.33126810    -0.00014971         5.2381        21.6397     0.019880
        105      2.5      0.0                 -26.33181776    -0.00054967         3.7621        15.8179     0.014591
        106      2.5      0.0                 -26.33193095    -0.00011319         5.1347        23.3444     0.010286
        107      2.5      0.0                 -26.33240695    -0.00047600         3.3717        13.6046     0.012935
        108      2.5      0.0                 -26.33249383    -0.00008688         4.3829        15.7122     0.008386
        109      2.5      0.0                 -26.33285712    -0.00036329         3.0657        12.8968     0.010270
        110      2.6      0.0                 -26.33294770    -0.00009058         4.2206        20.8620     0.008296
        111      2.5      0.0                 -26.33326920    -0.00032150         2.9758        12.3394     0.007664
        112      2.5      0.0                 -26.33335212    -0.00008292         4.1575        18.9570     0.006347
        113      2.6      0.1                 -26.33365661    -0.00030448         2.9247        11.0389     0.008490
        114      2.5      0.0                 -26.33376426    -0.00010766         4.1117        17.1184     0.008878
        115      2.5      0.0                 -26.33405012    -0.00028585         2.6976         9.0790     0.009393
        116      2.5      0.0                 -26.33410587    -0.00005575         3.5525        13.9498     0.006373
        117      2.5      0.0                 -26.33432893    -0.00022306         2.5299         8.9702     0.005930
        118      2.5      0.0                 -26.33441500    -0.00008608         3.5867        11.0899     0.006628
        119      2.5      0.0                 -26.33465236    -0.00023736         2.5224         9.1329     0.007646
        120      2.6      0.0                 -26.33473469    -0.00008233         3.5264        12.6519     0.007884
        121      2.5      0.0                 -26.33496551    -0.00023081         2.4849         7.6497     0.006561
        122      2.5      0.0                 -26.33502709    -0.00006158         3.4686        19.4754     0.005567
        123      2.5      0.0                 -26.33524371    -0.00021662         2.4471         8.4312     0.008376
        124      2.5      0.0                 -26.33530879    -0.00006508         3.4605        19.9930     0.007755
        125      2.5      0.0                 -26.33551782    -0.00020903         2.4805        10.1299     0.009615
        126      2.5      0.1                 -26.33558326    -0.00006544         3.5406        25.4396     0.009181
        127      2.5      0.0                 -26.33579531    -0.00021205         2.4877         7.1185     0.007428
        128      2.5      0.0                 -26.33586225    -0.00006694         3.4738        28.4108     0.007137
        129      2.4      0.0                 -26.33606527    -0.00020302         2.4314         7.9629     0.009073
        130      2.5      0.1                 -26.33612081    -0.00005553         3.4071        23.3614     0.007842
        131      2.5      0.0                 -26.33631134    -0.00019054         2.3582         8.8158     0.010040
        132      2.5      0.0                 -26.33637517    -0.00006383         3.2203        14.9333     0.010097
        133      2.5      0.0                 -26.33656515    -0.00018997         2.3740         8.6872     0.007393
        134      2.5      0.1                 -26.33664491    -0.00007976         3.4697        12.3847     0.008820
        135      2.5      0.0                 -26.33687886    -0.00023395         2.5162         9.4585     0.011296
        136      2.5      0.0                 -26.33699460    -0.00011574         3.6605        14.7084     0.015326
        137      2.5      0.0                 -26.33724110    -0.00024650         2.5670         8.7725     0.016086
        138      2.5      0.0                 -26.33727398    -0.00003287         3.3970        13.4261     0.008417
        139      2.5      0.1                 -26.33748312    -0.00020914         2.5378         7.5950     0.009731
        140      2.5      0.0                 -26.33759796    -0.00011484         3.8018        13.6237     0.014361
        141      2.5      0.0                 -26.33787441    -0.00027645         2.6850         8.2985     0.016624
        142      2.5      0.0                 -26.33797812    -0.00010371         3.8057        15.9645     0.018334
        143      2.4      0.1                 -26.33825276    -0.00027464         2.7629         8.4041     0.014254
        144      2.5      0.0                 -26.33832287    -0.00007011         3.9395        16.1547     0.011744
        145      2.5      0.0                 -26.33859546    -0.00027259         2.8186        10.3120     0.017244
        146      2.5      0.0                 -26.33869329    -0.00009783         4.0362        17.2743     0.018442
        147      2.4      0.1                 -26.33898078    -0.00028749         2.8825        10.1528     0.014213
        148      2.4      0.0                 -26.33908314    -0.00010236         4.0910        15.4971     0.015022
        149      2.5      0.0                 -26.33939247    -0.00030933         3.1912        16.2646     0.028579
        150      2.5      0.0                 -26.33946900    -0.00007653         4.5720        41.3984     0.024614
        151      2.5      0.0                 -26.33977742    -0.00030843         3.8613        26.3464     0.010083
        152      2.5      0.1                 -26.34010244    -0.00032501         3.2710        10.4663     0.040905
        153      2.5      0.0                 -26.34013951    -0.00003708         4.3317        20.5014     0.021179
        154      2.5      0.0                 -26.34050311    -0.00036359         3.1760        10.5258     0.018770
        155      2.5      0.0                 -26.34061746    -0.00011436         4.5537        15.4348     0.018139
        156      2.5      0.1                 -26.34100645    -0.00038899         3.2849        11.6725     0.033216
        157      2.5      0.0                 -26.34110132    -0.00009487         4.7250        25.2446     0.027786
        158      2.5      0.0                 -26.34147068    -0.00036936         3.3862        11.7526     0.006863
        159      2.5      0.0                 -26.34155575    -0.00008507         4.4089        28.5634     0.005240
        160      2.4      0.1                 -26.34196202    -0.00040627         4.7797        39.4682     0.067937
        161      2.5      0.0                 -26.34196557    -0.00000355         5.2786        50.3060     0.009269
        162      2.5      0.0                 -26.34247751    -0.00051194         4.4270        14.8378     0.017608
        163      2.5      0.0                 -26.34249011    -0.00001260         4.9473        17.8296     0.003238
        164      2.5      0.0                 -26.34299686    -0.00050675         4.1269        24.9696     0.049410
        165      2.5      0.1                 -26.34307694    -0.00008008         5.8103        49.4683     0.033180
        166      2.5      0.0                 -26.34360144    -0.00052449         3.6790        11.4371     0.011490
        167      2.5      0.0                 -26.34366660    -0.00006516         4.5232        27.3776     0.005722
        168      2.4      0.0                 -26.34412807    -0.00046147         4.1776        21.9497     0.057738
        169      2.5      0.1                 -26.34416723    -0.00003916         5.7171        53.4346     0.029731
        170      2.5      0.0                 -26.34417268    -0.00000545         5.1995        44.1470     0.008127
        171      2.5      0.0                 -26.34471471    -0.00054203         4.1133        15.2507     0.014264
        172      2.4      0.0                 -26.34478190    -0.00006719         5.2596        20.0323     0.007119
        173      2.5      0.1                 -26.34530754    -0.00052565         4.2171        21.9544     0.051829
        174      2.5      0.0                 -26.34534380    -0.00003625         5.2581        39.8733     0.019593
        175      2.5      0.0                 -26.34580414    -0.00046034         3.6910        13.6635     0.007166
        176      2.5      0.0                 -26.34583784    -0.00003370         4.4159        24.2717     0.002537
        177      2.5      0.0                 -26.34627948    -0.00044163         3.5011        10.3569     0.038866
        178      2.5      0.1                 -26.34640523    -0.00012575         5.2972        39.0848     0.039512
        179      2.5      0.0                 -26.34686497    -0.00045974         3.5470        12.7165     0.006406
        180      2.5      0.0                 -26.34689768    -0.00003271         4.2627        21.8793     0.002226
        181      2.5      0.0                 -26.34725741    -0.00035973         3.3537        11.8036     0.032659
        182      2.5      0.1                 -26.34731413    -0.00005672         4.6089        29.1625     0.020062
        183      2.4      0.0                 -26.34765828    -0.00034414         3.2861        11.4570     0.011710
        184      2.6      0.0                 -26.34772974    -0.00007147         4.4697        37.4480     0.008309
        185      2.5      0.0                 -26.34804776    -0.00031802         3.2103         9.1477     0.023457
        186      2.5      0.1                 -26.34812697    -0.00007921         4.4176        23.8628     0.019308
        187      2.5      0.0                 -26.34844945    -0.00032248         3.2006        14.0323     0.007489
        188      2.6      0.0                 -26.34854734    -0.00009789         4.3139        25.9564     0.006990
        189      2.5      0.0                 -26.34887572    -0.00032838         3.1501        12.0628     0.033861
        190      2.5      0.0                 -26.34892146    -0.00004574         3.9864        21.5455     0.019427
        191      2.5      0.1                 -26.34924576    -0.00032431         3.3971        14.2493     0.008542
        192      2.4      0.0                 -26.34926855    -0.00002279         4.1568        23.8252     0.002951
        193      2.5      0.0                 -26.34957233    -0.00030378         2.8595        11.2959     0.027286
        194      2.5      0.0                 -26.34960964    -0.00003731         3.6088        14.4321     0.013750
        195      2.6      0.1                 -26.34984914    -0.00023950         2.5214         7.4902     0.009635
        196      2.5      0.0                 -26.34991525    -0.00006611         3.4560        16.0396     0.008382
        197      2.5      0.0                 -26.35013546    -0.00022022         2.5054         8.4727     0.014229
        198      2.5      0.0                 -26.35020789    -0.00007243         3.6108        18.1484     0.014130
        199      2.5      0.1                 -26.35044292    -0.00023503         2.5416         7.9596     0.007798
        200      2.5      0.0                 -26.35052385    -0.00008093         3.4933        11.8568     0.007990
        201      2.5      0.0                 -26.35074019    -0.00021633         2.3906         7.4310     0.015228
        202      2.5      0.0                 -26.35078018    -0.00003999         3.1612        10.0370     0.009988
        203      2.5      0.0                 -26.35097028    -0.00019010         2.3273         8.9019     0.005822
        204      2.5      0.0                 -26.35105329    -0.00008301         3.2716        11.3928     0.007152
        205      2.5      0.0                 -26.35125929    -0.00020600         2.2948         6.5919     0.016094
        206      2.5      0.0                 -26.35128887    -0.00002959         3.0205        13.0249     0.008874
        207      2.5      0.0                 -26.35145362    -0.00016474         2.1566         6.4715     0.007553
        208      2.5      0.1                 -26.35148972    -0.00003610         2.9020        11.7228     0.005560
        209      2.5      0.0                 -26.35164527    -0.00015555         2.1315         6.6407     0.013982
        210      2.5      0.0                 -26.35167959    -0.00003432         2.8162        11.7528     0.010439
        211      2.5      0.0                 -26.35183486    -0.00015527         2.1637         8.2651     0.012945
        212      2.6      0.1                 -26.35184859    -0.00001373         2.6071        10.6853     0.005163
        213      2.5      0.0                 -26.35199861    -0.00015002         2.0938         7.0221     0.015079
        214      2.4      0.0                 -26.35201280    -0.00001419         2.6606        13.6864     0.006332
        215      2.5      0.0                 -26.35214915    -0.00013635         1.9071         5.6165     0.009218
        216      2.5      0.1                 -26.35217490    -0.00002575         2.5760         8.7897     0.006119
        217      2.5      0.0                 -26.35229312    -0.00011822         1.7440         5.1438     0.009280
        218      2.5      0.1                 -26.35231913    -0.00002601         2.2978         7.4335     0.006862
        219      2.5      0.0                 -26.35241434    -0.00009521         1.6635         4.5823     0.007137
        220      2.5      0.0                 -26.35242950    -0.00001516         2.1599         9.7058     0.004222
        221      2.5      0.0                 -26.35251549    -0.00008599         1.6921         5.8541     0.011816
        222      2.5      0.0                 -26.35252441    -0.00000893         2.1369         9.7518     0.005260
        223      2.5      0.0                 -26.35260613    -0.00008171         1.5394         5.7895     0.006680
        224      2.6      0.0                 -26.35262106    -0.00001493         2.0399        11.8412     0.004352
        225      2.5      0.0                 -26.35269101    -0.00006996         1.4635         5.4331     0.006236
        226      2.5      0.0                 -26.35270067    -0.00000966         1.9156        11.9501     0.003337
        227      2.4      0.0                 -26.35276255    -0.00006188         1.3884         5.2939     0.005207
        228      2.5      0.0                 -26.35278634    -0.00002379         1.9677        13.2728     0.005811
        229      2.7      0.0                 -26.35285524    -0.00006890         1.4029         4.3449     0.005556
        230      2.5      0.0                 -26.35287904    -0.00002380         1.9924        13.6390     0.005707
        231      2.5      0.0                 -26.35294578    -0.00006673         1.3267         3.9853     0.005311
        232      2.5      0.0                 -26.35295999    -0.00001421         1.7793         7.2625     0.003837
        233      2.5      0.0                 -26.35301244    -0.00005245         1.2250         4.5571     0.002521
        234      2.5      0.1                 -26.35302488    -0.00001244         1.6286         7.3186     0.001965
        235      2.5      0.0                 -26.35307364    -0.00004877         1.1555         3.4248     0.005833
        236      2.7      0.0                 -26.35308763    -0.00001399         1.5763         6.9935     0.005240
        237      2.5      0.0                 -26.35313416    -0.00004652         1.1172         3.5588     0.002914
        238      2.5      0.1                 -26.35314532    -0.00001117         1.5488         7.1085     0.002290
        239      2.5      0.0                 -26.35318820    -0.00004288         1.1384         4.1855     0.003512
        240      2.5      0.0                 -26.35320299    -0.00001479         1.6727        10.2023     0.003608
        241      2.5      0.0                 -26.35325201    -0.00004902         1.2487         3.8915     0.003416
        242      2.5      0.1                 -26.35327316    -0.00002115         1.8130         9.9267     0.004158
        243      2.5      0.0                 -26.35333019    -0.00005703         1.1908         4.3393     0.005947
        244      2.5      0.0                 -26.35334128    -0.00001109         1.5623         6.5980     0.004026
        245      2.6      0.0                 -26.35338494    -0.00004366         1.1005         3.4187     0.003789
        246      2.5      0.0                 -26.35339797    -0.00001303         1.5350         6.8618     0.003489
        247      2.4      0.1                 -26.35344173    -0.00004377         1.1261         3.4391     0.004496
        248      2.5      0.0                 -26.35345949    -0.00001775         1.6520         9.3615     0.005223
        249      2.4      0.0                 -26.35350914    -0.00004965         1.1364         3.1698     0.004683
        250      2.4      0.0                 -26.35352539    -0.00001626         1.5529         6.6309     0.004619
        251      2.5      0.1                 -26.35357258    -0.00004719         1.1607         3.6686     0.005135
        252      2.5      0.0                 -26.35358954    -0.00001695         1.7367         7.8804     0.005432
        253      2.5      0.0                 -26.35364325    -0.00005371         1.2140         4.3010     0.006264
        254      2.5      0.0                 -26.35366191    -0.00001867         1.6825         7.4911     0.006467
        255      2.5      0.1                 -26.35371331    -0.00005139         1.1861         3.9407     0.005950
        256      2.4      0.0                 -26.35372686    -0.00001356         1.6686         7.4613     0.005006
        257      2.5      0.0                 -26.35377644    -0.00004958         1.1772         3.4803     0.005607
        258      2.5      0.0                 -26.35379729    -0.00002085         1.6431         6.6595     0.006689
        259      2.4      0.0                 -26.35384949    -0.00005220         1.1515         3.7327     0.006700
        260      2.5      0.1                 -26.35386723    -0.00001774         1.6123         6.3396     0.006801
        261      2.5      0.0                 -26.35391664    -0.00004941         1.1305         3.4487     0.006082
        262      2.5      0.0                 -26.35392851    -0.00001186         1.5733         5.4838     0.004780
        263      2.5      0.0                 -26.35397336    -0.00004486         1.1260         4.1232     0.005389
        264      2.5      0.1                 -26.35398851    -0.00001514         1.6093         6.0749     0.005442
        265      2.5      0.0                 -26.35403457    -0.00004606         1.1229         3.4686     0.005787
        266      2.5      0.0                 -26.35404988    -0.00001531         1.5662         5.8954     0.005780
        267      2.5      0.0                 -26.35409443    -0.00004455         1.0877         3.8980     0.006022
        268      2.6      0.1                 -26.35410879    -0.00001437         1.5124         5.7644     0.005878
        269      2.6      0.0                 -26.35415294    -0.00004415         1.1028         3.5702     0.006245
        270      2.5      0.0                 -26.35417251    -0.00001957         1.6081         7.3550     0.007769
        271      2.5      0.0                 -26.35422232    -0.00004981         1.1252         3.2890     0.006439
        272      2.5      0.0                 -26.35423670    -0.00001438         1.5741         7.1399     0.005791
        273      2.5      0.1                 -26.35428172    -0.00004501         1.0366         3.2563     0.005535
        274      2.5      0.0                 -26.35429204    -0.00001033         1.3754         4.2347     0.004212
        275      2.6      0.0                 -26.35432829    -0.00003624         0.9868         2.9990     0.005088


The minimization has converged.


>>> Timing data >>>
    Minimization loop was running for 713.734 seconds ( 0:11:53.734 h:m:s).
    Performance: 2.595 seconds/step.
    Time spent within the MD module (overhead): 22.738 seconds (3.1858 % of total time).
<<< Timing data <<<


Finished minimization loop.



>>>>>> Dump Position, Format, PDB, Stride, 0, Filename, "mm_opt.pdb", Replace

Writing a single position snapshot for region "all": Format PDB, filename "mm_opt.pdb", replace.


###############################################################
########        Finished Executing Input Script        ########
###############################################################


    3 function calls, 0 operator calls, 27 evaluated expressions.


Timings for individual modules during the MD run:

MM module                       ...      687.453 sec (=  11.458 min) 100.0 %
Self time inside of MD module   ...       25.568 sec (=   0.426 min)   3.6 %

Sum of individual times         ...      713.021 sec (=  11.884 min)

Total wall time of MD module    ...      716.429 sec (=  11.940 min)
             --> "dark time"    ...        3.408 sec (=   0.057 min)   0.5 %

( The "dark time" is spent in the ORCA-internal routines for energy and gradient calculation,
  but not inside of the sub-programs which do so. It contains operating system overhead for
  spawning new processes in each MD step and some file IO time. )



    #########################################################
    ####    ORCA ab initio Molecular Dynamics leaving    ####
    ####           Martin Brehm, 2016 - 2022             ####
    ####        https://brehm-research.de/orcamd         ####
    #########################################################

