            --------------------------------------------------------
                             AMBER SQM VERSION 19
 
                                     By
              Ross C. Walker, Michael F. Crowley, Scott Brozell,
                         Tim Giese, Andreas W. Goetz,
                        Tai-Sung Lee and David A. Case
 
            --------------------------------------------------------
 

--------------------------------------------------------------------------------
  QM CALCULATION INFO
--------------------------------------------------------------------------------

| QMMM: Citation for AMBER QMMM Run:
| QMMM: R.C. Walker, M.F. Crowley and D.A. Case, J. COMP. CHEM. 29:1019, 2008

QMMM: SINGLET STATE CALCULATION
QMMM: RHF CALCULATION, NO. OF DOUBLY OCCUPIED LEVELS =101

| QMMM: *** Selected Hamiltonian *** 
| QMMM: AM1         

| QMMM: *** Parameter sets in use ***
| QMMM: S : M.J.S.DEWAR et al. INORG. CHEM., 29, 3881, (1990)
| QMMM: C : M.J.S.DEWAR et al. JACS, 107, 3902, (1985)
| QMMM: N : M.J.S.DEWAR et al. JACS, 107, 3902, (1985)
| QMMM: O : M.J.S.DEWAR et al. JACS, 107, 3902, (1985)
| QMMM: P : M.J.S.DEWAR et al. THEOCHEM, 187,1, (1989)
| QMMM: H : M.J.S.DEWAR et al. JACS, 107, 3902, (1985)

| QMMM: *** SCF convergence criteria ***
| QMMM: Energy change                :  0.1D-09 kcal/mol
| QMMM: Error matrix |FP-PF|         :  0.1D+00 au
| QMMM: Density matrix change        :  0.5D-06
| QMMM: Maximum number of SCF cycles :     1000

| QMMM: *** Diagonalization Routine Information ***
| QMMM: Pseudo diagonalizations are allowed.
| QMMM: Auto diagonalization routine selection is in use.
| QMMM:
| QMMM: Timing diagonalization routines:
| QMMM:                              norbs =      167
| QMMM:    diag iterations used for timing =        5
| QMMM:
| QMMM:              Internal diag routine = 0.042445 seconds
| QMMM:                 Dspev diag routine = 0.038611 seconds
| QMMM:                Dspevd diag routine = 0.035584 seconds
| QMMM:                Dspevx diag routine = 0.120601 seconds
| QMMM:                 Dsyev diag routine = 0.042627 seconds
| QMMM:                Dsyevd diag routine = 0.033470 seconds
| QMMM:                Dsyevr diag routine = 0.031296 seconds
| QMMM:
| QMMM:                Pseudo diag routine = 0.016921 seconds
| QMMM:
| QMMM: Using dsyevr routine (diag_routine=7).

  QMMM: QM Region Cartesian Coordinates (*=link atom) 
  QMMM: QM_NO.   MM_NO.  ATOM         X         Y         Z
  QMMM:     1        1      S      -36.3230  -34.6810   24.2950
  QMMM:     2        2      C      -34.9450  -35.2240   23.4370
  QMMM:     3        3      N      -33.8270  -34.9430   24.1300
  QMMM:     4        4      C      -34.0480  -34.4030   25.4050
  QMMM:     5        5      C      -35.3790  -34.2180   25.6950
  QMMM:     6        6      C      -35.9910  -33.8260   27.0090
  QMMM:     7        7      C      -36.3560  -32.3460   27.2040
  QMMM:     8        8      O      -36.7330  -32.1670   28.5530
  QMMM:     9        9      P      -37.9460  -31.0730   28.8720
  QMMM:    10       10      P      -39.9240  -33.3160   28.4880
  QMMM:    11       11      N      -30.0550  -32.1620   23.6090
  QMMM:    12       12      O      -37.6780  -29.7330   28.2890
  QMMM:    13       13      O      -40.1100  -33.2480   30.0580
  QMMM:    14       14      C      -30.6350  -31.3410   22.7120
  QMMM:    15       15      O      -38.0710  -31.1200   30.4170
  QMMM:    16       16      O      -38.8680  -34.3750   28.0700
  QMMM:    17       17      N      -31.7610  -31.6030   22.0610
  QMMM:    18       18      O      -39.2130  -31.7800   28.1710
  QMMM:    19       19      O      -41.1470  -33.3680   27.6390
  QMMM:    20       20      C      -32.4060  -32.7850   22.2680
  QMMM:    21       21      N      -33.5310  -33.0070   21.5900
  QMMM:    22       22      C      -31.8580  -33.7270   23.2130
  QMMM:    23       23      C      -30.6860  -33.3280   23.8310
  QMMM:    24       24      C      -32.4550  -35.0660   23.5700
  QMMM:    25       25      C      -29.9750  -30.0220   22.4260
  QMMM:    26       26      C      -32.9010  -34.2010   26.3350
  QMMM:    27       27      H      -36.9120  -34.3970   27.2190
  QMMM:    28       28      H      -35.2710  -34.0890   27.8040
  QMMM:    29       29      H      -35.4920  -31.6960   26.9770
  QMMM:    30       30      H      -37.1730  -32.0700   26.5100
  QMMM:    31       31      H      -33.8450  -32.2780   20.9510
  QMMM:    32       32      H      -33.8620  -34.0170   21.4290
  QMMM:    33       33      H      -30.2180  -33.9990   24.5650
  QMMM:    34       34      H      -32.5390  -35.7470   22.7140
  QMMM:    35       35      H      -31.8220  -35.5530   24.3280
  QMMM:    36       36      H      -29.8780  -29.4340   23.3510
  QMMM:    37       37      H      -30.5490  -29.4490   21.6850
  QMMM:    38       38      H      -28.9520  -30.1750   22.0480
  QMMM:    39       39      H      -32.3260  -35.1380   26.4430
  QMMM:    40       40      H      -33.2730  -33.9010   27.3240
  QMMM:    41       41      H      -32.2110  -33.4180   25.9810
  QMMM:    42       42      C      -34.7120  -37.5460   22.4390
  QMMM:    43       43      C      -35.0050  -35.9810   22.0980
  QMMM:    44       44      O      -33.4610  -37.8290   22.5300
  QMMM:    45       45      O      -35.6570  -38.3300   22.5410
  QMMM:    46       46      O      -34.0540  -35.5080   21.2460
  QMMM:    47       47      C      -36.6380  -34.9050   20.4050
  QMMM:    48       48      C      -37.9780  -35.1700   19.7140
  QMMM:    49       49      H      -38.0400  -36.2010   19.3510
  QMMM:    50       50      H      -38.1100  -34.5050   18.8540
  QMMM:    51       51      H      -38.8190  -35.0040   20.3980
  QMMM:    52       52      C      -36.5790  -33.4420   20.8520
  QMMM:    53       53      H      -37.4520  -33.1710   21.4540
  QMMM:    54       54      H      -36.5560  -32.7820   19.9760
  QMMM:    55       55      H      -35.6880  -33.2260   21.4490
  QMMM:    56       56      N      -36.3450  -35.8290   21.5110
  QMMM:    57       57      H      -35.8350  -35.0600   19.6740
  QMMM:    58       58      O      -37.3830  -36.7280   21.8260
  QMMM:    59       59      H      -36.9580  -37.6120   21.7900

--------------------------------------------------------------------------------
  RESULTS
--------------------------------------------------------------------------------

      iter         sqm energy              rms gradient
      ----    -------------------    -----------------------
xmin    10     -301.4018 kcal/mol        2.4886 kcal/(mol*A)
xmin    20     -306.8318 kcal/mol        0.7012 kcal/(mol*A)
xmin    30     -307.7724 kcal/mol        0.3006 kcal/(mol*A)
xmin    40     -308.1955 kcal/mol        0.4644 kcal/(mol*A)
xmin    50     -308.2641 kcal/mol        0.0326 kcal/(mol*A)
xmin    60     -308.2695 kcal/mol        0.0075 kcal/(mol*A)
xmin    70     -308.2699 kcal/mol        0.0033 kcal/(mol*A)
xmin    80     -308.2701 kcal/mol        0.0019 kcal/(mol*A)
xmin    90     -308.2701 kcal/mol        0.0019 kcal/(mol*A)
  ... geometry converged !
 
 Final MO eigenvalues (eV):
 -33.4416  -32.2531  -30.9589  -28.9699  -28.3007  -27.3501  -26.8939  -26.6911
 -25.8341  -24.8839  -24.5326  -24.2260  -23.4474  -21.7797  -21.2363  -20.7736
 -20.6115  -20.2977  -19.8942  -19.6713  -19.2883  -18.6572  -18.5915  -18.1042
 -17.0518  -16.7066  -15.3079  -14.4506  -13.3831  -13.0941  -11.6930  -11.3455
 -10.8935  -10.5887  -10.4705   -9.4441   -8.7847   -8.7558   -8.7084   -8.5203
  -8.2667   -7.8372   -7.4727   -7.1604   -7.0661   -7.0082   -6.9316   -6.7205
  -6.5275   -6.3259   -6.0298   -5.9798   -5.8683   -5.5716   -5.4518   -5.4103
  -5.2227   -5.1669   -5.1438   -5.0110   -4.6927   -4.6531   -4.4999   -4.1700
  -4.0927   -3.9498   -3.7243   -3.4588   -3.3473   -3.1863   -3.0211   -2.8889
  -2.7603   -2.3522   -1.8138   -1.7497   -1.7060   -1.5535   -1.4332   -1.3245
  -0.9238   -0.7210   -0.5077   -0.3864   -0.3171   -0.1998   -0.0760    0.4781
   1.0264    1.0440    1.2066    1.3041    1.6021    1.9117    1.9981    2.5462
   3.2872    3.3108    3.3454    3.4375    3.4511    7.1938    7.6450    8.2608
   8.8721    9.2355    9.4319    9.7302    9.7766   10.0835   10.1478   10.4025
  10.6967   10.7690   10.8938   11.0699   11.1478   11.3657   11.6997   11.7385
  11.7873   11.8752   11.9654   12.1441   12.3131   12.3374   12.3824   12.4313
  12.4635   12.5025   12.6045   12.7672   12.7997   12.8882   12.9178   12.9392
  13.0623   13.1825   13.1979   13.4025   13.6013   13.6631   13.6896   13.8408
  13.9906   14.0223   14.2683   14.3450   14.4439   14.7362   14.9224   15.0933
  15.5315   15.7569   15.9768   16.1143   16.5496   16.7680   16.9264   17.7104
  18.1851   19.1470   19.8850   20.9508   21.4326   22.3864   22.4149

 Heat of formation   =       -308.27010394 kcal/mol  (      -13.36759481 eV)

 Total SCF energy    =    -172943.11358064 kcal/mol  (    -7499.37615804 eV)
 Electronic energy   =   -1453295.23424885 kcal/mol  (   -63019.61034859 eV)
 Core-core repulsion =    1280352.12066822 kcal/mol  (    55520.23419055 eV)
 
    Atomic Charges for Step       1 :
  Atom    Element       Mulliken Charge
     1      S                  0.696
     2      C                 -0.240
     3      N                 -0.050
     4      C                 -0.093
     5      C                 -0.306
     6      C                 -0.201
     7      C                  0.084
     8      O                 -0.755
     9      P                  2.677
    10      P                  2.657
    11      N                 -0.262
    12      O                 -1.251
    13      O                 -1.281
    14      C                  0.041
    15      O                 -1.238
    16      O                 -1.286
    17      N                 -0.295
    18      O                 -1.286
    19      O                 -1.283
    20      C                  0.199
    21      N                 -0.328
    22      C                 -0.226
    23      C                 -0.014
    24      C                  0.002
    25      C                 -0.146
    26      C                 -0.173
    27      H                  0.202
    28      H                  0.133
    29      H                 -0.009
    30      H                  0.101
    31      H                  0.199
    32      H                  0.306
    33      H                  0.152
    34      H                  0.206
    35      H                  0.110
    36      H                  0.087
    37      H                  0.074
    38      H                  0.069
    39      H                  0.057
    40      H                  0.189
    41      H                  0.071
    42      C                  0.314
    43      C                  0.229
    44      O                 -0.588
    45      O                 -0.613
    46      O                 -0.701
    47      C                 -0.039
    48      C                 -0.200
    49      H                  0.069
    50      H                  0.024
    51      H                  0.066
    52      C                 -0.189
    53      H                  0.054
    54      H                  0.014
    55      H                  0.106
    56      N                 -0.150
    57      H                  0.102
    58      O                 -0.290
    59      H                  0.203
 Total Mulliken Charge =      -4.000
 
                  X        Y        Z     TOTAL  
  QM DIPOLE   709.358  643.866 -520.370 1090.201
 
 Final Structure

  QMMM: QM Region Cartesian Coordinates (*=link atom) 
  QMMM: QM_NO.   MM_NO.  ATOM         X         Y         Z
  QMMM:     1        1      S      -36.7513  -34.8157   24.1806
  QMMM:     2        2      C      -35.3156  -35.0398   23.3259
  QMMM:     3        3      N      -34.2368  -34.5861   24.0221
  QMMM:     4        4      C      -34.5989  -34.0881   25.2979
  QMMM:     5        5      C      -35.9683  -34.1397   25.5184
  QMMM:     6        6      C      -36.6694  -33.7033   26.7364
  QMMM:     7        7      C      -36.4845  -32.2051   27.0604
  QMMM:     8        8      O      -35.8280  -32.0442   28.2646
  QMMM:     9        9      P      -36.7093  -31.2210   29.4690
  QMMM:    10       10      P      -39.3914  -33.1880   29.6191
  QMMM:    11       11      N      -29.9928  -32.3321   24.0950
  QMMM:    12       12      O      -36.9817  -29.9058   28.8187
  QMMM:    13       13      O      -39.1264  -34.2113   30.6887
  QMMM:    14       14      C      -30.3409  -31.3672   23.1904
  QMMM:    15       15      O      -35.7737  -31.2252   30.6296
  QMMM:    16       16      O      -39.3394  -33.7186   28.2068
  QMMM:    17       17      N      -31.4578  -31.3487   22.4163
  QMMM:    18       18      O      -37.9711  -32.1314   29.6171
  QMMM:    19       19      O      -40.5517  -32.2798   29.9236
  QMMM:    20       20      C      -32.3506  -32.3989   22.5668
  QMMM:    21       21      N      -33.5270  -32.3777   21.8762
  QMMM:    22       22      C      -32.0499  -33.4755   23.4873
  QMMM:    23       23      C      -30.8679  -33.3556   24.2217
  QMMM:    24       24      C      -32.8627  -34.7255   23.5848
  QMMM:    25       25      C      -29.3983  -30.1924   23.0500
  QMMM:    26       26      C      -33.6055  -33.5984   26.2770
  QMMM:    27       27      H      -37.7844  -33.9121   26.7085
  QMMM:    28       28      H      -36.2801  -34.2951   27.6127
  QMMM:    29       29      H      -35.8688  -31.7300   26.2377
  QMMM:    30       30      H      -37.4956  -31.7108   27.0902
  QMMM:    31       31      H      -33.6578  -31.6835   21.1817
  QMMM:    32       32      H      -34.0477  -33.2443   21.7664
  QMMM:    33       33      H      -30.5925  -34.1275   24.9640
  QMMM:    34       34      H      -32.8826  -35.2309   22.5606
  QMMM:    35       35      H      -32.3654  -35.4421   24.3036
  QMMM:    36       36      H      -29.6195  -29.4609   23.8658
  QMMM:    37       37      H      -29.5297  -29.6835   22.0653
  QMMM:    38       38      H      -28.3371  -30.5266   23.1426
  QMMM:    39       39      H      -32.9560  -34.4405   26.6242
  QMMM:    40       40      H      -34.1517  -33.1579   27.1617
  QMMM:    41       41      H      -32.9529  -32.8090   25.8283
  QMMM:    42       42      C      -34.5748  -37.1208   22.0438
  QMMM:    43       43      C      -35.2067  -35.6789   21.8850
  QMMM:    44       44      O      -33.6372  -37.2920   22.8732
  QMMM:    45       45      O      -34.9820  -38.0488   21.2777
  QMMM:    46       46      O      -34.4489  -34.9272   21.0970
  QMMM:    47       47      C      -36.7062  -35.5944   19.9033
  QMMM:    48       48      C      -37.8720  -36.3444   19.2611
  QMMM:    49       49      H      -37.7759  -37.4416   19.4424
  QMMM:    50       50      H      -37.8699  -36.1622   18.1592
  QMMM:    51       51      H      -38.8462  -36.0006   19.6822
  QMMM:    52       52      C      -36.7837  -34.1251   19.4897
  QMMM:    53       53      H      -37.7151  -33.6462   19.8734
  QMMM:    54       54      H      -36.7791  -34.0528   18.3745
  QMMM:    55       55      H      -35.8959  -33.5797   19.8957
  QMMM:    56       56      N      -36.6690  -35.7135   21.3886
  QMMM:    57       57      H      -35.7465  -36.0211   19.4770
  QMMM:    58       58      O      -37.3478  -36.7682   21.8140
  QMMM:    59       59      H      -36.8853  -37.6056   21.5886

           --------- Calculation Completed ----------

