            --------------------------------------------------------
                             AMBER SQM VERSION 19
 
                                     By
              Ross C. Walker, Michael F. Crowley, Scott Brozell,
                         Tim Giese, Andreas W. Goetz,
                        Tai-Sung Lee and David A. Case
 
            --------------------------------------------------------
 

--------------------------------------------------------------------------------
  QM CALCULATION INFO
--------------------------------------------------------------------------------

| QMMM: Citation for AMBER QMMM Run:
| QMMM: R.C. Walker, M.F. Crowley and D.A. Case, J. COMP. CHEM. 29:1019, 2008

QMMM: SINGLET STATE CALCULATION
QMMM: RHF CALCULATION, NO. OF DOUBLY OCCUPIED LEVELS =112

| QMMM: *** Selected Hamiltonian *** 
| QMMM: AM1         

| QMMM: *** Parameter sets in use ***
| QMMM: S : M.J.S.DEWAR et al. INORG. CHEM., 29, 3881, (1990)
| QMMM: C : M.J.S.DEWAR et al. JACS, 107, 3902, (1985)
| QMMM: N : M.J.S.DEWAR et al. JACS, 107, 3902, (1985)
| QMMM: O : M.J.S.DEWAR et al. JACS, 107, 3902, (1985)
| QMMM: P : M.J.S.DEWAR et al. THEOCHEM, 187,1, (1989)
| QMMM: H : M.J.S.DEWAR et al. JACS, 107, 3902, (1985)

| QMMM: *** SCF convergence criteria ***
| QMMM: Energy change                :  0.1D-09 kcal/mol
| QMMM: Error matrix |FP-PF|         :  0.1D+00 au
| QMMM: Density matrix change        :  0.5D-06
| QMMM: Maximum number of SCF cycles :     1000

| QMMM: *** Diagonalization Routine Information ***
| QMMM: Pseudo diagonalizations are allowed.
| QMMM: Auto diagonalization routine selection is in use.
| QMMM:
| QMMM: Timing diagonalization routines:
| QMMM:                              norbs =      191
| QMMM:    diag iterations used for timing =        5
| QMMM:
| QMMM:              Internal diag routine = 0.057577 seconds
| QMMM:                 Dspev diag routine = 0.058544 seconds
| QMMM:                Dspevd diag routine = 0.041564 seconds
| QMMM:                Dspevx diag routine = 0.176395 seconds
| QMMM:                 Dsyev diag routine = 0.064799 seconds
| QMMM:                Dsyevd diag routine = 0.044498 seconds
| QMMM:                Dsyevr diag routine = 0.044567 seconds
| QMMM:
| QMMM:                Pseudo diag routine = 0.028360 seconds
| QMMM:
| QMMM: Using dspevd routine (diag_routine=3).

  QMMM: QM Region Cartesian Coordinates (*=link atom) 
  QMMM: QM_NO.   MM_NO.  ATOM         X         Y         Z
  QMMM:     1        1      S      -36.3230  -34.6810   24.2950
  QMMM:     2        2      C      -34.9450  -35.2240   23.4370
  QMMM:     3        3      N      -33.8270  -34.9430   24.1300
  QMMM:     4        4      C      -34.0480  -34.4030   25.4050
  QMMM:     5        5      C      -35.3790  -34.2180   25.6950
  QMMM:     6        6      C      -35.9910  -33.8260   27.0090
  QMMM:     7        7      C      -36.3560  -32.3460   27.2040
  QMMM:     8        8      O      -36.7330  -32.1670   28.5530
  QMMM:     9        9      P      -37.9460  -31.0730   28.8720
  QMMM:    10       10      P      -39.9240  -33.3160   28.4880
  QMMM:    11       11      N      -30.0550  -32.1620   23.6090
  QMMM:    12       12      O      -37.6780  -29.7330   28.2890
  QMMM:    13       13      O      -40.1100  -33.2480   30.0580
  QMMM:    14       14      C      -30.6350  -31.3410   22.7120
  QMMM:    15       15      O      -38.0710  -31.1200   30.4170
  QMMM:    16       16      O      -38.8680  -34.3750   28.0700
  QMMM:    17       17      N      -31.7610  -31.6030   22.0610
  QMMM:    18       18      O      -39.2130  -31.7800   28.1710
  QMMM:    19       19      O      -41.1470  -33.3680   27.6390
  QMMM:    20       20      C      -32.4060  -32.7850   22.2680
  QMMM:    21       21      N      -33.5310  -33.0070   21.5900
  QMMM:    22       22      C      -31.8580  -33.7270   23.2130
  QMMM:    23       23      C      -30.6860  -33.3280   23.8310
  QMMM:    24       24      C      -32.4550  -35.0660   23.5700
  QMMM:    25       25      C      -29.9750  -30.0220   22.4260
  QMMM:    26       26      C      -32.9010  -34.2010   26.3350
  QMMM:    27       27      H      -36.9120  -34.3970   27.2190
  QMMM:    28       28      H      -35.2710  -34.0890   27.8040
  QMMM:    29       29      H      -35.4920  -31.6960   26.9770
  QMMM:    30       30      H      -37.1730  -32.0700   26.5100
  QMMM:    31       31      H      -33.8450  -32.2780   20.9510
  QMMM:    32       32      H      -33.8620  -34.0170   21.4290
  QMMM:    33       33      H      -30.2180  -33.9990   24.5650
  QMMM:    34       34      H      -32.5390  -35.7470   22.7140
  QMMM:    35       35      H      -31.8220  -35.5530   24.3280
  QMMM:    36       36      H      -29.8780  -29.4340   23.3510
  QMMM:    37       37      H      -30.5490  -29.4490   21.6850
  QMMM:    38       38      H      -28.9520  -30.1750   22.0480
  QMMM:    39       39      H      -32.3260  -35.1380   26.4430
  QMMM:    40       40      H      -33.2730  -33.9010   27.3240
  QMMM:    41       41      H      -32.2110  -33.4180   25.9810
  QMMM:    42       42      C      -34.7120  -37.5460   22.4390
  QMMM:    43       43      C      -35.0050  -35.9810   22.0980
  QMMM:    44       44      O      -33.4610  -37.8290   22.5300
  QMMM:    45       45      O      -35.6570  -38.3300   22.5410
  QMMM:    46       46      O      -34.0540  -35.5080   21.2460
  QMMM:    47       47      C      -36.4000  -35.8230   21.4870
  QMMM:    48       48      C      -37.1080  -36.9400   20.7580
  QMMM:    49       49      H      -37.0560  -35.5320   22.3170
  QMMM:    50       50      H      -36.3320  -34.9840   20.7830
  QMMM:    51       51      C      -38.3990  -36.6410   20.3200
  QMMM:    52       52      C      -39.1280  -37.5940   19.6300
  QMMM:    53       53      H      -38.8370  -35.6660   20.5160
  QMMM:    54       54      C      -38.5610  -38.8390   19.3810
  QMMM:    55       55      H      -40.1320  -37.3550   19.2930
  QMMM:    56       56      C      -37.2480  -39.0800   19.8450
  QMMM:    57       57      C      -39.2850  -39.8220   18.6850
  QMMM:    58       58      N      -36.5360  -38.1410   20.5190
  QMMM:    59       59      C      -36.7080  -40.3370   19.5770
  QMMM:    60       60      C      -37.4250  -41.3250   18.8830
  QMMM:    61       61      H      -35.7000  -40.5560   19.9180
  QMMM:    62       62      C      -38.7160  -41.0650   18.4380
  QMMM:    63       63      H      -40.2940  -39.6210   18.3350
  QMMM:    64       64      H      -36.9710  -42.2930   18.6930
  QMMM:    65       65      H      -39.2790  -41.8240   17.8990

--------------------------------------------------------------------------------
  RESULTS
--------------------------------------------------------------------------------

      iter         sqm energy              rms gradient
      ----    -------------------    -----------------------
xmin    10     -230.0704 kcal/mol        1.1035 kcal/(mol*A)
xmin    20     -235.0902 kcal/mol        0.9687 kcal/(mol*A)
xmin    30     -237.0270 kcal/mol        0.5290 kcal/(mol*A)
xmin    40     -239.3855 kcal/mol        0.7940 kcal/(mol*A)
xmin    50     -240.7425 kcal/mol        0.3223 kcal/(mol*A)
xmin    60     -242.2090 kcal/mol        0.5004 kcal/(mol*A)
xmin    70     -243.1695 kcal/mol        0.6573 kcal/(mol*A)
xmin    80     -243.6096 kcal/mol        0.0622 kcal/(mol*A)
xmin    90     -243.6651 kcal/mol        0.0161 kcal/(mol*A)
xmin   100     -243.6667 kcal/mol        0.0118 kcal/(mol*A)
xmin   110     -243.6668 kcal/mol        0.0026 kcal/(mol*A)
xmin   120     -243.6669 kcal/mol        0.0012 kcal/(mol*A)
xmin   130     -243.6669 kcal/mol        0.0005 kcal/(mol*A)
xmin   130     -243.6669 kcal/mol        0.0004 kcal/(mol*A)
  ... geometry converged !
 
 Final MO eigenvalues (eV):
 -33.9853  -33.6415  -32.4910  -30.9251  -29.2512  -29.0345  -27.5295  -27.1370
 -27.0771  -26.6261  -25.1888  -24.7650  -24.4540  -24.3238  -23.9926  -23.6572
 -21.9890  -21.5464  -21.3959  -20.7735  -20.4594  -19.9682  -19.4495  -18.8282
 -18.7551  -18.5119  -17.6555  -17.3312  -16.9430  -16.4260  -15.9697  -15.2363
 -14.0511  -13.4196  -12.1413  -11.8918  -11.3636  -11.1285  -11.1035  -10.7333
 -10.1464  -10.0256   -9.2245   -8.9908   -8.9194   -8.8797   -8.7309   -8.6202
  -8.1221   -8.0217   -7.8628   -7.5054   -7.3739   -7.2250   -7.1731   -6.9173
  -6.8526   -6.8340   -6.7085   -6.4907   -6.1565   -6.1248   -5.9955   -5.8502
  -5.7615   -5.5984   -5.4154   -5.3395   -5.0723   -4.9823   -4.8771   -4.8385
  -4.6088   -4.5320   -4.2586   -4.1955   -4.1276   -3.6906   -3.5199   -3.3718
  -3.2878   -3.2170   -2.9671   -2.6498   -2.5992   -2.3526   -2.0397   -1.8920
  -1.8393   -1.7129   -1.5908   -1.2040   -0.6216   -0.5708   -0.4307   -0.4040
  -0.3726   -0.2378    0.2940    0.8752    0.9334    1.0551    1.1474    1.4444
   1.7608    1.8454    2.3879    3.1180    3.1443    3.1908    3.2809    3.2954
   6.1550    6.5685    6.9968    7.4457    7.8542    7.8783    8.4160    8.5751
   8.9652    9.0955    9.4938    9.5554    9.7514    9.8389    9.8809    9.9647
   9.9831   10.0039   10.2493   10.4098   10.5210   10.5553   10.6214   10.6288
  10.7387   10.8176   10.8910   11.0276   11.1552   11.2203   11.4763   11.5217
  11.5487   11.6147   11.6424   11.8787   11.9638   12.0569   12.1289   12.1455
  12.2797   12.3383   12.3646   12.4529   12.5810   12.6072   12.6785   12.7155
  12.7519   12.8894   12.9597   13.0593   13.3378   13.4310   13.5618   13.6026
  13.6368   13.7891   13.8418   14.0224   14.0853   14.2235   14.5293   14.7039
  14.8890   15.3568   15.5691   15.8008   16.3796   16.5501   16.9941   17.8187
  18.0270   18.9720   19.7255   20.8009   21.2758   22.2419   22.2474

 Heat of formation   =       -243.66690017 kcal/mol  (      -10.56618968 eV)

 Total SCF energy    =    -186228.54152418 kcal/mol  (    -8075.47554417 eV)
 Electronic energy   =   -1671978.33277295 kcal/mol  (   -72502.42109071 eV)
 Core-core repulsion =    1485749.79124877 kcal/mol  (    64426.94554654 eV)
 
    Atomic Charges for Step       1 :
  Atom    Element       Mulliken Charge
     1      S                  0.555
     2      C                 -0.239
     3      N                 -0.043
     4      C                 -0.106
     5      C                 -0.255
     6      C                 -0.215
     7      C                  0.086
     8      O                 -0.752
     9      P                  2.676
    10      P                  2.659
    11      N                 -0.256
    12      O                 -1.249
    13      O                 -1.279
    14      C                  0.041
    15      O                 -1.236
    16      O                 -1.287
    17      N                 -0.290
    18      O                 -1.286
    19      O                 -1.280
    20      C                  0.191
    21      N                 -0.336
    22      C                 -0.227
    23      C                 -0.010
    24      C                 -0.010
    25      C                 -0.146
    26      C                 -0.171
    27      H                  0.215
    28      H                  0.136
    29      H                 -0.012
    30      H                  0.103
    31      H                  0.197
    32      H                  0.302
    33      H                  0.156
    34      H                  0.220
    35      H                  0.115
    36      H                  0.087
    37      H                  0.075
    38      H                  0.071
    39      H                  0.056
    40      H                  0.186
    41      H                  0.075
    42      C                  0.314
    43      C                  0.214
    44      O                 -0.599
    45      O                 -0.587
    46      O                 -0.709
    47      C                 -0.196
    48      C                  0.108
    49      H                  0.152
    50      H                  0.084
    51      C                 -0.108
    52      C                 -0.128
    53      H                  0.177
    54      C                 -0.097
    55      H                  0.125
    56      C                  0.019
    57      C                 -0.099
    58      N                 -0.185
    59      C                 -0.106
    60      C                 -0.159
    61      H                  0.131
    62      C                 -0.179
    63      H                  0.115
    64      H                  0.097
    65      H                  0.099
 Total Mulliken Charge =      -4.000
 
                  X        Y        Z     TOTAL  
  QM DIPOLE   714.273  649.490 -512.508 1093.017
 
 Final Structure

  QMMM: QM Region Cartesian Coordinates (*=link atom) 
  QMMM: QM_NO.   MM_NO.  ATOM         X         Y         Z
  QMMM:     1        1      S      -36.3022  -36.1066   25.0745
  QMMM:     2        2      C      -34.8076  -36.2857   24.2831
  QMMM:     3        3      N      -33.9870  -35.2326   24.5367
  QMMM:     4        4      C      -34.5813  -34.2824   25.4073
  QMMM:     5        5      C      -35.8727  -34.6220   25.7781
  QMMM:     6        6      C      -36.7683  -33.8593   26.6557
  QMMM:     7        7      C      -37.0701  -32.4320   26.1467
  QMMM:     8        8      O      -36.6284  -31.4910   27.0539
  QMMM:     9        9      P      -37.8487  -30.5058   27.7259
  QMMM:    10       10      P      -39.8046  -32.8745   29.0105
  QMMM:    11       11      N      -30.6449  -32.0687   23.2382
  QMMM:    12       12      O      -38.4298  -29.8597   26.5132
  QMMM:    13       13      O      -39.3577  -33.0888   30.4296
  QMMM:    14       14      C      -31.0592  -31.9154   21.9434
  QMMM:    15       15      O      -37.0937  -29.6343   28.6698
  QMMM:    16       16      O      -39.4362  -33.9873   28.0571
  QMMM:    17       17      N      -31.9690  -32.6849   21.2889
  QMMM:    18       18      O      -38.7804  -31.5722   28.3875
  QMMM:    19       19      O      -41.2113  -32.3584   28.8841
  QMMM:    20       20      C      -32.5538  -33.7169   22.0044
  QMMM:    21       21      N      -33.5447  -34.4596   21.4237
  QMMM:    22       22      C      -32.1544  -33.9679   23.3715
  QMMM:    23       23      C      -31.2143  -33.0893   23.9175
  QMMM:    24       24      C      -32.5931  -35.1718   24.1373
  QMMM:    25       25      C      -30.4584  -30.7641   21.1680
  QMMM:    26       26      C      -33.8723  -33.0707   25.8718
  QMMM:    27       27      H      -37.7664  -34.3733   26.8388
  QMMM:    28       28      H      -36.2937  -33.7691   27.6740
  QMMM:    29       29      H      -36.5323  -32.2779   25.1621
  QMMM:    30       30      H      -38.1785  -32.3326   25.9759
  QMMM:    31       31      H      -33.6892  -34.3706   20.4473
  QMMM:    32       32      H      -33.7741  -35.3587   21.8411
  QMMM:    33       33      H      -30.8891  -33.2044   24.9685
  QMMM:    34       34      H      -32.3767  -36.1132   23.5212
  QMMM:    35       35      H      -31.9844  -35.2558   25.0865
  QMMM:    36       36      H      -30.9858  -29.8236   21.4627
  QMMM:    37       37      H      -30.5739  -30.9118   20.0676
  QMMM:    38       38      H      -29.3724  -30.6582   21.4043
  QMMM:    39       39      H      -32.9669  -33.3516   26.4661
  QMMM:    40       40      H      -34.5719  -32.4620   26.5155
  QMMM:    41       41      H      -33.5475  -32.4413   25.0063
  QMMM:    42       42      C      -33.4379  -38.3756   24.3461
  QMMM:    43       43      C      -34.3924  -37.5271   23.4091
  QMMM:    44       44      O      -32.4110  -37.8132   24.8287
  QMMM:    45       45      O      -33.7048  -39.5938   24.5572
  QMMM:    46       46      O      -33.8016  -37.1539   22.2847
  QMMM:    47       47      C      -35.6905  -38.3592   23.1520
  QMMM:    48       48      C      -36.3529  -38.0900   21.8333
  QMMM:    49       49      H      -35.3775  -39.4403   23.2133
  QMMM:    50       50      H      -36.4555  -38.1963   23.9577
  QMMM:    51       51      C      -36.4323  -36.7190   21.3767
  QMMM:    52       52      C      -37.0510  -36.4297   20.1933
  QMMM:    53       53      H      -35.9566  -35.9447   21.9999
  QMMM:    54       54      C      -37.6101  -37.4865   19.4154
  QMMM:    55       55      H      -37.1315  -35.3969   19.8256
  QMMM:    56       56      C      -37.4874  -38.8164   19.9259
  QMMM:    57       57      C      -38.2645  -37.2599   18.1828
  QMMM:    58       58      N      -36.8666  -39.0983   21.1249
  QMMM:    59       59      C      -38.0406  -39.8839   19.1464
  QMMM:    60       60      C      -38.6664  -39.6283   17.9509
  QMMM:    61       61      H      -37.9541  -40.9136   19.5250
  QMMM:    62       62      C      -38.7834  -38.3091   17.4606
  QMMM:    63       63      H      -38.3519  -36.2263   17.8163
  QMMM:    64       64      H      -39.0884  -40.4538   17.3605
  QMMM:    65       65      H      -39.2935  -38.1344   16.5042

           --------- Calculation Completed ----------

