            --------------------------------------------------------
                             AMBER SQM VERSION 19
 
                                     By
              Ross C. Walker, Michael F. Crowley, Scott Brozell,
                         Tim Giese, Andreas W. Goetz,
                        Tai-Sung Lee and David A. Case
 
            --------------------------------------------------------
 

--------------------------------------------------------------------------------
  QM CALCULATION INFO
--------------------------------------------------------------------------------

| QMMM: Citation for AMBER QMMM Run:
| QMMM: R.C. Walker, M.F. Crowley and D.A. Case, J. COMP. CHEM. 29:1019, 2008

QMMM: SINGLET STATE CALCULATION
QMMM: RHF CALCULATION, NO. OF DOUBLY OCCUPIED LEVELS =106

| QMMM: *** Selected Hamiltonian *** 
| QMMM: AM1         

| QMMM: *** Parameter sets in use ***
| QMMM: S : M.J.S.DEWAR et al. INORG. CHEM., 29, 3881, (1990)
| QMMM: C : M.J.S.DEWAR et al. JACS, 107, 3902, (1985)
| QMMM: N : M.J.S.DEWAR et al. JACS, 107, 3902, (1985)
| QMMM: O : M.J.S.DEWAR et al. JACS, 107, 3902, (1985)
| QMMM: P : M.J.S.DEWAR et al. THEOCHEM, 187,1, (1989)
| QMMM: H : M.J.S.DEWAR et al. JACS, 107, 3902, (1985)

| QMMM: *** SCF convergence criteria ***
| QMMM: Energy change                :  0.1D-09 kcal/mol
| QMMM: Error matrix |FP-PF|         :  0.1D+00 au
| QMMM: Density matrix change        :  0.5D-06
| QMMM: Maximum number of SCF cycles :     1000

| QMMM: *** Diagonalization Routine Information ***
| QMMM: Pseudo diagonalizations are allowed.
| QMMM: Auto diagonalization routine selection is in use.
| QMMM:
| QMMM: Timing diagonalization routines:
| QMMM:                              norbs =      178
| QMMM:    diag iterations used for timing =        5
| QMMM:
| QMMM:              Internal diag routine = 0.044133 seconds
| QMMM:                 Dspev diag routine = 0.044190 seconds
| QMMM:                Dspevd diag routine = 0.031418 seconds
| QMMM:                Dspevx diag routine = 0.138083 seconds
| QMMM:                 Dsyev diag routine = 0.047227 seconds
| QMMM:                Dsyevd diag routine = 0.034206 seconds
| QMMM:                Dsyevr diag routine = 0.035645 seconds
| QMMM:
| QMMM:                Pseudo diag routine = 0.021023 seconds
| QMMM:
| QMMM: Using dspevd routine (diag_routine=3).

  QMMM: QM Region Cartesian Coordinates (*=link atom) 
  QMMM: QM_NO.   MM_NO.  ATOM         X         Y         Z
  QMMM:     1        1      S      -36.3230  -34.6810   24.2950
  QMMM:     2        2      C      -34.9450  -35.2240   23.4370
  QMMM:     3        3      N      -33.8270  -34.9430   24.1300
  QMMM:     4        4      C      -34.0480  -34.4030   25.4050
  QMMM:     5        5      C      -35.3790  -34.2180   25.6950
  QMMM:     6        6      C      -35.9910  -33.8260   27.0090
  QMMM:     7        7      C      -36.3560  -32.3460   27.2040
  QMMM:     8        8      O      -36.7330  -32.1670   28.5530
  QMMM:     9        9      P      -37.9460  -31.0730   28.8720
  QMMM:    10       10      P      -39.9240  -33.3160   28.4880
  QMMM:    11       11      N      -30.0550  -32.1620   23.6090
  QMMM:    12       12      O      -37.6780  -29.7330   28.2890
  QMMM:    13       13      O      -40.1100  -33.2480   30.0580
  QMMM:    14       14      C      -30.6350  -31.3410   22.7120
  QMMM:    15       15      O      -38.0710  -31.1200   30.4170
  QMMM:    16       16      O      -38.8680  -34.3750   28.0700
  QMMM:    17       17      N      -31.7610  -31.6030   22.0610
  QMMM:    18       18      O      -39.2130  -31.7800   28.1710
  QMMM:    19       19      O      -41.1470  -33.3680   27.6390
  QMMM:    20       20      C      -32.4060  -32.7850   22.2680
  QMMM:    21       21      N      -33.5310  -33.0070   21.5900
  QMMM:    22       22      C      -31.8580  -33.7270   23.2130
  QMMM:    23       23      C      -30.6860  -33.3280   23.8310
  QMMM:    24       24      C      -32.4550  -35.0660   23.5700
  QMMM:    25       25      C      -29.9750  -30.0220   22.4260
  QMMM:    26       26      C      -32.9010  -34.2010   26.3350
  QMMM:    27       27      H      -36.9120  -34.3970   27.2190
  QMMM:    28       28      H      -35.2710  -34.0890   27.8040
  QMMM:    29       29      H      -35.4920  -31.6960   26.9770
  QMMM:    30       30      H      -37.1730  -32.0700   26.5100
  QMMM:    31       31      H      -33.8450  -32.2780   20.9510
  QMMM:    32       32      H      -33.8620  -34.0170   21.4290
  QMMM:    33       33      H      -30.2180  -33.9990   24.5650
  QMMM:    34       34      H      -32.5390  -35.7470   22.7140
  QMMM:    35       35      H      -31.8220  -35.5530   24.3280
  QMMM:    36       36      H      -29.8780  -29.4340   23.3510
  QMMM:    37       37      H      -30.5490  -29.4490   21.6850
  QMMM:    38       38      H      -28.9520  -30.1750   22.0480
  QMMM:    39       39      H      -32.3260  -35.1380   26.4430
  QMMM:    40       40      H      -33.2730  -33.9010   27.3240
  QMMM:    41       41      H      -32.2110  -33.4180   25.9810
  QMMM:    42       42      C      -34.7120  -37.5460   22.4390
  QMMM:    43       43      C      -35.0050  -35.9810   22.0980
  QMMM:    44       44      O      -33.4610  -37.8290   22.5300
  QMMM:    45       45      O      -35.6570  -38.3300   22.5410
  QMMM:    46       46      O      -34.0540  -35.5080   21.2460
  QMMM:    47       47      C      -36.4010  -35.8230   21.4870
  QMMM:    48       48      C      -36.9520  -34.4290   21.6360
  QMMM:    49       49      H      -37.0580  -36.5510   21.9770
  QMMM:    50       50      H      -36.3970  -36.1110   20.4300
  QMMM:    51       51      C      -36.5720  -33.4130   20.7480
  QMMM:    52       52      C      -37.8540  -34.1310   22.6680
  QMMM:    53       53      C      -37.0990  -32.1240   20.8780
  QMMM:    54       54      H      -35.8700  -33.6170   19.9410
  QMMM:    55       55      C      -38.3830  -32.8460   22.7920
  QMMM:    56       56      H      -38.1590  -34.8960   23.3780
  QMMM:    57       57      C      -38.0070  -31.8540   21.8950
  QMMM:    58       58      H      -36.7970  -31.3550   20.1750
  QMMM:    59       59      H      -39.0910  -32.6200   23.5860
  QMMM:    60       60      O      -38.5580  -30.6180   22.0480
  QMMM:    61       61      H      -38.2290  -30.0410   21.3390

--------------------------------------------------------------------------------
  RESULTS
--------------------------------------------------------------------------------

      iter         sqm energy              rms gradient
      ----    -------------------    -----------------------
xmin    10     -311.6542 kcal/mol        1.9550 kcal/(mol*A)
xmin    20     -317.1825 kcal/mol        1.6478 kcal/(mol*A)
xmin    30     -319.0746 kcal/mol        0.2595 kcal/(mol*A)
xmin    40     -321.1857 kcal/mol        2.5752 kcal/(mol*A)
xmin    50     -350.7812 kcal/mol        0.8082 kcal/(mol*A)
xmin    60     -353.2876 kcal/mol        0.2412 kcal/(mol*A)
xmin    70     -383.5262 kcal/mol        1.5781 kcal/(mol*A)
xmin    80     -385.4892 kcal/mol        0.7165 kcal/(mol*A)
xmin    90     -385.9273 kcal/mol        0.3176 kcal/(mol*A)
xmin   100     -386.1557 kcal/mol        0.3767 kcal/(mol*A)
xmin   110     -386.1841 kcal/mol        0.1150 kcal/(mol*A)
xmin   120     -386.1954 kcal/mol        0.0060 kcal/(mol*A)
xmin   130     -386.1955 kcal/mol        0.0036 kcal/(mol*A)
xmin   140     -386.1956 kcal/mol        0.0012 kcal/(mol*A)
  ... geometry converged !
 
 Final MO eigenvalues (eV):
 -31.9096  -30.9749  -30.1250  -29.5954  -28.4457  -27.1826  -26.7104  -25.8058
 -24.8155  -24.2398  -24.0866  -23.4715  -23.2629  -22.9810  -22.5379  -21.9689
 -21.6879  -21.5901  -21.2567  -21.1204  -21.1113  -20.9944  -19.9967  -17.9513
 -16.5697  -15.6298  -15.0861  -14.0672  -13.9251  -13.0296  -12.7670  -11.9576
 -10.7266  -10.3325   -9.5291   -9.0165   -8.9908   -8.7942   -8.5470   -8.2058
  -7.7679   -7.7064   -7.4905   -7.1769   -6.8476   -6.7929   -6.5313   -6.3528
  -6.2040   -5.9907   -5.8817   -5.7357   -5.5857   -5.4954   -5.3063   -5.2335
  -5.1072   -4.7602   -4.7184   -4.5471   -4.4798   -4.3976   -4.2229   -4.0323
  -3.8966   -3.7948   -3.6755   -3.6015   -3.4540   -3.4294   -3.3323   -3.0839
  -2.8148   -2.5881   -2.5675   -2.4763   -2.3891   -2.2951   -2.0701   -1.5764
  -1.3518   -1.2661   -1.2249   -1.1248   -1.0336   -0.9789   -0.7425   -0.5596
  -0.4902   -0.4242   -0.2149    0.0583    0.2350    0.2435    0.4234    0.4558
   0.6013    0.6775    0.7595    0.9293    0.9552    1.2332    1.2860    1.5422
   1.8214    2.1815    8.9299    9.0045    9.6730   10.3304   10.4827   10.7627
  11.0506   11.3792   11.6768   11.8472   11.8600   11.9863   12.0554   12.1279
  12.1505   12.4345   12.4914   12.6001   12.6282   12.8590   12.9666   13.0146
  13.0644   13.2176   13.2882   13.4198   13.4967   13.5641   13.6580   13.6950
  13.7407   13.8540   13.8748   13.9146   13.9351   13.9942   14.0299   14.0642
  14.1009   14.1903   14.2191   14.3269   14.3807   14.4229   14.4799   14.5207
  14.6652   14.6809   14.6984   14.7486   14.7832   14.8223   14.8437   15.1354
  15.2630   15.3698   15.5107   15.7095   15.9064   16.0176   16.2923   16.6176
  16.6453   16.9780   17.8026   17.9188   18.3726   18.6969   19.5008   19.8266
  19.8765   20.5632

 Heat of formation   =       -386.19557124 kcal/mol  (      -16.74669664 eV)

 Total SCF energy    =    -179753.49118530 kcal/mol  (    -7794.69629180 eV)
 Electronic energy   =   -1608075.78180821 kcal/mol  (   -69731.39854335 eV)
 Core-core repulsion =    1428322.29062291 kcal/mol  (    61936.70225155 eV)
 
    Atomic Charges for Step       1 :
  Atom    Element       Mulliken Charge
     1      S                  1.157
     2      C                 -0.490
     3      N                 -0.004
     4      C                 -0.087
     5      C                 -0.471
     6      C                 -0.127
     7      C                  0.061
     8      O                 -0.762
     9      P                  2.701
    10      P                  2.757
    11      N                 -0.377
    12      O                 -1.229
    13      O                 -1.241
    14      C                  0.037
    15      O                 -1.221
    16      O                 -1.173
    17      N                 -0.377
    18      O                 -1.299
    19      O                 -1.239
    20      C                  0.118
    21      N                 -0.374
    22      C                 -0.262
    23      C                 -0.030
    24      C                  0.017
    25      C                 -0.136
    26      C                 -0.143
    27      H                  0.138
    28      H                  0.049
    29      H                  0.017
    30      H                  0.079
    31      H                  0.086
    32      H                  0.208
    33      H                  0.112
    34      H                  0.148
    35      H                  0.098
    36      H                  0.054
    37      H                  0.056
    38      H                  0.046
    39      H                  0.056
    40      H                  0.074
    41      H                  0.090
    42      C                  0.354
    43      C                  0.083
    44      O                 -0.571
    45      O                 -0.600
    46      O                 -0.340
    47      C                 -0.151
    48      C                 -0.064
    49      H                  0.111
    50      H                  0.115
    51      C                 -0.116
    52      C                 -0.079
    53      C                 -0.188
    54      H                  0.140
    55      C                 -0.194
    56      H                  0.217
    57      C                  0.018
    58      H                  0.104
    59      H                  0.143
    60      O                 -0.304
    61      H                  0.204
 Total Mulliken Charge =      -4.000
 
                  X        Y        Z     TOTAL  
  QM DIPOLE   695.291  651.009 -488.109 1070.277
 
 Final Structure

  QMMM: QM Region Cartesian Coordinates (*=link atom) 
  QMMM: QM_NO.   MM_NO.  ATOM         X         Y         Z
  QMMM:     1        1      S      -36.3188  -34.5932   25.1061
  QMMM:     2        2      C      -35.1695  -34.8156   23.8332
  QMMM:     3        3      N      -33.9289  -34.3253   24.1511
  QMMM:     4        4      C      -33.9313  -33.7716   25.4382
  QMMM:     5        5      C      -35.1760  -33.8658   26.0675
  QMMM:     6        6      C      -35.4785  -33.4348   27.4465
  QMMM:     7        7      C      -36.0701  -32.0202   27.5112
  QMMM:     8        8      O      -36.7204  -31.7973   28.7210
  QMMM:     9        9      P      -38.3907  -31.7571   28.6638
  QMMM:    10       10      P      -38.8200  -34.7036   27.3061
  QMMM:    11       11      N      -29.3419  -32.9496   23.8471
  QMMM:    12       12      O      -38.7365  -30.6481   27.7412
  QMMM:    13       13      O      -38.3088  -35.6954   28.2847
  QMMM:    14       14      C      -29.5337  -31.8277   23.0746
  QMMM:    15       15      O      -38.8396  -31.6866   30.0763
  QMMM:    16       16      O      -37.7995  -34.6109   26.0741
  QMMM:    17       17      N      -30.6415  -31.4643   22.4138
  QMMM:    18       18      O      -38.6401  -33.1926   27.9894
  QMMM:    19       19      O      -40.2104  -34.8090   26.7953
  QMMM:    20       20      C      -31.7832  -32.3139   22.4987
  QMMM:    21       21      N      -32.9087  -32.0575   21.8703
  QMMM:    22       22      C      -31.6515  -33.5330   23.3229
  QMMM:    23       23      C      -30.4331  -33.7593   23.9363
  QMMM:    24       24      C      -32.7192  -34.5728   23.3789
  QMMM:    25       25      C      -28.3353  -30.9013   22.9683
  QMMM:    26       26      C      -32.7364  -33.1345   26.0334
  QMMM:    27       27      H      -36.2436  -34.1548   27.8733
  QMMM:    28       28      H      -34.5707  -33.4875   28.1006
  QMMM:    29       29      H      -35.2286  -31.2733   27.4239
  QMMM:    30       30      H      -36.7843  -31.8597   26.6557
  QMMM:    31       31      H      -32.8956  -31.2072   21.3458
  QMMM:    32       32      H      -35.0356  -33.8524   21.5919
  QMMM:    33       33      H      -30.2825  -34.6619   24.5571
  QMMM:    34       34      H      -33.0431  -34.8080   22.3204
  QMMM:    35       35      H      -32.2776  -35.5280   23.8009
  QMMM:    36       36      H      -28.0741  -30.5104   23.9815
  QMMM:    37       37      H      -28.5434  -30.0344   22.2966
  QMMM:    38       38      H      -27.4570  -31.4602   22.5638
  QMMM:    39       39      H      -31.9061  -33.8763   26.1505
  QMMM:    40       40      H      -32.9924  -32.7149   27.0370
  QMMM:    41       41      H      -32.3670  -32.3015   25.3827
  QMMM:    42       42      C      -34.8790  -36.9410   22.4044
  QMMM:    43       43      C      -35.5012  -35.4949   22.5287
  QMMM:    44       44      O      -33.7329  -37.1590   22.8818
  QMMM:    45       45      O      -35.5479  -37.8282   21.7965
  QMMM:    46       46      O      -34.9969  -34.7961   21.3900
  QMMM:    47       47      C      -37.0360  -35.6149   22.3996
  QMMM:    48       48      C      -37.7533  -34.3746   21.9995
  QMMM:    49       49      H      -37.4386  -35.9948   23.3785
  QMMM:    50       50      H      -37.2327  -36.4059   21.6226
  QMMM:    51       51      C      -37.6784  -33.9038   20.6830
  QMMM:    52       52      C      -38.5510  -33.6859   22.9280
  QMMM:    53       53      C      -38.3958  -32.7786   20.2778
  QMMM:    54       54      H      -37.0148  -34.4228   19.9735
  QMMM:    55       55      C      -39.2706  -32.5594   22.5419
  QMMM:    56       56      H      -38.5933  -34.0300   23.9851
  QMMM:    57       57      C      -39.1940  -32.1142   21.2151
  QMMM:    58       58      H      -38.3308  -32.4054   19.2492
  QMMM:    59       59      H      -39.8739  -32.0173   23.2847
  QMMM:    60       60      O      -39.9122  -31.0101   20.7719
  QMMM:    61       61      H      -40.2027  -30.5383   21.5640

           --------- Calculation Completed ----------

