            --------------------------------------------------------
                             AMBER SQM VERSION 19
 
                                     By
              Ross C. Walker, Michael F. Crowley, Scott Brozell,
                         Tim Giese, Andreas W. Goetz,
                        Tai-Sung Lee and David A. Case
 
            --------------------------------------------------------
 

--------------------------------------------------------------------------------
  QM CALCULATION INFO
--------------------------------------------------------------------------------

| QMMM: Citation for AMBER QMMM Run:
| QMMM: R.C. Walker, M.F. Crowley and D.A. Case, J. COMP. CHEM. 29:1019, 2008

QMMM: SINGLET STATE CALCULATION
QMMM: RHF CALCULATION, NO. OF DOUBLY OCCUPIED LEVELS = 98

| QMMM: *** Selected Hamiltonian *** 
| QMMM: AM1         

| QMMM: *** Parameter sets in use ***
| QMMM: S : M.J.S.DEWAR et al. INORG. CHEM., 29, 3881, (1990)
| QMMM: C : M.J.S.DEWAR et al. JACS, 107, 3902, (1985)
| QMMM: N : M.J.S.DEWAR et al. JACS, 107, 3902, (1985)
| QMMM: O : M.J.S.DEWAR et al. JACS, 107, 3902, (1985)
| QMMM: P : M.J.S.DEWAR et al. THEOCHEM, 187,1, (1989)
| QMMM: H : M.J.S.DEWAR et al. JACS, 107, 3902, (1985)

| QMMM: *** SCF convergence criteria ***
| QMMM: Energy change                :  0.1D-09 kcal/mol
| QMMM: Error matrix |FP-PF|         :  0.1D+00 au
| QMMM: Density matrix change        :  0.5D-06
| QMMM: Maximum number of SCF cycles :     1000

| QMMM: *** Diagonalization Routine Information ***
| QMMM: Pseudo diagonalizations are allowed.
| QMMM: Auto diagonalization routine selection is in use.
| QMMM:
| QMMM: Timing diagonalization routines:
| QMMM:                              norbs =      164
| QMMM:    diag iterations used for timing =        5
| QMMM:
| QMMM:              Internal diag routine = 0.036481 seconds
| QMMM:                 Dspev diag routine = 0.036408 seconds
| QMMM:                Dspevd diag routine = 0.026320 seconds
| QMMM:                Dspevx diag routine = 0.116912 seconds
| QMMM:                 Dsyev diag routine = 0.039520 seconds
| QMMM:                Dsyevd diag routine = 0.028421 seconds
| QMMM:                Dsyevr diag routine = 0.029987 seconds
| QMMM:
| QMMM:                Pseudo diag routine = 0.013956 seconds
| QMMM:
| QMMM: Using dspevd routine (diag_routine=3).

  QMMM: QM Region Cartesian Coordinates (*=link atom) 
  QMMM: QM_NO.   MM_NO.  ATOM         X         Y         Z
  QMMM:     1        1      S      -36.3230  -34.6810   24.2950
  QMMM:     2        2      C      -34.9450  -35.2240   23.4370
  QMMM:     3        3      N      -33.8270  -34.9430   24.1300
  QMMM:     4        4      C      -34.0480  -34.4030   25.4050
  QMMM:     5        5      C      -35.3790  -34.2180   25.6950
  QMMM:     6        6      C      -35.9910  -33.8260   27.0090
  QMMM:     7        7      C      -36.3560  -32.3460   27.2040
  QMMM:     8        8      O      -36.7330  -32.1670   28.5530
  QMMM:     9        9      P      -37.9460  -31.0730   28.8720
  QMMM:    10       10      P      -39.9240  -33.3160   28.4880
  QMMM:    11       11      N      -30.0550  -32.1620   23.6090
  QMMM:    12       12      O      -37.6780  -29.7330   28.2890
  QMMM:    13       13      O      -40.1100  -33.2480   30.0580
  QMMM:    14       14      C      -30.6350  -31.3410   22.7120
  QMMM:    15       15      O      -38.0710  -31.1200   30.4170
  QMMM:    16       16      O      -38.8680  -34.3750   28.0700
  QMMM:    17       17      N      -31.7610  -31.6030   22.0610
  QMMM:    18       18      O      -39.2130  -31.7800   28.1710
  QMMM:    19       19      O      -41.1470  -33.3680   27.6390
  QMMM:    20       20      C      -32.4060  -32.7850   22.2680
  QMMM:    21       21      N      -33.5310  -33.0070   21.5900
  QMMM:    22       22      C      -31.8580  -33.7270   23.2130
  QMMM:    23       23      C      -30.6860  -33.3280   23.8310
  QMMM:    24       24      C      -32.4550  -35.0660   23.5700
  QMMM:    25       25      C      -29.9750  -30.0220   22.4260
  QMMM:    26       26      C      -32.9010  -34.2010   26.3350
  QMMM:    27       27      H      -36.9120  -34.3970   27.2190
  QMMM:    28       28      H      -35.2710  -34.0890   27.8040
  QMMM:    29       29      H      -35.4920  -31.6960   26.9770
  QMMM:    30       30      H      -37.1730  -32.0700   26.5100
  QMMM:    31       31      H      -33.8450  -32.2780   20.9510
  QMMM:    32       32      H      -33.8620  -34.0170   21.4290
  QMMM:    33       33      H      -30.2180  -33.9990   24.5650
  QMMM:    34       34      H      -32.5390  -35.7470   22.7140
  QMMM:    35       35      H      -31.8220  -35.5530   24.3280
  QMMM:    36       36      H      -29.8780  -29.4340   23.3510
  QMMM:    37       37      H      -30.5490  -29.4490   21.6850
  QMMM:    38       38      H      -28.9520  -30.1750   22.0480
  QMMM:    39       39      H      -32.3260  -35.1380   26.4430
  QMMM:    40       40      H      -33.2730  -33.9010   27.3240
  QMMM:    41       41      H      -32.2110  -33.4180   25.9810
  QMMM:    42       42      C      -34.7120  -37.5460   22.4390
  QMMM:    43       43      C      -35.0050  -35.9810   22.0980
  QMMM:    44       44      O      -33.4610  -37.8290   22.5300
  QMMM:    45       45      O      -35.6570  -38.3300   22.5410
  QMMM:    46       46      O      -34.0540  -35.5080   21.2460
  QMMM:    47       47      C      -36.8730  -36.9750   20.5780
  QMMM:    48       48      C      -38.3500  -36.7610   20.2230
  QMMM:    49       49      H      -38.9900  -37.0160   21.0720
  QMMM:    50       50      H      -38.6580  -37.3840   19.3740
  QMMM:    51       51      H      -38.5470  -35.7160   19.9570
  QMMM:    52       52      C      -36.0600  -37.1050   19.2880
  QMMM:    53       53      H      -36.4330  -37.9450   18.6890
  QMMM:    54       54      H      -35.0050  -37.3060   19.4820
  QMMM:    55       55      H      -36.1300  -36.1980   18.6760
  QMMM:    56       56      C      -36.4070  -35.8220   21.4850
  QMMM:    57       57      H      -36.7830  -37.9210   21.1260
  QMMM:    58       58      H      -37.1140  -35.7490   22.3190
  QMMM:    59       59      H      -36.4280  -34.8720   20.9390

--------------------------------------------------------------------------------
  RESULTS
--------------------------------------------------------------------------------

      iter         sqm energy              rms gradient
      ----    -------------------    -----------------------
xmin    10     -309.5678 kcal/mol        1.8239 kcal/(mol*A)
xmin    20     -312.3541 kcal/mol        0.8586 kcal/(mol*A)
xmin    30     -313.2689 kcal/mol        0.4786 kcal/(mol*A)
xmin    40     -313.4197 kcal/mol        0.0819 kcal/(mol*A)
xmin    50     -313.4374 kcal/mol        0.0256 kcal/(mol*A)
xmin    60     -313.4404 kcal/mol        0.0239 kcal/(mol*A)
xmin    70     -313.4424 kcal/mol        0.0131 kcal/(mol*A)
xmin    80     -313.4432 kcal/mol        0.0035 kcal/(mol*A)
xmin    90     -313.4432 kcal/mol        0.0012 kcal/(mol*A)
xmin   100     -313.4432 kcal/mol        0.0014 kcal/(mol*A)
  ... geometry converged !
 
 Final MO eigenvalues (eV):
 -33.4020  -32.2346  -29.7708  -28.9047  -27.7131  -27.2999  -26.7662  -25.7622
 -24.8523  -24.1801  -24.1327  -23.4354  -21.8158  -21.2751  -20.9279  -20.6440
 -20.3304  -19.9561  -19.6176  -19.3325  -18.7024  -18.6384  -17.5705  -16.9346
 -16.5627  -15.1576  -14.0985  -13.2738  -12.5946  -11.6569  -10.8647  -10.7062
 -10.4844   -9.8264   -8.9133   -8.7124   -8.6683   -8.3410   -7.8600   -7.7511
  -7.2095   -7.0548   -7.0375   -6.9386   -6.7851   -6.6806   -6.4540   -6.2441
  -6.0135   -5.9610   -5.6764   -5.5017   -5.4268   -5.4238   -5.1833   -5.1137
  -4.6859   -4.6195   -4.5784   -4.3056   -4.1058   -4.0088   -3.9110   -3.7369
  -3.6934   -3.3172   -3.2009   -3.1787   -3.0232   -2.9214   -2.7757   -2.4037
  -1.8007   -1.7712   -1.5452   -1.4602   -1.3252   -0.9766   -0.4344   -0.2959
  -0.2528   -0.1128   -0.0596    0.0350    0.4512    1.0012    1.1779    1.2645
   1.2793    1.5692    1.8820    1.9679    2.5056    3.2345    3.2595    3.2996
   3.3911    3.4057    7.2257    7.6810    8.2375    8.7572    9.2124    9.3745
   9.7443    9.7783   10.1061   10.1718   10.4380   10.7090   10.7766   10.9209
  11.1222   11.3705   11.6521   11.7477   11.8297   11.8489   12.0525   12.0877
  12.2647   12.3144   12.3621   12.5023   12.5490   12.6342   12.6847   12.7458
  12.8068   12.8940   12.9658   13.0099   13.0740   13.1921   13.2246   13.4704
  13.5273   13.6295   13.7045   13.7190   13.7684   13.9340   14.0090   14.1120
  14.2456   14.2589   14.5130   14.6768   14.8721   15.0472   15.4834   15.7137
  15.9511   16.5133   16.9444   17.3474   18.1386   18.1481   19.1139   19.8466
  20.9205   21.3961   22.3466   22.3625

 Heat of formation   =       -313.44323702 kcal/mol  (      -13.59191869 eV)

 Total SCF energy    =    -164090.36975015 kcal/mol  (    -7115.49237891 eV)
 Electronic energy   =   -1363971.88699236 kcal/mol  (   -59146.25935529 eV)
 Core-core repulsion =    1199881.51724221 kcal/mol  (    52030.76697638 eV)
 
    Atomic Charges for Step       1 :
  Atom    Element       Mulliken Charge
     1      S                  0.573
     2      C                 -0.226
     3      N                 -0.048
     4      C                 -0.106
     5      C                 -0.267
     6      C                 -0.211
     7      C                  0.085
     8      O                 -0.753
     9      P                  2.677
    10      P                  2.659
    11      N                 -0.264
    12      O                 -1.250
    13      O                 -1.280
    14      C                  0.040
    15      O                 -1.237
    16      O                 -1.286
    17      N                 -0.297
    18      O                 -1.286
    19      O                 -1.282
    20      C                  0.197
    21      N                 -0.330
    22      C                 -0.225
    23      C                 -0.016
    24      C                 -0.008
    25      C                 -0.145
    26      C                 -0.168
    27      H                  0.213
    28      H                  0.128
    29      H                 -0.010
    30      H                  0.100
    31      H                  0.196
    32      H                  0.309
    33      H                  0.151
    34      H                  0.224
    35      H                  0.107
    36      H                  0.085
    37      H                  0.073
    38      H                  0.069
    39      H                  0.056
    40      H                  0.180
    41      H                  0.073
    42      C                  0.310
    43      C                  0.211
    44      O                 -0.609
    45      O                 -0.599
    46      O                 -0.714
    47      C                 -0.090
    48      C                 -0.197
    49      H                  0.074
    50      H                  0.021
    51      H                  0.045
    52      C                 -0.207
    53      H                  0.012
    54      H                  0.132
    55      H                  0.032
    56      C                 -0.179
    57      H                  0.138
    58      H                  0.075
    59      H                  0.045
 Total Mulliken Charge =      -4.000
 
                  X        Y        Z     TOTAL  
  QM DIPOLE   710.997  645.940 -515.460 1090.163
 
 Final Structure

  QMMM: QM Region Cartesian Coordinates (*=link atom) 
  QMMM: QM_NO.   MM_NO.  ATOM         X         Y         Z
  QMMM:     1        1      S      -36.6149  -35.2114   24.2141
  QMMM:     2        2      C      -35.1434  -35.4331   23.3978
  QMMM:     3        3      N      -34.1139  -34.8409   24.0541
  QMMM:     4        4      C      -34.5318  -34.2230   25.2620
  QMMM:     5        5      C      -35.8962  -34.3332   25.4789
  QMMM:     6        6      C      -36.6513  -33.8084   26.6247
  QMMM:     7        7      C      -36.5613  -32.2745   26.7820
  QMMM:     8        8      O      -36.0481  -31.9455   28.0204
  QMMM:     9        9      P      -37.0881  -31.0383   29.0206
  QMMM:    10       10      P      -39.6992  -33.1012   29.1294
  QMMM:    11       11      N      -30.0308  -32.3296   23.9265
  QMMM:    12       12      O      -37.3370  -29.8212   28.1941
  QMMM:    13       13      O      -39.5247  -33.9663   30.3467
  QMMM:    14       14      C      -30.3951  -31.5261   22.8816
  QMMM:    15       15      O      -36.2873  -30.8644   30.2658
  QMMM:    16       16      O      -39.4684  -33.8058   27.8133
  QMMM:    17       17      N      -31.4739  -31.6902   22.0712
  QMMM:    18       18      O      -38.3244  -31.9879   29.1413
  QMMM:    19       19      O      -40.9167  -32.2192   29.1808
  QMMM:    20       20      C      -32.3067  -32.7670   22.3361
  QMMM:    21       21      N      -33.4497  -32.9249   21.6091
  QMMM:    22       22      C      -31.9833  -33.6822   23.4114
  QMMM:    23       23      C      -30.8466  -33.3825   24.1644
  QMMM:    24       24      C      -32.7267  -34.9551   23.6494
  QMMM:    25       25      C      -29.5199  -30.3223   22.6106
  QMMM:    26       26      C      -33.5875  -33.5580   26.1851
  QMMM:    27       27      H      -37.7551  -34.0810   26.5963
  QMMM:    28       28      H      -36.2513  -34.2758   27.5685
  QMMM:    29       29      H      -35.8766  -31.8669   25.9775
  QMMM:    30       30      H      -37.5869  -31.8310   26.6450
  QMMM:    31       31      H      -33.5891  -32.3497   20.8147
  QMMM:    32       32      H      -33.9071  -33.8378   21.6058
  QMMM:    33       33      H      -30.5587  -34.0238   25.0180
  QMMM:    34       34      H      -32.7106  -35.5894   22.6937
  QMMM:    35       35      H      -32.2023  -35.5514   24.4532
  QMMM:    36       36      H      -29.8166  -29.5029   23.3106
  QMMM:    37       37      H      -29.6420  -29.9608   21.5616
  QMMM:    38       38      H      -28.4452  -30.5714   22.7815
  QMMM:    39       39      H      -32.8710  -34.3035   26.6124
  QMMM:    40       40      H      -34.1728  -33.0787   27.0217
  QMMM:    41       41      H      -33.0007  -32.7661   25.6566
  QMMM:    42       42      C      -34.3715  -37.6197   22.4562
  QMMM:    43       43      C      -35.0072  -36.2371   22.0494
  QMMM:    44       44      O      -33.2588  -37.6249   23.0658
  QMMM:    45       45      O      -34.9614  -38.6941   22.1360
  QMMM:    46       46      O      -34.2642  -35.5780   21.1688
  QMMM:    47       47      C      -36.6036  -37.0935   20.2371
  QMMM:    48       48      C      -37.9697  -37.7312   20.0771
  QMMM:    49       49      H      -38.1134  -38.5266   20.8472
  QMMM:    50       50      H      -38.0712  -38.1937   19.0647
  QMMM:    51       51      H      -38.7787  -36.9706   20.1968
  QMMM:    52       52      C      -36.3516  -36.1087   19.1163
  QMMM:    53       53      H      -36.3319  -36.6314   18.1286
  QMMM:    54       54      H      -35.3653  -35.6081   19.2964
  QMMM:    55       55      H      -37.1523  -35.3305   19.0811
  QMMM:    56       56      C      -36.4844  -36.4282   21.5995
  QMMM:    57       57      H      -35.8168  -37.9036   20.2010
  QMMM:    58       58      H      -36.9981  -37.0733   22.3604
  QMMM:    59       59      H      -36.9987  -35.4324   21.5671

           --------- Calculation Completed ----------

