
Will write log file to "mm_opt.md.log".

Command line:  /software/orca/5.0.4/orca_5_0_4_linux_x86-64_openmpi411/orca_md mm_opt orca


    ################################################################
    ########    ORCA ab initio Molecular Dynamics Module    ########
    ########          and SANscript Interpreter             ########
    ########          Martin Brehm, 2016 - 2022             ########
    ########       https://brehm-research.de/orcamd         ########
    ################################################################


  * Compiled as ORCA module.
  * Called from ORCA.
  * Base name: "mm_opt"
  * Source code version: Jan 31 2022
  * Compiled at Mar  1 2023 11:25:12, compiler "Clang 12.0.0 (/home/frankw/CompEnv/src/llvm1200/llvm-project/clang d28af7c654d8db0b68c175db5ce212d74fb5e9bc)", LLVM, CLANG 12.0.0, Linux
  * Machine: x86_64, int=4b, long=8b, addr=8b, 0xA0B0C0D0=D0,C0,B0,A0.
  * Executable name: "/software/orca/5.0.4/orca_5_0_4_linux_x86-64_openmpi411/orca_md"
  * Running on qnode0294 at Wed Jul 24 13:19:11 2024 (PID 106485)
  * Running in /projects/b1039/wxk6447/INI-STRUCT-6/Out/6

Initializing SAN engine...

Started parsing input script.
Reading input file "mm_opt.mdinput" ...
204 Bytes read.
Tokenizing input...
Found 26 tokens in file.
Handling brackets...
Handling reference parentheses...
Handling keywords...
Handling operators...
Grouping commas...
Removing commas...
Handling variables...
Found unit "Bohr", converting 0.300000 Bohr to 0.158753 Angstrom...
Handling functions, iteration 1...
Handling functions, iteration 2...
Flattening tree...
Checking keyword syntax...
Finished parsing input script.

Initializing MD engine with interface "ORCA" ...


>>>>>>>>>>>>>>>>>>>>>>>>>>>>>>>>>>>>>>>>>>>>>>>>>>>>
>>>   Output of System Information (from ORCA)   >>>
>>>>>>>>>>>>>>>>>>>>>>>>>>>>>>>>>>>>>>>>>>>>>>>>>>>>


############################################
   Total Atom Count:           18671
   Total System Mass:       131428.1 a.m.u.
   Total Basis Dimension:          0
   Total Electron Number:          0
   Total Charge:                 -10
   Total Multiplicity:             1
  ------------------------------------------
   ReducePrint:                 true
   Print Mulliken Pop:             1
   Print Loewdin Pop:              1
   Print Mayer Pop:                1
   Print Orbital Energies:         1
############################################

<<<<<<<<<<<<<<<<<<<<<<<<<<<<<<<<<<<<<<<<<<<<<<<<<<<<
<<<          End of System Information           <<<
<<<<<<<<<<<<<<<<<<<<<<<<<<<<<<<<<<<<<<<<<<<<<<<<<<<<

Initializing regions...
  Found "mm_opt-active_atoms.tmp" file, reading active region data...
  Found "mm_opt-qm_atoms.tmp" file, reading QM region data...

Defined regions:
         all: 18671 atoms
          mm: 18671 atoms
      active:   396 atoms
    inactive: 18275 atoms


######################################################
########        Executing Input Script        ########
######################################################

Execution verbose level is 2.



>>>>>> Dump Position, Stride, 1, Filename, "mm_opt_trj.dcd", Replace

Modified writing position trajectory for region "all": Format DCD, stride 1, filename "mm_opt_trj.dcd", replace.


>>>>>> Minimize LBFGS, StepLimit, 0.30, MaxGrad, 4.9615, RMSGrad, 0.9923, Steps, 1000

Starting minimization loop with L-BFGS method:
    Max. Steps:             1000
    L-BFGS History:         20
    RMS(Grad) Convergence:  0.9923 kJ/mol/Angstrom
    Max(Grad) Convergence:  4.9615 kJ/mol/Angstrom
    Step Limit:             0.159 Angstrom
    Random Displacement:    disabled


Dump: Will write Position data of region "all" in DCD format with stride 1 to "mm_opt_trj.dcd" (replace).

Defined regions:
         all: 18671 atoms
          mm: 18671 atoms
      active:   396 atoms
    inactive: 18275 atoms

Will write restart file to "mm_opt.mdrestart" after each step.
Will write energy statistics to "mm_opt-minimize-ener.csv" after each step.


The system contains 1188 active degrees of freedom (396 active atoms * 3).

This is a 1188-dimensional optimization problem.

Allocating 531.28 KiB of memory for L-BFGS working space...



            |  t_SCF | t_Grad |     Temp |           E_Pot |      Delta E |    RMS(Grad) |    Max(Grad) |  Max(Step)
       Step |    [s] |    [s] |      [K] |       [Hartree] |    [Hartree] | [kJ/(mol*A)] | [kJ/(mol*A)] | [Angstrom]
------------|--------|--------|----------|-----------------|--------------|--------------|--------------|--------------
          1      2.5      0.0                 -25.41860659                                                          
          2      2.5      0.0                 -25.45724333    -0.03863673       243.2271      2841.9438     0.012297
          3      2.7      0.0                 -25.80326512    -0.34602180        95.3406       858.6438     0.123586
          4      2.7      0.0                 -25.87571532    -0.07245019        75.0598       382.3952     0.076860
          5      2.9      0.1                 -25.94772196    -0.07200665        48.4607       200.0923     0.055406
          6      2.8      0.0                 -25.97946098    -0.03173902        65.2726       425.8263     0.070940
          7      2.7      0.0                 -26.03741716    -0.05795618        40.1560       200.1723     0.047964
          8      2.7      0.0                 -26.04762504    -0.01020788        53.7381       388.6875     0.030485
          9      2.7      0.1                 -26.08741392    -0.03978887        37.1629       242.3125     0.047691
         10      2.8      0.0                 -26.10544693    -0.01803301        48.2032       239.5218     0.063036
         11      2.7      0.0                 -26.14080913    -0.03536220        31.0308       169.4907     0.050938
         12      2.7      0.0                 -26.14794653    -0.00713740        41.0735       229.0857     0.035501
         13      2.7      0.0                 -26.17094021    -0.02299368        27.0733       138.5297     0.043592
         14      2.7      0.0                 -26.17338216    -0.00244195        34.4935       300.1816     0.019586
         15      2.8      0.0                 -26.18888240    -0.01550023        23.9621        88.4309     0.035685
         16      2.7      0.0                 -26.19311821    -0.00423581        33.3257       261.1560     0.030894
         17      2.7      0.0                 -26.20799003    -0.01487183        23.4018        99.5734     0.028818
         18      2.8      0.1                 -26.21514496    -0.00715493        31.3043       199.2043     0.038263
         19      2.8      0.0                 -26.22943259    -0.01428763        21.3653        95.8805     0.039853
         20      2.8      0.0                 -26.23176747    -0.00233488        28.6904       158.9292     0.024224
         21      2.7      0.0                 -26.24283931    -0.01107184        19.2423        89.0168     0.031903
         22      2.9      0.1                 -26.24617072    -0.00333141        25.5716        89.4741     0.029658
         23      2.7      0.0                 -26.25614261    -0.00997189        17.3511        56.2372     0.036063
         24      2.7      0.0                 -26.25998414    -0.00384154        23.6031       121.9367     0.040629
         25      2.7      0.0                 -26.26833533    -0.00835118        15.9151        56.0845     0.035522
         26      2.8      0.1                 -26.26951375    -0.00117842        20.7633        97.4863     0.019438
         27      2.7      0.0                 -26.27559343    -0.00607968        15.5068        73.6815     0.043994
         28      2.8      0.0                 -26.27621212    -0.00061869        19.0447       144.5125     0.020348
         29      2.7      0.0                 -26.28211522    -0.00590310        17.4733        74.8548     0.026697
         30      2.8      0.0                 -26.28223460    -0.00011938        19.3492        87.0500     0.004396
         31      2.8      0.1                 -26.28856847    -0.00633387        14.1535        59.4233     0.044745
         32      2.8      0.0                 -26.28951399    -0.00094551        19.1888        86.7504     0.026451
         33      2.7      0.0                 -26.29521061    -0.00569662        13.0596        58.9009     0.023982
         34      2.7      0.0                 -26.29706187    -0.00185126        17.5188        72.8940     0.023648
         35      2.8      0.1                 -26.30220879    -0.00514692        12.4676        53.2384     0.038766
         36      2.7      0.0                 -26.30354335    -0.00133456        17.6101        89.1900     0.032647
         37      2.9      0.0                 -26.30841627    -0.00487292        12.7052        52.0916     0.025348
         38      2.7      0.0                 -26.30972779    -0.00131152        17.8490        78.6946     0.021674
         39      2.8      0.1                 -26.31460506    -0.00487727        12.9828        44.2350     0.048354
         40      2.8      0.0                 -26.31571136    -0.00110630        16.9462        89.4816     0.038377
         41      2.7      0.0                 -26.32002015    -0.00430879        14.5303        65.8190     0.032804
         42      2.8      0.0                 -26.32426638    -0.00424623        12.9877        45.8950     0.059478
         43      2.7      0.0                 -26.32463911    -0.00037273        16.5297        70.3482     0.025006
         44      2.7      0.1                 -26.32945491    -0.00481580        12.2275        48.2683     0.031017
         45      2.8      0.0                 -26.33066009    -0.00120518        16.6377        90.0775     0.025244
         46      2.7      0.0                 -26.33515575    -0.00449566        11.8035        45.7207     0.056805
         47      2.9      0.0                 -26.33543787    -0.00028213        14.5422        60.9367     0.018671
         48      2.7      0.1                 -26.33876067    -0.00332280        11.0713        39.5515     0.017460
         49      2.7      0.0                 -26.33978786    -0.00102718        15.7019        78.8167     0.016647
         50      2.8      0.0                 -26.34367066    -0.00388280        13.5699        87.4039     0.065805
         51      2.8      0.0                 -26.34381513    -0.00014447        16.0247       140.4932     0.018096
         52      2.8      0.0                 -26.34739026    -0.00357513        13.0834        57.8285     0.024144
         53      2.8      0.0                 -26.35058846    -0.00319820        10.4345        55.6015     0.047878
         54      2.8      0.0                 -26.35137609    -0.00078763        14.7309        72.1674     0.041424
         55      2.7      0.0                 -26.35504676    -0.00367067        10.8148        55.2967     0.034204
         56      2.8      0.0                 -26.35576594    -0.00071918        14.8670        56.6145     0.023449
         57      2.8      0.1                 -26.35951226    -0.00374632        11.1930        66.7752     0.066045
         58      2.7      0.0                 -26.36025261    -0.00074035        15.7125       100.1614     0.052501
         59      2.7      0.0                 -26.36368249    -0.00342988        11.8856        59.8537     0.027103
         60      2.8      0.0                 -26.36376891    -0.00008642        13.1906        60.6417     0.005069
         61      2.8      0.0                 -26.36709719    -0.00332828        11.8748        70.7160     0.092738
         62      2.7      0.0                 -26.36723346    -0.00013627        14.3689        84.9149     0.027228
         63      2.8      0.0                 -26.37086244    -0.00362898        11.7437        57.4517     0.045286
         64      2.8      0.0                 -26.37162930    -0.00076686        16.5027        71.5639     0.033177
         65      2.8      0.1                 -26.37556680    -0.00393750        12.3116        80.0889     0.104024
         66      2.8      0.0                 -26.37575653    -0.00018973        14.3519       119.5553     0.034512
         67      2.8      0.0                 -26.37871415    -0.00295762        14.1647        77.4287     0.036037
         68      2.8      0.0                 -26.37881652    -0.00010237        12.3748        57.1418     0.005577
         69      2.7      0.0                 -26.38184825    -0.00303173        10.2867        42.2610     0.091388
         70      2.8      0.1                 -26.38198487    -0.00013662        12.4119        72.9805     0.028233
         71      2.7      0.0                 -26.38460863    -0.00262376        10.0507        50.0401     0.032260
         72      2.8      0.0                 -26.38472777    -0.00011914        11.9410        72.6189     0.008525
         73      2.7      0.0                 -26.38691048    -0.00218271         8.3553        26.7888     0.041050
         74      2.8      0.1                 -26.38732147    -0.00041099        11.1275        67.7501     0.027409
         75      2.8      0.0                 -26.38918584    -0.00186437         7.7452        31.2197     0.039077
         76      2.7      0.0                 -26.38949142    -0.00030558         9.5968        43.0215     0.023739
         77      2.7      0.0                 -26.39092691    -0.00143549         7.3910        48.6489     0.013263
         78      2.7      0.1                 -26.39094569    -0.00001878         8.0156        58.4622     0.001701
         79      2.9      0.0                 -26.39194301    -0.00099732         8.7300        65.0351     0.071323
         80      2.8      0.0                 -26.39196463    -0.00002162         7.8932        50.2095     0.009758
         81      2.8      0.0                 -26.39316104    -0.00119641         6.9543        31.4039     0.015824
         82      2.8      0.0                 -26.39318173    -0.00002069         7.7584        39.8652     0.002374
         83      2.7      0.0                 -26.39428289    -0.00110116         5.8174        19.6392     0.029249
         84      2.7      0.0                 -26.39456707    -0.00028418         8.1025        40.0180     0.024745
         85      2.8      0.0                 -26.39564966    -0.00108259         5.8259        21.7355     0.021428
         86      2.8      0.0                 -26.39579043    -0.00014078         7.4938        45.5033     0.011019
         87      2.8      0.1                 -26.39669413    -0.00090370         5.6462        20.1801     0.030663
         88      2.9      0.0                 -26.39682599    -0.00013186         7.5010        47.2057     0.017261
         89      2.8      0.0                 -26.39765353    -0.00082754         5.3725        17.5729     0.017439
         90      2.7      0.0                 -26.39785451    -0.00020098         7.0944        29.3383     0.013833
         91      2.8      0.1                 -26.39873403    -0.00087952         5.5107        21.8312     0.037767
         92      2.8      0.0                 -26.39894382    -0.00020979         7.5464        32.9367     0.030487
         93      2.8      0.0                 -26.39996264    -0.00101882         5.5695        20.6355     0.020300
         94      2.8      0.0                 -26.40018641    -0.00022377         7.3583        26.4042     0.014969
         95      2.7      0.0                 -26.40118958    -0.00100318         5.6807        20.8704     0.044219
         96      2.7      0.1                 -26.40129602    -0.00010644         7.4419        38.3129     0.020183
         97      2.7      0.0                 -26.40214505    -0.00084903         5.2638        18.1608     0.020700
         98      2.7      0.0                 -26.40232556    -0.00018051         7.1213        27.1761     0.014910
         99      2.7      0.0                 -26.40310570    -0.00078014         5.1280        19.1045     0.025592
        100      2.7      0.0                 -26.40336610    -0.00026040         7.0979        34.6924     0.025878
        101      2.7      0.0                 -26.40418411    -0.00081802         5.2323        24.1478     0.015163
        102      2.7      0.0                 -26.40434985    -0.00016573         6.8121        39.1825     0.010568
        103      2.8      0.0                 -26.40511078    -0.00076093         4.8888        21.3222     0.032059
        104      2.7      0.0                 -26.40523099    -0.00012021         6.1889        25.1838     0.019104
        105      2.8      0.0                 -26.40594539    -0.00071440         4.6498        22.2281     0.017574
        106      2.7      0.0                 -26.40607869    -0.00013330         6.2373        27.3750     0.011578
        107      2.7      0.0                 -26.40675843    -0.00067974         4.6088        20.0403     0.024158
        108      2.8      0.1                 -26.40691890    -0.00016047         6.4157        29.8765     0.018858
        109      2.8      0.0                 -26.40755992    -0.00064102         4.4734        18.9526     0.020377
        110      2.7      0.0                 -26.40769728    -0.00013736         6.1328        33.5747     0.014771
        111      2.7      0.0                 -26.40827084    -0.00057356         4.2203        16.4745     0.015174
        112      2.8      0.0                 -26.40846337    -0.00019253         5.7107        26.3654     0.015283
        113      2.8      0.0                 -26.40899971    -0.00053634         4.0214        15.6122     0.022089
        114      2.7      0.0                 -26.40915387    -0.00015416         5.6246        23.9281     0.019826
        115      2.8      0.0                 -26.40967371    -0.00051984         3.9253        15.6473     0.020876
        116      2.8      0.0                 -26.40986646    -0.00019275         5.4952        16.9373     0.022645
        117      2.7      0.0                 -26.41035705    -0.00049059         3.9245        16.0911     0.020586
        118      2.8      0.0                 -26.41045098    -0.00009393         5.3659        18.0624     0.013780
        119      2.7      0.0                 -26.41091655    -0.00046557         3.9905        16.1741     0.027288
        120      2.7      0.0                 -26.41113527    -0.00021872         5.6636        20.9304     0.035621
        121      2.7      0.1                 -26.41168918    -0.00055391         4.0973        17.5185     0.022356
        122      2.7      0.0                 -26.41178643    -0.00009725         5.4233        25.2804     0.014108
        123      2.8      0.0                 -26.41229717    -0.00051073         4.0576        18.0924     0.043337
        124      2.8      0.0                 -26.41240063    -0.00010347         5.4126        27.2378     0.030938
        125      2.8      0.0                 -26.41292055    -0.00051992         4.3280        17.7775     0.019470
        126      2.8      0.0                 -26.41298770    -0.00006715         5.4443        22.3427     0.010004
        127      2.7      0.0                 -26.41356141    -0.00057371         4.5891        19.2403     0.062073
        128      2.7      0.0                 -26.41360715    -0.00004574         5.7850        25.7348     0.024038
        129      2.8      0.0                 -26.41418640    -0.00057924         4.4021        18.1514     0.029683
        130      2.8      0.1                 -26.41432965    -0.00014325         6.2327        33.9468     0.023935
        131      2.8      0.0                 -26.41494208    -0.00061243         4.4922        15.2641     0.053702
        132      2.7      0.0                 -26.41509702    -0.00015493         6.2468        39.5341     0.044677
        133      2.8      0.0                 -26.41571272    -0.00061571         4.5009        16.2507     0.027801
        134      2.8      0.1                 -26.41590337    -0.00019064         6.2850        31.5677     0.026386
        135      2.8      0.0                 -26.41655994    -0.00065658         4.7037        17.6648     0.052847
        136      2.7      0.0                 -26.41678680    -0.00022686         6.8439        33.4524     0.055651
        137      2.7      0.0                 -26.41757965    -0.00079285         5.0495        18.8423     0.023158
        138      2.8      0.0                 -26.41787385    -0.00029420         6.9526        25.6441     0.025199
        139      2.7      0.1                 -26.41864886    -0.00077501         5.6193        30.5011     0.094569
        140      2.7      0.0                 -26.41866183    -0.00001298         6.2199        38.3199     0.015176
        141      2.8      0.0                 -26.41921526    -0.00055343         6.8702        41.3021     0.037744
        142      2.7      0.0                 -26.41923086    -0.00001560         6.2273        33.7453     0.005381
        143      2.7      0.0                 -26.42003875    -0.00080788         5.6109        19.9418     0.077376
        144      2.8      0.0                 -26.42005442    -0.00001567         6.3911        23.9719     0.012940
        145      2.8      0.0                 -26.42072457    -0.00067016         4.5031        15.1643     0.029449
        146      2.8      0.0                 -26.42087082    -0.00014625         6.1612        27.9570     0.021699
        147      2.7      0.1                 -26.42146798    -0.00059716         4.3490        16.6462     0.026348
        148      2.9      0.0                 -26.42165194    -0.00018396         6.1679        23.2389     0.025030
        149      2.8      0.0                 -26.42223865    -0.00058670         4.1582        14.9634     0.015367
        150      2.8      0.0                 -26.42243719    -0.00019854         5.5278        22.1178     0.015590
        151      2.7      0.0                 -26.42293549    -0.00049830         4.0605        18.8609     0.037582
        152      2.8      0.1                 -26.42300585    -0.00007036         5.3000        29.8337     0.021114
        153      2.8      0.0                 -26.42346520    -0.00045935         4.6267        28.3894     0.037251
        154      2.8      0.0                 -26.42348099    -0.00001579         5.1306        37.9298     0.008344
        155      2.8      0.0                 -26.42403919    -0.00055820         4.7838        19.5699     0.050590
        156      2.7      0.0                 -26.42405051    -0.00001132         5.4442        25.8703     0.008838
        157      2.7      0.0                 -26.42456959    -0.00051908         4.1257        20.1959     0.019735
        158      2.8      0.0                 -26.42466434    -0.00009475         5.6069        20.4810     0.012788
        159      2.8      0.0                 -26.42516486    -0.00050052         3.9994        21.4159     0.024904
        160      2.8      0.1                 -26.42531983    -0.00015498         5.6028        27.9323     0.023765
        161      2.7      0.0                 -26.42580154    -0.00048171         4.0222        18.6956     0.020065
        162      2.8      0.0                 -26.42597046    -0.00016892         5.7352        23.8795     0.020985
        163      2.8      0.0                 -26.42649511    -0.00052465         4.4481        25.5663     0.037176
        164      2.9      0.0                 -26.42664296    -0.00014785         6.5246        53.6475     0.035494
        165      2.9      0.1                 -26.42718406    -0.00054111         4.9668        32.3894     0.029182
        166      2.7      0.0                 -26.42719692    -0.00001286         5.4361        44.6255     0.005254
        167      2.7      0.0                 -26.42775895    -0.00056203         5.2797        32.5395     0.068426
        168      2.7      0.0                 -26.42827527    -0.00051632         4.2290        28.2568     0.030738
        169      2.7      0.1                 -26.42842482    -0.00014954         5.7279        28.7362     0.027891
        170      2.7      0.0                 -26.42899230    -0.00056748         4.5957        31.7135     0.034477
        171      2.8      0.0                 -26.42909825    -0.00010595         6.3435        37.6447     0.022998
        172      2.8      0.0                 -26.42961708    -0.00051883         4.0529        20.6286     0.010732
        173      2.8      0.1                 -26.42967928    -0.00006221         5.0114        37.7876     0.005233
        174      2.8      0.0                 -26.43002754    -0.00034826         6.6012        69.1201     0.078646
        175      2.8      0.0                 -26.43003949    -0.00001195         5.5888        47.8527     0.014770
        176      2.9      0.0                 -26.43052997    -0.00049047         4.3863        26.4378     0.024056
        177      2.8      0.0                 -26.43057602    -0.00004605         5.3840        20.0602     0.010024
        178      2.8      0.1                 -26.43102118    -0.00044516         4.1417        28.2310     0.032932
        179      2.8      0.0                 -26.43114767    -0.00012649         5.7900        43.4435     0.030349
        180      2.7      0.0                 -26.43157704    -0.00042937         3.5380        14.4686     0.006714
        181      2.8      0.0                 -26.43162161    -0.00004457         4.2616        32.8559     0.002970
        182      2.9      0.0                 -26.43192912    -0.00030751         3.6873        23.5998     0.052517
        183      2.9      0.0                 -26.43193642    -0.00000730         4.2684        35.9580     0.011037
        184      2.7      0.0                 -26.43221169    -0.00027528         3.0517        12.1581     0.005689
        185      2.7      0.0                 -26.43224942    -0.00003772         3.8666        16.1522     0.003027
        186      2.8      0.1                 -26.43249213    -0.00024272         2.7021         9.3899     0.027361
        187      2.7      0.0                 -26.43252825    -0.00003611         3.5396        19.1464     0.015924
        188      2.7      0.0                 -26.43272266    -0.00019442         2.4659         7.7410     0.004938
        189      2.8      0.0                 -26.43276467    -0.00004201         3.3674        13.3268     0.003600
        190      2.8      0.0                 -26.43293831    -0.00017363         2.3202         8.0054     0.016432
        191      2.8      0.1                 -26.43298859    -0.00005028         3.1613        14.5337     0.014970
        192      2.8      0.0                 -26.43314109    -0.00015250         2.2527         6.9750     0.006636
        193      2.7      0.0                 -26.43317327    -0.00003218         3.0851        22.3727     0.004756
        194      2.7      0.0                 -26.43330851    -0.00013524         2.1250         7.5613     0.011964
        195      2.8      0.1                 -26.43334259    -0.00003408         2.9107        24.1994     0.009770
        196      2.7      0.0                 -26.43345677    -0.00011418         1.9765         5.9557     0.004716
        197      2.8      0.0                 -26.43348013    -0.00002337         2.6355        13.7794     0.003307
        198      2.7      0.0                 -26.43358040    -0.00010027         1.8811         5.5343     0.010658
        199      2.9      0.1                 -26.43362678    -0.00004638         2.5840        13.9661     0.013832
        200      2.8      0.0                 -26.43373004    -0.00010327         1.8219         6.4797     0.005151
        201      2.8      0.0                 -26.43374938    -0.00001934         2.3586        15.7534     0.003400
        202      2.8      0.0                 -26.43384338    -0.00009400         1.8617         7.6932     0.020736
        203      2.7      0.0                 -26.43385086    -0.00000747         2.3146        16.5443     0.007988
        204      2.7      0.1                 -26.43393998    -0.00008912         1.7653         5.4097     0.005616
        205      2.8      0.0                 -26.43395831    -0.00001832         2.4059         9.9073     0.003954
        206      2.8      0.0                 -26.43405299    -0.00009469         1.6876         6.0654     0.012205
        207      2.8      0.0                 -26.43407770    -0.00002471         2.3068        10.7458     0.010258
        208      2.7      0.1                 -26.43415719    -0.00007949         1.5617         5.2737     0.005590
        209      2.8      0.0                 -26.43416700    -0.00000982         2.0244         8.5154     0.002773
        210      2.7      0.0                 -26.43422877    -0.00006177         1.4587         4.5475     0.005426
        211      2.7      0.0                 -26.43425594    -0.00002717         2.0901         8.5936     0.006708
        212      2.8      0.1                 -26.43432767    -0.00007173         1.5169         4.5188     0.004834
        213      2.7      0.0                 -26.43436220    -0.00003453         2.1803         8.4642     0.006412
        214      2.7      0.0                 -26.43443803    -0.00007583         1.4432         4.7102     0.007524
        215      2.7      0.0                 -26.43444917    -0.00001114         1.8890         7.5322     0.004195
        216      2.7      0.1                 -26.43450706    -0.00005789         1.3742         4.5769     0.004156
        217      2.7      0.0                 -26.43453155    -0.00002449         1.9978         7.9343     0.004985
        218      2.7      0.0                 -26.43459614    -0.00006459         1.3609         4.5409     0.004954
        219      2.8      0.0                 -26.43461543    -0.00001929         1.8541         7.5225     0.004567
        220      2.8      0.0                 -26.43467294    -0.00005750         1.3320         5.0037     0.004130
        221      2.8      0.1                 -26.43468947    -0.00001653         1.9025         6.7778     0.003702
        222      2.8      0.0                 -26.43474578    -0.00005631         1.3241         3.9849     0.004590
        223      2.8      0.0                 -26.43476276    -0.00001698         1.8399         8.7631     0.004260
        224      2.8      0.0                 -26.43481580    -0.00005303         1.2837         3.8696     0.003781
        225      2.8      0.1                 -26.43483291    -0.00001711         1.7876         9.1426     0.003690
        226      2.9      0.0                 -26.43488404    -0.00005114         1.2566         4.3661     0.003783
        227      2.8      0.0                 -26.43490083    -0.00001679         1.7641         5.7915     0.003741
        228      2.7      0.0                 -26.43495426    -0.00005343         1.3170         4.4523     0.003610
        229      2.7      0.1                 -26.43498237    -0.00002811         1.9624         7.7462     0.005138
        230      2.8      0.0                 -26.43504840    -0.00006602         1.4224         4.9283     0.006147
        231      2.8      0.0                 -26.43506504    -0.00001664         2.0248         6.6021     0.005006
        232      2.8      0.0                 -26.43513018    -0.00006515         1.4712         4.7038     0.005860
        233      2.7      0.0                 -26.43515561    -0.00002542         2.1326        11.1264     0.006605
        234      2.8      0.1                 -26.43522580    -0.00007019         1.4694         4.5284     0.007364
        235      2.8      0.0                 -26.43524536    -0.00001956         2.0244         6.8399     0.006455
        236      2.8      0.0                 -26.43531174    -0.00006638         1.5074         4.7003     0.006570
        237      2.8      0.0                 -26.43534153    -0.00002979         2.2533         7.2532     0.008247
        238      2.7      0.1                 -26.43542292    -0.00008139         1.5890         5.3927     0.008964
        239      2.8      0.0                 -26.43545395    -0.00003103         2.2303        11.2495     0.009926
        240      2.7      0.0                 -26.43553667    -0.00008271         1.7173         6.9988     0.009298
        241      2.7      0.0                 -26.43556129    -0.00002463         2.5752        17.6568     0.008549
        242      2.8      0.1                 -26.43565519    -0.00009390         1.8013         5.4829     0.010903
        243      2.8      0.0                 -26.43569043    -0.00003524         2.5090        15.5852     0.011926
        244      2.7      0.0                 -26.43578433    -0.00009390         1.7108         4.8376     0.011012
        245      2.7      0.0                 -26.43581422    -0.00002989         2.3326        12.3528     0.010636
        246      2.7      0.0                 -26.43589781    -0.00008359         1.7499         5.4004     0.010586
        247      2.7      0.1                 -26.43591989    -0.00002208         2.5545        13.4717     0.008924
        248      2.8      0.0                 -26.43601351    -0.00009362         1.8877         4.8836     0.009745
        249      2.8      0.0                 -26.43607202    -0.00005851         2.6852        11.4329     0.015917
        250      2.7      0.0                 -26.43618991    -0.00011789         1.9276         6.0472     0.017101
        251      2.8      0.1                 -26.43622035    -0.00003045         2.7098        10.2247     0.014258
        252      2.7      0.0                 -26.43633708    -0.00011673         1.9904         7.2100     0.012139
        253      2.8      0.0                 -26.43638266    -0.00004559         2.9306        11.4085     0.013698
        254      2.8      0.0                 -26.43651496    -0.00013230         2.0288         6.9625     0.014650
        255      2.8      0.1                 -26.43656154    -0.00004658         2.8054        10.1143     0.015280
        256      2.7      0.0                 -26.43668799    -0.00012645         2.0334         7.3391     0.024580
        257      2.8      0.0                 -26.43671375    -0.00002576         2.7186        11.7254     0.017551
        258      2.7      0.0                 -26.43684263    -0.00012887         2.1236         7.4433     0.005827
        259      2.7      0.0                 -26.43687018    -0.00002755         2.6777         9.7377     0.004216
        260      2.8      0.1                 -26.43703872    -0.00016854         2.3655         7.6362     0.046560
        261      2.7      0.0                 -26.43704817    -0.00000946         2.8222         9.9222     0.015174
        262      2.8      0.0                 -26.43724039    -0.00019222         2.5279         7.4235     0.017276
        263      2.8      0.0                 -26.43725768    -0.00001729         3.2241        12.3633     0.006978
        264      2.8      0.1                 -26.43746211    -0.00020443         2.5722         8.5694     0.043053
        265      2.7      0.0                 -26.43748980    -0.00002769         3.4218        12.3690     0.023799
        266      2.5      0.0                 -26.43770764    -0.00021784         2.7670         8.7489     0.013637
        267      2.5      0.0                 -26.43774824    -0.00004060         3.6921        14.4016     0.008966
        268      2.5      0.0                 -26.43802167    -0.00027343         2.9718        10.5223     0.055163
        269      2.5      0.0                 -26.43807244    -0.00005077         4.0144        15.9449     0.039441
        270      2.5      0.0                 -26.43838222    -0.00030979         3.3278        13.1011     0.017588
        271      2.4      0.0                 -26.43840175    -0.00001952         4.0001        19.7443     0.005666
        272      2.5      0.0                 -26.43869894    -0.00029719         3.2895         9.5441     0.063879
        273      2.5      0.1                 -26.43871646    -0.00001753         3.9118        15.5095     0.021250
        274      2.4      0.0                 -26.43902908    -0.00031261         3.4101        14.1155     0.012538
        275      2.5      0.0                 -26.43904621    -0.00001713         3.9635        18.7752     0.003705
        276      2.5      0.0                 -26.43937705    -0.00033085         3.7184        13.1953     0.082078
        277      2.5      0.0                 -26.43971528    -0.00033822         3.2984         9.6473     0.025447
        278      2.5      0.0                 -26.43975840    -0.00004313         4.3051        19.1949     0.012939
        279      2.5      0.0                 -26.44012635    -0.00036794         3.7620        12.6961     0.071964
        280      2.5      0.0                 -26.44015585    -0.00002950         4.7051        25.0453     0.029358
        281      2.4      0.1                 -26.44057518    -0.00041933         3.8765        12.7299     0.011138
        282      2.5      0.0                 -26.44060313    -0.00002795         4.4655        15.6586     0.003715
        283      2.5      0.0                 -26.44112484    -0.00052171         4.3803        16.0426     0.090615
        284      2.5      0.0                 -26.44115649    -0.00003165         5.5152        22.1488     0.031682
        285      2.5      0.0                 -26.44173576    -0.00057927         4.2936        15.2176     0.033746
        286      2.4      0.1                 -26.44183474    -0.00009898         5.7517        32.4898     0.020932
        287      2.4      0.0                 -26.44235573    -0.00052099         4.4195        14.8365     0.079431
        288      2.4      0.0                 -26.44238293    -0.00002720         5.1734        17.6755     0.024513
        289      2.5      0.0                 -26.44288504    -0.00050211         4.9528        19.9550     0.021309
        290      2.4      0.1                 -26.44289073    -0.00000569         5.2046        21.1093     0.002529
        291      2.5      0.0                 -26.44357413    -0.00068340         5.7281        21.2556     0.120603
        292      2.5      0.0                 -26.44414463    -0.00057050         4.2959        14.3658     0.029720
        293      2.4      0.0                 -26.44422740    -0.00008277         5.9202        29.7919     0.016453
        294      2.5      0.1                 -26.44473197    -0.00050457         4.1238        12.2161     0.028416
        295      2.4      0.0                 -26.44492946    -0.00019749         5.7970        36.0614     0.032168
        296      2.5      0.0                 -26.44540887    -0.00047941         3.9884        13.1062     0.047936
        297      2.4      0.0                 -26.44549462    -0.00008574         5.2469        37.3173     0.031176
        298      2.5      0.0                 -26.44592592    -0.00043130         4.1851        14.8810     0.010138
        299      2.4      0.0                 -26.44601739    -0.00009147         5.0771        20.1944     0.007296
        300      2.5      0.0                 -26.44656921    -0.00055182         5.0251        21.7167     0.104426
        301      2.4      0.0                 -26.44710671    -0.00053750         5.5898        39.5860     0.015764
        302      2.5      0.0                 -26.44757382    -0.00046711         4.2333        17.3499     0.045239
        303      2.5      0.1                 -26.44760507    -0.00003125         5.1883        34.4515     0.015362
        304      2.4      0.0                 -26.44801488    -0.00040981         3.7743        12.7778     0.008374
        305      2.4      0.0                 -26.44813173    -0.00011685         5.0609        24.8468     0.007459
        306      2.4      0.0                 -26.44855225    -0.00042052         3.6541        12.9894     0.037018
        307      2.5      0.1                 -26.44862789    -0.00007564         4.8081        19.9184     0.024103
        308      2.6      0.0                 -26.44900780    -0.00037990         3.5319        14.1710     0.007416
        309      2.4      0.0                 -26.44906613    -0.00005833         4.6033        22.0628     0.004261
        310      2.4      0.0                 -26.44943339    -0.00036726         3.2079         9.6993     0.028989
        311      2.4      0.0                 -26.44953767    -0.00010428         4.2343        13.6578     0.025942
        312      2.5      0.1                 -26.44988011    -0.00034244         3.0593         9.4635     0.013064
        313      2.4      0.0                 -26.44995685    -0.00007673         4.2956        14.0145     0.009771
        314      2.4      0.0                 -26.45027968    -0.00032283         3.1455        10.4162     0.022203
        315      2.4      0.0                 -26.45038781    -0.00010813         4.5665        15.6295     0.022308
        316      2.5      0.1                 -26.45071505    -0.00032724         3.1548        10.6531     0.017878
        317      2.4      0.0                 -26.45078137    -0.00006632         4.2991        16.6478     0.012456
        318      2.5      0.0                 -26.45106980    -0.00028843         3.0525        10.1036     0.014597
        319      2.5      0.0                 -26.45119054    -0.00012074         4.2716        15.0370     0.017380
        320      2.4      0.0                 -26.45148934    -0.00029880         2.9417         8.3606     0.012190
        321      2.4      0.0                 -26.45156656    -0.00007721         4.0413        14.7934     0.010101
        322      2.5      0.0                 -26.45183462    -0.00026806         2.9478         8.1685     0.018382
        323      2.4      0.0                 -26.45192124    -0.00008663         4.2504        15.9313     0.017992
        324      2.5      0.1                 -26.45220329    -0.00028204         2.9761         8.3274     0.008673
        325      2.4      0.0                 -26.45227361    -0.00007032         3.8459        17.0692     0.007007
        326      2.4      0.0                 -26.45252510    -0.00025149         3.0288         8.7860     0.039425
        327      2.4      0.0                 -26.45253556    -0.00001045         3.3896        10.8961     0.010052
        328      2.6      0.0                 -26.45279641    -0.00026085         3.1985        10.6958     0.024960
        329      2.5      0.1                 -26.45279963    -0.00000323         3.4689        11.5671     0.003109
        330      2.5      0.0                 -26.45306006    -0.00026043         2.7758         7.5958     0.022159
        331      2.5      0.0                 -26.45308048    -0.00002041         3.5048        13.2529     0.008203
        332      2.6      0.0                 -26.45328783    -0.00020735         2.4619         6.4949     0.007649
        333      2.4      0.1                 -26.45331563    -0.00002780         3.2483        14.4304     0.004008
        334      2.6      0.0                 -26.45348243    -0.00016680         2.3042         6.8608     0.007805
        335      2.5      0.0                 -26.45354195    -0.00005952         3.2960        13.2871     0.008217
        336      2.5      0.0                 -26.45371944    -0.00017749         2.4005         7.1123     0.013029
        337      2.5      0.1                 -26.45379966    -0.00008022         3.4550        11.0049     0.016468
        338      2.4      0.0                 -26.45399313    -0.00019347         2.4088         8.7428     0.006634
        339      2.5      0.0                 -26.45402904    -0.00003591         3.2271        13.0473     0.004347
        340      2.5      0.0                 -26.45419283    -0.00016379         2.2681         6.7083     0.012502
        341      2.4      0.0                 -26.45424051    -0.00004768         3.1373        12.5529     0.011323
        342      2.5      0.1                 -26.45439524    -0.00015472         2.1962         6.2456     0.004935
        343      2.5      0.0                 -26.45443298    -0.00003774         2.9939        10.4049     0.003925
        344      2.4      0.0                 -26.45457631    -0.00014333         2.1312         6.7392     0.010175
        345      2.5      0.0                 -26.45462522    -0.00004891         3.0089        12.7639     0.010365
        346      2.5      0.1                 -26.45477113    -0.00014591         2.0858         6.0015     0.005880
        347      2.5      0.0                 -26.45481565    -0.00004452         2.8818        15.1359     0.005507
        348      2.5      0.0                 -26.45494748    -0.00013183         2.0283         6.8106     0.008039
        349      2.5      0.0                 -26.45497906    -0.00003159         2.8433        18.1803     0.006310
        350      2.4      0.1                 -26.45509640    -0.00011734         1.9660         5.9634     0.013626
        351      2.5      0.0                 -26.45512671    -0.00003030         2.6480        17.1579     0.011298
        352      2.5      0.0                 -26.45524105    -0.00011434         1.9247         5.4420     0.005864
        353      2.4      0.0                 -26.45528526    -0.00004421         2.6586        11.2125     0.006569
        354      2.4      0.0                 -26.45541041    -0.00012514         1.9371         5.4310     0.012009
        355      2.5      0.1                 -26.45543896    -0.00002855         2.7173        14.7612     0.009115
        356      2.4      0.0                 -26.45555342    -0.00011446         1.8970         5.8084     0.006970
        357      2.4      0.0                 -26.45558158    -0.00002816         2.6527        12.9907     0.005575
        358      2.5      0.0                 -26.45568622    -0.00010464         1.8306         5.0425     0.004583
        359      2.5      0.1                 -26.45572459    -0.00003838         2.4990         9.4357     0.004931
        360      2.5      0.0                 -26.45582184    -0.00009725         1.7013         5.2277     0.004613
        361      2.5      0.0                 -26.45584584    -0.00002400         2.3265         7.1152     0.003696
        362      2.5      0.0                 -26.45593358    -0.00008774         1.6771         4.7885     0.006615
        363      2.5      0.1                 -26.45597405    -0.00004046         2.3924         9.5933     0.008482
        364      2.5      0.0                 -26.45606777    -0.00009372         1.6476         5.9469     0.007090
        365      2.4      0.0                 -26.45608760    -0.00001983         2.2516        10.8310     0.005092
        366      2.5      0.0                 -26.45616826    -0.00008067         1.6419         6.7246     0.004132
        367      2.5      3.4                 -26.45619636    -0.00002809         2.3934         9.5427     0.004272
        368      2.5      0.0                 -26.45628276    -0.00008640         1.6465         4.4882     0.005309
        369      2.5      0.0                 -26.45631094    -0.00002818         2.2666         7.7000     0.005233
        370      2.5      0.0                 -26.45639194    -0.00008101         1.6025         4.8144     0.006057
        371      2.4      0.0                 -26.45641793    -0.00002599         2.2520         6.5596     0.005895
        372      2.4      0.1                 -26.45650390    -0.00008597         1.6930         5.3441     0.005015
        373      2.5      0.0                 -26.45655272    -0.00004882         2.5219         9.2044     0.007586
        374      2.5      0.0                 -26.45666169    -0.00010897         1.7228         5.3665     0.011494
        375      2.5      0.0                 -26.45668524    -0.00002355         2.3214         8.1164     0.008447
        376      2.5      0.1                 -26.45677228    -0.00008705         1.6372         4.9118     0.005522
        377      2.4      0.0                 -26.45678802    -0.00001574         2.2227         8.4661     0.003553
        378      2.4      0.0                 -26.45686384    -0.00007581         1.5556         4.4847     0.007841
        379      2.5      0.0                 -26.45689022    -0.00002638         2.1524         7.8158     0.008139
        380      2.5      0.0                 -26.45696162    -0.00007141         1.4360         4.7870     0.003895
        381      2.5      0.1                 -26.45697618    -0.00001455         1.9096         5.7575     0.002725
        382      2.4      0.0                 -26.45703606    -0.00005988         1.3830         4.6267     0.005070
        383      2.4      0.0                 -26.45706252    -0.00002646         1.9539         6.4056     0.006318
        384      2.5      0.0                 -26.45712641    -0.00006389         1.3002         3.6655     0.004413
        385      2.5      0.1                 -26.45713693    -0.00001052         1.6640         6.4860     0.002659
        386      2.4      0.0                 -26.45718479    -0.00004786         1.2356         3.6354     0.006399
        387      2.5      0.0                 -26.45719219    -0.00000740         1.6348         8.2757     0.003718
        388      2.6      0.0                 -26.45723833    -0.00004614         1.1959         3.3543     0.003524
        389      2.4      0.1                 -26.45725104    -0.00001271         1.5744         7.0056     0.003061
        390      2.4      0.0                 -26.45729776    -0.00004672         1.2101         3.5732     0.007843
        391      2.5      0.0                 -26.45730178    -0.00000402         1.4944         5.1038     0.003102
        392      2.5      0.0                 -26.45734556    -0.00004378         1.1306         3.5040     0.002976
        393      2.5      0.0                 -26.45735521    -0.00000965         1.5196         6.6112     0.002202
        394      2.4      0.1                 -26.45739910    -0.00004388         1.1668         3.5866     0.006411
        395      2.4      0.0                 -26.45740465    -0.00000555         1.5516         6.4957     0.003240
        396      2.4      0.0                 -26.45744400    -0.00003935         1.0980         2.9066     0.003168
        397      2.5      0.0                 -26.45745566    -0.00001166         1.5344         5.9307     0.002904
        398      2.5      0.1                 -26.45749379    -0.00003812         1.1053         3.1746     0.004525
        399      2.5      0.0                 -26.45750473    -0.00001094         1.5717         9.1248     0.004051
        400      2.4      0.0                 -26.45754220    -0.00003747         1.1251         3.3125     0.003744
        401      2.4      0.0                 -26.45755312    -0.00001092         1.6040        12.3623     0.003389
        402      2.5      0.0                 -26.45758960    -0.00003648         1.0893         3.5433     0.003743
        403      2.6      0.0                 -26.45760041    -0.00001081         1.4834        10.4234     0.003432
        404      2.5      0.0                 -26.45763219    -0.00003178         1.0643         3.8683     0.003747
        405      2.5      0.0                 -26.45764024    -0.00000805         1.5015        10.6211     0.003064
        406      2.4      0.0                 -26.45767217    -0.00003193         1.0759         3.5767     0.003260
        407      2.4      0.0                 -26.45768769    -0.00001552         1.5052         6.1403     0.004364
        408      2.4      0.0                 -26.45772347    -0.00003579         1.0613         3.1857     0.005004
        409      2.4      0.0                 -26.45773454    -0.00001107         1.4862         6.0033     0.004738
        410      2.5      0.0                 -26.45776956    -0.00003501         1.0556         2.8876     0.004015
        411      2.5      0.1                 -26.45778072    -0.00001116         1.4962         5.6404     0.003886
        412      2.5      0.0                 -26.45781640    -0.00003568         1.0515         2.5247     0.004757
        413      2.5      0.0                 -26.45783024    -0.00001384         1.4669         4.6856     0.005339
        414      2.4      0.0                 -26.45786495    -0.00003471         0.9968         3.2844     0.004780
        415      2.5      0.1                 -26.45787271    -0.00000776         1.3529         5.4012     0.003570
        416      2.5      0.0                 -26.45790169    -0.00002898         0.9673         3.0563     0.004338


The minimization has converged.


>>> Timing data >>>
    Minimization loop was running for 1152.215 seconds ( 0:19:12.215 h:m:s).
    Performance: 2.770 seconds/step.
    Time spent within the MD module (overhead): 35.253 seconds (3.0595 % of total time).
<<< Timing data <<<


Finished minimization loop.



>>>>>> Dump Position, Format, PDB, Stride, 0, Filename, "mm_opt.pdb", Replace

Writing a single position snapshot for region "all": Format PDB, filename "mm_opt.pdb", replace.


###############################################################
########        Finished Executing Input Script        ########
###############################################################


    3 function calls, 0 operator calls, 27 evaluated expressions.


Timings for individual modules during the MD run:

MM module                       ...     1111.843 sec (=  18.531 min) 100.0 %
Self time inside of MD module   ...       38.430 sec (=   0.641 min)   3.3 %

Sum of individual times         ...     1150.274 sec (=  19.171 min)

Total wall time of MD module    ...     1155.195 sec (=  19.253 min)
             --> "dark time"    ...        4.922 sec (=   0.082 min)   0.4 %

( The "dark time" is spent in the ORCA-internal routines for energy and gradient calculation,
  but not inside of the sub-programs which do so. It contains operating system overhead for
  spawning new processes in each MD step and some file IO time. )



    #########################################################
    ####    ORCA ab initio Molecular Dynamics leaving    ####
    ####           Martin Brehm, 2016 - 2022             ####
    ####        https://brehm-research.de/orcamd         ####
    #########################################################

