            --------------------------------------------------------
                             AMBER SQM VERSION 19
 
                                     By
              Ross C. Walker, Michael F. Crowley, Scott Brozell,
                         Tim Giese, Andreas W. Goetz,
                        Tai-Sung Lee and David A. Case
 
            --------------------------------------------------------
 

--------------------------------------------------------------------------------
  QM CALCULATION INFO
--------------------------------------------------------------------------------

| QMMM: Citation for AMBER QMMM Run:
| QMMM: R.C. Walker, M.F. Crowley and D.A. Case, J. COMP. CHEM. 29:1019, 2008

QMMM: SINGLET STATE CALCULATION
QMMM: RHF CALCULATION, NO. OF DOUBLY OCCUPIED LEVELS =100

| QMMM: *** Selected Hamiltonian *** 
| QMMM: AM1         

| QMMM: *** Parameter sets in use ***
| QMMM: S : M.J.S.DEWAR et al. INORG. CHEM., 29, 3881, (1990)
| QMMM: C : M.J.S.DEWAR et al. JACS, 107, 3902, (1985)
| QMMM: N : M.J.S.DEWAR et al. JACS, 107, 3902, (1985)
| QMMM: O : M.J.S.DEWAR et al. JACS, 107, 3902, (1985)
| QMMM: P : M.J.S.DEWAR et al. THEOCHEM, 187,1, (1989)
| QMMM: H : M.J.S.DEWAR et al. JACS, 107, 3902, (1985)

| QMMM: *** SCF convergence criteria ***
| QMMM: Energy change                :  0.1D-09 kcal/mol
| QMMM: Error matrix |FP-PF|         :  0.1D+00 au
| QMMM: Density matrix change        :  0.5D-06
| QMMM: Maximum number of SCF cycles :     1000

| QMMM: *** Diagonalization Routine Information ***
| QMMM: Pseudo diagonalizations are allowed.
| QMMM: Auto diagonalization routine selection is in use.
| QMMM:
| QMMM: Timing diagonalization routines:
| QMMM:                              norbs =      163
| QMMM:    diag iterations used for timing =        5
| QMMM:
| QMMM:              Internal diag routine = 0.033943 seconds
| QMMM:                 Dspev diag routine = 0.034715 seconds
| QMMM:                Dspevd diag routine = 0.024817 seconds
| QMMM:                Dspevx diag routine = 0.113371 seconds
| QMMM:                 Dsyev diag routine = 0.037408 seconds
| QMMM:                Dsyevd diag routine = 0.026999 seconds
| QMMM:                Dsyevr diag routine = 0.028545 seconds
| QMMM:
| QMMM:                Pseudo diag routine = 0.014960 seconds
| QMMM:
| QMMM: Using dspevd routine (diag_routine=3).

  QMMM: QM Region Cartesian Coordinates (*=link atom) 
  QMMM: QM_NO.   MM_NO.  ATOM         X         Y         Z
  QMMM:     1        1      S      -36.3230  -34.6810   24.2950
  QMMM:     2        2      C      -34.9450  -35.2240   23.4370
  QMMM:     3        3      N      -33.8270  -34.9430   24.1300
  QMMM:     4        4      C      -34.0480  -34.4030   25.4050
  QMMM:     5        5      C      -35.3790  -34.2180   25.6950
  QMMM:     6        6      C      -35.9910  -33.8260   27.0090
  QMMM:     7        7      C      -36.3560  -32.3460   27.2040
  QMMM:     8        8      O      -36.7330  -32.1670   28.5530
  QMMM:     9        9      P      -37.9460  -31.0730   28.8720
  QMMM:    10       10      P      -39.9240  -33.3160   28.4880
  QMMM:    11       11      N      -30.0550  -32.1620   23.6090
  QMMM:    12       12      O      -37.6780  -29.7330   28.2890
  QMMM:    13       13      O      -40.1100  -33.2480   30.0580
  QMMM:    14       14      C      -30.6350  -31.3410   22.7120
  QMMM:    15       15      O      -38.0710  -31.1200   30.4170
  QMMM:    16       16      O      -38.8680  -34.3750   28.0700
  QMMM:    17       17      N      -31.7610  -31.6030   22.0610
  QMMM:    18       18      O      -39.2130  -31.7800   28.1710
  QMMM:    19       19      O      -41.1470  -33.3680   27.6390
  QMMM:    20       20      C      -32.4060  -32.7850   22.2680
  QMMM:    21       21      N      -33.5310  -33.0070   21.5900
  QMMM:    22       22      C      -31.8580  -33.7270   23.2130
  QMMM:    23       23      C      -30.6860  -33.3280   23.8310
  QMMM:    24       24      C      -32.4550  -35.0660   23.5700
  QMMM:    25       25      C      -29.9750  -30.0220   22.4260
  QMMM:    26       26      C      -32.9010  -34.2010   26.3350
  QMMM:    27       27      H      -36.9120  -34.3970   27.2190
  QMMM:    28       28      H      -35.2710  -34.0890   27.8040
  QMMM:    29       29      H      -35.4920  -31.6960   26.9770
  QMMM:    30       30      H      -37.1730  -32.0700   26.5100
  QMMM:    31       31      H      -33.8450  -32.2780   20.9510
  QMMM:    32       32      H      -33.8620  -34.0170   21.4290
  QMMM:    33       33      H      -30.2180  -33.9990   24.5650
  QMMM:    34       34      H      -32.5390  -35.7470   22.7140
  QMMM:    35       35      H      -31.8220  -35.5530   24.3280
  QMMM:    36       36      H      -29.8780  -29.4340   23.3510
  QMMM:    37       37      H      -30.5490  -29.4490   21.6850
  QMMM:    38       38      H      -28.9520  -30.1750   22.0480
  QMMM:    39       39      H      -32.3260  -35.1380   26.4430
  QMMM:    40       40      H      -33.2730  -33.9010   27.3240
  QMMM:    41       41      H      -32.2110  -33.4180   25.9810
  QMMM:    42       42      C      -34.7120  -37.5460   22.4390
  QMMM:    43       43      C      -35.0050  -35.9810   22.0980
  QMMM:    44       44      O      -33.4610  -37.8290   22.5300
  QMMM:    45       45      O      -35.6570  -38.3300   22.5410
  QMMM:    46       46      O      -34.0540  -35.5080   21.2460
  QMMM:    47       47      C      -36.4000  -35.8230   21.4870
  QMMM:    48       48      C      -37.1050  -37.1680   21.3300
  QMMM:    49       49      H      -36.2900  -35.3380   20.5110
  QMMM:    50       50      H      -36.9920  -35.1680   22.1370
  QMMM:    51       51      C      -38.4600  -36.9890   20.6940
  QMMM:    52       52      H      -37.2370  -37.6350   22.3130
  QMMM:    53       53      H      -36.5130  -37.8380   20.6990
  QMMM:    54       54      O      -39.1730  -38.1370   20.6520
  QMMM:    55       55      O      -38.8870  -35.9380   20.2470

--------------------------------------------------------------------------------
  RESULTS
--------------------------------------------------------------------------------

      iter         sqm energy              rms gradient
      ----    -------------------    -----------------------
xmin    10     -279.4518 kcal/mol        1.4140 kcal/(mol*A)
xmin    20     -289.8152 kcal/mol        0.6145 kcal/(mol*A)
xmin    30     -290.5592 kcal/mol        0.2493 kcal/(mol*A)
xmin    40     -290.6078 kcal/mol        0.0427 kcal/(mol*A)
xmin    50     -290.6111 kcal/mol        0.0196 kcal/(mol*A)
xmin    60     -290.6445 kcal/mol        0.2013 kcal/(mol*A)
xmin    70     -291.8181 kcal/mol        0.7188 kcal/(mol*A)
xmin    80     -293.5910 kcal/mol        0.4107 kcal/(mol*A)
xmin    90     -294.4281 kcal/mol        0.3130 kcal/(mol*A)
xmin   100     -295.6151 kcal/mol        1.1292 kcal/(mol*A)
xmin   110     -296.3654 kcal/mol        0.2233 kcal/(mol*A)
xmin   120     -296.7152 kcal/mol        0.1509 kcal/(mol*A)
xmin   130     -296.8679 kcal/mol        0.0648 kcal/(mol*A)
xmin   140     -296.8836 kcal/mol        0.0697 kcal/(mol*A)
xmin   150     -296.8916 kcal/mol        0.0088 kcal/(mol*A)
xmin   160     -296.8919 kcal/mol        0.0018 kcal/(mol*A)
xmin   170     -296.8920 kcal/mol        0.0011 kcal/(mol*A)
  ... geometry converged !
 
 Final MO eigenvalues (eV):
 -31.7744  -29.8775  -29.2705  -26.9967  -26.7650  -26.1980  -25.3982  -24.5212
 -24.0406  -23.8812  -22.9482  -22.6597  -21.8129  -20.7972  -20.6961  -20.0977
 -19.4182  -19.1139  -18.9912  -18.1989  -18.0122  -17.4728  -17.4651  -15.7384
 -14.5442  -13.7417  -13.2905  -12.6165  -11.7324  -10.4075  -10.0508   -9.4000
  -8.9024   -8.5692   -8.0692   -7.4590   -7.2368   -6.7625   -6.3873   -6.2650
  -6.2094   -5.9198   -5.3199   -5.1127   -5.0143   -4.9178   -4.8751   -4.7098
  -4.6813   -4.5540   -4.3928   -4.2831   -4.1932   -4.1119   -3.8963   -3.8017
  -3.6573   -3.4628   -3.2780   -3.0545   -3.0062   -2.7441   -2.4594   -2.3413
  -2.1771   -2.0218   -1.8673   -1.3998   -1.2849   -1.1548   -0.9803   -0.7623
  -0.6876   -0.6514   -0.4788   -0.1458   -0.1191    0.2807    0.3271    0.5462
   0.8940    0.9271    0.9576    1.1178    1.1530    1.4726    1.5979    1.8985
   2.0529    2.4467    2.5387    2.7521    3.0948    3.1820    3.6537    4.4259
   4.4367    4.4882    4.5771    4.5793    8.8417    9.4481    9.9387   10.0184
  10.1659   10.8527   10.9932   12.4381   12.4721   12.5227   12.6813   12.7781
  13.0433   13.0822   13.2653   13.3042   13.4197   13.5584   13.5976   13.7111
  13.7645   13.8165   13.9245   13.9348   14.1429   14.2180   14.2855   14.3358
  14.3982   14.5014   14.6635   14.7479   14.7908   14.8570   14.8861   15.0410
  15.1159   15.2085   15.2346   15.3231   15.5113   15.5875   15.6093   15.6206
  16.0762   16.0935   16.2985   16.3374   16.4759   17.0400   17.3770   17.7561
  17.8541   18.5533   18.8454   19.1798   19.2965   20.2010   21.1128   22.0800
  22.6042   23.4978   23.5100

 Heat of formation   =       -296.89198663 kcal/mol  (      -12.87420262 eV)

 Total SCF energy    =    -174240.48052054 kcal/mol  (    -7555.63421016 eV)
 Electronic energy   =   -1353896.46732946 kcal/mol  (   -58709.35637351 eV)
 Core-core repulsion =    1179655.98680892 kcal/mol  (    51153.72216335 eV)
 
    Atomic Charges for Step       1 :
  Atom    Element       Mulliken Charge
     1      S                  0.656
     2      C                 -0.235
     3      N                 -0.002
     4      C                 -0.058
     5      C                 -0.328
     6      C                 -0.174
     7      C                  0.101
     8      O                 -0.729
     9      P                  2.684
    10      P                  2.659
    11      N                 -0.365
    12      O                 -1.246
    13      O                 -1.283
    14      C                  0.046
    15      O                 -1.245
    16      O                 -1.283
    17      N                 -0.353
    18      O                 -1.274
    19      O                 -1.288
    20      C                  0.129
    21      N                 -0.383
    22      C                 -0.309
    23      C                 -0.004
    24      C                  0.034
    25      C                 -0.140
    26      C                 -0.164
    27      H                  0.118
    28      H                  0.114
    29      H                  0.007
    30      H                  0.073
    31      H                  0.099
    32      H                  0.204
    33      H                  0.110
    34      H                  0.186
    35      H                  0.085
    36      H                  0.064
    37      H                  0.060
    38      H                  0.049
    39      H                  0.069
    40      H                  0.140
    41      H                  0.110
    42      C                  0.356
    43      C                  0.040
    44      O                 -0.558
    45      O                 -0.547
    46      O                 -0.292
    47      C                 -0.156
    48      C                 -0.200
    49      H                  0.088
    50      H                  0.093
    51      C                  0.322
    52      H                  0.091
    53      H                  0.072
    54      O                 -0.638
    55      O                 -0.600
 Total Mulliken Charge =      -5.000
 
                  X        Y        Z     TOTAL  
  QM DIPOLE   887.577  804.354 -630.185 1353.481
 
 Final Structure

  QMMM: QM Region Cartesian Coordinates (*=link atom) 
  QMMM: QM_NO.   MM_NO.  ATOM         X         Y         Z
  QMMM:     1        1      S      -36.7584  -35.1532   23.8361
  QMMM:     2        2      C      -35.2516  -35.3805   23.1009
  QMMM:     3        3      N      -34.2392  -34.8320   23.8267
  QMMM:     4        4      C      -34.7159  -34.2565   25.0263
  QMMM:     5        5      C      -36.0922  -34.3820   25.1826
  QMMM:     6        6      C      -36.8814  -34.0515   26.3821
  QMMM:     7        7      C      -36.9960  -32.5510   26.7575
  QMMM:     8        8      O      -37.1445  -32.4111   28.1147
  QMMM:     9        9      P      -38.7097  -31.8858   28.6239
  QMMM:    10       10      P      -38.6295  -31.3049   31.9079
  QMMM:    11       11      N      -29.9312  -32.6881   24.2607
  QMMM:    12       12      O      -39.5224  -33.0696   28.2215
  QMMM:    13       13      O      -37.6307  -30.1995   32.1225
  QMMM:    14       14      C      -30.1603  -31.7502   23.2720
  QMMM:    15       15      O      -38.8781  -30.6525   27.8028
  QMMM:    16       16      O      -38.2559  -32.6018   32.5741
  QMMM:    17       17      N      -31.1814  -31.7017   22.4111
  QMMM:    18       18      O      -38.5696  -31.6505   30.1589
  QMMM:    19       19      O      -40.0604  -30.8892   32.1320
  QMMM:    20       20      C      -32.1809  -32.7162   22.4946
  QMMM:    21       21      N      -33.2475  -32.7411   21.7295
  QMMM:    22       22      C      -31.9715  -33.7727   23.5011
  QMMM:    23       23      C      -30.8668  -33.6651   24.3314
  QMMM:    24       24      C      -32.8141  -34.9935   23.5376
  QMMM:    25       25      C      -29.1188  -30.6506   23.1741
  QMMM:    26       26      C      -33.8167  -33.6051   26.0038
  QMMM:    27       27      H      -37.9278  -34.4490   26.2802
  QMMM:    28       28      H      -36.4169  -34.5726   27.2660
  QMMM:    29       29      H      -36.0431  -32.0408   26.4279
  QMMM:    30       30      H      -37.8648  -32.0971   26.2041
  QMMM:    31       31      H      -33.3078  -31.9823   21.0837
  QMMM:    32       32      H      -34.4243  -34.8498   20.6875
  QMMM:    33       33      H      -30.6857  -34.4213   25.1179
  QMMM:    34       34      H      -32.7340  -35.5360   22.5426
  QMMM:    35       35      H      -32.4293  -35.6969   24.3374
  QMMM:    36       36      H      -29.1268  -30.0499   24.1156
  QMMM:    37       37      H      -29.3214  -29.9683   22.3143
  QMMM:    38       38      H      -28.1039  -31.0975   23.0420
  QMMM:    39       39      H      -32.9406  -34.2594   26.2406
  QMMM:    40       40      H      -34.3899  -33.3875   26.9432
  QMMM:    41       41      H      -33.4307  -32.6420   25.5826
  QMMM:    42       42      C      -34.5709  -37.6456   22.3474
  QMMM:    43       43      C      -35.1026  -36.2315   21.8519
  QMMM:    44       44      O      -33.3306  -37.7698   22.5241
  QMMM:    45       45      O      -35.4228  -38.5429   22.5710
  QMMM:    46       46      O      -34.1137  -35.7165   20.9828
  QMMM:    47       47      C      -36.4516  -36.3330   21.1206
  QMMM:    48       48      C      -36.3304  -37.1038   19.8233
  QMMM:    49       49      H      -36.8431  -35.3052   20.8979
  QMMM:    50       50      H      -37.1792  -36.8543   21.7965
  QMMM:    51       51      C      -37.4819  -36.9013   18.8373
  QMMM:    52       52      H      -36.2372  -38.1958   20.0565
  QMMM:    53       53      H      -35.3915  -36.7925   19.2932
  QMMM:    54       54      O      -37.6514  -37.7863   17.9360
  QMMM:    55       55      O      -38.2125  -35.8670   18.8891

           --------- Calculation Completed ----------

