
Will write log file to "mm_opt.md.log".

Command line:  /software/orca/5.0.4/orca_5_0_4_linux_x86-64_openmpi411/orca_md mm_opt orca


    ################################################################
    ########    ORCA ab initio Molecular Dynamics Module    ########
    ########          and SANscript Interpreter             ########
    ########          Martin Brehm, 2016 - 2022             ########
    ########       https://brehm-research.de/orcamd         ########
    ################################################################


  * Compiled as ORCA module.
  * Called from ORCA.
  * Base name: "mm_opt"
  * Source code version: Jan 31 2022
  * Compiled at Mar  1 2023 11:25:12, compiler "Clang 12.0.0 (/home/frankw/CompEnv/src/llvm1200/llvm-project/clang d28af7c654d8db0b68c175db5ce212d74fb5e9bc)", LLVM, CLANG 12.0.0, Linux
  * Machine: x86_64, int=4b, long=8b, addr=8b, 0xA0B0C0D0=D0,C0,B0,A0.
  * Executable name: "/software/orca/5.0.4/orca_5_0_4_linux_x86-64_openmpi411/orca_md"
  * Running on qnode0294 at Wed Jul 24 13:16:23 2024 (PID 100519)
  * Running in /projects/b1039/wxk6447/INI-STRUCT-6/Out/5

Initializing SAN engine...

Started parsing input script.
Reading input file "mm_opt.mdinput" ...
204 Bytes read.
Tokenizing input...
Found 26 tokens in file.
Handling brackets...
Handling reference parentheses...
Handling keywords...
Handling operators...
Grouping commas...
Removing commas...
Handling variables...
Found unit "Bohr", converting 0.300000 Bohr to 0.158753 Angstrom...
Handling functions, iteration 1...
Handling functions, iteration 2...
Flattening tree...
Checking keyword syntax...
Finished parsing input script.

Initializing MD engine with interface "ORCA" ...


>>>>>>>>>>>>>>>>>>>>>>>>>>>>>>>>>>>>>>>>>>>>>>>>>>>>
>>>   Output of System Information (from ORCA)   >>>
>>>>>>>>>>>>>>>>>>>>>>>>>>>>>>>>>>>>>>>>>>>>>>>>>>>>


############################################
   Total Atom Count:           18666
   Total System Mass:       131425.1 a.m.u.
   Total Basis Dimension:          0
   Total Electron Number:          0
   Total Charge:                  -9
   Total Multiplicity:             1
  ------------------------------------------
   ReducePrint:                 true
   Print Mulliken Pop:             1
   Print Loewdin Pop:              1
   Print Mayer Pop:                1
   Print Orbital Energies:         1
############################################

<<<<<<<<<<<<<<<<<<<<<<<<<<<<<<<<<<<<<<<<<<<<<<<<<<<<
<<<          End of System Information           <<<
<<<<<<<<<<<<<<<<<<<<<<<<<<<<<<<<<<<<<<<<<<<<<<<<<<<<

Initializing regions...
  Found "mm_opt-active_atoms.tmp" file, reading active region data...
  Found "mm_opt-qm_atoms.tmp" file, reading QM region data...

Defined regions:
         all: 18666 atoms
          mm: 18666 atoms
      active:   367 atoms
    inactive: 18299 atoms


######################################################
########        Executing Input Script        ########
######################################################

Execution verbose level is 2.



>>>>>> Dump Position, Stride, 1, Filename, "mm_opt_trj.dcd", Replace

Modified writing position trajectory for region "all": Format DCD, stride 1, filename "mm_opt_trj.dcd", replace.


>>>>>> Minimize LBFGS, StepLimit, 0.30, MaxGrad, 4.9615, RMSGrad, 0.9923, Steps, 1000

Starting minimization loop with L-BFGS method:
    Max. Steps:             1000
    L-BFGS History:         20
    RMS(Grad) Convergence:  0.9923 kJ/mol/Angstrom
    Max(Grad) Convergence:  4.9615 kJ/mol/Angstrom
    Step Limit:             0.159 Angstrom
    Random Displacement:    disabled


Dump: Will write Position data of region "all" in DCD format with stride 1 to "mm_opt_trj.dcd" (replace).

Defined regions:
         all: 18666 atoms
          mm: 18666 atoms
      active:   367 atoms
    inactive: 18299 atoms

Will write restart file to "mm_opt.mdrestart" after each step.
Will write energy statistics to "mm_opt-minimize-ener.csv" after each step.


The system contains 1101 active degrees of freedom (367 active atoms * 3).

This is a 1101-dimensional optimization problem.

Allocating 495.26 KiB of memory for L-BFGS working space...



            |  t_SCF | t_Grad |     Temp |           E_Pot |      Delta E |    RMS(Grad) |    Max(Grad) |  Max(Step)
       Step |    [s] |    [s] |      [K] |       [Hartree] |    [Hartree] | [kJ/(mol*A)] | [kJ/(mol*A)] | [Angstrom]
------------|--------|--------|----------|-----------------|--------------|--------------|--------------|--------------
          1      2.6      0.0                 -25.51041343                                                          
          2      2.4      0.0                 -25.52710241    -0.01668898       172.6389       941.3078     0.003758
          3      2.5      0.0                 -25.84114391    -0.31404150        53.7064       314.1942     0.107312
          4      2.5      0.0                 -25.84632790    -0.00518399        61.9141       364.8963     0.016027
          5      2.4      0.1                 -25.89498194    -0.04865404        40.4729       196.2241     0.052949
          6      2.5      0.0                 -25.92167055    -0.02668861        52.0960       284.2749     0.082943
          7      2.5      0.0                 -25.96476836    -0.04309782        34.6381       183.7505     0.055538
          8      2.4      0.0                 -25.97901923    -0.01425087        47.8561       253.1276     0.057029
          9      2.4      0.1                 -26.01197348    -0.03295424        33.7167       168.2223     0.059057
         10      2.5      0.0                 -26.01636697    -0.00439349        44.2453       252.0141     0.031304
         11      2.5      0.0                 -26.04031044    -0.02394347        26.9241       149.7068     0.045157
         12      2.5      0.0                 -26.04454204    -0.00423159        33.7640       243.9762     0.028610
         13      2.5      0.1                 -26.05874369    -0.01420166        23.2335        89.5368     0.036127
         14      2.5      0.0                 -26.06092586    -0.00218217        30.9242       240.5635     0.020791
         15      2.5      0.0                 -26.07265349    -0.01172763        21.7947        86.1591     0.028531
         16      2.5      0.0                 -26.07784729    -0.00519379        30.1202       220.3341     0.035539
         17      2.5      0.0                 -26.08975149    -0.01190420        20.6545        75.5211     0.031540
         18      2.5      0.1                 -26.09270968    -0.00295819        28.3283       141.0985     0.025599
         19      2.5      0.0                 -26.10316338    -0.01045370        18.9576        92.9721     0.032612
         20      2.5      0.0                 -26.10644378    -0.00328041        25.2440        97.7434     0.031276
         21      2.5      0.0                 -26.11558519    -0.00914140        17.7634        64.1213     0.034224
         22      2.5      0.1                 -26.11872493    -0.00313974        25.0748       135.4070     0.035115
         23      2.5      0.0                 -26.12749631    -0.00877139        16.5063        69.4794     0.042339
         24      2.6      0.0                 -26.12939083    -0.00189452        21.7151        99.5816     0.030943
         25      2.5      0.0                 -26.13601459    -0.00662376        14.6170        54.2278     0.033529
         26      2.4      0.1                 -26.13727800    -0.00126341        19.4665        82.7757     0.022596
         27      2.5      0.0                 -26.14190661    -0.00462861        16.3515       103.2086     0.051971
         28      2.5      0.0                 -26.14197408    -0.00006747        17.7732       130.9724     0.007609
         29      2.5      0.0                 -26.14679970    -0.00482562        17.5538        66.9700     0.025591
         30      2.5      0.0                 -26.15193191    -0.00513221        13.3627        59.2934     0.039589
         31      2.5      0.1                 -26.15354652    -0.00161462        19.6236        81.0880     0.039852
         32      2.5      0.0                 -26.15911877    -0.00557225        13.1797        52.7150     0.025909
         33      2.5      0.0                 -26.15988219    -0.00076342        16.9115        82.7449     0.013825
         34      2.5      0.0                 -26.16417901    -0.00429682        11.6946        45.1834     0.036206
         35      2.5      0.0                 -26.16532329    -0.00114428        16.2632        69.8499     0.031039
         36      2.4      0.0                 -26.16937233    -0.00404904        12.0526        45.0807     0.025018
         37      2.5      0.0                 -26.17106157    -0.00168924        17.6742        95.2374     0.029743
         38      2.4      0.0                 -26.17532104    -0.00425948        12.5084        48.9362     0.049937
         39      2.5      0.1                 -26.17579478    -0.00047373        15.7986        67.8176     0.023819
         40      2.5      0.0                 -26.17927144    -0.00347666        12.3625        49.4991     0.026672
         41      2.5      0.0                 -26.17957432    -0.00030288        14.7380        83.1669     0.010612
         42      2.5      0.0                 -26.18329306    -0.00371873        14.2628        57.2273     0.072494
         43      2.5      0.0                 -26.18337676    -0.00008371        16.2158        74.4757     0.013840
         44      2.4      0.1                 -26.18762800    -0.00425124        11.3449        44.8150     0.031828
         45      2.4      0.0                 -26.18847882    -0.00085081        14.7814        67.8113     0.022054
         46      2.4      0.0                 -26.19193538    -0.00345657        11.3998        38.3805     0.040632
         47      2.4      0.0                 -26.19244718    -0.00051179        15.4871        69.4720     0.022976
         48      2.5      0.0                 -26.19590112    -0.00345394        11.2271        41.3028     0.025311
         49      2.5      0.0                 -26.19780804    -0.00190692        15.7849        64.2889     0.037979
         50      2.5      0.0                 -26.20103730    -0.00322926        14.3010       109.7926     0.068087
         51      2.5      0.0                 -26.20327462    -0.00223732        15.7549        87.2483     0.028298
         52      2.5      0.0                 -26.20337014    -0.00009552        13.7320        68.4778     0.004773
         53      2.5      0.0                 -26.20651164    -0.00314150        11.6926        57.6783     0.061092
         54      2.5      0.0                 -26.20683012    -0.00031848        15.4500        83.7613     0.030093
         55      2.5      0.0                 -26.21019953    -0.00336941        10.8813        61.0541     0.034235
         56      2.5      0.0                 -26.21154188    -0.00134235        14.8240        59.7762     0.039589
         57      2.5      0.1                 -26.21494685    -0.00340497        11.6206        76.7824     0.072208
         58      2.5      0.0                 -26.21532889    -0.00038204        15.4366        96.6433     0.037129
         59      2.4      0.0                 -26.21846029    -0.00313140        11.7046        59.2815     0.033644
         60      2.5      0.0                 -26.21871572    -0.00025543        14.0640        65.2115     0.012864
         61      2.5      0.1                 -26.22164668    -0.00293096        14.1142        88.6118     0.114832
         62      2.5      0.0                 -26.22551498    -0.00386830        13.5631        86.4380     0.061532
         63      2.5      0.0                 -26.22574801    -0.00023303        16.8759       132.4978     0.019661
         64      2.5      0.0                 -26.22923081    -0.00348280        12.0792        73.6729     0.087193
         65      2.4      5.9                 -26.22946397    -0.00023316        14.4900       108.0951     0.032683
         66      3.0      0.0                 -26.23204492    -0.00258094        11.7194        65.8390     0.032681
         67      2.7      0.0                 -26.23458606    -0.00254114        11.8056        71.5420     0.108392
         68      2.8      0.0                 -26.23676939    -0.00218333         9.2204        40.1561     0.039247
         69      2.9      0.0                 -26.23693779    -0.00016840        11.6510        64.6278     0.014425
         70      2.8      0.1                 -26.23865950    -0.00172171         7.5568        27.5688     0.027231
         71      2.8      0.0                 -26.23910769    -0.00044818        10.0913        58.7684     0.022771
         72      2.7      0.0                 -26.24047091    -0.00136322         6.7933        22.4818     0.030433
         73      2.8      0.0                 -26.24093966    -0.00046875         8.8316        34.5334     0.031651
         74      2.7      0.0                 -26.24205356    -0.00111390         6.1232        33.3633     0.008979
         75      2.7      0.0                 -26.24214045    -0.00008688         7.1102        50.3876     0.003306
         76      2.7      0.0                 -26.24302482    -0.00088437         7.0359        45.6640     0.060704
         77      2.7      0.0                 -26.24403713    -0.00101231         6.0459        21.3150     0.017169
         78      2.7      0.0                 -26.24411600    -0.00007887         7.5471        31.3992     0.006320
         79      2.7      0.0                 -26.24508920    -0.00097320         5.3251        17.2557     0.029861
         80      2.7      0.0                 -26.24528896    -0.00019976         7.2692        28.8573     0.021246
         81      2.7      0.0                 -26.24607539    -0.00078644         5.0737        16.6243     0.020807
         82      2.8      0.0                 -26.24621045    -0.00013505         6.8143        28.0129     0.012918
         83      2.8      0.1                 -26.24686334    -0.00065290         4.8612        17.9539     0.020558
         84      2.8      0.0                 -26.24708464    -0.00022130         6.6499        31.0010     0.020914
         85      2.7      0.0                 -26.24776887    -0.00068423         4.7239        18.4175     0.023982
         86      3.0      0.0                 -26.24799940    -0.00023052         6.8338        26.4946     0.024205
         87      2.8      0.1                 -26.24867774    -0.00067835         4.9166        19.2110     0.028530
         88      2.7      0.0                 -26.24890645    -0.00022870         6.8767        30.6597     0.028986
         89      2.7      0.0                 -26.24964095    -0.00073450         4.9011        18.5813     0.018021
         90      2.8      0.0                 -26.24984241    -0.00020146         6.4848        26.9743     0.015596
         91      2.7      0.1                 -26.25051558    -0.00067318         5.0533        24.2456     0.041686
         92      2.7      0.0                 -26.25055322    -0.00003764         6.0268        33.6339     0.012799
         93      2.7      0.0                 -26.25114585    -0.00059263         4.7829        18.5584     0.013193
         94      2.7      0.0                 -26.25121946    -0.00007361         6.1838        33.5732     0.006576
         95      2.8      0.0                 -26.25178416    -0.00056469         4.5400        20.2240     0.032880
         96      2.7      0.1                 -26.25185562    -0.00007147         5.5706        26.6473     0.016872
         97      2.9      0.0                 -26.25236876    -0.00051313         4.3228        19.7526     0.015884
         98      2.7      0.0                 -26.25241883    -0.00005007         5.4705        26.2028     0.006765
         99      2.7      0.0                 -26.25287113    -0.00045231         3.8306        17.3415     0.016307
        100      2.8      0.0                 -26.25301232    -0.00014119         5.2101        18.0506     0.015565
        101      2.7      0.0                 -26.25343060    -0.00041827         3.7431        13.0002     0.011072
        102      2.8      0.0                 -26.25352328    -0.00009268         5.2018        22.6273     0.008225
        103      2.8      0.0                 -26.25390249    -0.00037922         3.4546        12.5326     0.012959
        104      2.8      0.0                 -26.25400051    -0.00009801         4.5937        16.8254     0.010758
        105      2.8      0.0                 -26.25431286    -0.00031235         3.1616        11.4731     0.008370
        106      2.7      0.0                 -26.25439914    -0.00008628         4.3492        16.5920     0.007291
        107      2.8      0.0                 -26.25468574    -0.00028660         3.0976         9.6874     0.007484
        108      2.7      0.0                 -26.25478043    -0.00009469         4.2719        15.9415     0.007435
        109      2.7      0.0                 -26.25506897    -0.00028853         2.9064         9.1032     0.011507
        110      2.7      0.0                 -26.25513752    -0.00006856         3.9007        16.5032     0.008991
        111      2.9      0.0                 -26.25536386    -0.00022634         2.6837        11.3293     0.007481
        112      2.8      0.0                 -26.25539829    -0.00003443         3.5761        16.2427     0.004270
        113      2.7      0.1                 -26.25558458    -0.00018629         2.6124         9.0150     0.005734
        114      2.8      0.0                 -26.25566877    -0.00008419         3.8125        14.8140     0.007240
        115      2.9      0.0                 -26.25588229    -0.00021352         2.6094         8.6979     0.007395
        116      2.7      0.0                 -26.25595062    -0.00006833         3.5430        20.9969     0.007174
        117      2.8      0.1                 -26.25612517    -0.00017455         2.5853        10.3809     0.007599
        118      2.8      0.0                 -26.25614634    -0.00002117         3.4395        25.5032     0.003725
        119      2.8      0.0                 -26.25629419    -0.00014785         2.4347         7.6517     0.006307
        120      2.7      0.0                 -26.25635937    -0.00006518         3.3936        22.5087     0.007812
        121      2.8      0.0                 -26.25651742    -0.00015805         2.3615         6.4270     0.008313
        122      2.8      0.0                 -26.25657013    -0.00005271         3.2812        17.1561     0.008325
        123      2.7      0.0                 -26.25672495    -0.00015482         2.3482         7.1734     0.007721
        124      2.8      0.0                 -26.25678133    -0.00005638         3.3571        14.6225     0.008265
        125      2.7      0.0                 -26.25694427    -0.00016294         2.3552         7.3835     0.010035
        126      2.8      0.1                 -26.25699729    -0.00005302         3.3016        13.2914     0.009867
        127      2.8      0.0                 -26.25715236    -0.00015507         2.2649         8.2960     0.009096
        128      2.8      0.0                 -26.25719292    -0.00004056         3.1113        11.7919     0.007606
        129      2.8      0.0                 -26.25733734    -0.00014443         2.3044         8.0736     0.007375
        130      2.8      0.1                 -26.25740250    -0.00006516         3.4037        15.3930     0.009317
        131      2.8      0.0                 -26.25757736    -0.00017485         2.3934         8.3846     0.011342
        132      2.7      0.0                 -26.25764010    -0.00006275         3.3825        13.4183     0.012011
        133      2.7      0.0                 -26.25781673    -0.00017663         2.3606         7.6585     0.013242
        134      3.0      0.0                 -26.25787512    -0.00005839         3.3034        13.4493     0.013166
        135      2.8      0.0                 -26.25805053    -0.00017540         2.4790        10.0087     0.013189
        136      2.7      0.0                 -26.25811811    -0.00006758         3.7080        16.2376     0.014774
        137      2.7      0.0                 -26.25831541    -0.00019730         2.5419         7.9532     0.014436
        138      2.7      0.0                 -26.25836544    -0.00005003         3.5076        15.6459     0.011859
        139      2.7      0.1                 -26.25854094    -0.00017550         2.5351         9.3974     0.018007
        140      2.7      0.0                 -26.25859326    -0.00005232         3.5779        21.4898     0.016996
        141      2.7      0.0                 -26.25877775    -0.00018449         2.6032        10.5836     0.007600
        142      2.8      0.0                 -26.25882041    -0.00004266         3.4730        20.6951     0.005829
        143      2.9      0.1                 -26.25900576    -0.00018535         2.6407         9.3180     0.024049
        144      2.8      0.0                 -26.25903197    -0.00002621         3.5368        20.3468     0.013657
        145      2.8      0.0                 -26.25920957    -0.00017760         2.5593         9.0604     0.008503
        146      2.7      0.0                 -26.25925513    -0.00004556         3.4605        14.2109     0.007026
        147      2.8      0.1                 -26.25943354    -0.00017841         2.4654         9.1697     0.022985
        148      2.8      0.0                 -26.25946527    -0.00003173         3.3523        15.8883     0.015028
        149      2.8      0.0                 -26.25963175    -0.00016647         2.4538         9.9862     0.011694
        150      2.8      0.0                 -26.25972135    -0.00008960         3.5576        12.7620     0.017035
        151      2.8      0.0                 -26.25992859    -0.00020724         2.5962        10.4779     0.026376
        152      2.8      0.1                 -26.25998673    -0.00005814         3.7458        20.6687     0.024198
        153      2.7      0.0                 -26.26018963    -0.00020289         2.7543        13.4325     0.009186
        154      2.7      0.0                 -26.26021965    -0.00003002         3.6065        21.3004     0.005159
        155      2.9      0.0                 -26.26042444    -0.00020479         3.0679        15.6279     0.038285
        156      2.8      0.0                 -26.26045232    -0.00002788         4.1828        36.9807     0.023881
        157      2.8      0.0                 -26.26067790    -0.00022558         3.3141        12.8721     0.014221
        158      2.7      0.0                 -26.26068147    -0.00000357         3.6169        16.7995     0.002029
        159      2.7      0.0                 -26.26091031    -0.00022884         2.8337        10.9712     0.036067
        160      2.8      0.1                 -26.26096050    -0.00005019         4.1919        25.3688     0.029402
        161      2.8      0.0                 -26.26119799    -0.00023750         2.9564        13.7583     0.011120
        162      2.7      0.0                 -26.26127408    -0.00007609         4.0292        17.8391     0.010830
        163      2.7      0.0                 -26.26153343    -0.00025935         3.1677        17.7201     0.040463
        164      2.7      0.0                 -26.26158275    -0.00004932         4.5605        36.2795     0.030260
        165      2.7      0.1                 -26.26181626    -0.00023351         3.3147        16.0275     0.009573
        166      2.7      0.0                 -26.26182744    -0.00001118         3.7909        27.1658     0.002604
        167      2.7      0.0                 -26.26208201    -0.00025457         3.7390        21.1584     0.055661
        168      2.8      0.0                 -26.26208786    -0.00000586         4.4176        32.1763     0.011782
        169      2.7      0.0                 -26.26232590    -0.00023803         3.0973        13.9839     0.012686
        170      2.7      0.0                 -26.26237552    -0.00004962         3.9791        24.3516     0.009041
        171      2.8      0.0                 -26.26260216    -0.00022664         3.1785        13.7328     0.033250
        172      2.7      0.0                 -26.26265703    -0.00005487         4.5987        28.9206     0.028058
        173      2.7      0.1                 -26.26290233    -0.00024530         2.9918        12.5376     0.005321
        174      2.7      0.0                 -26.26294711    -0.00004478         3.7229        23.4362     0.003445
        175      2.7      0.0                 -26.26316506    -0.00021795         3.3374        18.5392     0.049259
        176      2.7      0.0                 -26.26317804    -0.00001297         4.1978        35.8644     0.018438
        177      2.8      0.0                 -26.26339034    -0.00021230         3.3017        18.9795     0.005613
        178      2.8      0.1                 -26.26339427    -0.00000393         3.6652        24.6126     0.000875
        179      2.8      0.0                 -26.26358927    -0.00019501         2.6441        12.1630     0.027336
        180      2.7      0.0                 -26.26365232    -0.00006304         3.7453        15.4619     0.027823
        181      2.8      0.0                 -26.26384575    -0.00019343         2.5025        10.6270     0.011996
        182      2.7      0.1                 -26.26389757    -0.00005182         3.3858        14.1814     0.010218
        183      2.7      0.0                 -26.26406994    -0.00017237         2.3895        10.4900     0.016997
        184      2.7      0.0                 -26.26414133    -0.00007139         3.3705        14.1057     0.020179
        185      2.9      0.0                 -26.26430082    -0.00015948         2.3628         7.3629     0.016741
        186      2.7      0.1                 -26.26432030    -0.00001948         3.1108        14.3460     0.008244
        187      2.7      0.0                 -26.26445199    -0.00013169         2.2372         8.4384     0.008977
        188      2.7      0.0                 -26.26451762    -0.00006564         3.1513        13.7018     0.012237
        189      2.7      0.0                 -26.26465647    -0.00013884         2.1192         8.1177     0.027812
        190      2.9      0.0                 -26.26467620    -0.00001974         2.6563        17.2447     0.015772
        191      2.7      0.1                 -26.26476955    -0.00009335         3.1137        30.8515     0.016000
        192      2.8      0.0                 -26.26477094    -0.00000139         2.8330        25.9568     0.001748
        193      2.8      0.0                 -26.26488076    -0.00010982         2.1547        10.7593     0.019036
        194      2.8      0.0                 -26.26489960    -0.00001884         2.7687        13.7556     0.012001
        195      2.7      0.1                 -26.26501538    -0.00011578         1.9397         7.0856     0.006957
        196      2.7      0.0                 -26.26505400    -0.00003862         2.7176        11.0307     0.006958
        197      2.8      0.0                 -26.26516642    -0.00011242         1.9367         6.0803     0.008641
        198      2.8      0.0                 -26.26520272    -0.00003630         2.7425        11.1852     0.008442
        199      2.9      0.1                 -26.26531639    -0.00011367         1.9423         6.0802     0.008396
        200      2.7      0.0                 -26.26535597    -0.00003958         2.7497         9.9866     0.008677
        201      2.8      0.0                 -26.26546508    -0.00010911         1.8873         7.9780     0.010319
        202      2.7      0.0                 -26.26548755    -0.00002247         2.5497        10.0973     0.007269
        203      2.8      0.0                 -26.26558109    -0.00009353         1.7695         5.6452     0.006530
        204      2.7      0.1                 -26.26561620    -0.00003511         2.4114         7.2345     0.007146
        205      2.7      0.0                 -26.26570403    -0.00008784         1.6553         6.0548     0.006515
        206      2.8      0.0                 -26.26572619    -0.00002216         2.2701        11.4194     0.005308
        207      2.7      0.0                 -26.26580404    -0.00007784         1.6206         5.4103     0.006153
        208      2.7      0.1                 -26.26583171    -0.00002767         2.3176         8.1041     0.006459
        209      2.8      0.0                 -26.26591396    -0.00008226         1.6081         5.2583     0.007451
        210      2.7      0.0                 -26.26594559    -0.00003163         2.1993         9.2611     0.008305
        211      2.8      0.0                 -26.26601839    -0.00007279         1.5723         5.0968     0.007781
        212      2.8      0.0                 -26.26602803    -0.00000965         2.0989        10.1512     0.004046
        213      2.7      0.0                 -26.26608894    -0.00006090         1.4903         4.9823     0.006165
        214      2.8      0.0                 -26.26611495    -0.00002601         2.0990         9.3790     0.007450
        215      2.8      0.0                 -26.26618137    -0.00006642         1.4506         4.4924     0.007200
        216      2.8      0.0                 -26.26620725    -0.00002588         1.9803         7.9568     0.008106
        217      2.8      0.1                 -26.26626882    -0.00006156         1.3860         4.0524     0.007746
        218      2.7      0.0                 -26.26628202    -0.00001320         1.9090         7.9797     0.005614
        219      2.7      0.0                 -26.26633634    -0.00005432         1.3656         3.9238     0.007027
        220      2.7      0.0                 -26.26635523    -0.00001889         1.9445         6.6362     0.007256
        221      2.7      0.0                 -26.26641168    -0.00005645         1.3937         4.8718     0.007299
        222      2.7      0.0                 -26.26643061    -0.00001893         2.0007         7.3504     0.007328
        223      2.9      0.0                 -26.26648864    -0.00005803         1.3974         4.8643     0.007665
        224      2.7      0.0                 -26.26650778    -0.00001914         1.9474        10.8867     0.007612
        225      2.7      0.1                 -26.26656161    -0.00005383         1.3831         3.7570     0.007773
        226      2.7      0.0                 -26.26657360    -0.00001199         1.9329        12.8334     0.005788
        227      2.8      0.0                 -26.26662178    -0.00004817         1.2794         4.1201     0.006693
        228      2.8      0.0                 -26.26663635    -0.00001457         1.6872        12.4563     0.006230
        229      2.9      0.0                 -26.26667443    -0.00003808         1.2047         3.8718     0.005359
        230      2.8      0.1                 -26.26668163    -0.00000720         1.6617        11.8979     0.003553
        231      2.7      0.0                 -26.26671636    -0.00003473         1.1859         3.6197     0.004653
        232      2.8      0.0                 -26.26673189    -0.00001553         1.6755         8.6305     0.005823
        233      2.7      0.0                 -26.26677150    -0.00003961         1.2151         4.1957     0.005244
        234      2.8      0.1                 -26.26678994    -0.00001844         1.7484         6.9846     0.006775
        235      2.7      0.0                 -26.26683460    -0.00004466         1.2407         5.3060     0.006140
        236      2.7      0.0                 -26.26684729    -0.00001269         1.7537         8.1301     0.005452
        237      2.8      0.0                 -26.26689226    -0.00004497         1.2635         5.8687     0.006834
        238      2.8      0.1                 -26.26691240    -0.00002014         1.8033         9.3261     0.008581
        239      2.8      0.0                 -26.26696159    -0.00004919         1.2576         4.3838     0.006993
        240      2.7      0.0                 -26.26697488    -0.00001329         1.7471         9.0262     0.005980
        241      2.8      0.0                 -26.26701897    -0.00004409         1.2309         3.5061     0.007466
        242      2.9      0.1                 -26.26702982    -0.00001085         1.7098        11.1794     0.005990
        243      2.7      0.0                 -26.26707108    -0.00004126         1.2160         5.0384     0.004772
        244      2.8      0.0                 -26.26708531    -0.00001423         1.7001         9.3372     0.004892
        245      2.7      0.0                 -26.26712971    -0.00004440         1.2360         4.0013     0.007880
        246      2.9      0.0                 -26.26714786    -0.00001814         1.7617         7.7954     0.009251
        247      2.8      0.1                 -26.26719520    -0.00004734         1.2286         3.7779     0.006552
        248      2.7      0.0                 -26.26720486    -0.00000966         1.6806         7.4431     0.004584
        249      2.8      0.0                 -26.26724555    -0.00004069         1.1806         3.5723     0.006956
        250      2.8      0.0                 -26.26725808    -0.00001253         1.6573         6.5591     0.006561
        251      2.7      0.1                 -26.26729936    -0.00004128         1.2310         4.0531     0.005852
        252      2.8      0.0                 -26.26731891    -0.00001956         1.8253         7.4803     0.007660
        253      2.7      0.0                 -26.26736738    -0.00004847         1.2188         3.8468     0.009769
        254      2.7      0.0                 -26.26737823    -0.00001085         1.6216         5.3467     0.007317
        255      2.8      0.1                 -26.26741900    -0.00004078         1.1994         4.2154     0.005290
        256      2.8      0.0                 -26.26743462    -0.00001562         1.7726         5.5040     0.005875
        257      2.7      0.0                 -26.26748291    -0.00004828         1.3138         4.5719     0.007447
        258      2.8      0.0                 -26.26750554    -0.00002264         1.9532         7.0868     0.009694
        259      2.8      0.0                 -26.26756300    -0.00005746         1.3682         4.1425     0.009194
        260      2.8      0.1                 -26.26758003    -0.00001703         1.9134         6.9962     0.008432
        261      2.7      0.0                 -26.26763417    -0.00005413         1.3316         4.7754     0.008428
        262      2.8      0.0                 -26.26765036    -0.00001620         1.8532         5.9674     0.007782
        263      2.9      0.0                 -26.26770310    -0.00005273         1.3716         4.5984     0.008383
        264      2.8      0.1                 -26.26772556    -0.00002247         2.0401         7.8424     0.010113
        265      2.8      0.0                 -26.26778559    -0.00006003         1.3682         7.4681     0.010546
        266      2.7      0.0                 -26.26780138    -0.00001579         1.8403         8.4447     0.008874
        267      2.7      0.0                 -26.26784966    -0.00004828         1.2083         3.9771     0.006765
        268      2.7      0.0                 -26.26785944    -0.00000978         1.5970         6.3104     0.004710
        269      2.8      0.0                 -26.26789932    -0.00003988         1.2041         3.6697     0.006698
        270      2.9      0.0                 -26.26792064    -0.00002133         1.8166         7.7556     0.009685
        271      2.7      0.0                 -26.26797155    -0.00005091         1.2877         5.6757     0.005650
        272      3.0      0.0                 -26.26798478    -0.00001323         1.7926         7.3017     0.004701
        273      2.8      0.1                 -26.26803301    -0.00004823         1.2900         4.1965     0.010315
        274      2.7      0.0                 -26.26804678    -0.00001377         1.8030         6.6980     0.009251
        275      2.7      0.0                 -26.26809875    -0.00005197         1.3573         4.4843     0.005601
        276      2.8      0.0                 -26.26812336    -0.00002462         1.9153         6.5119     0.007336
        277      2.7      0.0                 -26.26818983    -0.00006647         1.4344         5.0572     0.021379
        278      2.8      0.0                 -26.26819913    -0.00000929         1.8641         6.9178     0.011792
        279      2.7      0.0                 -26.26825605    -0.00005693         1.4626         4.8127     0.007116
        280      2.7      0.0                 -26.26826076    -0.00000471         1.8573         8.1120     0.002721
        281      2.8      0.1                 -26.26831198    -0.00005122         1.3788         5.1112     0.012801
        282      2.8      0.0                 -26.26832904    -0.00001706         1.9034         7.3840     0.012999
        283      2.7      0.0                 -26.26838804    -0.00005900         1.4043         4.0141     0.008259
        284      2.8      0.0                 -26.26839796    -0.00000992         1.7763         7.2253     0.005056
        285      2.8      0.0                 -26.26845199    -0.00005403         1.4240         4.9430     0.017465
        286      2.8      0.0                 -26.26845496    -0.00000297         1.7110         6.2120     0.005249
        287      2.7      0.0                 -26.26850345    -0.00004849         1.2611         4.8700     0.005400
        288      2.8      0.0                 -26.26851429    -0.00001084         1.6897         5.8916     0.004033
        289      2.8      0.0                 -26.26856218    -0.00004790         1.3096         4.7899     0.013165
        290      2.9      0.1                 -26.26856931    -0.00000712         1.7716        10.2291     0.007460
        291      2.8      0.0                 -26.26861556    -0.00004625         1.3210         3.9308     0.005069
        292      2.7      0.0                 -26.26862919    -0.00001363         1.8746        15.1547     0.004627
        293      2.8      0.0                 -26.26867781    -0.00004863         1.3364         3.7846     0.015469
        294      2.7      0.1                 -26.26868585    -0.00000804         1.7343        10.7626     0.009453
        295      2.7      0.0                 -26.26873180    -0.00004594         1.2741         3.8987     0.003985
        296      2.8      0.0                 -26.26874463    -0.00001284         1.7702         6.2840     0.003498
        297      2.7      0.0                 -26.26879405    -0.00004941         1.3038         3.9359     0.009211
        298      2.8      0.0                 -26.26881187    -0.00001782         1.9094         9.5215     0.009822
        299      2.7      0.1                 -26.26886560    -0.00005373         1.3558         4.2977     0.006382
        300      2.8      0.0                 -26.26888012    -0.00001451         1.9160        10.2437     0.005464
        301      2.7      0.0                 -26.26893123    -0.00005111         1.2813         3.5764     0.006216
        302      2.9      0.0                 -26.26894728    -0.00001605         1.7028         9.2648     0.005946
        303      2.8      0.1                 -26.26898999    -0.00004271         1.1409         2.9908     0.006187
        304      2.7      0.0                 -26.26899983    -0.00000984         1.5433         7.6823     0.004722
        305      2.9      0.0                 -26.26903442    -0.00003458         1.1049         4.0015     0.009386
        306      2.7      0.0                 -26.26904264    -0.00000822         1.4908         6.2589     0.007358
        307      2.8      0.1                 -26.26907852    -0.00003588         1.1510         3.3816     0.006251
        308      2.7      0.0                 -26.26908745    -0.00000893         1.4264         4.9915     0.005057
        309      2.7      0.0                 -26.26913579    -0.00004834         1.3100         4.7298     0.020699
        310      2.7      0.0                 -26.26913895    -0.00000316         1.5945         6.2229     0.006983
        311      2.9      0.0                 -26.26918588    -0.00004693         1.4015         5.1428     0.006281
        312      2.7      0.1                 -26.26918745    -0.00000157         1.6616         7.5663     0.001380
        313      2.7      0.0                 -26.26922617    -0.00003871         1.1502         3.5530     0.006794
        314      2.7      0.0                 -26.26923733    -0.00001116         1.5743         7.0284     0.006096
        315      2.7      0.0                 -26.26927346    -0.00003614         1.0831         3.2172     0.003782
        316      2.8      0.1                 -26.26928514    -0.00001167         1.4760         4.5090     0.003700
        317      2.7      0.0                 -26.26931915    -0.00003401         1.0735         3.0247     0.005263
        318      2.7      0.0                 -26.26933174    -0.00001259         1.5391         5.9796     0.005696
        319      2.8      0.0                 -26.26936859    -0.00003684         1.1219         3.1440     0.004438
        320      2.8      0.0                 -26.26937841    -0.00000982         1.5756         8.5373     0.003764
        321      2.8      0.0                 -26.26941491    -0.00003649         1.0922         3.5732     0.008463
        322      2.7      0.0                 -26.26942362    -0.00000871         1.4394         5.7470     0.006643
        323      2.7      0.0                 -26.26945506    -0.00003145         1.0144         3.4318     0.003265
        324      2.8      0.0                 -26.26946139    -0.00000633         1.3581         4.8413     0.002263
        325      2.7      0.1                 -26.26949026    -0.00002887         0.9928         2.7799     0.008528
        326      2.7      0.0                 -26.26949772    -0.00000746         1.3364         6.5755     0.007118
        327      2.8      0.0                 -26.26952543    -0.00002771         0.9718         2.8307     0.003489


The minimization has converged.


>>> Timing data >>>
    Minimization loop was running for 926.774 seconds ( 0:15:26.774 h:m:s).
    Performance: 2.834 seconds/step.
    Time spent within the MD module (overhead): 28.809 seconds (3.1085 % of total time).
<<< Timing data <<<


Finished minimization loop.



>>>>>> Dump Position, Format, PDB, Stride, 0, Filename, "mm_opt.pdb", Replace

Writing a single position snapshot for region "all": Format PDB, filename "mm_opt.pdb", replace.


###############################################################
########        Finished Executing Input Script        ########
###############################################################


    3 function calls, 0 operator calls, 27 evaluated expressions.


Timings for individual modules during the MD run:

MM module                       ...      888.357 sec (=  14.806 min) 100.0 %
Self time inside of MD module   ...       31.654 sec (=   0.528 min)   3.4 %

Sum of individual times         ...      920.012 sec (=  15.334 min)

Total wall time of MD module    ...      929.465 sec (=  15.491 min)
             --> "dark time"    ...        9.454 sec (=   0.158 min)   1.0 %

( The "dark time" is spent in the ORCA-internal routines for energy and gradient calculation,
  but not inside of the sub-programs which do so. It contains operating system overhead for
  spawning new processes in each MD step and some file IO time. )



    #########################################################
    ####    ORCA ab initio Molecular Dynamics leaving    ####
    ####           Martin Brehm, 2016 - 2022             ####
    ####        https://brehm-research.de/orcamd         ####
    #########################################################

