            --------------------------------------------------------
                             AMBER SQM VERSION 19
 
                                     By
              Ross C. Walker, Michael F. Crowley, Scott Brozell,
                         Tim Giese, Andreas W. Goetz,
                        Tai-Sung Lee and David A. Case
 
            --------------------------------------------------------
 

--------------------------------------------------------------------------------
  QM CALCULATION INFO
--------------------------------------------------------------------------------

| QMMM: Citation for AMBER QMMM Run:
| QMMM: R.C. Walker, M.F. Crowley and D.A. Case, J. COMP. CHEM. 29:1019, 2008

QMMM: SINGLET STATE CALCULATION
QMMM: RHF CALCULATION, NO. OF DOUBLY OCCUPIED LEVELS = 98

| QMMM: *** Selected Hamiltonian *** 
| QMMM: AM1         

| QMMM: *** Parameter sets in use ***
| QMMM: S : M.J.S.DEWAR et al. INORG. CHEM., 29, 3881, (1990)
| QMMM: C : M.J.S.DEWAR et al. JACS, 107, 3902, (1985)
| QMMM: N : M.J.S.DEWAR et al. JACS, 107, 3902, (1985)
| QMMM: O : M.J.S.DEWAR et al. JACS, 107, 3902, (1985)
| QMMM: P : M.J.S.DEWAR et al. THEOCHEM, 187,1, (1989)
| QMMM: H : M.J.S.DEWAR et al. JACS, 107, 3902, (1985)
| QMMM: F : M.J.S.DEWAR et al. THEOCHEM, 180, 1, (1988)

| QMMM: *** SCF convergence criteria ***
| QMMM: Energy change                :  0.1D-09 kcal/mol
| QMMM: Error matrix |FP-PF|         :  0.1D+00 au
| QMMM: Density matrix change        :  0.5D-06
| QMMM: Maximum number of SCF cycles :     1000

| QMMM: *** Diagonalization Routine Information ***
| QMMM: Pseudo diagonalizations are allowed.
| QMMM: Auto diagonalization routine selection is in use.
| QMMM:
| QMMM: Timing diagonalization routines:
| QMMM:                              norbs =      155
| QMMM:    diag iterations used for timing =        5
| QMMM:
| QMMM:              Internal diag routine = 0.032751 seconds
| QMMM:                 Dspev diag routine = 0.032811 seconds
| QMMM:                Dspevd diag routine = 0.023879 seconds
| QMMM:                Dspevx diag routine = 0.109344 seconds
| QMMM:                 Dsyev diag routine = 0.045373 seconds
| QMMM:                Dsyevd diag routine = 0.023181 seconds
| QMMM:                Dsyevr diag routine = 0.026863 seconds
| QMMM:
| QMMM:                Pseudo diag routine = 0.012367 seconds
| QMMM:
| QMMM: Using dsyevd routine (diag_routine=6).

  QMMM: QM Region Cartesian Coordinates (*=link atom) 
  QMMM: QM_NO.   MM_NO.  ATOM         X         Y         Z
  QMMM:     1        1      S      -36.3230  -34.6810   24.2950
  QMMM:     2        2      C      -34.9450  -35.2240   23.4370
  QMMM:     3        3      N      -33.8270  -34.9430   24.1300
  QMMM:     4        4      C      -34.0480  -34.4030   25.4050
  QMMM:     5        5      C      -35.3790  -34.2180   25.6950
  QMMM:     6        6      C      -35.9910  -33.8260   27.0090
  QMMM:     7        7      C      -36.3560  -32.3460   27.2040
  QMMM:     8        8      O      -36.7330  -32.1670   28.5530
  QMMM:     9        9      P      -37.9460  -31.0730   28.8720
  QMMM:    10       10      P      -39.9240  -33.3160   28.4880
  QMMM:    11       11      N      -30.0550  -32.1620   23.6090
  QMMM:    12       12      O      -37.6780  -29.7330   28.2890
  QMMM:    13       13      O      -40.1100  -33.2480   30.0580
  QMMM:    14       14      C      -30.6350  -31.3410   22.7120
  QMMM:    15       15      O      -38.0710  -31.1200   30.4170
  QMMM:    16       16      O      -38.8680  -34.3750   28.0700
  QMMM:    17       17      N      -31.7610  -31.6030   22.0610
  QMMM:    18       18      O      -39.2130  -31.7800   28.1710
  QMMM:    19       19      O      -41.1470  -33.3680   27.6390
  QMMM:    20       20      C      -32.4060  -32.7850   22.2680
  QMMM:    21       21      N      -33.5310  -33.0070   21.5900
  QMMM:    22       22      C      -31.8580  -33.7270   23.2130
  QMMM:    23       23      C      -30.6860  -33.3280   23.8310
  QMMM:    24       24      C      -32.4550  -35.0660   23.5700
  QMMM:    25       25      C      -29.9750  -30.0220   22.4260
  QMMM:    26       26      C      -32.9010  -34.2010   26.3350
  QMMM:    27       27      H      -36.9120  -34.3970   27.2190
  QMMM:    28       28      H      -35.2710  -34.0890   27.8040
  QMMM:    29       29      H      -35.4920  -31.6960   26.9770
  QMMM:    30       30      H      -37.1730  -32.0700   26.5100
  QMMM:    31       31      H      -33.8450  -32.2780   20.9510
  QMMM:    32       32      H      -33.8620  -34.0170   21.4290
  QMMM:    33       33      H      -30.2180  -33.9990   24.5650
  QMMM:    34       34      H      -32.5390  -35.7470   22.7140
  QMMM:    35       35      H      -31.8220  -35.5530   24.3280
  QMMM:    36       36      H      -29.8780  -29.4340   23.3510
  QMMM:    37       37      H      -30.5490  -29.4490   21.6850
  QMMM:    38       38      H      -28.9520  -30.1750   22.0480
  QMMM:    39       39      H      -32.3260  -35.1380   26.4430
  QMMM:    40       40      H      -33.2730  -33.9010   27.3240
  QMMM:    41       41      H      -32.2110  -33.4180   25.9810
  QMMM:    42       42      C      -34.7120  -37.5460   22.4390
  QMMM:    43       43      C      -35.0050  -35.9810   22.0980
  QMMM:    44       44      O      -33.4610  -37.8290   22.5300
  QMMM:    45       45      O      -35.6570  -38.3300   22.5410
  QMMM:    46       46      O      -34.0540  -35.5080   21.2460
  QMMM:    47       47      F      -36.8440  -36.9600   20.8900
  QMMM:    48       48      F      -36.4280  -34.8610   20.5220
  QMMM:    49       49      C      -36.3980  -35.8230   21.4880
  QMMM:    50       50      F      -37.3360  -35.4590   22.4030

--------------------------------------------------------------------------------
  RESULTS
--------------------------------------------------------------------------------

      iter         sqm energy              rms gradient
      ----    -------------------    -----------------------
xmin    10     -454.3629 kcal/mol        1.1757 kcal/(mol*A)
xmin    20     -457.3273 kcal/mol        0.4934 kcal/(mol*A)
xmin    30     -458.4133 kcal/mol        0.5005 kcal/(mol*A)
xmin    40     -458.4763 kcal/mol        0.0616 kcal/(mol*A)
xmin    50     -458.4817 kcal/mol        0.0148 kcal/(mol*A)
xmin    60     -458.4832 kcal/mol        0.0098 kcal/(mol*A)
xmin    70     -458.4835 kcal/mol        0.0041 kcal/(mol*A)
xmin    80     -458.4836 kcal/mol        0.0057 kcal/(mol*A)
xmin    90     -458.4836 kcal/mol        0.0021 kcal/(mol*A)
  ... geometry converged !
 
 Final MO eigenvalues (eV):
 -42.4996  -39.1272  -39.0206  -33.5672  -32.4324  -29.1661  -28.9067  -27.4838
 -26.9856  -26.4540  -25.0266  -24.6378  -24.3793  -23.6061  -21.9452  -21.3329
 -20.7176  -20.3973  -20.3372  -19.4294  -19.3497  -18.7477  -18.6865  -17.4413
 -16.9938  -16.6150  -15.3055  -14.4150  -13.3704  -11.7968  -11.5151  -11.0850
 -10.7292  -10.6021   -9.9645   -9.8886   -9.1958   -8.8523   -8.8256   -8.6603
  -8.4179   -7.9158   -7.2685   -7.1542   -7.1133   -6.8261   -6.7225   -6.5600
  -6.3807   -6.1297   -6.0477   -6.0393   -5.8634   -5.7287   -5.5462   -5.3676
  -5.3014   -5.2486   -5.1119   -5.0666   -4.8144   -4.7962   -4.7001   -4.2997
  -4.1356   -4.0521   -3.7273   -3.4363   -3.2925   -3.1523   -2.8999   -2.5274
  -1.9931   -1.8910   -1.8389   -1.6512   -1.5315   -1.1571   -0.7605   -0.5351
  -0.5020   -0.4115   -0.3202   -0.1784    0.3567    0.7914    0.9425    1.1113
   1.2111    1.5071    1.8197    1.9045    2.4525    3.1915    3.2166    3.2557
   3.3472    3.3613    7.0961    7.5464    7.9060    8.4961    9.0220    9.1667
   9.5749    9.6463    9.8801   10.0675   10.3238   10.6288   10.7006   10.8121
  10.9651   11.1485   11.3161   11.6018   11.6880   11.9328   12.1612   12.3381
  12.3874   12.4956   12.6283   12.6728   12.7667   12.7847   12.8354   13.0077
  13.0242   13.1791   13.4067   13.5555   13.5977   13.6841   13.7826   13.9102
  14.0830   14.3286   14.6043   14.7842   14.9549   15.4284   15.6411   15.8552
  16.3294   16.4435   16.8789   17.8273   18.0906   19.0374   19.7885   20.8595
  21.3370   22.3038   22.3203

 Heat of formation   =       -458.48363285 kcal/mol  (      -19.88134222 eV)

 Total SCF energy    =    -185953.08544595 kcal/mol  (    -8063.53087229 eV)
 Electronic energy   =   -1411310.63897802 kcal/mol  (   -61199.02168067 eV)
 Core-core repulsion =    1225357.55353207 kcal/mol  (    53135.49080838 eV)
 
    Atomic Charges for Step       1 :
  Atom    Element       Mulliken Charge
     1      S                  0.643
     2      C                 -0.261
     3      N                 -0.044
     4      C                 -0.094
     5      C                 -0.277
     6      C                 -0.208
     7      C                  0.085
     8      O                 -0.754
     9      P                  2.676
    10      P                  2.658
    11      N                 -0.260
    12      O                 -1.249
    13      O                 -1.280
    14      C                  0.041
    15      O                 -1.236
    16      O                 -1.286
    17      N                 -0.292
    18      O                 -1.286
    19      O                 -1.281
    20      C                  0.198
    21      N                 -0.325
    22      C                 -0.225
    23      C                 -0.013
    24      C                 -0.006
    25      C                 -0.146
    26      C                 -0.175
    27      H                  0.207
    28      H                  0.138
    29      H                 -0.010
    30      H                  0.104
    31      H                  0.201
    32      H                  0.301
    33      H                  0.153
    34      H                  0.216
    35      H                  0.110
    36      H                  0.087
    37      H                  0.075
    38      H                  0.070
    39      H                  0.059
    40      H                  0.192
    41      H                  0.074
    42      C                  0.322
    43      C                  0.221
    44      O                 -0.595
    45      O                 -0.557
    46      O                 -0.662
    47      F                 -0.199
    48      F                 -0.235
    49      C                  0.327
    50      F                 -0.202
 Total Mulliken Charge =      -4.000
 
                  X        Y        Z     TOTAL  
  QM DIPOLE   710.623  648.318 -514.686 1090.964
 
 Final Structure

  QMMM: QM Region Cartesian Coordinates (*=link atom) 
  QMMM: QM_NO.   MM_NO.  ATOM         X         Y         Z
  QMMM:     1        1      S      -36.6178  -35.2260   24.1149
  QMMM:     2        2      C      -35.1440  -35.4027   23.3007
  QMMM:     3        3      N      -34.1325  -34.7954   23.9876
  QMMM:     4        4      C      -34.5759  -34.2075   25.1964
  QMMM:     5        5      C      -35.9417  -34.3512   25.3935
  QMMM:     6        6      C      -36.7194  -33.8507   26.5357
  QMMM:     7        7      C      -36.6583  -32.3159   26.7033
  QMMM:     8        8      O      -36.0405  -31.9807   27.8912
  QMMM:     9        9      P      -37.0124  -31.1186   28.9967
  QMMM:    10       10      P      -39.5316  -33.2770   29.2814
  QMMM:    11       11      N      -30.0590  -32.2415   23.9777
  QMMM:    12       12      O      -37.3699  -29.8987   28.2157
  QMMM:    13       13      O      -39.2140  -34.1704   30.4480
  QMMM:    14       14      C      -30.4194  -31.4201   22.9449
  QMMM:    15       15      O      -36.1073  -30.9387   30.1671
  QMMM:    16       16      O      -39.3928  -33.9293   27.9265
  QMMM:    17       17      N      -31.4912  -31.5762   22.1242
  QMMM:    18       18      O      -38.2010  -32.1110   29.2075
  QMMM:    19       19      O      -40.7694  -32.4439   29.4717
  QMMM:    20       20      C      -32.3193  -32.6621   22.3625
  QMMM:    21       21      N      -33.4587  -32.8045   21.6230
  QMMM:    22       22      C      -31.9996  -33.5958   23.4209
  QMMM:    23       23      C      -30.8696  -33.3025   24.1894
  QMMM:    24       24      C      -32.7272  -34.8821   23.6380
  QMMM:    25       25      C      -29.5490  -30.2069   22.7031
  QMMM:    26       26      C      -33.6583  -33.5391   26.1442
  QMMM:    27       27      H      -37.8151  -34.1471   26.4994
  QMMM:    28       28      H      -36.3222  -34.3164   27.4821
  QMMM:    29       29      H      -36.0652  -31.8817   25.8424
  QMMM:    30       30      H      -37.7058  -31.9049   26.6690
  QMMM:    31       31      H      -33.5912  -32.2151   20.8375
  QMMM:    32       32      H      -33.9051  -33.7138   21.5920
  QMMM:    33       33      H      -30.5849  -33.9576   25.0338
  QMMM:    34       34      H      -32.6417  -35.5233   22.6950
  QMMM:    35       35      H      -32.2270  -35.4578   24.4731
  QMMM:    36       36      H      -29.8444  -29.4082   23.4272
  QMMM:    37       37      H      -29.6770  -29.8167   21.6652
  QMMM:    38       38      H      -28.4730  -30.4585   22.8621
  QMMM:    39       39      H      -32.9525  -34.2840   26.5899
  QMMM:    40       40      H      -34.2669  -33.0612   26.9671
  QMMM:    41       41      H      -33.0605  -32.7446   25.6328
  QMMM:    42       42      C      -34.2766  -37.5933   22.4110
  QMMM:    43       43      C      -34.8603  -36.1956   21.9792
  QMMM:    44       44      O      -33.2124  -37.5887   23.0967
  QMMM:    45       45      O      -34.8608  -38.6414   22.0297
  QMMM:    46       46      O      -34.1005  -35.5258   21.1472
  QMMM:    47       47      F      -36.1282  -37.0885   20.0131
  QMMM:    48       48      F      -36.9570  -35.3059   20.8523
  QMMM:    49       49      C      -36.2797  -36.4529   21.2211
  QMMM:    50       50      F      -37.2524  -37.1895   21.8484

           --------- Calculation Completed ----------

