
Will write log file to "mm_opt.md.log".

Command line:  /software/orca/5.0.4/orca_5_0_4_linux_x86-64_openmpi411/orca_md mm_opt orca


    ################################################################
    ########    ORCA ab initio Molecular Dynamics Module    ########
    ########          and SANscript Interpreter             ########
    ########          Martin Brehm, 2016 - 2022             ########
    ########       https://brehm-research.de/orcamd         ########
    ################################################################


  * Compiled as ORCA module.
  * Called from ORCA.
  * Base name: "mm_opt"
  * Source code version: Jan 31 2022
  * Compiled at Mar  1 2023 11:25:12, compiler "Clang 12.0.0 (/home/frankw/CompEnv/src/llvm1200/llvm-project/clang d28af7c654d8db0b68c175db5ce212d74fb5e9bc)", LLVM, CLANG 12.0.0, Linux
  * Machine: x86_64, int=4b, long=8b, addr=8b, 0xA0B0C0D0=D0,C0,B0,A0.
  * Executable name: "/software/orca/5.0.4/orca_5_0_4_linux_x86-64_openmpi411/orca_md"
  * Running on qnode1004 at Wed Jul 24 13:05:10 2024 (PID 44535)
  * Running in /projects/b1039/wxk6447/INI-STRUCT-6/Out/0

Initializing SAN engine...

Started parsing input script.
Reading input file "mm_opt.mdinput" ...
204 Bytes read.
Tokenizing input...
Found 26 tokens in file.
Handling brackets...
Handling reference parentheses...
Handling keywords...
Handling operators...
Grouping commas...
Removing commas...
Handling variables...
Found unit "Bohr", converting 0.300000 Bohr to 0.158753 Angstrom...
Handling functions, iteration 1...
Handling functions, iteration 2...
Flattening tree...
Checking keyword syntax...
Finished parsing input script.

Initializing MD engine with interface "ORCA" ...


>>>>>>>>>>>>>>>>>>>>>>>>>>>>>>>>>>>>>>>>>>>>>>>>>>>>
>>>   Output of System Information (from ORCA)   >>>
>>>>>>>>>>>>>>>>>>>>>>>>>>>>>>>>>>>>>>>>>>>>>>>>>>>>


############################################
   Total Atom Count:           18666
   Total System Mass:       131371.1 a.m.u.
   Total Basis Dimension:          0
   Total Electron Number:          0
   Total Charge:                  -9
   Total Multiplicity:             1
  ------------------------------------------
   ReducePrint:                 true
   Print Mulliken Pop:             1
   Print Loewdin Pop:              1
   Print Mayer Pop:                1
   Print Orbital Energies:         1
############################################

<<<<<<<<<<<<<<<<<<<<<<<<<<<<<<<<<<<<<<<<<<<<<<<<<<<<
<<<          End of System Information           <<<
<<<<<<<<<<<<<<<<<<<<<<<<<<<<<<<<<<<<<<<<<<<<<<<<<<<<

Initializing regions...
  Found "mm_opt-active_atoms.tmp" file, reading active region data...
  Found "mm_opt-qm_atoms.tmp" file, reading QM region data...

Defined regions:
         all: 18666 atoms
          mm: 18666 atoms
      active:   367 atoms
    inactive: 18299 atoms


######################################################
########        Executing Input Script        ########
######################################################

Execution verbose level is 2.



>>>>>> Dump Position, Stride, 1, Filename, "mm_opt_trj.dcd", Replace

Modified writing position trajectory for region "all": Format DCD, stride 1, filename "mm_opt_trj.dcd", replace.


>>>>>> Minimize LBFGS, StepLimit, 0.30, MaxGrad, 4.9615, RMSGrad, 0.9923, Steps, 1000

Starting minimization loop with L-BFGS method:
    Max. Steps:             1000
    L-BFGS History:         20
    RMS(Grad) Convergence:  0.9923 kJ/mol/Angstrom
    Max(Grad) Convergence:  4.9615 kJ/mol/Angstrom
    Step Limit:             0.159 Angstrom
    Random Displacement:    disabled


Dump: Will write Position data of region "all" in DCD format with stride 1 to "mm_opt_trj.dcd" (replace).

Defined regions:
         all: 18666 atoms
          mm: 18666 atoms
      active:   367 atoms
    inactive: 18299 atoms

Will write restart file to "mm_opt.mdrestart" after each step.
Will write energy statistics to "mm_opt-minimize-ener.csv" after each step.


The system contains 1101 active degrees of freedom (367 active atoms * 3).

This is a 1101-dimensional optimization problem.

Allocating 495.26 KiB of memory for L-BFGS working space...



            |  t_SCF | t_Grad |     Temp |           E_Pot |      Delta E |    RMS(Grad) |    Max(Grad) |  Max(Step)
       Step |    [s] |    [s] |      [K] |       [Hartree] |    [Hartree] | [kJ/(mol*A)] | [kJ/(mol*A)] | [Angstrom]
------------|--------|--------|----------|-----------------|--------------|--------------|--------------|--------------
          1      4.0      0.0                 -25.51683020                                                          
          2      3.9      0.0                 -25.53097360    -0.01414339       159.2955       707.7130     0.002785
          3      3.9      0.0                 -25.81984731    -0.28887371        48.2774       251.3874     0.112982
          4      3.8      0.0                 -25.86034214    -0.04049483        41.6976       199.8806     0.034594
          5      4.1      0.1                 -25.88604271    -0.02570057        60.0131       300.4616     0.058153
          6      3.8      0.0                 -25.92999187    -0.04394916        49.9509       243.3570     0.083428
          7      4.1      0.0                 -25.96165395    -0.03166208        33.7324       161.6821     0.046890
          8      3.9      0.0                 -25.97136238    -0.00970843        39.8801       182.7366     0.045115
          9      3.8      0.1                 -25.99327980    -0.02191742        28.1670       149.4988     0.039525
         10      4.0      0.0                 -26.00008227    -0.00680247        39.6170       366.1952     0.037618
         11      4.0      0.0                 -26.01636830    -0.01628603        25.3210       121.8499     0.053228
         12      4.0      0.0                 -26.01658987    -0.00022156        28.1363       185.0979     0.007004
         13      4.0      0.1                 -26.02582483    -0.00923497        21.8480        86.0053     0.022659
         14      3.8      0.0                 -26.03556250    -0.00973766        31.3878       224.9040     0.057361
         15      3.9      0.0                 -26.04817328    -0.01261079        22.7519        87.2343     0.039000
         16      3.9      0.0                 -26.04882422    -0.00065093        27.6147       120.2131     0.011175
         17      4.0      0.0                 -26.05801170    -0.00918748        19.1699        80.5751     0.023694
         18      3.9      0.1                 -26.06324827    -0.00523657        24.3101       110.7397     0.036059
         19      3.9      0.0                 -26.07250309    -0.00925482        17.9772        65.8681     0.035999
         20      3.8      0.0                 -26.07419560    -0.00169251        24.8083       120.7889     0.023764
         21      3.9      0.0                 -26.08247577    -0.00828017        15.8775        63.6798     0.030187
         22      3.9      0.1                 -26.08477264    -0.00229687        20.5548        89.2992     0.026584
         23      4.0      0.0                 -26.09121563    -0.00644299        14.9196        68.6786     0.037015
         24      3.9      0.0                 -26.09237928    -0.00116365        20.1853       135.3757     0.024809
         25      3.9      0.0                 -26.09789746    -0.00551819        15.2405        58.3912     0.025254
         26      4.0      0.1                 -26.09816292    -0.00026545        17.7001       104.7793     0.006934
         27      4.0      0.0                 -26.10309804    -0.00493513        15.1098        93.8737     0.045345
         28      3.9      0.0                 -26.10341158    -0.00031354        18.6257       128.3027     0.015754
         29      3.9      0.0                 -26.10886255    -0.00545097        13.4993        71.9072     0.022523
         30      3.9      0.0                 -26.11044249    -0.00157994        18.1161        79.0486     0.020470
         31      4.0      0.1                 -26.11571910    -0.00527661        12.9092        51.0949     0.043068
         32      3.8      0.0                 -26.11641414    -0.00069504        17.0427        75.6982     0.022941
         33      4.0      0.0                 -26.12055522    -0.00414108        11.7218        39.2729     0.019840
         34      3.9      0.0                 -26.12120787    -0.00065265        14.7016        67.3648     0.011639
         35      3.9      0.1                 -26.12489661    -0.00368873        12.4600        46.5040     0.052008
         36      3.9      0.0                 -26.12521597    -0.00031937        15.7455        74.6691     0.021888
         37      4.0      0.0                 -26.12920708    -0.00399111        11.6986        43.5294     0.020782
         38      4.0      0.0                 -26.12985762    -0.00065054        15.3445        63.0378     0.012519
         39      3.9      0.1                 -26.13359310    -0.00373548        12.1479        50.6726     0.055323
         40      3.9      0.0                 -26.13390361    -0.00031050        15.4691        83.9877     0.022828
         41      3.9      0.0                 -26.13747426    -0.00357065        11.0135        37.9410     0.020909
         42      3.9      0.0                 -26.13833285    -0.00085859        14.8980        64.3375     0.016597
         43      3.9      0.0                 -26.14176543    -0.00343257        11.4084        48.6484     0.058149
         44      4.0      0.0                 -26.14211559    -0.00035016        14.6454        66.9405     0.027251
         45      3.9      0.0                 -26.14556076    -0.00344517        11.4051        57.0666     0.022229
         46      3.8      0.0                 -26.14621241    -0.00065165        14.9286        58.7729     0.014832
         47      3.9      0.0                 -26.15017934    -0.00396693        12.7894        66.4925     0.063304
         48      4.1      0.1                 -26.15065562    -0.00047628        17.6983       116.2591     0.035220
         49      3.9      0.0                 -26.15460396    -0.00394834        12.5344        55.7147     0.029303
         50      4.0      0.0                 -26.15487033    -0.00026636        14.7959        90.9703     0.009905
         51      3.9      0.0                 -26.15813713    -0.00326680        13.4821        69.5364     0.080395
         52      3.9      0.1                 -26.15816348    -0.00002635        14.6703        76.8500     0.009251
         53      3.9      0.0                 -26.16150933    -0.00334585        11.1830        62.7827     0.034042
         54      4.0      0.0                 -26.16237492    -0.00086560        15.2367        61.2881     0.028499
         55      4.0      0.0                 -26.16598836    -0.00361344        12.2649        77.2875     0.080243
         56      4.0      0.0                 -26.16636057    -0.00037221        16.0135       103.5326     0.040882
         57      3.9      0.1                 -26.16978857    -0.00342800        11.6023        60.1851     0.026341
         58      4.1      0.0                 -26.17002491    -0.00023634        13.4456        63.5729     0.009033
         59      4.0      0.0                 -26.17327216    -0.00324725        13.8355        87.0628     0.112162
         60      3.9      0.0                 -26.17688510    -0.00361295        11.9406        60.3125     0.070260
         61      4.0      0.1                 -26.17720425    -0.00031915        14.9169        71.5240     0.028511
         62      3.9      0.0                 -26.18030917    -0.00310492        11.6128        65.9996     0.071033
         63      3.9      0.0                 -26.18050568    -0.00019651        14.1058        94.0227     0.024010
         64      3.8      0.0                 -26.18287292    -0.00236723        10.6330        63.7628     0.027628
         65      3.8      0.1                 -26.18470987    -0.00183695        12.2112        80.3992     0.119110
         66      3.9      0.0                 -26.18479799    -0.00008812        10.2158        50.2814     0.024481
         67      3.8      0.0                 -26.18680893    -0.00201094         8.9824        41.2010     0.050072
         68      3.8      0.0                 -26.18687535    -0.00006642        10.5876        47.8317     0.011000
         69      3.9      0.0                 -26.18834444    -0.00146909         6.8570        26.1641     0.034560
         70      3.8      0.1                 -26.18852962    -0.00018519         8.8057        45.1806     0.017428
         71      3.8      0.0                 -26.18954598    -0.00101635         6.2201        28.0157     0.009429
         72      3.8      0.0                 -26.18984574    -0.00029976         8.0994        38.8195     0.008620
         73      3.8      0.0                 -26.19092315    -0.00107741         6.7650        31.2872     0.057868
         74      3.8      0.2                 -26.19094943    -0.00002628         7.5024        39.4004     0.011605
         75      3.9      0.0                 -26.19193122    -0.00098178         6.9327        28.0471     0.017733
         76      4.1      0.0                 -26.19194526    -0.00001404         7.6901        33.5350     0.002391
         77      4.0      0.0                 -26.19276825    -0.00082299         5.0910        26.1014     0.024251
         78      4.1      0.0                 -26.19296455    -0.00019630         6.7262        29.6608     0.019080
         79      3.9      0.0                 -26.19366483    -0.00070028         5.1533        23.8700     0.017596
         80      3.8      0.0                 -26.19392274    -0.00025791         7.3486        29.4474     0.019148
         81      3.8      0.0                 -26.19475988    -0.00083714         5.7101        24.2998     0.034521
         82      3.9      0.0                 -26.19485373    -0.00009385         7.2061        46.8076     0.016174
         83      3.9      0.1                 -26.19559962    -0.00074589         5.3500        22.1587     0.023581
         84      3.8      0.0                 -26.19567395    -0.00007433         6.6259        23.0672     0.010172
         85      3.8      0.0                 -26.19638171    -0.00070776         5.1670        23.2700     0.035521
         86      4.1      0.0                 -26.19657128    -0.00018957         7.2092        37.9870     0.031204
         87      3.9      0.1                 -26.19736006    -0.00078878         5.5411        25.4255     0.021763
         88      3.9      0.0                 -26.19746077    -0.00010071         6.9688        42.0348     0.011064
         89      3.9      0.0                 -26.19827377    -0.00081300         5.6946        21.3495     0.058501
         90      3.9      0.0                 -26.19833745    -0.00006369         7.0401        39.6110     0.023253
         91      3.8      0.1                 -26.19911277    -0.00077532         5.4267        19.6505     0.020539
         92      3.9      0.0                 -26.19918308    -0.00007031         6.7523        30.9274     0.008335
         93      4.1      0.0                 -26.19990100    -0.00071793         5.0102        20.4248     0.045197
         94      3.9      0.0                 -26.20003313    -0.00013213         6.7476        37.2931     0.030430
         95      4.0      0.0                 -26.20069296    -0.00065983         4.3876        13.4534     0.017437
         96      3.9      0.1                 -26.20080887    -0.00011591         5.6111        26.2829     0.010989
         97      3.8      0.0                 -26.20130276    -0.00049389         4.2211        13.3927     0.034795
         98      3.8      0.0                 -26.20138889    -0.00008613         5.6491        27.7264     0.022398
         99      3.8      0.0                 -26.20187250    -0.00048360         4.1678        14.6657     0.010181
        100      3.9      0.1                 -26.20193853    -0.00006604         5.3189        20.9798     0.005412
        101      3.8      0.0                 -26.20237388    -0.00043534         3.7796        14.2277     0.023069
        102      3.9      0.0                 -26.20245766    -0.00008379         5.0804        18.9361     0.015592
        103      3.9      0.0                 -26.20283728    -0.00037962         3.5858        13.5879     0.014551
        104      3.9      0.1                 -26.20293127    -0.00009398         4.9367        20.4118     0.011694
        105      3.9      0.0                 -26.20327364    -0.00034237         3.3873        16.6842     0.009853
        106      3.9      0.0                 -26.20336061    -0.00008697         4.5330        19.5053     0.008066
        107      4.2      0.0                 -26.20366756    -0.00030694         3.2921        14.9191     0.014455
        108      3.8      0.0                 -26.20376174    -0.00009418         4.5598        23.3840     0.013620
        109      3.9      0.1                 -26.20405438    -0.00029265         3.2004        15.9145     0.010624
        110      3.8      0.0                 -26.20408003    -0.00002565         3.9013        19.1119     0.004216
        111      4.0      0.0                 -26.20432343    -0.00024340         3.0652        13.8613     0.017908
        112      3.8      0.0                 -26.20438577    -0.00006234         4.2072        18.6552     0.014815
        113      4.0      0.1                 -26.20469250    -0.00030673         3.0296        11.9895     0.012999
        114      4.0      0.0                 -26.20476715    -0.00007464         4.0030        17.1696     0.010349
        115      3.8      0.0                 -26.20502430    -0.00025715         3.1307        12.3622     0.017724
        116      3.9      0.0                 -26.20503877    -0.00001447         3.8706        16.7087     0.005343
        117      3.9      0.1                 -26.20524994    -0.00021117         2.8450         9.0723     0.007834
        118      3.9      0.0                 -26.20535898    -0.00010904         4.1280        14.7320     0.010994
        119      3.9      0.0                 -26.20560385    -0.00024488         2.7616         9.3829     0.010954
        120      4.0      0.0                 -26.20565680    -0.00005294         3.7054        13.0214     0.008029
        121      3.9      0.0                 -26.20585237    -0.00019557         2.5286         8.5266     0.007468
        122      3.9      0.0                 -26.20591125    -0.00005888         3.4472        13.3525     0.006937
        123      4.1      0.0                 -26.20608884    -0.00017759         2.4296        10.2291     0.011502
        124      4.1      0.0                 -26.20613082    -0.00004199         3.2567        15.7924     0.009042
        125      4.1      0.0                 -26.20629641    -0.00016558         2.5091        10.9392     0.010732
        126      3.9      0.1                 -26.20632452    -0.00002811         3.2997        18.9526     0.006621
        127      4.0      0.0                 -26.20650175    -0.00017723         2.4369        12.0763     0.015470
        128      4.1      0.0                 -26.20652744    -0.00002569         3.1770        23.0998     0.008842
        129      3.9      0.0                 -26.20667911    -0.00015167         2.3835        10.8801     0.008686
        130      3.9      0.1                 -26.20669755    -0.00001844         3.1056        15.4054     0.004277
        131      3.9      0.0                 -26.20683452    -0.00013698         2.3154        11.7570     0.014328
        132      3.9      0.0                 -26.20686622    -0.00003170         3.2514        18.4870     0.011252
        133      3.8      0.0                 -26.20702007    -0.00015385         2.5568        13.3266     0.010217
        134      4.0      0.1                 -26.20711989    -0.00009982         3.8854        16.5886     0.017345
        135      3.9      0.0                 -26.20736674    -0.00024686         3.1026        19.2900     0.029991
        136      3.9      0.0                 -26.20741186    -0.00004511         4.4762        36.8804     0.021310
        137      3.9      0.0                 -26.20766110    -0.00024925         3.1202        15.5014     0.014003
        138      3.9      0.0                 -26.20770164    -0.00004054         3.9303        18.0325     0.008431
        139      3.9      0.1                 -26.20798175    -0.00028011         3.7236        26.7573     0.043095
        140      3.9      0.0                 -26.20802848    -0.00004673         6.0718        68.2347     0.039109
        141      3.8      0.0                 -26.20804023    -0.00001175         5.0483        52.0786     0.013252
        142      3.9      0.0                 -26.20842501    -0.00038479         4.3461        21.4900     0.028923
        143      4.0      0.1                 -26.20846077    -0.00003576         5.3938        34.1059     0.012162
        144      3.9      0.0                 -26.20881798    -0.00035722         6.2866        74.2810     0.074201
        145      4.0      0.0                 -26.20920741    -0.00038942         4.8940        32.6530     0.011245
        146      4.0      0.0                 -26.20967526    -0.00046786         5.2320        39.6909     0.065111
        147      4.0      0.1                 -26.20972337    -0.00004810         8.6774        93.5205     0.054107
        148      3.9      0.0                 -26.20975302    -0.00002965         6.9161        67.3484     0.022891
        149      3.8      0.0                 -26.21040087    -0.00064785         5.2555        48.5073     0.045970
        150      3.9      0.0                 -26.21058047    -0.00017960         6.5559        44.8273     0.042078
        151      3.8      0.0                 -26.21117633    -0.00059586         5.6890        38.4991     0.039539
        152      3.8      0.1                 -26.21121649    -0.00004015         6.9967        51.5491     0.013352
        153      4.0      0.0                 -26.21174878    -0.00053230         5.1748        42.1696     0.036805
        154      4.0      0.0                 -26.21192149    -0.00017271         7.3338        60.0469     0.037530
        155      3.9      0.0                 -26.21186247     0.00005903        10.0638       125.1947     0.024501
        156      4.0      0.1                 -26.21213746    -0.00027499         6.1466        43.7571     0.013058
        157      3.9      0.0                 -26.21296010    -0.00082264         6.3643        53.5343     0.104745
        158      3.9      0.0                 -26.21349253    -0.00053244         4.9596        42.5011     0.032355
        159      3.8      0.0                 -26.21366193    -0.00016940         6.5387        37.7642     0.031571
        160      3.9      0.1                 -26.21421539    -0.00055346         4.2108        18.5970     0.026543
        161      3.9      0.0                 -26.21431592    -0.00010053         5.6161        23.6835     0.017273
        162      3.9      0.0                 -26.21472666    -0.00041074         5.8368        60.5400     0.058708
        163      3.9      0.0                 -26.21473839    -0.00001173         6.7210        78.6811     0.014308
        164      3.9      0.0                 -26.21497936    -0.00024097         7.4634        55.8012     0.011414
        165      3.9      0.1                 -26.21512827    -0.00014892         4.6944        20.6351     0.004365
        166      3.9      0.0                 -26.21545346    -0.00032518         3.3993        13.6506     0.030871
        167      4.0      0.0                 -26.21555207    -0.00009861         4.6837        24.3913     0.029963
        168      4.1      0.0                 -26.21584952    -0.00029745         3.2069        16.0333     0.015327
        169      3.9      0.1                 -26.21590445    -0.00005494         4.3531        14.8583     0.010025
        170      4.0      0.0                 -26.21615458    -0.00025012         2.8387         9.9558     0.011795
        171      3.8      0.0                 -26.21624771    -0.00009313         3.6710        13.2983     0.012842
        172      4.4      0.0                 -26.21645361    -0.00020591         2.6677        11.3432     0.024080
        173      3.9      0.1                 -26.21650007    -0.00004646         3.6796        24.3891     0.018787
        174      3.8      0.0                 -26.21668808    -0.00018801         2.5278        12.9138     0.007138
        175      3.9      0.0                 -26.21670542    -0.00001733         3.1141        22.8421     0.002931
        176      3.9      0.0                 -26.21686195    -0.00015653         2.5138         9.5854     0.024225
        177      4.1      0.0                 -26.21689871    -0.00003676         3.4619        23.9784     0.019975
        178      3.9      0.1                 -26.21707817    -0.00017946         2.4908        10.5145     0.007903
        179      4.0      0.0                 -26.21709005    -0.00001188         3.0659        17.1443     0.002627
        180      4.0      0.0                 -26.21722804    -0.00013800         2.1920         7.6143     0.015303
        181      3.8      0.0                 -26.21726749    -0.00003944         3.0176        15.2512     0.013822
        182      3.8      0.0                 -26.21740246    -0.00013498         2.1335         7.1238     0.008179
        183      3.9      0.0                 -26.21743687    -0.00003441         2.9952        11.8053     0.006714
        184      3.9      0.0                 -26.21756699    -0.00013011         2.0792         6.6912     0.011662
        185      3.8      0.0                 -26.21761404    -0.00004705         2.8471        19.2490     0.012412
        186      4.1      0.1                 -26.21772705    -0.00011301         1.8753         6.3908     0.009184
        187      4.0      0.0                 -26.21774661    -0.00001956         2.5240        12.4334     0.005728
        188      4.0      0.0                 -26.21783344    -0.00008683         1.7983         5.9887     0.006661
        189      3.9      0.0                 -26.21787143    -0.00003799         2.5384        11.5522     0.008197
        190      4.0      0.0                 -26.21796124    -0.00008981         1.6945         6.2145     0.005700
        191      3.9      0.1                 -26.21798193    -0.00002069         2.2779         8.8375     0.004348
        192      3.8      0.0                 -26.21805689    -0.00007496         1.6238         5.7129     0.007107
        193      3.9      0.0                 -26.21808543    -0.00002854         2.2956         8.4077     0.007869
        194      3.9      0.1                 -26.21816094    -0.00007551         1.5730         5.3418     0.004442
        195      3.9      0.1                 -26.21818016    -0.00001923         2.1369         9.2603     0.003641
        196      4.0      0.0                 -26.21824942    -0.00006926         1.5170         4.9670     0.007880
        197      4.0      0.0                 -26.21827355    -0.00002413         2.1285         7.7608     0.008161
        198      3.9      0.0                 -26.21834295    -0.00006941         1.5366         4.9391     0.005229
        199      4.0      0.1                 -26.21836150    -0.00001855         2.1847         8.0280     0.004438
        200      3.9      0.0                 -26.21843165    -0.00007015         1.6110         6.1550     0.006698
        201      4.0      0.0                 -26.21846304    -0.00003139         2.3351         7.6358     0.008407
        202      3.9      0.0                 -26.21854552    -0.00008248         1.6947         7.6641     0.006056
        203      3.9      0.0                 -26.21856752    -0.00002201         2.3679        11.3701     0.005135
        204      3.8      0.1                 -26.21864470    -0.00007717         1.6669         6.6807     0.007904
        205      3.9      0.0                 -26.21866669    -0.00002199         2.2662         9.6750     0.007045
        206      3.9      0.0                 -26.21874527    -0.00007857         1.7113         6.1871     0.006980
        207      3.9      0.0                 -26.21877499    -0.00002972         2.3762        11.3893     0.007695
        208      5.5      0.1                 -26.21886542    -0.00009043         1.7804         6.5833     0.010732
        209      3.8      0.0                 -26.21888100    -0.00001557         2.4634        14.4845     0.006677
        210      3.9      0.0                 -26.21896982    -0.00008882         1.8747         9.0885     0.007027
        211      3.9      0.0                 -26.21902015    -0.00005033         2.6580         9.7608     0.010617
        212      3.9      0.1                 -26.21914359    -0.00012344         1.9927         9.6587     0.017336
        213      3.7      0.0                 -26.21916583    -0.00002224         2.7554        14.2157     0.011161
        214      3.7      0.0                 -26.21927540    -0.00010957         1.9369         7.3477     0.013103
        215      3.7      0.0                 -26.21930367    -0.00002827         2.6887        10.6324     0.010849
        216      3.7      0.0                 -26.21940647    -0.00010280         1.9127         6.9169     0.011625
        217      3.7      0.0                 -26.21944275    -0.00003628         2.7282         8.5489     0.012157
        218      3.9      0.0                 -26.21955609    -0.00011334         2.0340         8.6959     0.011711
        219      3.9      0.0                 -26.21961903    -0.00006295         3.0219        12.2927     0.017422
        220      3.7      0.0                 -26.21976374    -0.00014471         2.1597         7.0920     0.015853
        221      3.8      0.1                 -26.21980944    -0.00004569         3.0745        18.8911     0.015208
        222      3.7      0.0                 -26.21994917    -0.00013974         2.2163         6.6087     0.017449
        223      4.0      0.0                 -26.21997710    -0.00002793         3.0540        18.2773     0.012059
        224      3.9      0.0                 -26.22010908    -0.00013198         2.2454         7.1177     0.014245
        225      3.7      0.1                 -26.22016869    -0.00005961         3.3356        14.5515     0.017983
        226      3.8      0.0                 -26.22032670    -0.00015801         2.3498         7.8505     0.020620
        227      3.9      0.0                 -26.22039049    -0.00006379         3.2324        17.3101     0.024016
        228      3.8      0.0                 -26.22055588    -0.00016539         2.2459         9.1157     0.014490
        229      3.8      0.0                 -26.22060778    -0.00005190         3.1089        14.4505     0.013855
        230      3.7      0.1                 -26.22075667    -0.00014889         2.3512         7.8563     0.019630
        231      3.9      0.0                 -26.22078593    -0.00002926         3.3394        22.2237     0.013418
        232      3.7      0.0                 -26.22093114    -0.00014520         2.3338         7.0649     0.018013
        233      3.7      0.0                 -26.22098519    -0.00005405         3.2404        20.6354     0.019625
        234      3.8      0.1                 -26.22113070    -0.00014551         2.3337         7.2120     0.016701
        235      3.9      0.0                 -26.22117793    -0.00004723         3.3631        21.5281     0.016376
        236      3.8      0.0                 -26.22132964    -0.00015172         2.3730         7.8015     0.027104
        237      3.8      0.0                 -26.22137761    -0.00004797         3.2500        13.8046     0.026270
        238      3.8      0.0                 -26.22154043    -0.00016282         2.5451         8.3748     0.007866
        239      3.9      0.0                 -26.22159825    -0.00005782         3.4054        14.8001     0.008257
        240      3.8      0.0                 -26.22181413    -0.00021587         3.1934        10.1431     0.068137
        241      3.8      0.0                 -26.22181655    -0.00000242         3.4121        10.6001     0.008758
        242      3.9      0.1                 -26.22206698    -0.00025043         3.5111        12.4773     0.015150
        243      3.9      0.0                 -26.22228202    -0.00021504         2.7080         9.6024     0.043142
        244      3.8      0.0                 -26.22229710    -0.00001508         3.3680        13.5318     0.015128
        245      3.7      0.0                 -26.22247373    -0.00017662         2.4862         7.6847     0.012057
        246      3.8      0.0                 -26.22251144    -0.00003772         3.4457        11.4318     0.008716
        247      3.8      0.1                 -26.22269008    -0.00017864         2.4888         8.4896     0.024723
        248      3.8      0.0                 -26.22276211    -0.00007203         3.5256        11.7569     0.028759
        249      3.8      0.0                 -26.22295613    -0.00019402         2.5036         7.4079     0.013226
        250      3.8      0.0                 -26.22300550    -0.00004937         3.4225        14.4866     0.010843
        251      3.7      0.1                 -26.22318024    -0.00017474         2.4111         6.5610     0.034992
        252      3.8      0.0                 -26.22320125    -0.00002101         3.0093        11.7641     0.017391
        253      3.9      0.0                 -26.22335521    -0.00015396         2.3364         8.3228     0.011979
        254      3.8      0.0                 -26.22337477    -0.00001956         2.7924         9.3887     0.006064
        255      3.7      0.1                 -26.22354300    -0.00016823         2.4906         8.3029     0.045530
        256      3.8      0.0                 -26.22354861    -0.00000561         2.8834        10.9790     0.010280
        257      3.9      0.0                 -26.22370184    -0.00015322         2.1841         6.7852     0.009361
        258      3.7      0.0                 -26.22371606    -0.00001422         2.8130        12.6576     0.003851
        259      3.8      0.0                 -26.22383454    -0.00011849         1.9872         6.0084     0.012743
        260      3.9      0.1                 -26.22385751    -0.00002297         2.7231        11.9593     0.008609
        261      3.8      0.0                 -26.22396324    -0.00010572         1.9417         7.8638     0.005402
        262      3.8      0.0                 -26.22400382    -0.00004058         2.7294         9.1498     0.006015
        263      3.8      0.0                 -26.22411911    -0.00011529         1.9727         5.9663     0.019026
        264      3.9      0.1                 -26.22415715    -0.00003804         2.6976         9.2184     0.019089
        265      3.8      0.0                 -26.22427582    -0.00011867         2.0095         7.5479     0.008007
        266      3.7      0.0                 -26.22428962    -0.00001380         2.4856         9.8550     0.003824
        267      3.8      0.0                 -26.22439849    -0.00010887         1.9797         6.2333     0.028904
        268      3.8      0.1                 -26.22440541    -0.00000693         2.3771         8.3277     0.009511
        269      3.7      0.0                 -26.22450988    -0.00010447         1.8055         6.3515     0.005600
        270      3.8      0.0                 -26.22453194    -0.00002206         2.4288        10.0093     0.004018
        271      3.8      0.0                 -26.22462572    -0.00009378         1.7642         5.2389     0.019892
        272      3.7      0.0                 -26.22463007    -0.00000434         2.0946         6.8089     0.005334
        273      3.8      0.1                 -26.22469949    -0.00006943         1.5680         4.4400     0.004078
        274      3.7      0.0                 -26.22471548    -0.00001598         2.1440         7.3742     0.003112
        275      3.7      0.0                 -26.22479026    -0.00007478         1.5352         4.3534     0.012294
        276      3.7      0.0                 -26.22481237    -0.00002211         2.1028         7.3620     0.011285
        277      3.8      0.1                 -26.22488271    -0.00007034         1.5495         4.7319     0.004357
        278      3.8      0.0                 -26.22489410    -0.00001139         2.1152         8.8181     0.002599
        279      3.9      0.0                 -26.22495819    -0.00006409         1.5081         4.8234     0.005570
        280      3.9      0.0                 -26.22498297    -0.00002479         2.1554        11.8312     0.006233
        281      3.7      0.1                 -26.22504848    -0.00006551         1.5246         5.4357     0.007162
        282      3.8      0.0                 -26.22506584    -0.00001736         2.1432        14.4113     0.006052
        283      3.7      0.0                 -26.22512528    -0.00005944         1.4225         4.7970     0.005855
        284      3.7      0.0                 -26.22513983    -0.00001454         1.9058        11.8103     0.004664
        285      3.7      0.0                 -26.22518863    -0.00004880         1.3276         4.4723     0.004481
        286      3.7      0.1                 -26.22520490    -0.00001628         1.8451        11.4419     0.004481
        287      3.8      0.0                 -26.22525113    -0.00004622         1.2837         3.3715     0.003216
        288      3.8      0.0                 -26.22526223    -0.00001110         1.7352         9.2069     0.002529
        289      3.8      0.0                 -26.22530348    -0.00004125         1.1810         3.1861     0.010024
        290      3.9      0.1                 -26.22531151    -0.00000803         1.5050         4.5515     0.006807
        291      3.7      0.0                 -26.22534758    -0.00003607         1.0785         3.5013     0.003683
        292      3.7      0.0                 -26.22535540    -0.00000782         1.4146         4.0630     0.002692
        293      3.7      0.0                 -26.22539030    -0.00003490         1.0476         2.8995     0.007688
        294      3.7      0.1                 -26.22539924    -0.00000894         1.4735         5.6752     0.006340
        295      3.8      0.0                 -26.22543426    -0.00003503         1.0512         3.2348     0.003064
        296      3.9      0.0                 -26.22544324    -0.00000898         1.4699         4.7807     0.002523
        297      3.7      0.0                 -26.22547647    -0.00003323         1.0343         3.5100     0.003963
        298      3.8      0.0                 -26.22548701    -0.00001054         1.4509         5.1802     0.003818
        299      3.9      0.1                 -26.22551723    -0.00003022         1.0206         2.6574     0.003747
        300      3.9      0.0                 -26.22552279    -0.00000557         1.3951         5.0715     0.002441
        301      3.8      0.0                 -26.22555050    -0.00002770         1.0324         3.2698     0.003323
        302      3.8      0.0                 -26.22556700    -0.00001651         1.4981         4.7182     0.005219
        303      3.9      0.1                 -26.22560110    -0.00003409         1.0288         2.8931     0.006479
        304      4.0      0.0                 -26.22560904    -0.00000794         1.4058         6.0406     0.004984
        305      3.7      0.0                 -26.22563782    -0.00002878         0.9485         2.6891     0.004184


The minimization has converged.


>>> Timing data >>>
    Minimization loop was running for 1225.412 seconds ( 0:20:25.412 h:m:s).
    Performance: 4.018 seconds/step.
    Time spent within the MD module (overhead): 31.837 seconds (2.5981 % of total time).
<<< Timing data <<<


Finished minimization loop.



>>>>>> Dump Position, Format, PDB, Stride, 0, Filename, "mm_opt.pdb", Replace

Writing a single position snapshot for region "all": Format PDB, filename "mm_opt.pdb", replace.


###############################################################
########        Finished Executing Input Script        ########
###############################################################


    3 function calls, 0 operator calls, 27 evaluated expressions.


Timings for individual modules during the MD run:

MM module                       ...     1189.246 sec (=  19.821 min) 100.0 %
Self time inside of MD module   ...       35.600 sec (=   0.593 min)   2.9 %

Sum of individual times         ...     1224.846 sec (=  20.414 min)

Total wall time of MD module    ...     1228.993 sec (=  20.483 min)
             --> "dark time"    ...        4.147 sec (=   0.069 min)   0.3 %

( The "dark time" is spent in the ORCA-internal routines for energy and gradient calculation,
  but not inside of the sub-programs which do so. It contains operating system overhead for
  spawning new processes in each MD step and some file IO time. )



    #########################################################
    ####    ORCA ab initio Molecular Dynamics leaving    ####
    ####           Martin Brehm, 2016 - 2022             ####
    ####        https://brehm-research.de/orcamd         ####
    #########################################################

