            --------------------------------------------------------
                             AMBER SQM VERSION 19
 
                                     By
              Ross C. Walker, Michael F. Crowley, Scott Brozell,
                         Tim Giese, Andreas W. Goetz,
                        Tai-Sung Lee and David A. Case
 
            --------------------------------------------------------
 

--------------------------------------------------------------------------------
  QM CALCULATION INFO
--------------------------------------------------------------------------------

| QMMM: Citation for AMBER QMMM Run:
| QMMM: R.C. Walker, M.F. Crowley and D.A. Case, J. COMP. CHEM. 29:1019, 2008

QMMM: SINGLET STATE CALCULATION
QMMM: RHF CALCULATION, NO. OF DOUBLY OCCUPIED LEVELS = 89

| QMMM: *** Selected Hamiltonian *** 
| QMMM: AM1         

| QMMM: *** Parameter sets in use ***
| QMMM: S : M.J.S.DEWAR et al. INORG. CHEM., 29, 3881, (1990)
| QMMM: C : M.J.S.DEWAR et al. JACS, 107, 3902, (1985)
| QMMM: N : M.J.S.DEWAR et al. JACS, 107, 3902, (1985)
| QMMM: O : M.J.S.DEWAR et al. JACS, 107, 3902, (1985)
| QMMM: P : M.J.S.DEWAR et al. THEOCHEM, 187,1, (1989)
| QMMM: H : M.J.S.DEWAR et al. JACS, 107, 3902, (1985)

| QMMM: *** SCF convergence criteria ***
| QMMM: Energy change                :  0.1D-09 kcal/mol
| QMMM: Error matrix |FP-PF|         :  0.1D+00 au
| QMMM: Density matrix change        :  0.5D-06
| QMMM: Maximum number of SCF cycles :     1000

| QMMM: *** Diagonalization Routine Information ***
| QMMM: Pseudo diagonalizations are allowed.
| QMMM: Auto diagonalization routine selection is in use.
| QMMM:
| QMMM: Timing diagonalization routines:
| QMMM:                              norbs =      146
| QMMM:    diag iterations used for timing =       10
| QMMM:
| QMMM:              Internal diag routine = 0.050544 seconds
| QMMM:                 Dspev diag routine = 0.053998 seconds
| QMMM:                Dspevd diag routine = 0.035437 seconds
| QMMM:                Dspevx diag routine = 0.169011 seconds
| QMMM:                 Dsyev diag routine = 0.054218 seconds
| QMMM:                Dsyevd diag routine = 0.039281 seconds
| QMMM:                Dsyevr diag routine = 0.041825 seconds
| QMMM:
| QMMM:                Pseudo diag routine = 0.024138 seconds
| QMMM:
| QMMM: Using dspevd routine (diag_routine=3).

  QMMM: QM Region Cartesian Coordinates (*=link atom) 
  QMMM: QM_NO.   MM_NO.  ATOM         X         Y         Z
  QMMM:     1        1      S      -36.3230  -34.6810   24.2950
  QMMM:     2        2      C      -34.9450  -35.2240   23.4370
  QMMM:     3        3      N      -33.8270  -34.9430   24.1300
  QMMM:     4        4      C      -34.0480  -34.4030   25.4050
  QMMM:     5        5      C      -35.3790  -34.2180   25.6950
  QMMM:     6        6      C      -35.9910  -33.8260   27.0090
  QMMM:     7        7      C      -36.3560  -32.3460   27.2040
  QMMM:     8        8      O      -36.7330  -32.1670   28.5530
  QMMM:     9        9      P      -37.9460  -31.0730   28.8720
  QMMM:    10       10      P      -39.9240  -33.3160   28.4880
  QMMM:    11       11      N      -30.0550  -32.1620   23.6090
  QMMM:    12       12      O      -37.6780  -29.7330   28.2890
  QMMM:    13       13      O      -40.1100  -33.2480   30.0580
  QMMM:    14       14      C      -30.6350  -31.3410   22.7120
  QMMM:    15       15      O      -38.0710  -31.1200   30.4170
  QMMM:    16       16      O      -38.8680  -34.3750   28.0700
  QMMM:    17       17      N      -31.7610  -31.6030   22.0610
  QMMM:    18       18      O      -39.2130  -31.7800   28.1710
  QMMM:    19       19      O      -41.1470  -33.3680   27.6390
  QMMM:    20       20      C      -32.4060  -32.7850   22.2680
  QMMM:    21       21      N      -33.5310  -33.0070   21.5900
  QMMM:    22       22      C      -31.8580  -33.7270   23.2130
  QMMM:    23       23      C      -30.6860  -33.3280   23.8310
  QMMM:    24       24      C      -32.4550  -35.0660   23.5700
  QMMM:    25       25      C      -29.9750  -30.0220   22.4260
  QMMM:    26       26      C      -32.9010  -34.2010   26.3350
  QMMM:    27       27      H      -36.9120  -34.3970   27.2190
  QMMM:    28       28      H      -35.2710  -34.0890   27.8040
  QMMM:    29       29      H      -35.4920  -31.6960   26.9770
  QMMM:    30       30      H      -37.1730  -32.0700   26.5100
  QMMM:    31       31      H      -33.8450  -32.2780   20.9510
  QMMM:    32       32      H      -33.8620  -34.0170   21.4290
  QMMM:    33       33      H      -30.2180  -33.9990   24.5650
  QMMM:    34       34      H      -32.5390  -35.7470   22.7140
  QMMM:    35       35      H      -31.8220  -35.5530   24.3280
  QMMM:    36       36      H      -29.8780  -29.4340   23.3510
  QMMM:    37       37      H      -30.5490  -29.4490   21.6850
  QMMM:    38       38      H      -28.9520  -30.1750   22.0480
  QMMM:    39       39      H      -32.3260  -35.1380   26.4430
  QMMM:    40       40      H      -33.2730  -33.9010   27.3240
  QMMM:    41       41      H      -32.2110  -33.4180   25.9810
  QMMM:    42       42      C      -34.7120  -37.5460   22.4390
  QMMM:    43       43      C      -35.0050  -35.9810   22.0980
  QMMM:    44       44      O      -33.4610  -37.8290   22.5300
  QMMM:    45       45      O      -35.6570  -38.3300   22.5410
  QMMM:    46       46      O      -34.0540  -35.5080   21.2460
  QMMM:    47       47      C      -36.3970  -35.8230   21.4890
  QMMM:    48       48      H      -37.1810  -35.9790   22.2360
  QMMM:    49       49      H      -36.5230  -36.5470   20.6820
  QMMM:    50       50      H      -36.5020  -34.8070   21.0990

--------------------------------------------------------------------------------
  RESULTS
--------------------------------------------------------------------------------

      iter         sqm energy              rms gradient
      ----    -------------------    -----------------------
xmin    10     -314.3552 kcal/mol        1.4904 kcal/(mol*A)
xmin    20     -318.7747 kcal/mol        1.0853 kcal/(mol*A)
xmin    30     -360.2210 kcal/mol        1.6135 kcal/(mol*A)
xmin    40     -361.0209 kcal/mol        0.1779 kcal/(mol*A)
xmin    50     -361.1681 kcal/mol        0.1421 kcal/(mol*A)
xmin    60     -361.1919 kcal/mol        0.0383 kcal/(mol*A)
xmin    70     -361.1973 kcal/mol        0.0304 kcal/(mol*A)
xmin    80     -361.2007 kcal/mol        0.0112 kcal/(mol*A)
xmin    90     -361.2008 kcal/mol        0.0010 kcal/(mol*A)
  ... geometry converged !
 
 Final MO eigenvalues (eV):
 -30.8060  -29.9117  -28.5256  -27.0153  -26.3951  -25.7363  -24.7251  -24.0528
 -23.4423  -23.0607  -22.4108  -21.8987  -21.7367  -21.5167  -21.0845  -21.0678
 -20.9723  -20.8937  -20.8377  -17.8265  -16.1176  -15.1910  -13.9820  -13.1314
 -12.9157  -11.8417  -10.1172   -9.2346   -8.9075   -8.7406   -8.3328   -7.9985
  -7.6541   -7.3517   -6.7785   -6.6549   -6.3024   -5.9857   -5.7869   -5.5884
  -5.5035   -5.1892   -5.1365   -5.0289   -4.6681   -4.5125   -4.3675   -4.3510
  -4.1673   -3.9965   -3.7235   -3.6814   -3.4240   -3.3435   -3.2216   -3.1033
  -3.0277   -2.6943   -2.4826   -2.4149   -2.3271   -2.3158   -2.0829   -1.8845
  -1.2646   -1.1975   -1.0796   -1.0291   -0.9032   -0.8418   -0.5939   -0.4451
  -0.3282   -0.0048    0.2798    0.4000    0.5237    0.5813    0.7572    0.8248
   0.8325    0.9200    1.1339    1.2038    1.4479    1.5028    1.6029    2.0029
   2.4416    9.7355   10.5357   10.5604   10.9353   11.8181   11.8912   12.0269
  12.1001   12.1642   12.1929   12.6921   12.7391   13.0385   13.1807   13.2884
  13.5561   13.6995   13.7813   13.8935   13.9644   14.0106   14.0405   14.1003
  14.1406   14.1567   14.2317   14.3918   14.4588   14.4663   14.6423   14.6740
  14.7711   14.8117   14.8566   14.8857   14.8994   15.0112   15.0892   15.2868
  15.3289   15.5583   15.6846   15.7749   16.0942   16.2336   16.5248   16.6986
  16.8254   17.0203   18.1078   18.1194   18.5520   18.9833   19.7646   19.9890
  20.0843   20.7749

 Heat of formation   =       -361.20079953 kcal/mol  (      -15.66284201 eV)

 Total SCF energy    =    -153377.56821808 kcal/mol  (    -6650.95044526 eV)
 Electronic energy   =   -1206139.13283056 kcal/mol  (   -52302.11755043 eV)
 Core-core repulsion =    1052761.56461248 kcal/mol  (    45651.16710518 eV)
 
    Atomic Charges for Step       1 :
  Atom    Element       Mulliken Charge
     1      S                  1.199
     2      C                 -0.509
     3      N                 -0.008
     4      C                 -0.088
     5      C                 -0.483
     6      C                 -0.124
     7      C                  0.061
     8      O                 -0.762
     9      P                  2.701
    10      P                  2.766
    11      N                 -0.376
    12      O                 -1.230
    13      O                 -1.244
    14      C                  0.037
    15      O                 -1.223
    16      O                 -1.173
    17      N                 -0.380
    18      O                 -1.299
    19      O                 -1.240
    20      C                  0.119
    21      N                 -0.378
    22      C                 -0.257
    23      C                 -0.032
    24      C                  0.017
    25      C                 -0.136
    26      C                 -0.141
    27      H                  0.137
    28      H                  0.046
    29      H                  0.014
    30      H                  0.078
    31      H                  0.083
    32      H                  0.203
    33      H                  0.113
    34      H                  0.146
    35      H                  0.100
    36      H                  0.053
    37      H                  0.055
    38      H                  0.046
    39      H                  0.055
    40      H                  0.073
    41      H                  0.087
    42      C                  0.352
    43      C                  0.077
    44      O                 -0.584
    45      O                 -0.605
    46      O                 -0.350
    47      C                 -0.212
    48      H                  0.092
    49      H                  0.076
    50      H                  0.049
 Total Mulliken Charge =      -4.000
 
                  X        Y        Z     TOTAL  
  QM DIPOLE   697.540  654.239 -491.596 1075.294
 
 Final Structure

  QMMM: QM Region Cartesian Coordinates (*=link atom) 
  QMMM: QM_NO.   MM_NO.  ATOM         X         Y         Z
  QMMM:     1        1      S      -36.5014  -34.6881   25.1708
  QMMM:     2        2      C      -35.3589  -34.9742   23.9109
  QMMM:     3        3      N      -34.1396  -34.3925   24.1503
  QMMM:     4        4      C      -34.1511  -33.7157   25.3753
  QMMM:     5        5      C      -35.3813  -33.8135   26.0345
  QMMM:     6        6      C      -35.6813  -33.2789   27.3771
  QMMM:     7        7      C      -36.3705  -31.9089   27.3336
  QMMM:     8        8      O      -37.0095  -31.6242   28.5365
  QMMM:     9        9      P      -38.6802  -31.7024   28.5176
  QMMM:    10       10      P      -38.9435  -34.7861   27.4457
  QMMM:    11       11      N      -29.6400  -32.8274   23.6035
  QMMM:    12       12      O      -39.1144  -30.6963   27.5168
  QMMM:    13       13      O      -38.4147  -35.6463   28.5343
  QMMM:    14       14      C      -29.9033  -31.7834   22.7488
  QMMM:    15       15      O      -39.1054  -31.5348   29.9299
  QMMM:    16       16      O      -37.8951  -34.7785   26.2404
  QMMM:    17       17      N      -31.0432  -31.5263   22.0915
  QMMM:    18       18      O      -38.8445  -33.2028   27.9756
  QMMM:    19       19      O      -40.3239  -35.0070   26.9447
  QMMM:    20       20      C      -32.1404  -32.4170   22.2767
  QMMM:    21       21      N      -33.2921  -32.2603   21.6619
  QMMM:    22       22      C      -31.9305  -33.5590   23.1904
  QMMM:    23       23      C      -30.6888  -33.6774   23.7869
  QMMM:    24       24      C      -32.9435  -34.6415   23.3599
  QMMM:    25       25      C      -28.7539  -30.8144   22.5346
  QMMM:    26       26      C      -32.9831  -32.9622   25.8809
  QMMM:    27       27      H      -36.3845  -34.0075   27.8876
  QMMM:    28       28      H      -34.7579  -33.2097   28.0074
  QMMM:    29       29      H      -35.5867  -31.1158   27.1578
  QMMM:    30       30      H      -37.1121  -31.8755   26.4871
  QMMM:    31       31      H      -33.3282  -31.4545   21.0719
  QMMM:    32       32      H      -35.3111  -34.1703   21.6587
  QMMM:    33       33      H      -30.4803  -34.5182   24.4740
  QMMM:    34       34      H      -33.2903  -34.9711   22.3337
  QMMM:    35       35      H      -32.4416  -35.5413   23.8328
  QMMM:    36       36      H      -28.4891  -30.3283   23.5047
  QMMM:    37       37      H      -29.0189  -30.0174   21.7994
  QMMM:    38       38      H      -27.8588  -31.3637   22.1544
  QMMM:    39       39      H      -32.1099  -33.6433   26.0461
  QMMM:    40       40      H      -33.2431  -32.4652   26.8473
  QMMM:    41       41      H      -32.6730  -32.1749   25.1476
  QMMM:    42       42      C      -34.9702  -37.1823   22.6022
  QMMM:    43       43      C      -35.6882  -35.7893   22.6870
  QMMM:    44       44      O      -33.7999  -37.3122   23.0584
  QMMM:    45       45      O      -35.5903  -38.1379   22.0464
  QMMM:    46       46      O      -35.3304  -35.1162   21.4707
  QMMM:    47       47      C      -37.2048  -35.9969   22.6642
  QMMM:    48       48      H      -37.5415  -36.4555   23.6251
  QMMM:    49       49      H      -37.4632  -36.6849   21.8247
  QMMM:    50       50      H      -37.7291  -35.0230   22.5176

           --------- Calculation Completed ----------

