            --------------------------------------------------------
                             AMBER SQM VERSION 19
 
                                     By
              Ross C. Walker, Michael F. Crowley, Scott Brozell,
                         Tim Giese, Andreas W. Goetz,
                        Tai-Sung Lee and David A. Case
 
            --------------------------------------------------------
 

--------------------------------------------------------------------------------
  QM CALCULATION INFO
--------------------------------------------------------------------------------

| QMMM: Citation for AMBER QMMM Run:
| QMMM: R.C. Walker, M.F. Crowley and D.A. Case, J. COMP. CHEM. 29:1019, 2008

QMMM: SINGLET STATE CALCULATION
QMMM: RHF CALCULATION, NO. OF DOUBLY OCCUPIED LEVELS =103

| QMMM: *** Selected Hamiltonian *** 
| QMMM: AM1         

| QMMM: *** Parameter sets in use ***
| QMMM: S : M.J.S.DEWAR et al. INORG. CHEM., 29, 3881, (1990)
| QMMM: C : M.J.S.DEWAR et al. JACS, 107, 3902, (1985)
| QMMM: N : M.J.S.DEWAR et al. JACS, 107, 3902, (1985)
| QMMM: O : M.J.S.DEWAR et al. JACS, 107, 3902, (1985)
| QMMM: P : M.J.S.DEWAR et al. THEOCHEM, 187,1, (1989)
| QMMM: H : M.J.S.DEWAR et al. JACS, 107, 3902, (1985)

| QMMM: *** SCF convergence criteria ***
| QMMM: Energy change                :  0.1D-09 kcal/mol
| QMMM: Error matrix |FP-PF|         :  0.1D+00 au
| QMMM: Density matrix change        :  0.5D-06
| QMMM: Maximum number of SCF cycles :     1000

| QMMM: *** Diagonalization Routine Information ***
| QMMM: Pseudo diagonalizations are allowed.
| QMMM: Auto diagonalization routine selection is in use.
| QMMM:
| QMMM: Timing diagonalization routines:
| QMMM:                              norbs =      174
| QMMM:    diag iterations used for timing =        5
| QMMM:
| QMMM:              Internal diag routine = 0.043546 seconds
| QMMM:                 Dspev diag routine = 0.042561 seconds
| QMMM:                Dspevd diag routine = 0.029250 seconds
| QMMM:                Dspevx diag routine = 0.134316 seconds
| QMMM:                 Dsyev diag routine = 0.044995 seconds
| QMMM:                Dsyevd diag routine = 0.032648 seconds
| QMMM:                Dsyevr diag routine = 0.034626 seconds
| QMMM:
| QMMM:                Pseudo diag routine = 0.020623 seconds
| QMMM:
| QMMM: Using dspevd routine (diag_routine=3).

  QMMM: QM Region Cartesian Coordinates (*=link atom) 
  QMMM: QM_NO.   MM_NO.  ATOM         X         Y         Z
  QMMM:     1        1      S      -36.3230  -34.6810   24.2950
  QMMM:     2        2      C      -34.9450  -35.2240   23.4370
  QMMM:     3        3      N      -33.8270  -34.9430   24.1300
  QMMM:     4        4      C      -34.0480  -34.4030   25.4050
  QMMM:     5        5      C      -35.3790  -34.2180   25.6950
  QMMM:     6        6      C      -35.9910  -33.8260   27.0090
  QMMM:     7        7      C      -36.3560  -32.3460   27.2040
  QMMM:     8        8      O      -36.7330  -32.1670   28.5530
  QMMM:     9        9      P      -37.9460  -31.0730   28.8720
  QMMM:    10       10      P      -39.9240  -33.3160   28.4880
  QMMM:    11       11      N      -30.0550  -32.1620   23.6090
  QMMM:    12       12      O      -37.6780  -29.7330   28.2890
  QMMM:    13       13      O      -40.1100  -33.2480   30.0580
  QMMM:    14       14      C      -30.6350  -31.3410   22.7120
  QMMM:    15       15      O      -38.0710  -31.1200   30.4170
  QMMM:    16       16      O      -38.8680  -34.3750   28.0700
  QMMM:    17       17      N      -31.7610  -31.6030   22.0610
  QMMM:    18       18      O      -39.2130  -31.7800   28.1710
  QMMM:    19       19      O      -41.1470  -33.3680   27.6390
  QMMM:    20       20      C      -32.4060  -32.7850   22.2680
  QMMM:    21       21      N      -33.5310  -33.0070   21.5900
  QMMM:    22       22      C      -31.8580  -33.7270   23.2130
  QMMM:    23       23      C      -30.6860  -33.3280   23.8310
  QMMM:    24       24      C      -32.4550  -35.0660   23.5700
  QMMM:    25       25      C      -29.9750  -30.0220   22.4260
  QMMM:    26       26      C      -32.9010  -34.2010   26.3350
  QMMM:    27       27      H      -36.9120  -34.3970   27.2190
  QMMM:    28       28      H      -35.2710  -34.0890   27.8040
  QMMM:    29       29      H      -35.4920  -31.6960   26.9770
  QMMM:    30       30      H      -37.1730  -32.0700   26.5100
  QMMM:    31       31      H      -33.8450  -32.2780   20.9510
  QMMM:    32       32      H      -33.8620  -34.0170   21.4290
  QMMM:    33       33      H      -30.2180  -33.9990   24.5650
  QMMM:    34       34      H      -32.5390  -35.7470   22.7140
  QMMM:    35       35      H      -31.8220  -35.5530   24.3280
  QMMM:    36       36      H      -29.8780  -29.4340   23.3510
  QMMM:    37       37      H      -30.5490  -29.4490   21.6850
  QMMM:    38       38      H      -28.9520  -30.1750   22.0480
  QMMM:    39       39      H      -32.3260  -35.1380   26.4430
  QMMM:    40       40      H      -33.2730  -33.9010   27.3240
  QMMM:    41       41      H      -32.2110  -33.4180   25.9810
  QMMM:    42       42      C      -34.7120  -37.5460   22.4390
  QMMM:    43       43      C      -35.0050  -35.9810   22.0980
  QMMM:    44       44      O      -33.4610  -37.8290   22.5300
  QMMM:    45       45      O      -35.6570  -38.3300   22.5410
  QMMM:    46       46      O      -34.0540  -35.5080   21.2460
  QMMM:    47       47      C      -36.3990  -35.8230   21.4880
  QMMM:    48       48      C      -37.3490  -34.8900   22.1960
  QMMM:    49       49      H      -36.8240  -36.8360   21.4600
  QMMM:    50       50      H      -36.3110  -35.5220   20.4370
  QMMM:    51       51      C      -37.0490  -33.5340   22.3800
  QMMM:    52       52      C      -38.6220  -35.3510   22.5670
  QMMM:    53       53      C      -38.0010  -32.6620   22.9200
  QMMM:    54       54      H      -36.0880  -33.1200   22.0810
  QMMM:    55       55      C      -39.5710  -34.4790   23.1000
  QMMM:    56       56      H      -38.8960  -36.3950   22.4200
  QMMM:    57       57      C      -39.2640  -33.1330   23.2730
  QMMM:    58       58      H      -37.7630  -31.6090   23.0440
  QMMM:    59       59      H      -40.5600  -34.8480   23.3630
  QMMM:    60       60      H      -40.0090  -32.4500   23.6720

--------------------------------------------------------------------------------
  RESULTS
--------------------------------------------------------------------------------

      iter         sqm energy              rms gradient
      ----    -------------------    -----------------------
xmin    10     -283.0079 kcal/mol        2.2996 kcal/(mol*A)
xmin    20     -292.0382 kcal/mol        1.3560 kcal/(mol*A)
xmin    30     -314.9023 kcal/mol        8.3069 kcal/(mol*A)
xmin    40     -337.8140 kcal/mol        2.1371 kcal/(mol*A)
xmin    50     -338.9026 kcal/mol        0.2726 kcal/(mol*A)
xmin    60     -339.0932 kcal/mol        0.6195 kcal/(mol*A)
xmin    70     -341.1919 kcal/mol        1.4012 kcal/(mol*A)
xmin    80     -344.5365 kcal/mol        0.9752 kcal/(mol*A)
xmin    90     -345.1740 kcal/mol        0.0798 kcal/(mol*A)
xmin   100     -345.2073 kcal/mol        0.0143 kcal/(mol*A)
xmin   110     -345.2089 kcal/mol        0.0073 kcal/(mol*A)
xmin   120     -345.2090 kcal/mol        0.0006 kcal/(mol*A)
  ... geometry converged !
 
 Final MO eigenvalues (eV):
 -30.9831  -30.5236  -29.7212  -28.5890  -27.2782  -26.5057  -25.5903  -24.5982
 -24.2771  -23.8824  -23.6938  -23.3053  -23.1071  -22.4543  -22.1476  -21.8916
 -21.7261  -21.5514  -21.4783  -20.9749  -20.8638  -20.1241  -17.8659  -16.5986
 -15.4977  -14.3103  -13.9199  -13.6756  -12.8518  -12.4061  -11.8874  -10.1583
  -9.5178   -9.2942   -8.8779   -8.6885   -8.5135   -8.0495   -7.7210   -7.3960
  -7.1238   -7.1201   -6.8958   -6.5963   -6.3649   -6.0342   -5.9953   -5.7495
  -5.3848   -5.3506   -5.2179   -5.0867   -4.9746   -4.7600   -4.6727   -4.5582
  -4.4541   -4.3430   -4.2622   -4.1430   -3.9737   -3.8625   -3.7515   -3.6498
  -3.6016   -3.3864   -3.3281   -3.0830   -2.9154   -2.8502   -2.7504   -2.5446
  -2.5191   -2.2939   -2.2023   -2.1313   -1.7042   -1.6834   -1.3766   -1.3010
  -0.9668   -0.8731   -0.8089   -0.7525   -0.7034   -0.6428   -0.4215   -0.3342
  -0.2487    0.0919    0.2545    0.5049    0.5103    0.5689    0.5946    0.6197
   0.6855    0.7599    0.8489    0.8815    1.5185    1.8024    2.6415    9.2249
   9.4088    9.9378   10.6632   10.7558   10.8664   11.7343   11.7907   12.0136
  12.0495   12.1944   12.2104   12.2805   12.3500   12.4079   12.4300   12.8653
  12.8819   13.1891   13.3441   13.3865   13.4211   13.6177   13.6248   13.6414
  13.6503   13.7754   13.8092   13.8800   13.9159   13.9476   13.9986   14.0356
  14.1090   14.1552   14.2248   14.2982   14.3328   14.3418   14.3617   14.4994
  14.5099   14.6554   14.7125   14.7269   14.7719   14.8657   14.9018   14.9569
  15.0080   15.0468   15.0832   15.2047   15.3133   15.3278   15.5696   16.0002
  16.0953   16.1880   16.3174   16.3824   16.8561   17.1252   17.7093   18.0990
  18.1328   18.9880   19.0042   19.5805   19.6294   20.1658

 Heat of formation   =       -345.20896406 kcal/mol  (      -14.96938398 eV)

 Total SCF energy    =    -172363.37454740 kcal/mol  (    -7474.23678710 eV)
 Electronic energy   =   -1536537.00515333 kcal/mol  (   -66629.24440195 eV)
 Core-core repulsion =    1364173.63060593 kcal/mol  (    59155.00761484 eV)
 
    Atomic Charges for Step       1 :
  Atom    Element       Mulliken Charge
     1      S                  1.438
     2      C                 -0.671
     3      N                 -0.037
     4      C                 -0.004
     5      C                 -0.681
     6      C                 -0.073
     7      C                  0.052
     8      O                 -0.764
     9      P                  2.703
    10      P                  2.767
    11      N                 -0.354
    12      O                 -1.223
    13      O                 -1.231
    14      C                  0.031
    15      O                 -1.216
    16      O                 -1.162
    17      N                 -0.392
    18      O                 -1.297
    19      O                 -1.228
    20      C                  0.126
    21      N                 -0.426
    22      C                 -0.261
    23      C                 -0.013
    24      C                  0.006
    25      C                 -0.135
    26      C                 -0.159
    27      H                  0.087
    28      H                  0.037
    29      H                  0.014
    30      H                  0.085
    31      H                  0.074
    32      H                  0.179
    33      H                  0.155
    34      H                  0.096
    35      H                  0.172
    36      H                  0.053
    37      H                  0.051
    38      H                  0.048
    39      H                  0.075
    40      H                  0.073
    41      H                  0.099
    42      C                  0.358
    43      C                  0.114
    44      O                 -0.564
    45      O                 -0.606
    46      O                 -0.336
    47      C                 -0.157
    48      C                 -0.053
    49      H                  0.110
    50      H                  0.112
    51      C                 -0.139
    52      C                 -0.098
    53      C                 -0.184
    54      H                  0.136
    55      C                 -0.132
    56      H                  0.239
    57      C                 -0.186
    58      H                  0.078
    59      H                  0.140
    60      H                  0.077
 Total Mulliken Charge =      -4.000
 
                  X        Y        Z     TOTAL  
  QM DIPOLE   691.494  652.815 -489.262 1069.443
 
 Final Structure

  QMMM: QM Region Cartesian Coordinates (*=link atom) 
  QMMM: QM_NO.   MM_NO.  ATOM         X         Y         Z
  QMMM:     1        1      S      -35.9011  -35.0030   25.6046
  QMMM:     2        2      C      -35.2446  -34.7647   24.0920
  QMMM:     3        3      N      -34.2198  -33.8052   24.1121
  QMMM:     4        4      C      -34.0700  -33.2787   25.3782
  QMMM:     5        5      C      -34.9336  -33.8737   26.3180
  QMMM:     6        6      C      -34.9987  -33.5193   27.7451
  QMMM:     7        7      C      -35.8840  -32.3010   28.0397
  QMMM:     8        8      O      -36.5384  -32.4594   29.2594
  QMMM:     9        9      P      -38.2014  -32.4135   29.2236
  QMMM:    10       10      P      -38.8101  -34.8503   27.1372
  QMMM:    11       11      N      -29.8178  -33.5741   23.6324
  QMMM:    12       12      O      -38.5532  -31.0940   28.6483
  QMMM:    13       13      O      -38.7628  -36.1214   27.8962
  QMMM:    14       14      C      -29.4456  -32.3044   23.2745
  QMMM:    15       15      O      -38.6371  -32.7511   30.5998
  QMMM:    16       16      O      -37.5248  -34.7991   26.1539
  QMMM:    17       17      N      -30.2316  -31.3156   22.8143
  QMMM:    18       18      O      -38.4935  -33.6083   28.1777
  QMMM:    19       19      O      -40.0078  -34.5124   26.3288
  QMMM:    20       20      C      -31.6217  -31.5757   22.6779
  QMMM:    21       21      N      -32.4539  -30.6689   22.1968
  QMMM:    22       22      C      -32.0980  -32.9136   23.0821
  QMMM:    23       23      C      -31.1508  -33.8284   23.5109
  QMMM:    24       24      C      -33.5239  -33.3348   22.9215
  QMMM:    25       25      C      -27.9666  -31.9919   23.4170
  QMMM:    26       26      C      -33.1225  -32.1880   25.7048
  QMMM:    27       27      H      -35.4018  -34.3939   28.3261
  QMMM:    28       28      H      -33.9656  -33.3209   28.1394
  QMMM:    29       29      H      -35.2245  -31.3856   28.1053
  QMMM:    30       30      H      -36.6299  -32.1375   27.2147
  QMMM:    31       31      H      -32.0067  -29.8065   21.9613
  QMMM:    32       32      H      -36.1296  -33.7996   21.9477
  QMMM:    33       33      H      -31.4607  -34.8568   23.7793
  QMMM:    34       34      H      -34.1394  -32.4953   22.4898
  QMMM:    35       35      H      -33.5372  -34.2074   22.1886
  QMMM:    36       36      H      -27.6622  -32.0984   24.4864
  QMMM:    37       37      H      -27.7300  -30.9533   23.0832
  QMMM:    38       38      H      -27.3672  -32.7065   22.8026
  QMMM:    39       39      H      -32.0859  -32.5979   25.8050
  QMMM:    40       40      H      -33.4238  -31.7127   26.6708
  QMMM:    41       41      H      -33.1117  -31.4059   24.9037
  QMMM:    42       42      C      -34.7195  -36.6483   22.4684
  QMMM:    43       43      C      -35.6908  -35.4635   22.8390
  QMMM:    44       44      O      -33.5943  -36.3828   21.9653
  QMMM:    45       45      O      -35.1194  -37.8364   22.6556
  QMMM:    46       46      O      -35.6688  -34.6077   21.6943
  QMMM:    47       47      C      -37.1254  -36.0180   23.0227
  QMMM:    48       48      C      -38.2270  -35.1671   22.4931
  QMMM:    49       49      H      -37.3075  -36.2341   24.1107
  QMMM:    50       50      H      -37.1667  -37.0087   22.4880
  QMMM:    51       51      C      -38.3867  -35.0101   21.1074
  QMMM:    52       52      C      -39.1545  -34.5667   23.3564
  QMMM:    53       53      C      -39.4577  -34.2840   20.5918
  QMMM:    54       54      H      -37.6321  -35.4491   20.4368
  QMMM:    55       55      C      -40.2261  -33.8402   22.8332
  QMMM:    56       56      H      -39.0556  -34.6514   24.4705
  QMMM:    57       57      C      -40.3853  -33.7007   21.4555
  QMMM:    58       58      H      -39.5660  -34.1641   19.5057
  QMMM:    59       59      H      -40.9375  -33.3804   23.5359
  QMMM:    60       60      H      -41.2295  -33.1276   21.0502

           --------- Calculation Completed ----------

