
Will write log file to "mm_opt.md.log".

Command line:  /software/orca/5.0.4/orca_5_0_4_linux_x86-64_openmpi411/orca_md mm_opt orca


    ################################################################
    ########    ORCA ab initio Molecular Dynamics Module    ########
    ########          and SANscript Interpreter             ########
    ########          Martin Brehm, 2016 - 2022             ########
    ########       https://brehm-research.de/orcamd         ########
    ################################################################


  * Compiled as ORCA module.
  * Called from ORCA.
  * Base name: "mm_opt"
  * Source code version: Jan 31 2022
  * Compiled at Mar  1 2023 11:25:12, compiler "Clang 12.0.0 (/home/frankw/CompEnv/src/llvm1200/llvm-project/clang d28af7c654d8db0b68c175db5ce212d74fb5e9bc)", LLVM, CLANG 12.0.0, Linux
  * Machine: x86_64, int=4b, long=8b, addr=8b, 0xA0B0C0D0=D0,C0,B0,A0.
  * Executable name: "/software/orca/5.0.4/orca_5_0_4_linux_x86-64_openmpi411/orca_md"
  * Running on qnode0702 at Tue Jul 23 17:37:13 2024 (PID 278259)
  * Running in /projects/b1039/wxk6447/INI-STRUCT-6/Out/10

Initializing SAN engine...

Started parsing input script.
Reading input file "mm_opt.mdinput" ...
204 Bytes read.
Tokenizing input...
Found 26 tokens in file.
Handling brackets...
Handling reference parentheses...
Handling keywords...
Handling operators...
Grouping commas...
Removing commas...
Handling variables...
Found unit "Bohr", converting 0.300000 Bohr to 0.158753 Angstrom...
Handling functions, iteration 1...
Handling functions, iteration 2...
Flattening tree...
Checking keyword syntax...
Finished parsing input script.

Initializing MD engine with interface "ORCA" ...


>>>>>>>>>>>>>>>>>>>>>>>>>>>>>>>>>>>>>>>>>>>>>>>>>>>>
>>>   Output of System Information (from ORCA)   >>>
>>>>>>>>>>>>>>>>>>>>>>>>>>>>>>>>>>>>>>>>>>>>>>>>>>>>


############################################
   Total Atom Count:           18681
   Total System Mass:       131441.2 a.m.u.
   Total Basis Dimension:          0
   Total Electron Number:          0
   Total Charge:                  -9
   Total Multiplicity:             1
  ------------------------------------------
   ReducePrint:                 true
   Print Mulliken Pop:             1
   Print Loewdin Pop:              1
   Print Mayer Pop:                1
   Print Orbital Energies:         1
############################################

<<<<<<<<<<<<<<<<<<<<<<<<<<<<<<<<<<<<<<<<<<<<<<<<<<<<
<<<          End of System Information           <<<
<<<<<<<<<<<<<<<<<<<<<<<<<<<<<<<<<<<<<<<<<<<<<<<<<<<<

Initializing regions...
  Found "mm_opt-active_atoms.tmp" file, reading active region data...
  Found "mm_opt-qm_atoms.tmp" file, reading QM region data...

Defined regions:
         all: 18681 atoms
          mm: 18681 atoms
      active:   423 atoms
    inactive: 18258 atoms


######################################################
########        Executing Input Script        ########
######################################################

Execution verbose level is 2.



>>>>>> Dump Position, Stride, 1, Filename, "mm_opt_trj.dcd", Replace

Modified writing position trajectory for region "all": Format DCD, stride 1, filename "mm_opt_trj.dcd", replace.


>>>>>> Minimize LBFGS, StepLimit, 0.30, MaxGrad, 4.9615, RMSGrad, 0.9923, Steps, 1000

Starting minimization loop with L-BFGS method:
    Max. Steps:             1000
    L-BFGS History:         20
    RMS(Grad) Convergence:  0.9923 kJ/mol/Angstrom
    Max(Grad) Convergence:  4.9615 kJ/mol/Angstrom
    Step Limit:             0.159 Angstrom
    Random Displacement:    disabled


Dump: Will write Position data of region "all" in DCD format with stride 1 to "mm_opt_trj.dcd" (replace).

Defined regions:
         all: 18681 atoms
          mm: 18681 atoms
      active:   423 atoms
    inactive: 18258 atoms

Will write restart file to "mm_opt.mdrestart" after each step.
Will write energy statistics to "mm_opt-minimize-ener.csv" after each step.


The system contains 1269 active degrees of freedom (423 active atoms * 3).

This is a 1269-dimensional optimization problem.

Allocating 564.82 KiB of memory for L-BFGS working space...



            |  t_SCF | t_Grad |     Temp |           E_Pot |      Delta E |    RMS(Grad) |    Max(Grad) |  Max(Step)
       Step |    [s] |    [s] |      [K] |       [Hartree] |    [Hartree] | [kJ/(mol*A)] | [kJ/(mol*A)] | [Angstrom]
------------|--------|--------|----------|-----------------|--------------|--------------|--------------|--------------
          1      3.0      0.0                  22.31762302                                                          
          2      2.8      0.0                 -24.06238999   -46.38001301      1067.2146     14502.6088     0.274969
          3      2.8      0.0                 -24.12742053    -0.06503054       999.6006     13503.0357     0.005950
          4      2.9      0.0                 -24.34950233    -0.22208181       775.4978     10147.4461     0.023799
          5      2.5      0.1                 -24.83464022    -0.48513789       353.2782      3238.9073     0.095195
          6      2.6      0.0                 -25.01023211    -0.17559189       261.3076      2060.0219     0.122659
          7      2.6      0.0                 -25.17694183    -0.16670972       209.9312      1390.6964     0.034884
          8      2.5      0.0                 -25.53654349    -0.35960166        96.5634       549.5164     0.139535
          9      2.5      0.1                 -25.55240902    -0.01586554        94.7700       504.1788     0.016873
         10      2.5      0.0                 -25.68776903    -0.13536001        62.1582       347.7599     0.073314
         11      2.6      0.0                 -25.72857382    -0.04080479        78.2855       516.8785     0.069611
         12      2.5      0.0                 -25.81949323    -0.09091940        55.6220       368.4117     0.078320
         13      2.5      0.1                 -25.82787924    -0.00838601        69.5691       566.1806     0.032338
         14      2.6      0.0                 -25.89090124    -0.06302200        46.2284       310.2299     0.049483
         15      2.5      0.0                 -25.91162674    -0.02072550        58.5286       386.0946     0.050604
         16      2.5      0.0                 -25.95886885    -0.04724211        36.7144       179.7247     0.051098
         17      2.5      0.0                 -25.96764036    -0.00877151        46.4772       283.7142     0.033671
         18      2.6      0.1                 -25.99984819    -0.03220783        30.2569       122.3342     0.040855
         19      2.5      0.0                 -26.01167113    -0.01182294        40.0060       278.8363     0.044201
         20      2.5      0.0                 -26.03684079    -0.02516966        27.0427       115.1751     0.044975
         21      2.6      0.0                 -26.04358028    -0.00673949        36.8460       231.8932     0.038315
         22      2.9      0.1                 -26.06449371    -0.02091343        25.5523       135.4585     0.041991
         23      2.9      0.0                 -26.06967516    -0.00518145        35.1085       261.4246     0.033813
         24      2.9      0.0                 -26.08745160    -0.01777644        23.9017       105.8722     0.037770
         25      2.9      0.0                 -26.09201099    -0.00455939        32.7947       259.4815     0.031187
         26      2.8      0.1                 -26.10712055    -0.01510956        22.3382       115.9305     0.036466
         27      2.8      0.0                 -26.11208736    -0.00496681        29.6740       236.2956     0.036342
         28      2.8      0.0                 -26.12502750    -0.01294014        20.2858        86.5634     0.034520
         29      2.9      0.0                 -26.12778970    -0.00276221        27.9414       198.4681     0.024970
         30      2.9      0.0                 -26.13878438    -0.01099468        18.8174        73.9060     0.032296
         31      2.9      0.1                 -26.14272084    -0.00393646        24.9219       140.0407     0.034153
         32      2.9      0.0                 -26.15254144    -0.00982060        16.4423        76.0341     0.035877
         33      2.9      0.0                 -26.15570021    -0.00315877        21.6552       121.4968     0.035019
         34      2.9      0.0                 -26.16414056    -0.00844034        14.7404        55.2192     0.037747
         35      2.9      0.1                 -26.16717226    -0.00303170        19.9346        88.0645     0.040047
         36      2.9      0.0                 -26.17504517    -0.00787291        14.4806        68.3709     0.043625
         37      2.9      0.0                 -26.17770036    -0.00265519        21.0537        91.3335     0.044350
         38      2.9      0.0                 -26.18524358    -0.00754323        15.4751        62.3558     0.039688
         39      2.9      0.1                 -26.18620977    -0.00096619        20.1920       115.4941     0.020284
         40      2.9      0.0                 -26.19188678    -0.00567700        20.8002       150.3377     0.070529
         41      2.9      0.0                 -26.19913289    -0.00724611        18.7975        72.2847     0.035800
         42      2.9      0.0                 -26.20536400    -0.00623111        13.8372        53.1742     0.043262
         43      2.9      0.0                 -26.20705645    -0.00169245        19.3402        76.2892     0.038019
         44      2.9      0.1                 -26.21348350    -0.00642705        14.0381        60.6130     0.026817
         45      2.9      0.0                 -26.21538048    -0.00189699        19.9015        68.7588     0.024593
         46      2.9      0.0                 -26.22189107    -0.00651058        13.4763        43.7221     0.048367
         47      2.9      0.0                 -26.22326557    -0.00137450        17.6363        66.6428     0.035315
         48      2.8      0.1                 -26.22891451    -0.00564894        12.9022        61.0416     0.024242
         49      2.9      0.0                 -26.23030932    -0.00139481        17.5038        78.9803     0.019525
         50      3.0      0.1                 -26.23595518    -0.00564586        14.5696        48.2847     0.066013
         51      2.9      0.0                 -26.23639236    -0.00043718        18.5287        86.9435     0.026315
         52      2.9      0.1                 -26.24202521    -0.00563285        13.5980        53.3119     0.023155
         53      2.9      0.0                 -26.24269995    -0.00067474        16.7146        70.3730     0.011339
         54      2.9      0.0                 -26.24809102    -0.00539107        13.7918        60.5611     0.066259
         55      2.9      0.0                 -26.24846246    -0.00037144        17.5404       116.0335     0.025152
         56      2.9      0.0                 -26.25323842    -0.00477596        12.5008        51.6392     0.026629
         57      3.0      0.1                 -26.25380125    -0.00056283        15.8454        76.9294     0.012872
         58      3.0      0.0                 -26.25807822    -0.00427697        12.1952        58.7968     0.051827
         59      2.9      0.0                 -26.25887654    -0.00079832        16.8131       130.4204     0.037618
         60      2.9      0.0                 -26.26343941    -0.00456287        12.6555        56.3905     0.030261
         61      3.0      0.1                 -26.26399834    -0.00055892        16.1416        80.9315     0.014978
         62      2.9      0.0                 -26.26863108    -0.00463274        12.0429        64.5811     0.071056
         63      2.9      0.0                 -26.26936710    -0.00073602        16.4499        88.2908     0.047463
         64      2.8      0.0                 -26.27373913    -0.00437204        11.8391        61.3270     0.030306
         65      2.9      0.1                 -26.27430618    -0.00056705        14.8184        73.8583     0.015642
         66      2.9      0.0                 -26.27854591    -0.00423973        13.0159        77.7271     0.090685
         67      2.8      0.0                 -26.27880470    -0.00025879        16.0336       103.1119     0.034060
         68      2.9      0.0                 -26.28367875    -0.00487404        13.0102        54.8683     0.048693
         69      2.8      0.0                 -26.28401049    -0.00033174        15.6671        68.8211     0.016681
         70      2.8      0.1                 -26.28827365    -0.00426317        12.5697        71.7303     0.098138
         71      2.8      0.0                 -26.28836917    -0.00009552        14.2586        87.0926     0.019116
         72      2.9      0.0                 -26.29202821    -0.00365905        11.2443        44.7327     0.027185
         73      2.8      0.0                 -26.29237559    -0.00034737        13.7956        63.0047     0.011424
         74      2.8      0.1                 -26.29579171    -0.00341612        13.7233       106.5233     0.120068
         75      2.9      0.0                 -26.29936518    -0.00357348        11.4642        56.4367     0.044623
         76      2.8      0.0                 -26.30175995    -0.00239477         9.1085        31.3524     0.056102
         77      2.9      0.0                 -26.30195117    -0.00019122        11.5031        63.9597     0.021416
         78      2.8      0.1                 -26.30402876    -0.00207759         8.0976        29.6270     0.016192
         79      2.9      0.0                 -26.30447922    -0.00045046        10.2327        63.7532     0.011872
         80      2.8      0.0                 -26.30639972    -0.00192050         9.4523        51.7923     0.082130
         81      2.9      0.0                 -26.30828910    -0.00188938         8.0474        37.6400     0.015524
         82      2.9      0.0                 -26.30836812    -0.00007901         9.4028        45.3005     0.003895
         83      2.9      0.1                 -26.30994867    -0.00158056         7.4655        36.9393     0.041307
         84      2.8      0.0                 -26.31003844    -0.00008976         9.1187        62.0006     0.012701
         85      2.8      0.0                 -26.31135757    -0.00131914         6.4090        20.7423     0.013251
         86      2.9      0.0                 -26.31160860    -0.00025102         8.3104        54.9257     0.008841
         87      2.9      0.1                 -26.31282635    -0.00121775         6.2844        22.2239     0.033872
         88      2.8      0.0                 -26.31303934    -0.00021299         8.4708        44.4193     0.021681
         89      2.9      0.0                 -26.31424060    -0.00120125         5.9618        24.6139     0.016978
         90      2.9      0.0                 -26.31454327    -0.00030267         8.1338        30.8990     0.013824
         91      2.9      0.1                 -26.31571747    -0.00117419         5.9329        23.9306     0.027929
         92      3.1      0.0                 -26.31614361    -0.00042615         8.4233        34.4288     0.030003
         93      2.9      0.0                 -26.31737259    -0.00122898         6.0986        20.6372     0.021073
         94      2.9      0.0                 -26.31758914    -0.00021655         8.2426        43.1360     0.013311
         95      2.8      0.1                 -26.31874397    -0.00115483         5.8817        26.3440     0.029964
         96      2.8      0.0                 -26.31917215    -0.00042817         8.0616        35.3379     0.032780
         97      2.8      0.0                 -26.32039761    -0.00122546         6.1270        21.5378     0.013764
         98      2.8      0.0                 -26.32074807    -0.00035046         8.7201        43.3153     0.012297
         99      2.9      0.0                 -26.32210913    -0.00136106         6.6714        22.0474     0.043040
        100      2.8      0.1                 -26.32222490    -0.00011577         8.0888        34.2712     0.017320
        101      2.9      0.0                 -26.32344419    -0.00121930         6.0421        21.4351     0.017135
        102      2.8      0.0                 -26.32352549    -0.00008130         7.4159        38.2466     0.005715
        103      2.9      0.0                 -26.32444062    -0.00091513         5.3835        27.5935     0.020569
        104      2.9      0.1                 -26.32461523    -0.00017461         7.1660        34.0099     0.013802
        105      2.9      0.0                 -26.32548588    -0.00087065         5.2639        20.3996     0.011721
        106      2.9      0.0                 -26.32574099    -0.00025511         7.3337        45.5638     0.010671
        107      2.8      0.0                 -26.32662655    -0.00088555         5.2114        17.9541     0.015540
        108      2.9      0.1                 -26.32675777    -0.00013123         6.8447        40.2939     0.008714
        109      2.8      0.0                 -26.32754786    -0.00079009         5.0751        22.3222     0.017285
        110      2.9      0.0                 -26.32788272    -0.00033486         7.0556        34.4976     0.020843
        111      2.9      0.0                 -26.32877137    -0.00088865         4.7884        20.4722     0.016711
        112      2.9      0.0                 -26.32889166    -0.00012029         6.2197        33.1632     0.008830
        113      2.8      0.0                 -26.32955923    -0.00066757         4.3654        19.1103     0.011098
        114      2.9      0.0                 -26.32975894    -0.00019971         6.1030        26.6711     0.010262
        115      2.8      0.0                 -26.33040778    -0.00064884         4.4113        19.3793     0.015199
        116      2.9      0.0                 -26.33062069    -0.00021291         6.1986        28.2711     0.015029
        117      2.8      0.1                 -26.33126240    -0.00064171         4.1844        15.4147     0.013260
        118      2.8      0.0                 -26.33139129    -0.00012889         5.6435        23.6944     0.009183
        119      2.9      0.0                 -26.33190981    -0.00051852         3.9728        14.4336     0.014507
        120      2.9      0.0                 -26.33205702    -0.00014722         5.5700        21.7923     0.012901
        121      2.8      0.1                 -26.33257176    -0.00051474         4.0155        14.0209     0.013617
        122      2.8      0.0                 -26.33279677    -0.00022500         5.7271        26.1902     0.016753
        123      3.0      0.0                 -26.33337980    -0.00058304         4.0881        19.0247     0.013614
        124      2.9      0.0                 -26.33358488    -0.00020507         5.7698        26.2599     0.014208
        125      2.9      0.0                 -26.33416758    -0.00058271         3.8606        12.2297     0.018064
        126      2.9      0.1                 -26.33431398    -0.00014639         5.1951        21.6778     0.014677
        127      2.9      0.0                 -26.33477488    -0.00046091         3.6778        12.0078     0.018809
        128      2.8      0.0                 -26.33485933    -0.00008444         5.0284        26.7764     0.012242
        129      3.0      0.0                 -26.33527661    -0.00041728         3.7680        15.3111     0.012618
        130      2.8      0.1                 -26.33547577    -0.00019916         5.7113        34.4488     0.016663
        131      2.9      0.0                 -26.33602255    -0.00054678         4.0918        11.7895     0.023777
        132      3.0      0.0                 -26.33626654    -0.00024399         5.7668        37.0523     0.029951
        133      2.8      0.0                 -26.33681435    -0.00054781         4.0553        13.4866     0.018854
        134      3.0      0.1                 -26.33688535    -0.00007100         5.3598        32.5116     0.009665
        135      2.8      0.0                 -26.33733828    -0.00045293         3.9058        11.3665     0.015538
        136      2.9      0.0                 -26.33754717    -0.00020889         5.6537        27.5491     0.019971
        137      2.9      0.0                 -26.33807465    -0.00052748         3.9797        12.6651     0.026164
        138      2.8      0.0                 -26.33821644    -0.00014179         5.5901        25.0670     0.022695
        139      2.9      0.1                 -26.33870385    -0.00048740         4.0054        15.9136     0.012502
        140      2.9      0.0                 -26.33878852    -0.00008467         5.0219        31.3370     0.007850
        141      2.8      0.0                 -26.33925164    -0.00046312         4.5769        23.6097     0.046981
        142      2.8      0.0                 -26.33926444    -0.00001280         5.2646        34.5456     0.009854
        143      2.9      0.1                 -26.33974738    -0.00048294         3.9068        12.0643     0.011066
        144      2.8      0.0                 -26.33981747    -0.00007009         5.1551        18.3541     0.006141
        145      2.9      0.0                 -26.34027744    -0.00045997         3.6949        13.5625     0.025277
        146      2.9      0.0                 -26.34044401    -0.00016657         5.2323        25.0404     0.027601
        147      2.9      0.1                 -26.34092784    -0.00048383         3.8448        12.9845     0.011107
        148      2.9      0.0                 -26.34105438    -0.00012654         5.4213        28.9026     0.009303
        149      2.8      0.0                 -26.34155105    -0.00049667         3.7371        11.4836     0.028737
        150      2.9      0.0                 -26.34167374    -0.00012268         5.1506        28.4378     0.023576
        151      2.8      0.0                 -26.34211129    -0.00043755         3.5860        13.7742     0.013037
        152      2.8      0.1                 -26.34224827    -0.00013698         4.9563        19.7358     0.012498
        153      2.9      0.0                 -26.34268447    -0.00043620         3.8498        16.8562     0.034849
        154      2.9      0.0                 -26.34277581    -0.00009134         5.3358        42.4176     0.026930
        155      2.9      0.0                 -26.34315575    -0.00037995         4.5532        27.7194     0.016192
        156      2.8      0.1                 -26.34355977    -0.00040401         3.7994        13.3221     0.039369
        157      2.9      0.0                 -26.34361614    -0.00005637         5.1829        28.8221     0.023149
        158      2.9      0.0                 -26.34404653    -0.00043039         3.6469        13.9238     0.014415
        159      2.9      0.0                 -26.34414101    -0.00009448         4.9269        17.7625     0.010644
        160      2.8      0.1                 -26.34455094    -0.00040992         3.5210        12.3304     0.026475
        161      2.8      0.0                 -26.34469131    -0.00014038         4.9670        24.3900     0.027638
        162      2.9      0.0                 -26.34510553    -0.00041422         3.4730        11.4809     0.012197
        163      2.8      0.0                 -26.34522774    -0.00012221         4.7995        20.4953     0.011166
        164      2.8      0.0                 -26.34564515    -0.00041741         4.1072        23.3717     0.045616
        165      2.8      0.1                 -26.34568227    -0.00003712         5.3607        45.2084     0.021447
        166      2.8      0.0                 -26.34609635    -0.00041408         4.8300        31.9742     0.013237
        167      2.8      0.0                 -26.34653862    -0.00044227         3.7459        15.5837     0.037185
        168      2.8      0.0                 -26.34664169    -0.00010307         5.3660        25.1344     0.031120
        169      2.8      0.1                 -26.34710783    -0.00046614         3.6308        12.6754     0.015277
        170      2.8      0.0                 -26.34720704    -0.00009920         4.9343        22.1680     0.011046
        171      2.8      0.0                 -26.34760098    -0.00039395         3.4853        10.3687     0.023298
        172      2.8      0.0                 -26.34772082    -0.00011984         4.9308        19.3455     0.022180
        173      2.8      0.1                 -26.34810496    -0.00038414         3.4576        12.7552     0.009057
        174      2.9      0.0                 -26.34824292    -0.00013796         4.6683        16.9271     0.009593
        175      2.8      0.0                 -26.34864487    -0.00040195         3.7836        22.0024     0.039344
        176      2.8      0.0                 -26.34870032    -0.00005546         5.0775        46.0223     0.023068
        177      3.1      0.0                 -26.34903843    -0.00033810         4.3631        29.0546     0.015108
        178      3.1      0.1                 -26.34937882    -0.00034039         3.3434        10.6451     0.034029
        179      2.6      0.0                 -26.34943306    -0.00005424         4.5022        17.8095     0.021202
        180      2.8      0.0                 -26.34977166    -0.00033860         3.0068        11.9176     0.013399
        181      2.8      0.0                 -26.34987224    -0.00010058         4.1384        16.9636     0.012316
        182      2.6      2.9                 -26.35016394    -0.00029170         2.9481        11.3792     0.016474
        183      2.8      0.0                 -26.35024652    -0.00008258         4.1703        17.0812     0.014628
        184      2.8      0.0                 -26.35052331    -0.00027679         2.8752        10.2863     0.010584
        185      2.8      0.0                 -26.35059388    -0.00007056         3.9125        15.4987     0.008691
        186      2.9      0.1                 -26.35084447    -0.00025059         2.8026         7.5070     0.012869
        187      2.8      0.0                 -26.35094095    -0.00009649         3.9660        22.5264     0.014428
        188      2.8      0.0                 -26.35121143    -0.00027048         2.9278         8.5168     0.008477
        189      2.8      0.0                 -26.35128106    -0.00006962         4.1338        28.7896     0.007012
        190      2.8      0.1                 -26.35154599    -0.00026493         2.9218        10.0258     0.021992
        191      2.9      0.0                 -26.35159440    -0.00004841         3.8496        23.4753     0.014490
        192      2.8      0.0                 -26.35184466    -0.00025025         2.9594        13.8682     0.007416
        193      2.9      0.0                 -26.35191443    -0.00006978         4.1166        27.0520     0.006511
        194      2.9      0.0                 -26.35217532    -0.00026089         2.9048         9.0930     0.025937
        195      2.9      0.1                 -26.35221383    -0.00003851         3.6652        17.2331     0.014903
        196      2.8      0.0                 -26.35247410    -0.00026027         3.0255         9.5344     0.012277
        197      2.8      0.0                 -26.35252442    -0.00005032         3.9657        20.2605     0.008336
        198      2.8      0.0                 -26.35283627    -0.00031185         2.9505        10.1821     0.029261
        199      2.9      0.0                 -26.35286967    -0.00003341         3.8468        18.9777     0.013438
        200      2.8      0.0                 -26.35312879    -0.00025912         2.8196         9.9388     0.012240
        201      2.8      0.0                 -26.35319718    -0.00006839         4.0191        16.1807     0.010317
        202      2.8      0.0                 -26.35345595    -0.00025877         2.8591        10.5790     0.021216
        203      2.8      0.1                 -26.35352809    -0.00007214         3.9408        16.2551     0.018810
        204      2.8      0.0                 -26.35378958    -0.00026150         2.8372         9.6870     0.010338
        205      2.9      0.0                 -26.35385277    -0.00006319         3.8507        15.8192     0.008185
        206      2.8      0.0                 -26.35411853    -0.00026576         2.7826         8.6340     0.024502
        207      2.8      0.0                 -26.35418912    -0.00007058         3.8042        16.4910     0.021186
        208      2.8      0.1                 -26.35444221    -0.00025310         2.7651        10.6316     0.011342
        209      2.8      0.0                 -26.35448002    -0.00003780         3.6211        17.7429     0.006411
        210      2.8      0.0                 -26.35469858    -0.00021856         2.6519         9.3560     0.020760
        211      2.8      0.0                 -26.35473666    -0.00003808         3.5293        13.7682     0.013142
        212      2.8      0.1                 -26.35495205    -0.00021538         2.4693         9.1392     0.010083
        213      2.8      0.0                 -26.35502621    -0.00007416         3.2717        12.4615     0.010338
        214      2.8      0.0                 -26.35522769    -0.00020148         2.4714         8.3818     0.025791
        215      2.8      0.0                 -26.35524996    -0.00002227         3.1621        10.8103     0.012091
        216      2.8      0.1                 -26.35542301    -0.00017305         2.4292         7.9756     0.008324
        217      2.7      0.0                 -26.35543866    -0.00001565         3.0046        13.4651     0.003389
        218      2.9      0.0                 -26.35559330    -0.00015464         2.4207         8.3312     0.022228
        219      2.8      0.0                 -26.35560254    -0.00000924         2.8536        10.7003     0.007026
        220      2.8      0.0                 -26.35574880    -0.00014626         2.2548         7.7422     0.008404
        221      3.0      0.1                 -26.35575775    -0.00000894         2.7203        12.3621     0.002666
        222      2.8      0.0                 -26.35588608    -0.00012834         1.9409         6.3622     0.016129
        223      3.0      0.0                 -26.35590808    -0.00002200         2.5544         9.7553     0.010054
        224      2.9      0.0                 -26.35602026    -0.00011218         1.7720         5.3226     0.004827
        225      2.8      0.1                 -26.35604852    -0.00002827         2.4106        10.0388     0.003929
        226      2.9      0.0                 -26.35614895    -0.00010043         1.7180         5.6430     0.010195
        227      2.9      0.0                 -26.35617708    -0.00002813         2.4290        10.1717     0.008977
        228      2.9      0.0                 -26.35627660    -0.00009952         1.7299         5.3093     0.006096
        229      2.9      0.1                 -26.35631273    -0.00003613         2.4602         9.7425     0.006509
        230      2.8      0.0                 -26.35641259    -0.00009986         1.6996         6.0164     0.007719
        231      2.9      0.0                 -26.35643747    -0.00002488         2.3384        12.9824     0.006234
        232      2.9      0.0                 -26.35652349    -0.00008602         1.6148         5.1089     0.006545
        233      2.8      0.0                 -26.35654492    -0.00002143         2.2140        13.1629     0.005287
        234      2.9      0.1                 -26.35662073    -0.00007581         1.5600         5.3977     0.003633
        235      2.9      0.0                 -26.35664286    -0.00002214         2.1677        12.6552     0.003296
        236      2.9      0.0                 -26.35671200    -0.00006914         1.6678         7.1208     0.015637
        237      2.8      0.0                 -26.35671804    -0.00000604         1.9825        11.4961     0.006290
        238      2.9      0.1                 -26.35679291    -0.00007487         1.7034         6.2028     0.008007
        239      2.8      0.0                 -26.35679656    -0.00000366         1.9663         7.8212     0.002207
        240      3.0      0.0                 -26.35687957    -0.00008301         1.6127         6.1035     0.013328
        241      2.8      0.0                 -26.35688751    -0.00000794         2.0677        11.8185     0.005623
        242      2.8      0.1                 -26.35696272    -0.00007521         1.4825         4.9750     0.003884
        243      2.8      0.0                 -26.35697758    -0.00001486         2.0541        11.5222     0.002658
        244      2.9      0.0                 -26.35704649    -0.00006891         1.4555         5.5775     0.005314
        245      2.9      0.0                 -26.35706956    -0.00002307         2.0397        10.1239     0.005338
        246      2.8      0.0                 -26.35713744    -0.00006788         1.4329         4.6948     0.004015
        247      2.8      0.1                 -26.35715612    -0.00001868         2.0036        10.4395     0.003485
        248      2.9      0.0                 -26.35722030    -0.00006418         1.4115         4.4039     0.006660
        249      2.8      0.0                 -26.35723659    -0.00001629         1.9019        12.0756     0.005474
        250      2.9      0.0                 -26.35729672    -0.00006013         1.3886         3.9498     0.005048
        251      2.8      0.1                 -26.35730733    -0.00001061         1.8290         8.7637     0.003191
        252      2.8      0.0                 -26.35736856    -0.00006123         1.3553         5.0443     0.007320
        253      2.8      0.0                 -26.35738940    -0.00002085         1.8494         6.9460     0.007485
        254      2.8      0.0                 -26.35745435    -0.00006495         1.3469         4.2120     0.004849
        255      2.9      0.1                 -26.35746246    -0.00000811         1.7705         6.9376     0.002423
        256      2.9      0.0                 -26.35751666    -0.00005420         1.2375         3.6299     0.004214
        257      2.9      0.0                 -26.35753381    -0.00001715         1.7212         6.3211     0.004053
        258      2.8      0.0                 -26.35758490    -0.00005109         1.1765         3.3042     0.003794
        259      2.8      0.0                 -26.35759857    -0.00001367         1.6004         5.6959     0.003225
        260      2.8      0.1                 -26.35764451    -0.00004593         1.1698         3.0695     0.004471
        261      2.8      0.0                 -26.35766051    -0.00001600         1.6916         6.0334     0.004626
        262      2.8      0.0                 -26.35771128    -0.00005077         1.1829         3.2343     0.003701
        263      2.8      0.0                 -26.35772925    -0.00001797         1.6376         7.6784     0.003873
        264      2.9      0.1                 -26.35777716    -0.00004791         1.1930         3.6853     0.004398
        265      2.9      0.0                 -26.35778766    -0.00001050         1.6885         9.5051     0.003239
        266      2.8      0.0                 -26.35783406    -0.00004640         1.2109         3.3010     0.004209
        267      2.8      0.0                 -26.35785370    -0.00001964         1.7232         7.4810     0.005052
        268      2.8      0.1                 -26.35790508    -0.00005138         1.2124         3.9936     0.004647
        269      2.8      0.0                 -26.35792450    -0.00001942         1.7023         5.9800     0.005112
        270      2.8      0.0                 -26.35797492    -0.00005042         1.1600         3.9311     0.005097
        271      2.9      0.0                 -26.35798686    -0.00001194         1.5682         6.4970     0.003967
        272      2.8      0.0                 -26.35803128    -0.00004442         1.1373         4.2715     0.006588
        273      2.9      0.1                 -26.35804528    -0.00001400         1.5992         6.6997     0.006336
        274      2.8      0.0                 -26.35809031    -0.00004503         1.1561         3.2691     0.005016
        275      2.9      0.0                 -26.35809949    -0.00000918         1.5855         8.3847     0.003507
        276      2.8      0.0                 -26.35814080    -0.00004131         1.0938         3.3590     0.005636
        277      2.8      0.1                 -26.35815192    -0.00001112         1.5057         8.5051     0.004818
        278      2.9      0.0                 -26.35818966    -0.00003773         1.0925         3.4867     0.004839
        279      2.8      0.0                 -26.35820305    -0.00001339         1.5761         7.3296     0.005076
        280      2.9      0.0                 -26.35824256    -0.00003950         1.1077         3.7235     0.007275
        281      2.9      0.1                 -26.35825204    -0.00000949         1.5151         7.4835     0.005742
        282      2.8      0.0                 -26.35828829    -0.00003625         1.0558         3.7842     0.003996
        283      2.8      0.0                 -26.35829777    -0.00000947         1.4216         7.9484     0.003342
        284      2.8      0.0                 -26.35833247    -0.00003470         1.0268         2.7990     0.006928
        285      3.0      0.1                 -26.35834375    -0.00001128         1.4356         7.7848     0.006824
        286      2.9      0.0                 -26.35838098    -0.00003723         1.0469         2.9369     0.005253
        287      2.8      0.0                 -26.35839415    -0.00001318         1.5181         7.0124     0.005499
        288      2.8      0.0                 -26.35843306    -0.00003891         1.0537         3.1994     0.006722
        289      2.8      0.0                 -26.35844290    -0.00000984         1.4587         6.5505     0.005487
        290      2.8      0.0                 -26.35847896    -0.00003606         1.0408         3.4728     0.005346
        291      2.8      0.0                 -26.35849391    -0.00001495         1.4746         5.5808     0.006317
        292      2.8      0.0                 -26.35853070    -0.00003679         1.0041         2.8933     0.007387
        293      2.8      0.0                 -26.35853831    -0.00000761         1.3542         6.1088     0.005231
        294      2.8      0.1                 -26.35856959    -0.00003128         0.9780         2.9974     0.004033


The minimization has converged.


>>> Timing data >>>
    Minimization loop was running for 874.057 seconds ( 0:14:34.057 h:m:s).
    Performance: 2.973 seconds/step.
    Time spent within the MD module (overhead): 28.737 seconds (3.2878 % of total time).
<<< Timing data <<<


Finished minimization loop.



>>>>>> Dump Position, Format, PDB, Stride, 0, Filename, "mm_opt.pdb", Replace

Writing a single position snapshot for region "all": Format PDB, filename "mm_opt.pdb", replace.


###############################################################
########        Finished Executing Input Script        ########
###############################################################


    3 function calls, 0 operator calls, 27 evaluated expressions.


Timings for individual modules during the MD run:

MM module                       ...      841.156 sec (=  14.019 min) 100.0 %
Self time inside of MD module   ...       32.139 sec (=   0.536 min)   3.7 %

Sum of individual times         ...      873.295 sec (=  14.555 min)

Total wall time of MD module    ...      877.309 sec (=  14.622 min)
             --> "dark time"    ...        4.014 sec (=   0.067 min)   0.5 %

( The "dark time" is spent in the ORCA-internal routines for energy and gradient calculation,
  but not inside of the sub-programs which do so. It contains operating system overhead for
  spawning new processes in each MD step and some file IO time. )



    #########################################################
    ####    ORCA ab initio Molecular Dynamics leaving    ####
    ####           Martin Brehm, 2016 - 2022             ####
    ####        https://brehm-research.de/orcamd         ####
    #########################################################

