            --------------------------------------------------------
                             AMBER SQM VERSION 19
 
                                     By
              Ross C. Walker, Michael F. Crowley, Scott Brozell,
                         Tim Giese, Andreas W. Goetz,
                        Tai-Sung Lee and David A. Case
 
            --------------------------------------------------------
 

--------------------------------------------------------------------------------
  QM CALCULATION INFO
--------------------------------------------------------------------------------

| QMMM: Citation for AMBER QMMM Run:
| QMMM: R.C. Walker, M.F. Crowley and D.A. Case, J. COMP. CHEM. 29:1019, 2008

QMMM: SINGLET STATE CALCULATION
QMMM: RHF CALCULATION, NO. OF DOUBLY OCCUPIED LEVELS =104

| QMMM: *** Selected Hamiltonian *** 
| QMMM: AM1         

| QMMM: *** Parameter sets in use ***
| QMMM: S : M.J.S.DEWAR et al. INORG. CHEM., 29, 3881, (1990)
| QMMM: C : M.J.S.DEWAR et al. JACS, 107, 3902, (1985)
| QMMM: N : M.J.S.DEWAR et al. JACS, 107, 3902, (1985)
| QMMM: O : M.J.S.DEWAR et al. JACS, 107, 3902, (1985)
| QMMM: P : M.J.S.DEWAR et al. THEOCHEM, 187,1, (1989)
| QMMM: H : M.J.S.DEWAR et al. JACS, 107, 3902, (1985)

| QMMM: *** SCF convergence criteria ***
| QMMM: Energy change                :  0.1D-09 kcal/mol
| QMMM: Error matrix |FP-PF|         :  0.1D+00 au
| QMMM: Density matrix change        :  0.5D-06
| QMMM: Maximum number of SCF cycles :     1000

| QMMM: *** Diagonalization Routine Information ***
| QMMM: Pseudo diagonalizations are allowed.
| QMMM: Auto diagonalization routine selection is in use.
| QMMM:
| QMMM: Timing diagonalization routines:
| QMMM:                              norbs =      176
| QMMM:    diag iterations used for timing =        5
| QMMM:
| QMMM:              Internal diag routine = 0.043561 seconds
| QMMM:                 Dspev diag routine = 0.044264 seconds
| QMMM:                Dspevd diag routine = 0.031471 seconds
| QMMM:                Dspevx diag routine = 0.136704 seconds
| QMMM:                 Dsyev diag routine = 0.045883 seconds
| QMMM:                Dsyevd diag routine = 0.034050 seconds
| QMMM:                Dsyevr diag routine = 0.035047 seconds
| QMMM:
| QMMM:                Pseudo diag routine = 0.020738 seconds
| QMMM:
| QMMM: Using dspevd routine (diag_routine=3).

  QMMM: QM Region Cartesian Coordinates (*=link atom) 
  QMMM: QM_NO.   MM_NO.  ATOM         X         Y         Z
  QMMM:     1        1      S      -36.3230  -34.6810   24.2950
  QMMM:     2        2      C      -34.9450  -35.2240   23.4370
  QMMM:     3        3      N      -33.8270  -34.9430   24.1300
  QMMM:     4        4      C      -34.0480  -34.4030   25.4050
  QMMM:     5        5      C      -35.3790  -34.2180   25.6950
  QMMM:     6        6      C      -35.9910  -33.8260   27.0090
  QMMM:     7        7      C      -36.3560  -32.3460   27.2040
  QMMM:     8        8      O      -36.7330  -32.1670   28.5530
  QMMM:     9        9      P      -37.9460  -31.0730   28.8720
  QMMM:    10       10      P      -39.9240  -33.3160   28.4880
  QMMM:    11       11      N      -30.0550  -32.1620   23.6090
  QMMM:    12       12      O      -37.6780  -29.7330   28.2890
  QMMM:    13       13      O      -40.1100  -33.2480   30.0580
  QMMM:    14       14      C      -30.6350  -31.3410   22.7120
  QMMM:    15       15      O      -38.0710  -31.1200   30.4170
  QMMM:    16       16      O      -38.8680  -34.3750   28.0700
  QMMM:    17       17      N      -31.7610  -31.6030   22.0610
  QMMM:    18       18      O      -39.2130  -31.7800   28.1710
  QMMM:    19       19      O      -41.1470  -33.3680   27.6390
  QMMM:    20       20      C      -32.4060  -32.7850   22.2680
  QMMM:    21       21      N      -33.5310  -33.0070   21.5900
  QMMM:    22       22      C      -31.8580  -33.7270   23.2130
  QMMM:    23       23      C      -30.6860  -33.3280   23.8310
  QMMM:    24       24      C      -32.4550  -35.0660   23.5700
  QMMM:    25       25      C      -29.9750  -30.0220   22.4260
  QMMM:    26       26      C      -32.9010  -34.2010   26.3350
  QMMM:    27       27      H      -36.9120  -34.3970   27.2190
  QMMM:    28       28      H      -35.2710  -34.0890   27.8040
  QMMM:    29       29      H      -35.4920  -31.6960   26.9770
  QMMM:    30       30      H      -37.1730  -32.0700   26.5100
  QMMM:    31       31      H      -33.8450  -32.2780   20.9510
  QMMM:    32       32      H      -33.8620  -34.0170   21.4290
  QMMM:    33       33      H      -30.2180  -33.9990   24.5650
  QMMM:    34       34      H      -32.5390  -35.7470   22.7140
  QMMM:    35       35      H      -31.8220  -35.5530   24.3280
  QMMM:    36       36      H      -29.8780  -29.4340   23.3510
  QMMM:    37       37      H      -30.5490  -29.4490   21.6850
  QMMM:    38       38      H      -28.9520  -30.1750   22.0480
  QMMM:    39       39      H      -32.3260  -35.1380   26.4430
  QMMM:    40       40      H      -33.2730  -33.9010   27.3240
  QMMM:    41       41      H      -32.2110  -33.4180   25.9810
  QMMM:    42       42      C      -34.7120  -37.5460   22.4390
  QMMM:    43       43      C      -35.0050  -35.9810   22.0980
  QMMM:    44       44      O      -33.4610  -37.8290   22.5300
  QMMM:    45       45      O      -35.6570  -38.3300   22.5410
  QMMM:    46       46      O      -34.0540  -35.5080   21.2460
  QMMM:    47       47      C      -41.2180  -39.3820   19.3180
  QMMM:    48       48      C      -40.5100  -38.0720   19.6220
  QMMM:    49       49      H      -41.3340  -39.9880   20.2220
  QMMM:    50       50      H      -40.6620  -39.9680   18.5790
  QMMM:    51       51      H      -42.2160  -39.1850   18.9120
  QMMM:    52       52      C      -39.1390  -38.3000   20.2610
  QMMM:    53       53      H      -41.1360  -37.4750   20.2950
  QMMM:    54       54      H      -40.3980  -37.5020   18.6920
  QMMM:    55       55      C      -38.4470  -36.9670   20.5540
  QMMM:    56       56      H      -38.5130  -38.9020   19.5890
  QMMM:    57       57      H      -39.2550  -38.8680   21.1910
  QMMM:    58       58      C      -37.0750  -37.1650   21.2020
  QMMM:    59       59      H      -39.0790  -36.3660   21.2190
  QMMM:    60       60      H      -38.3320  -36.4040   19.6210
  QMMM:    61       61      C      -36.4050  -35.8220   21.4850
  QMMM:    62       62      H      -36.4370  -37.7650   20.5410
  QMMM:    63       63      H      -37.1820  -37.7300   22.1360
  QMMM:    64       64      H      -37.0150  -35.2380   22.1830
  QMMM:    65       65      H      -36.3050  -35.2600   20.5490

--------------------------------------------------------------------------------
  RESULTS
--------------------------------------------------------------------------------

      iter         sqm energy              rms gradient
      ----    -------------------    -----------------------
xmin    10     -323.6592 kcal/mol        1.1788 kcal/(mol*A)
xmin    20     -327.9711 kcal/mol        0.5044 kcal/(mol*A)
xmin    30     -328.6383 kcal/mol        0.5328 kcal/(mol*A)
xmin    40     -329.5895 kcal/mol        0.3493 kcal/(mol*A)
xmin    50     -330.2644 kcal/mol        0.3404 kcal/(mol*A)
xmin    60     -330.3702 kcal/mol        0.2543 kcal/(mol*A)
xmin    70     -330.3909 kcal/mol        0.0706 kcal/(mol*A)
xmin    80     -330.4178 kcal/mol        0.0269 kcal/(mol*A)
xmin    90     -330.4195 kcal/mol        0.0060 kcal/(mol*A)
xmin   100     -330.4202 kcal/mol        0.0059 kcal/(mol*A)
xmin   110     -330.4203 kcal/mol        0.0013 kcal/(mol*A)
  ... geometry converged !
 
 Final MO eigenvalues (eV):
 -33.3974  -32.2337  -30.6965  -29.1567  -28.8503  -27.3310  -27.0131  -26.7303
 -25.7175  -24.8790  -24.2249  -24.1366  -23.4310  -22.3429  -21.8219  -21.2799
 -20.6508  -20.3345  -20.0678  -19.3538  -19.2198  -18.7051  -18.6439  -17.4859
 -16.9613  -16.6251  -15.5300  -15.0557  -14.2491  -13.4316  -13.0396  -11.6517
 -10.8622  -10.7891  -10.4863  -10.3316   -9.8369   -9.0103   -8.8969   -8.7136
  -8.6648   -8.4056   -8.2875   -8.0248   -7.7796   -7.2261   -7.0488   -7.0301
  -6.9329   -6.7010   -6.6383   -6.5471   -6.4435   -6.1930   -6.0833   -5.9065
  -5.7446   -5.5009   -5.4243   -5.2774   -5.1862   -5.1121   -4.9718   -4.6260
  -4.6228   -4.4895   -4.2710   -4.0774   -3.9455   -3.8487   -3.7452   -3.3368
  -3.2271   -3.1528   -3.0240   -2.8871   -2.8060   -2.4090   -1.8027   -1.7738
  -1.5345   -1.4639   -1.3044   -0.9740   -0.4391   -0.2958   -0.2558   -0.1169
  -0.0548    0.0263    0.4475    0.9966    1.1743    1.2596    1.2947    1.5649
   1.8782    1.9641    2.5007    3.2282    3.2533    3.2942    3.3855    3.4003
   7.2292    7.6874    8.2375    8.7573    9.2076    9.3717    9.4219    9.4397
   9.7462    9.7840    9.9059   10.1051   10.1746   10.2089   10.2592   10.4430
  10.5637   10.7099   10.7775   10.8450   10.9238   10.9670   11.1282   11.2409
  11.3754   11.5660   11.7461   11.8092   11.8308   12.0251   12.2131   12.3608
  12.4974   12.5188   12.5596   12.6781   12.7935   12.7966   12.8936   12.9644
  12.9888   13.1463   13.1915   13.4485   13.5020   13.5818   13.7262   13.7379
  13.7624   13.9180   14.0130   14.1112   14.2449   14.2612   14.5265   14.6710
  14.8676   15.0428   15.4779   15.7089   15.9489   16.5092   16.9768   17.3554
  18.1436   18.1495   19.1101   19.8421   20.9167   21.3919   22.3417   22.3563


 Heat of formation   =       -330.42028665 kcal/mol  (      -14.32809881 eV)

 Total SCF energy    =    -171281.05286284 kcal/mol  (    -7427.30379701 eV)
 Electronic energy   =   -1457141.69211393 kcal/mol  (   -63186.40527791 eV)
 Core-core repulsion =    1285860.63925109 kcal/mol  (    55759.10148090 eV)
 
    Atomic Charges for Step       1 :
  Atom    Element       Mulliken Charge
     1      S                  0.573
     2      C                 -0.223
     3      N                 -0.049
     4      C                 -0.106
     5      C                 -0.266
     6      C                 -0.212
     7      C                  0.085
     8      O                 -0.753
     9      P                  2.677
    10      P                  2.659
    11      N                 -0.265
    12      O                 -1.250
    13      O                 -1.280
    14      C                  0.041
    15      O                 -1.237
    16      O                 -1.286
    17      N                 -0.297
    18      O                 -1.286
    19      O                 -1.282
    20      C                  0.197
    21      N                 -0.329
    22      C                 -0.226
    23      C                 -0.015
    24      C                 -0.007
    25      C                 -0.145
    26      C                 -0.168
    27      H                  0.214
    28      H                  0.128
    29      H                 -0.010
    30      H                  0.100
    31      H                  0.196
    32      H                  0.311
    33      H                  0.151
    34      H                  0.223
    35      H                  0.107
    36      H                  0.085
    37      H                  0.073
    38      H                  0.069
    39      H                  0.056
    40      H                  0.179
    41      H                  0.073
    42      C                  0.311
    43      C                  0.210
    44      O                 -0.610
    45      O                 -0.599
    46      O                 -0.714
    47      C                 -0.203
    48      C                 -0.163
    49      H                  0.062
    50      H                  0.060
    51      H                  0.043
    52      C                 -0.154
    53      H                  0.075
    54      H                  0.072
    55      C                 -0.156
    56      H                  0.067
    57      H                  0.076
    58      C                 -0.148
    59      H                  0.072
    60      H                  0.061
    61      C                 -0.184
    62      H                  0.085
    63      H                  0.120
    64      H                  0.075
    65      H                  0.041
 Total Mulliken Charge =      -4.000
 
                  X        Y        Z     TOTAL  
  QM DIPOLE   708.859  640.430 -523.438 1089.320
 
 Final Structure

  QMMM: QM Region Cartesian Coordinates (*=link atom) 
  QMMM: QM_NO.   MM_NO.  ATOM         X         Y         Z
  QMMM:     1        1      S      -36.7460  -35.1879   24.8082
  QMMM:     2        2      C      -35.3657  -35.5077   23.8740
  QMMM:     3        3      N      -34.2755  -34.8577   24.3541
  QMMM:     4        4      C      -34.5683  -34.1119   25.5260
  QMMM:     5        5      C      -35.9029  -34.1873   25.8923
  QMMM:     6        6      C      -36.5379  -33.5384   27.0472
  QMMM:     7        7      C      -36.4382  -31.9973   27.0306
  QMMM:     8        8      O      -35.8140  -31.5421   28.1744
  QMMM:     9        9      P      -36.7601  -30.5268   29.1639
  QMMM:    10       10      P      -39.3424  -32.5491   29.7355
  QMMM:    11       11      N      -30.2384  -32.4041   23.5418
  QMMM:    12       12      O      -37.0892  -29.4035   28.2385
  QMMM:    13       13      O      -39.0528  -33.2789   31.0177
  QMMM:    14       14      C      -30.7090  -31.7162   22.4576
  QMMM:    15       15      O      -35.8479  -30.2258   30.3038
  QMMM:    16       16      O      -39.2324  -33.3933   28.4876
  QMMM:    17       17      N      -31.8627  -31.9596   21.7818
  QMMM:    18       18      O      -37.9764  -31.4503   29.4996
  QMMM:    19       19      O      -40.5530  -31.6587   29.8036
  QMMM:    20       20      C      -32.6606  -32.9959   22.2438
  QMMM:    21       21      N      -33.8697  -33.2240   21.6568
  QMMM:    22       22      C      -32.2268  -33.7914   23.3742
  QMMM:    23       23      C      -31.0219  -33.4196   23.9728
  QMMM:    24       24      C      -32.9379  -35.0259   23.8215
  QMMM:    25       25      C      -29.8700  -30.5549   21.9715
  QMMM:    26       26      C      -33.5361  -33.3601   26.2711
  QMMM:    27       27      H      -37.6383  -33.8043   27.1608
  QMMM:    28       28      H      -36.0414  -33.9062   27.9891
  QMMM:    29       29      H      -35.8316  -31.6826   26.1278
  QMMM:    30       30      H      -37.4732  -31.5633   26.9417
  QMMM:    31       31      H      -34.0908  -32.7376   20.8226
  QMMM:    32       32      H      -34.3230  -34.1288   21.7991
  QMMM:    33       33      H      -30.6472  -33.9667   24.8577
  QMMM:    34       34      H      -33.0205  -35.7571   22.9417
  QMMM:    35       35      H      -32.3308  -35.5389   24.6246
  QMMM:    36       36      H      -30.0941  -29.6639   22.6082
  QMMM:    37       37      H      -30.1018  -30.3047   20.9086
  QMMM:    38       38      H      -28.7827  -30.7939   22.0550
  QMMM:    39       39      H      -32.7754  -34.0614   26.6971
  QMMM:    40       40      H      -34.0332  -32.7925   27.1091
  QMMM:    41       41      H      -33.0112  -32.6316   25.6044
  QMMM:    42       42      C      -34.6861  -37.7878   23.0887
  QMMM:    43       43      C      -35.3674  -36.4493   22.6149
  QMMM:    44       44      O      -33.5204  -37.7390   23.5872
  QMMM:    45       45      O      -35.2985  -38.8852   22.9287
  QMMM:    46       46      O      -34.7367  -35.8927   21.5879
  QMMM:    47       47      C      -40.3429  -39.1798   17.6842
  QMMM:    48       48      C      -40.1634  -38.4405   18.9852
  QMMM:    49       49      H      -39.8995  -40.2029   17.7500
  QMMM:    50       50      H      -39.8379  -38.6352   16.8500
  QMMM:    51       51      H      -41.4267  -39.2808   17.4337
  QMMM:    52       52      C      -38.7014  -38.2906   19.3509
  QMMM:    53       53      H      -40.6968  -38.9887   19.8061
  QMMM:    54       54      H      -40.6342  -37.4249   18.9088
  QMMM:    55       55      C      -38.5259  -37.5479   20.6591
  QMMM:    56       56      H      -38.1650  -37.7407   18.5335
  QMMM:    57       57      H      -38.2282  -39.3043   19.4326
  QMMM:    58       58      C      -37.0614  -37.4051   21.0190
  QMMM:    59       59      H      -39.0602  -38.0991   21.4770
  QMMM:    60       60      H      -38.9996  -36.5341   20.5796
  QMMM:    61       61      C      -36.8796  -36.6874   22.3365
  QMMM:    62       62      H      -36.5206  -36.8355   20.2180
  QMMM:    63       63      H      -36.5783  -38.4163   21.1042
  QMMM:    64       64      H      -37.3121  -37.3037   23.1659
  QMMM:    65       65      H      -37.4177  -35.7038   22.3015

           --------- Calculation Completed ----------

