
Will write log file to "mm_opt.md.log".

Command line:  /software/orca/5.0.4/orca_5_0_4_linux_x86-64_openmpi411/orca_md mm_opt orca


    ################################################################
    ########    ORCA ab initio Molecular Dynamics Module    ########
    ########          and SANscript Interpreter             ########
    ########          Martin Brehm, 2016 - 2022             ########
    ########       https://brehm-research.de/orcamd         ########
    ################################################################


  * Compiled as ORCA module.
  * Called from ORCA.
  * Base name: "mm_opt"
  * Source code version: Jan 31 2022
  * Compiled at Mar  1 2023 11:25:12, compiler "Clang 12.0.0 (/home/frankw/CompEnv/src/llvm1200/llvm-project/clang d28af7c654d8db0b68c175db5ce212d74fb5e9bc)", LLVM, CLANG 12.0.0, Linux
  * Machine: x86_64, int=4b, long=8b, addr=8b, 0xA0B0C0D0=D0,C0,B0,A0.
  * Executable name: "/software/orca/5.0.4/orca_5_0_4_linux_x86-64_openmpi411/orca_md"
  * Running on qnode0229 at Tue Jul 23 18:00:31 2024 (PID 125335)
  * Running in /projects/b1039/wxk6447/INI-STRUCT-6/Out/19

Initializing SAN engine...

Started parsing input script.
Reading input file "mm_opt.mdinput" ...
204 Bytes read.
Tokenizing input...
Found 26 tokens in file.
Handling brackets...
Handling reference parentheses...
Handling keywords...
Handling operators...
Grouping commas...
Removing commas...
Handling variables...
Found unit "Bohr", converting 0.300000 Bohr to 0.158753 Angstrom...
Handling functions, iteration 1...
Handling functions, iteration 2...
Flattening tree...
Checking keyword syntax...
Finished parsing input script.

Initializing MD engine with interface "ORCA" ...


>>>>>>>>>>>>>>>>>>>>>>>>>>>>>>>>>>>>>>>>>>>>>>>>>>>>
>>>   Output of System Information (from ORCA)   >>>
>>>>>>>>>>>>>>>>>>>>>>>>>>>>>>>>>>>>>>>>>>>>>>>>>>>>


############################################
   Total Atom Count:           18682
   Total System Mass:       131551.3 a.m.u.
   Total Basis Dimension:          0
   Total Electron Number:          0
   Total Charge:                  -9
   Total Multiplicity:             1
  ------------------------------------------
   ReducePrint:                 true
   Print Mulliken Pop:             1
   Print Loewdin Pop:              1
   Print Mayer Pop:                1
   Print Orbital Energies:         1
############################################

<<<<<<<<<<<<<<<<<<<<<<<<<<<<<<<<<<<<<<<<<<<<<<<<<<<<
<<<          End of System Information           <<<
<<<<<<<<<<<<<<<<<<<<<<<<<<<<<<<<<<<<<<<<<<<<<<<<<<<<

Initializing regions...
  Found "mm_opt-active_atoms.tmp" file, reading active region data...
  Found "mm_opt-qm_atoms.tmp" file, reading QM region data...

Defined regions:
         all: 18682 atoms
          mm: 18682 atoms
      active:   473 atoms
    inactive: 18209 atoms


######################################################
########        Executing Input Script        ########
######################################################

Execution verbose level is 2.



>>>>>> Dump Position, Stride, 1, Filename, "mm_opt_trj.dcd", Replace

Modified writing position trajectory for region "all": Format DCD, stride 1, filename "mm_opt_trj.dcd", replace.


>>>>>> Minimize LBFGS, StepLimit, 0.30, MaxGrad, 4.9615, RMSGrad, 0.9923, Steps, 1000

Starting minimization loop with L-BFGS method:
    Max. Steps:             1000
    L-BFGS History:         20
    RMS(Grad) Convergence:  0.9923 kJ/mol/Angstrom
    Max(Grad) Convergence:  4.9615 kJ/mol/Angstrom
    Step Limit:             0.159 Angstrom
    Random Displacement:    disabled


Dump: Will write Position data of region "all" in DCD format with stride 1 to "mm_opt_trj.dcd" (replace).

Defined regions:
         all: 18682 atoms
          mm: 18682 atoms
      active:   473 atoms
    inactive: 18209 atoms

Will write restart file to "mm_opt.mdrestart" after each step.
Will write energy statistics to "mm_opt-minimize-ener.csv" after each step.


The system contains 1419 active degrees of freedom (473 active atoms * 3).

This is a 1419-dimensional optimization problem.

Allocating 626.93 KiB of memory for L-BFGS working space...



            |  t_SCF | t_Grad |     Temp |           E_Pot |      Delta E |    RMS(Grad) |    Max(Grad) |  Max(Step)
       Step |    [s] |    [s] |      [K] |       [Hartree] |    [Hartree] | [kJ/(mol*A)] | [kJ/(mol*A)] | [Angstrom]
------------|--------|--------|----------|-----------------|--------------|--------------|--------------|--------------
          1      2.5      0.0              2.086669235e+08                                                          
          2      2.5      0.0                 325.53531323  -2.086666e+08    563217.5844   8638802.4474     0.274969
          3      2.5      0.0                 325.53436882    -0.00094441    563215.6394   8638770.6274     0.000000
          4      2.5      0.0                 325.53059123    -0.00377759    563207.8593   8638643.3488     0.000001
          5      2.4      0.1                 325.51548134    -0.01510989    563176.7405   8638134.2542     0.000003
          6      2.5      0.0                 325.45504954    -0.06043180    563052.2850   8636098.1974     0.000011
          7      2.5      0.0                 325.21344639    -0.24160316    562554.7855   8627959.1066     0.000044
          8      2.5      0.0                 324.24901489    -0.96443149    560569.9295   8595484.7759     0.000176
          9      2.5      0.1                 320.42278068    -3.82623421    552712.1519   8466890.1538     0.000703
         10      2.4      0.0                 305.60878095   -14.81399973    522547.8432   7972741.4612     0.002813
         11      2.4      0.0                 253.44786071   -52.16092024    419857.5046   6284088.5612     0.011251
         12      2.5      0.0                 122.85559789  -130.59226282    192810.1855   2558481.4662     0.045004
         13      2.6      0.1                  -2.45966070  -125.31525859     24626.1407    374480.7708     0.180014
         14      2.5      0.0                  -5.20458297    -2.74492227     20324.0853    305578.3862     0.013382
         15      2.5      0.0                 -12.33194362    -7.12736066     10109.0339    143088.2789     0.053528
         16      2.5      0.0                 -19.41308386    -7.08114024      2711.0478     28955.7664     0.183581
         17      2.5      0.0                 -20.04343401    -0.63035015      2225.3917     23943.4252     0.016849
         18      2.4      0.1                 -21.61202308    -1.56858907      1088.1317     11581.9436     0.067397
         19      2.5      0.0                 -22.50993018    -0.89790710       520.0631      5854.3099     0.103043
         20      2.5      0.0                 -22.86413307    -0.35420289       428.8760      4738.2323     0.051157
         21      2.5      0.0                 -23.62211820    -0.75798514       295.9395      3160.0112     0.164189
         22      2.5      0.1                 -24.44863259    -0.82651439       222.4023      2723.6748     0.225933
         23      2.5      0.0                 -25.05818828    -0.60955568       192.5359      2606.3216     0.248451
         24      2.5      0.0                 -25.33504859    -0.27686031       131.2770      1330.6506     0.228185
         25      2.5      0.0                 -25.50601392    -0.17096533        81.3541       929.7325     0.084720
         26      2.5      0.1                 -25.55142270    -0.04540878        81.8538       782.6480     0.072443
         27      2.5      0.0                 -25.64965000    -0.09822730        57.4874       568.9510     0.065591
         28      2.5      0.0                 -25.69921353    -0.04956353        72.8792       546.8551     0.093202
         29      2.4      0.0                 -25.79101613    -0.09180260        48.7511       432.1088     0.124613
         30      2.5      0.0                 -25.80203558    -0.01101945        56.1809       394.0508     0.046986
         31      2.5      0.1                 -25.86127139    -0.05923581        41.5492       314.4144     0.099317
         32      2.5      0.0                 -25.87190815    -0.01063677        53.1200       366.6723     0.063946
         33      2.5      0.0                 -25.92466180    -0.05275365        37.2502       358.1861     0.079971
         34      2.5      0.0                 -25.93816799    -0.01350619        49.4320       354.0134     0.066363
         35      2.5      0.1                 -25.98081500    -0.04264701        31.0131       222.9433     0.074545
         36      2.4      0.0                 -25.99084263    -0.01002763        39.4075       223.0869     0.057841
         37      2.5      0.0                 -26.01682303    -0.02598040        27.0818       180.9706     0.064976
         38      2.5      0.0                 -26.01868794    -0.00186491        33.8309       243.5186     0.022789
         39      2.5      0.1                 -26.03651138    -0.01782344        24.0564       142.7683     0.032930
         40      2.5      0.0                 -26.04351764    -0.00700627        33.6629       241.9191     0.037407
         41      2.5      0.0                 -26.06238345    -0.01886581        24.6065       210.0709     0.039655
         42      2.5      0.0                 -26.07058466    -0.00820120        35.2483       303.0397     0.048795
         43      2.4      0.0                 -26.09081947    -0.02023482        23.5162       173.7510     0.049608
         44      2.5      0.1                 -26.09569555    -0.00487607        31.4175       244.4268     0.039174
         45      2.5      0.0                 -26.11173200    -0.01603645        21.2268       110.5455     0.041246
         46      2.5      0.0                 -26.11558693    -0.00385493        28.6819       144.0266     0.032638
         47      2.5      0.0                 -26.12941992    -0.01383299        20.1283       106.4062     0.042290
         48      2.4      0.1                 -26.13501359    -0.00559368        28.0904       171.3192     0.049449
         49      2.5      0.0                 -26.14897397    -0.01396038        20.3405       112.2177     0.033452
         50      2.4      0.0                 -26.15307273    -0.00409876        27.9024       176.4132     0.030731
         51      2.5      0.0                 -26.16666466    -0.01359193        21.7708       114.2317     0.074934
         52      2.5      0.1                 -26.16717940    -0.00051474        25.3152       189.9019     0.018720
         53      2.5      0.0                 -26.17819744    -0.01101804        20.3647        90.4545     0.037084
         54      2.6      0.0                 -26.17906483    -0.00086739        24.8288       106.9284     0.013780
         55      2.5      0.0                 -26.19063221    -0.01156738        19.1683        95.8333     0.062088
         56      2.5      0.0                 -26.19317192    -0.00253971        26.2313       176.0876     0.047928
         57      2.5      0.1                 -26.20645412    -0.01328219        18.2837        82.0086     0.047456
         58      2.4      0.0                 -26.21061167    -0.00415755        25.2463       137.2206     0.045353
         59      2.5      0.0                 -26.22236919    -0.01175752        17.1009        70.8858     0.064486
         60      2.5      0.0                 -26.22446698    -0.00209779        22.6923       112.8151     0.041399
         61      2.5      0.1                 -26.23412512    -0.00965814        16.4218        88.9480     0.042460
         62      2.5      0.0                 -26.23722187    -0.00309675        23.3367       121.2967     0.041413
         63      2.5      0.0                 -26.24744801    -0.01022614        16.1045        67.3988     0.056994
         64      2.6      0.0                 -26.25123852    -0.00379051        22.0735       100.4464     0.061873
         65      2.5      0.1                 -26.26053877    -0.00930025        15.9580        99.1938     0.055690
         66      2.5      0.0                 -26.26235214    -0.00181337        22.1241        98.8726     0.037806
         67      2.6      0.0                 -26.27129496    -0.00894282        15.3911        72.7603     0.059552
         68      2.5      0.0                 -26.27491073    -0.00361577        20.5045        95.8067     0.069205
         69      2.5      0.0                 -26.28324787    -0.00833714        14.1731        59.7729     0.050923
         70      2.5      0.1                 -26.28450921    -0.00126134        18.9425        85.8101     0.029098
         71      2.5      0.0                 -26.29108511    -0.00657590        17.1849        90.0965     0.102622
         72      2.5      0.0                 -26.29152295    -0.00043784        20.5851       141.2268     0.037578
         73      2.4      0.0                 -26.30047421    -0.00895126        21.6929       134.5902     0.044144
         74      2.5      0.2                 -26.31008860    -0.00961439        16.7270        72.0313     0.108021
         75      2.4      0.0                 -26.31071689    -0.00062829        21.1044       116.4311     0.038764
         76      2.5      0.0                 -26.31844793    -0.00773104        14.8809        68.1420     0.041239
         77      2.4      0.0                 -26.31977977    -0.00133184        19.1579        87.8813     0.025770
         78      2.5      0.1                 -26.32687745    -0.00709767        15.7223        81.0247     0.074749
         79      2.5      0.0                 -26.32762402    -0.00074657        19.8947       165.6532     0.035223
         80      2.5      0.0                 -26.33496137    -0.00733736        15.9078        82.1756     0.051740
         81      2.5      0.0                 -26.33528244    -0.00032106        18.6353       102.3544     0.013362
         82      2.5      0.0                 -26.34220273    -0.00692029        14.4300        71.8574     0.081379
         83      2.4      0.1                 -26.34355374    -0.00135101        19.4814       135.8061     0.060825
         84      2.4      0.0                 -26.35022996    -0.00667622        16.5528        90.7221     0.039869
         85      2.5      0.0                 -26.35618483    -0.00595486        18.4139        97.3822     0.131208
         86      2.5      0.0                 -26.35626423    -0.00007940        16.5969        72.8182     0.015169
         87      2.4      0.1                 -26.36241263    -0.00614840        12.9770        51.2027     0.053273
         88      2.5      0.0                 -26.36313885    -0.00072622        16.7024        87.9496     0.025856
         89      2.5      0.0                 -26.36847502    -0.00533617        11.5333        44.0618     0.054740
         90      2.4      0.0                 -26.36943527    -0.00096025        15.6181        90.4404     0.035548
         91      2.4      0.1                 -26.37371257    -0.00427731        10.8127        40.3341     0.019212
         92      2.4      0.0                 -26.37449741    -0.00078484        13.8392        56.6088     0.012519
         93      2.5      0.0                 -26.37850000    -0.00400259        11.7683        76.7314     0.083867
         94      2.4      0.0                 -26.37867644    -0.00017644        13.5304       115.7667     0.023935
         95      2.5      0.1                 -26.38290463    -0.00422819        12.2109        61.1334     0.028730
         96      2.4      0.0                 -26.38646240    -0.00355778         9.6865        43.8488     0.056105
         97      2.4      0.0                 -26.38680620    -0.00034380        12.3886        59.8530     0.024005
         98      2.4      0.0                 -26.38995763    -0.00315143         8.9295        31.8383     0.030081
         99      2.4      0.0                 -26.39054427    -0.00058664        11.9996        61.5068     0.019760
        100      2.5      0.1                 -26.39341591    -0.00287164         8.9944        32.5545     0.041713
        101      2.4      0.0                 -26.39418786    -0.00077195        12.7605        86.6562     0.036095
        102      2.5      0.0                 -26.39710493    -0.00291707         9.2265        42.4703     0.024736
        103      2.5      0.0                 -26.39766057    -0.00055564        12.1862        94.1863     0.016508
        104      2.5      0.1                 -26.40047069    -0.00281012         8.6182        32.4522     0.049540
        105      2.4      0.0                 -26.40105546    -0.00058477        11.7013        64.6536     0.035435
        106      2.4      0.0                 -26.40355589    -0.00250043         8.0654        28.9287     0.027412
        107      2.4      0.0                 -26.40406156    -0.00050567        10.4344        47.6786     0.019062
        108      2.4      0.1                 -26.40621914    -0.00215758         7.4194        28.6919     0.040392
        109      2.5      0.0                 -26.40673181    -0.00051267        10.1822        47.4600     0.031793
        110      2.5      0.0                 -26.40895311    -0.00222129         7.6965        43.5303     0.018193
        111      2.4      0.0                 -26.40965444    -0.00070133        10.4984        41.2673     0.017515
        112      2.4      0.0                 -26.41207465    -0.00242021         7.4933        38.8585     0.049619
        113      2.5      0.1                 -26.41236357    -0.00028892         9.7403        52.1254     0.024268
        114      2.5      0.0                 -26.41414884    -0.00178527         6.9723        33.0723     0.023844
        115      2.4      0.0                 -26.41431325    -0.00016441         8.8551        46.0503     0.009770
        116      2.5      0.0                 -26.41562591    -0.00131266         6.1823        24.5146     0.019839
        117      2.5      0.1                 -26.41597745    -0.00035154         8.3844        45.5217     0.016873
        118      2.5      0.0                 -26.41719967    -0.00122221         5.7846        21.1543     0.015722
        119      2.5      0.0                 -26.41758846    -0.00038880         7.8331        32.3813     0.015184
        120      2.4      0.0                 -26.41870383    -0.00111536         5.3641        24.8163     0.021847
        121      2.5      0.1                 -26.41894782    -0.00024400         7.1749        27.7261     0.016084
        122      2.5      0.0                 -26.41992978    -0.00098195         5.2900        26.5710     0.018413
        123      2.5      0.0                 -26.42029052    -0.00036074         7.6615        39.1498     0.019828
        124      2.4      0.0                 -26.42135247    -0.00106195         5.1840        25.8427     0.015649
        125      2.5      0.0                 -26.42157671    -0.00022424         6.7515        38.3805     0.011237
        126      2.4      0.1                 -26.42245160    -0.00087489         5.0581        23.6882     0.028352
        127      2.5      0.0                 -26.42259595    -0.00014435         6.6273        39.5053     0.017205
        128      2.5      0.0                 -26.42343971    -0.00084376         5.0856        19.8060     0.018919
        129      2.5      0.0                 -26.42355846    -0.00011875         6.4192        31.0259     0.010286
        130      2.6      0.0                 -26.42443714    -0.00087868         4.9999        28.4698     0.034842
        131      2.4      0.0                 -26.42454410    -0.00010696         6.4471        47.4295     0.017191
        132      2.5      0.0                 -26.42539172    -0.00084762         4.7312        24.3069     0.019714
        133      2.5      0.0                 -26.42561557    -0.00022385         6.6666        52.7777     0.016605
        134      2.5      0.0                 -26.42644518    -0.00082961         4.6890        17.4594     0.028474
        135      2.4      0.0                 -26.42662583    -0.00018065         6.4137        36.3875     0.020908
        136      2.4      0.0                 -26.42737968    -0.00075385         4.3824        17.2475     0.018429
        137      2.4      0.0                 -26.42764859    -0.00026891         5.9338        23.9234     0.019442
        138      2.5      0.0                 -26.42833615    -0.00068756         4.0974        15.4161     0.018055
        139      2.5      0.1                 -26.42852793    -0.00019178         5.6364        23.3776     0.015832
        140      2.5      0.0                 -26.42913255    -0.00060462         4.0453        15.9009     0.014390
        141      2.5      0.0                 -26.42927218    -0.00013962         5.6640        20.7143     0.011003
        142      2.5      0.0                 -26.42985207    -0.00057990         4.0495        14.7503     0.015920
        143      2.4      0.1                 -26.43008541    -0.00023333         5.7857        21.7707     0.018416
        144      2.5      0.0                 -26.43071147    -0.00062607         4.0686        18.0970     0.013879
        145      2.5      0.0                 -26.43092091    -0.00020944         5.7110        27.7241     0.013935
        146      2.5      0.0                 -26.43154363    -0.00062272         4.1033        14.5683     0.021687
        147      2.5      0.1                 -26.43173850    -0.00019486         5.8486        32.1667     0.020780
        148      2.4      0.0                 -26.43235400    -0.00061551         3.9488        15.3908     0.011614
        149      2.5      0.0                 -26.43250735    -0.00015335         5.3432        28.8032     0.009386
        150      2.5      0.0                 -26.43303959    -0.00053224         3.8984        15.2646     0.016037
        151      2.4      0.0                 -26.43320778    -0.00016820         5.6351        30.1400     0.015443
        152      2.5      0.1                 -26.43377303    -0.00056525         3.9588        17.8352     0.013244
        153      2.5      0.0                 -26.43397844    -0.00020541         5.5915        26.4695     0.014167
        154      2.4      0.0                 -26.43453642    -0.00055798         3.6833        14.5874     0.014169
        155      2.5      0.0                 -26.43469196    -0.00015554         4.8890        24.6418     0.012449
        156      2.5      0.1                 -26.43515352    -0.00046156         3.5293        12.3556     0.011904
        157      2.5      0.0                 -26.43530258    -0.00014906         5.0858        23.9638     0.011632
        158      2.5      0.0                 -26.43579743    -0.00049485         3.6942        15.1338     0.014206
        159      2.5      0.0                 -26.43602130    -0.00022387         5.3646        18.9279     0.017953
        160      2.5      0.1                 -26.43656884    -0.00054754         3.7092        12.4927     0.019718
        161      2.5      0.0                 -26.43670254    -0.00013369         5.1238        21.0439     0.015714
        162      2.5      0.0                 -26.43719007    -0.00048753         3.6475        11.7294     0.015978
        163      2.5      0.0                 -26.43734795    -0.00015788         5.1986        24.3767     0.015661
        164      2.5      0.0                 -26.43783771    -0.00048976         3.8023        16.0025     0.021216
        165      2.6      0.1                 -26.43798624    -0.00014853         5.4386        29.8171     0.020143
        166      2.5      0.0                 -26.43850050    -0.00051426         4.4015        26.0732     0.020414
        167      2.5      0.0                 -26.43858618    -0.00008568         5.6557        56.6850     0.012440
        168      2.4      0.0                 -26.43919664    -0.00061046         5.7115        40.0103     0.056573
        169      2.5      0.1                 -26.43980087    -0.00060423         4.2603        18.6158     0.019555
        170      2.5      0.0                 -26.43995672    -0.00015585         5.7980        31.5384     0.016263
        171      2.5      0.0                 -26.44059133    -0.00063460         4.3571        19.6928     0.032110
        172      2.5      0.0                 -26.44077101    -0.00017968         6.3404        40.2503     0.029182
        173      2.5      0.1                 -26.44142573    -0.00065473         4.1052        16.5032     0.016306
        174      2.5      0.0                 -26.44155694    -0.00013121         5.3583        25.9536     0.011307
        175      2.5      0.0                 -26.44207859    -0.00052165         3.9771        13.4329     0.037064
        176      2.5      0.0                 -26.44219827    -0.00011968         5.5003        41.2979     0.030479
        177      2.5      0.0                 -26.44271956    -0.00052129         4.4367        27.9644     0.014718
        178      2.5      0.1                 -26.44274398    -0.00002441         5.0882        45.5013     0.003955
        179      2.6      0.0                 -26.44328734    -0.00054337         4.3941        16.2749     0.051562
        180      2.5      0.0                 -26.44329903    -0.00001168         5.0689        28.2838     0.009522
        181      2.5      0.0                 -26.44375667    -0.00045764         3.5755        13.5169     0.011283
        182      2.5      0.1                 -26.44388778    -0.00013111         4.7956        16.4688     0.010101
        183      2.5      0.0                 -26.44432750    -0.00043973         3.3908        13.4088     0.028947
        184      2.5      0.0                 -26.44441053    -0.00008303         4.5933        20.6109     0.019599
        185      2.5      0.0                 -26.44479233    -0.00038179         3.2532         9.8388     0.005955
        186      2.5      0.1                 -26.44489732    -0.00010500         4.5038        24.0991     0.005166
        187      2.5      0.0                 -26.44529761    -0.00040028         3.3450        10.8566     0.030636
        188      2.4      0.0                 -26.44541251    -0.00011490         4.7085        30.5746     0.028928
        189      2.5      0.0                 -26.44580158    -0.00038908         3.2154         9.8701     0.006686
        190      2.5      0.1                 -26.44582355    -0.00002196         3.8126        20.6605     0.002013
        191      2.5      0.0                 -26.44610834    -0.00028479         2.9722         8.6242     0.025863
        192      2.5      0.0                 -26.44615518    -0.00004684         4.0472        22.6396     0.016071
        193      2.6      0.0                 -26.44644634    -0.00029117         2.8884        10.7875     0.006276
        194      2.5      0.0                 -26.44652223    -0.00007589         3.9010        20.3164     0.005235
        195      2.4      0.1                 -26.44681031    -0.00028808         2.8513        10.6033     0.025991
        196      2.5      0.0                 -26.44686375    -0.00005344         3.8143        24.6130     0.017429
        197      2.5      0.0                 -26.44714170    -0.00027795         2.7427        11.1661     0.007521
        198      2.5      0.0                 -26.44720767    -0.00006597         3.8284        22.1120     0.005862
        199      2.5      0.1                 -26.44746261    -0.00025494         2.6868        12.1570     0.018645
        200      2.5      0.0                 -26.44753215    -0.00006955         3.5873        18.7993     0.016230
        201      2.5      0.0                 -26.44778101    -0.00024885         2.5833         8.3882     0.007260
        202      2.5      0.0                 -26.44785248    -0.00007148         3.6522        13.6846     0.006503
        203      2.5      0.1                 -26.44810004    -0.00024756         2.5738         9.8350     0.011926
        204      2.5      0.0                 -26.44818995    -0.00008991         3.5949        11.5706     0.012741
        205      2.5      0.0                 -26.44844717    -0.00025722         2.6295         9.2972     0.008989
        206      2.5      0.0                 -26.44854721    -0.00010005         3.8250        13.9845     0.010104
        207      2.5      0.0                 -26.44882696    -0.00027975         2.7234        12.1440     0.016192
        208      2.4      0.1                 -26.44889580    -0.00006884         3.7915        15.2395     0.012974
        209      2.5      0.0                 -26.44916106    -0.00026526         2.6756        10.2947     0.009227
        210      2.5      0.0                 -26.44924502    -0.00008396         3.6937        21.2081     0.008877
        211      2.4      0.0                 -26.44948102    -0.00023601         2.6484         8.4288     0.019492
        212      2.5      0.1                 -26.44950344    -0.00002241         3.3470        17.0505     0.008184
        213      2.5      0.0                 -26.44970049    -0.00019705         2.3605         8.8857     0.006723
        214      2.5      0.0                 -26.44976523    -0.00006475         3.1212        11.2284     0.006659
        215      2.5      0.0                 -26.44995403    -0.00018880         2.2544         8.0639     0.013239
        216      2.5      0.1                 -26.44998803    -0.00003399         3.0781        11.9883     0.008501
        217      2.4      0.0                 -26.45016363    -0.00017560         2.1766         7.6307     0.007379
        218      2.5      0.0                 -26.45023849    -0.00007486         3.0080        10.9771     0.008898
        219      2.5      0.0                 -26.45041153    -0.00017304         2.1254         7.2002     0.010524
        220      2.5      0.0                 -26.45044387    -0.00003234         2.9220        12.9574     0.006923
        221      2.5      0.1                 -26.45059838    -0.00015451         2.1145         7.1034     0.007899
        222      2.5      0.0                 -26.45066221    -0.00006383         3.0345        15.0047     0.009297
        223      2.5      0.0                 -26.45083493    -0.00017272         2.1728         7.0371     0.009556
        224      2.5      0.0                 -26.45089452    -0.00005960         3.1159        19.0565     0.009821
        225      2.5      0.0                 -26.45106884    -0.00017431         2.1853        11.0735     0.009363
        226      2.5      0.0                 -26.45111505    -0.00004622         3.0387        18.0716     0.007906
        227      2.5      0.0                 -26.45127315    -0.00015810         2.0750         8.2312     0.009194
        228      2.4      0.0                 -26.45131644    -0.00004329         2.8454        12.5938     0.007949
        229      2.5      0.1                 -26.45145991    -0.00014347         1.9431         6.2463     0.010393
        230      2.5      0.0                 -26.45151272    -0.00005280         2.6136        10.6703     0.011203
        231      2.5      0.0                 -26.45164548    -0.00013277         1.8243         7.4167     0.008295
        232      2.5      0.0                 -26.45168245    -0.00003697         2.5320        12.1076     0.007261
        233      2.5      0.0                 -26.45180635    -0.00012390         1.8188         5.4746     0.009485
        234      2.5      0.1                 -26.45184478    -0.00003843         2.6002        12.8640     0.008988
        235      2.5      0.0                 -26.45196935    -0.00012458         1.7951         6.7535     0.008587
        236      2.5      0.0                 -26.45200907    -0.00003972         2.4755         8.3501     0.008317
        237      2.6      0.0                 -26.45212400    -0.00011493         1.6901         8.5803     0.007226
        238      2.5      0.1                 -26.45215687    -0.00003287         2.3121         8.8549     0.006447
        239      2.5      0.0                 -26.45226102    -0.00010415         1.6657         5.5583     0.009002
        240      2.4      0.0                 -26.45229693    -0.00003591         2.4061         9.9418     0.009234
        241      2.5      0.0                 -26.45240614    -0.00010921         1.6633         5.4554     0.010997
        242      2.5      0.1                 -26.45244285    -0.00003671         2.2894        10.1880     0.011071
        243      2.5      0.0                 -26.45254358    -0.00010073         1.6012         4.9994     0.007665
        244      2.5      0.0                 -26.45256751    -0.00002393         2.2229        11.3846     0.005977
        245      2.5      0.0                 -26.45265920    -0.00009169         1.5775         5.0960     0.006785
        246      2.5      0.0                 -26.45269232    -0.00003312         2.2366         9.4081     0.007214
        247      2.5      0.1                 -26.45278784    -0.00009552         1.5895         5.9551     0.008814
        248      2.5      0.0                 -26.45282247    -0.00003464         2.2534         9.1859     0.009389
        249      2.5      0.0                 -26.45291670    -0.00009422         1.5297         5.2409     0.009750
        250      2.5      0.0                 -26.45293692    -0.00002023         2.0543        11.7144     0.007088
        251      2.5      0.1                 -26.45301472    -0.00007780         1.4877         4.9675     0.004399
        252      2.5      0.0                 -26.45303399    -0.00001927         2.0689        13.5314     0.003534
        253      2.5      0.0                 -26.45311051    -0.00007652         1.4925         4.2600     0.009420
        254      2.4      0.0                 -26.45313102    -0.00002051         2.0647        14.5235     0.008043
        255      2.5      0.1                 -26.45320823    -0.00007721         1.4854         4.2763     0.005121
        256      2.5      0.0                 -26.45323373    -0.00002551         2.0923        14.0682     0.005085
        257      2.5      0.0                 -26.45331441    -0.00008068         1.5229         7.0804     0.009992
        258      2.5      0.0                 -26.45334001    -0.00002559         2.1610        10.1107     0.009650
        259      2.5      0.0                 -26.45342485    -0.00008485         1.4953         6.0526     0.006073
        260      2.5      0.0                 -26.45345046    -0.00002561         2.0402        10.4494     0.005640
        261      2.4      0.0                 -26.45352904    -0.00007857         1.4646         5.3460     0.009938
        262      2.4      0.0                 -26.45355034    -0.00002130         2.0709         9.6232     0.008529
        263      2.5      0.0                 -26.45362931    -0.00007897         1.5298         4.9335     0.008942
        264      2.5      0.1                 -26.45366274    -0.00003343         2.2699        11.3920     0.010720
        265      2.4      0.0                 -26.45376027    -0.00009753         1.6803         5.2655     0.011283
        266      2.5      0.0                 -26.45381196    -0.00005169         2.4825        11.8215     0.016135
        267      2.5      0.0                 -26.45392528    -0.00011331         1.6987         6.9939     0.013598
        268      2.4      0.1                 -26.45394649    -0.00002121         2.2950        13.9991     0.008952
        269      2.5      0.0                 -26.45403908    -0.00009259         1.6321         5.7844     0.010449
        270      2.4      0.0                 -26.45406868    -0.00002960         2.3141        16.8053     0.010137
        271      2.5      0.0                 -26.45416275    -0.00009407         1.6537         5.4099     0.008733
        272      2.5      0.1                 -26.45419795    -0.00003520         2.3589        19.3573     0.009536
        273      2.4      0.0                 -26.45429405    -0.00009610         1.6365         5.0196     0.010215
        274      2.4      0.0                 -26.45431898    -0.00002492         2.2622        16.0526     0.008489
        275      2.5      0.0                 -26.45440583    -0.00008686         1.5857         5.2206     0.009421
        276      2.5      0.0                 -26.45443401    -0.00002818         2.2197        13.5377     0.009237
        277      2.5      0.1                 -26.45452095    -0.00008694         1.5887         6.0686     0.008432
        278      2.4      0.0                 -26.45455612    -0.00003517         2.2745        10.1092     0.009765
        279      2.4      0.0                 -26.45465319    -0.00009707         1.6498         5.3750     0.011714
        280      2.5      0.0                 -26.45469590    -0.00004271         2.3862         8.8315     0.014468
        281      2.4      0.1                 -26.45480510    -0.00010920         1.6711         5.5707     0.014152
        282      2.4      0.0                 -26.45483954    -0.00003444         2.3416         8.4806     0.013578
        283      2.4      0.0                 -26.45494159    -0.00010204         1.6152         5.7737     0.011921
        284      2.5      0.0                 -26.45496678    -0.00002520         2.2284        10.1278     0.009564
        285      2.5      0.1                 -26.45505744    -0.00009065         1.5696         4.7165     0.008557
        286      2.5      0.0                 -26.45508784    -0.00003041         2.2068        12.5599     0.008596
        287      2.5      0.0                 -26.45517776    -0.00008991         1.5425         5.5685     0.011120
        288      2.5      0.0                 -26.45520628    -0.00002852         2.1457        13.1359     0.010725
        289      2.4      0.0                 -26.45529330    -0.00008702         1.5267         6.4992     0.009536
        290      2.4      0.1                 -26.45532335    -0.00003006         2.1693        15.1048     0.009789
        291      2.4      0.0                 -26.45540887    -0.00008552         1.4737         5.1418     0.012432
        292      2.5      0.0                 -26.45542918    -0.00002030         2.0057        12.8863     0.009689
        293      2.5      0.0                 -26.45549936    -0.00007018         1.3794         5.1562     0.009402
        294      2.5      0.0                 -26.45551613    -0.00001677         1.8982         8.9511     0.007361
        295      2.5      0.0                 -26.45558058    -0.00006445         1.3529         4.2363     0.008223
        296      2.5      0.0                 -26.45561204    -0.00003146         1.8876         7.5581     0.011021
        297      2.5      0.0                 -26.45568099    -0.00006895         1.3224         4.3742     0.008563
        298      2.5      0.1                 -26.45569811    -0.00001712         1.8404         6.8624     0.006894
        299      2.5      0.0                 -26.45576326    -0.00006515         1.3407         4.7579     0.006492
        300      2.5      0.0                 -26.45579183    -0.00002857         1.9534         7.8191     0.008007
        301      2.5      0.0                 -26.45586447    -0.00007263         1.3798         3.9904     0.007423
        302      2.5      0.0                 -26.45588429    -0.00001983         1.9385         7.7914     0.006400
        303      2.5      0.1                 -26.45595470    -0.00007041         1.3985         5.5981     0.010137
        304      2.6      0.0                 -26.45598152    -0.00002682         2.0040         8.5932     0.011227
        305      2.5      0.0                 -26.45605849    -0.00007697         1.4259         4.6938     0.006882
        306      2.5      0.0                 -26.45608519    -0.00002670         2.0133         7.2172     0.007092
        307      2.5      0.1                 -26.45616406    -0.00007887         1.4128         6.3533     0.011019
        308      2.5      0.0                 -26.45618886    -0.00002480         1.9722         7.3598     0.010559
        309      2.6      0.0                 -26.45626451    -0.00007565         1.4043         4.6169     0.009332
        310      2.5      0.0                 -26.45628712    -0.00002261         1.9961         8.4690     0.008601
        311      2.4      0.1                 -26.45636053    -0.00007342         1.3964         4.8975     0.011243
        312      2.4      0.0                 -26.45638190    -0.00002136         1.9532         9.5621     0.010159
        313      2.5      0.0                 -26.45645068    -0.00006879         1.3957         5.1969     0.011151
        314      2.5      0.0                 -26.45647156    -0.00002088         1.9896        12.2814     0.010398
        315      2.4      0.0                 -26.45654219    -0.00007063         1.4536         4.4532     0.010728
        316      2.5      0.1                 -26.45657208    -0.00002989         2.1285        16.1509     0.012869
        317      2.5      0.0                 -26.45665150    -0.00007942         1.4825         5.0936     0.010783
        318      2.4      0.0                 -26.45667499    -0.00002349         2.0687        17.4992     0.009866
        319      2.6      0.0                 -26.45674933    -0.00007434         1.5058         4.7080     0.011338
        320      2.5      0.1                 -26.45677259    -0.00002326         2.1792        15.7279     0.010824
        321      2.5      0.0                 -26.45685223    -0.00007964         1.5237         5.1054     0.011586
        322      2.5      0.0                 -26.45688646    -0.00003423         2.0959        11.9046     0.014076
        323      2.5      0.0                 -26.45696745    -0.00008099         1.5039         4.5652     0.011660
        324      2.5      0.1                 -26.45699185    -0.00002440         2.1500        11.1868     0.010816
        325      2.4      0.0                 -26.45707587    -0.00008402         1.5261         5.1894     0.015982
        326      2.5      0.0                 -26.45711086    -0.00003499         2.1362        12.9992     0.018944
        327      2.5      0.0                 -26.45719646    -0.00008560         1.5002         4.8695     0.013917
        328      2.5      0.0                 -26.45721617    -0.00001971         2.0840        12.6122     0.010614
        329      2.5      0.1                 -26.45729587    -0.00007970         1.5178         5.7803     0.013594
        330      2.5      0.0                 -26.45733063    -0.00003476         2.2206        13.8869     0.016703
        331      2.5      0.0                 -26.45742092    -0.00009029         1.5480         5.0080     0.019095
        332      2.5      0.0                 -26.45744861    -0.00002769         2.1546         9.1671     0.017969
        333      2.5      0.1                 -26.45753569    -0.00008708         1.5001         4.4196     0.014302
        334      2.5      0.0                 -26.45756714    -0.00003145         2.0840        10.1958     0.015191
        335      2.4      0.0                 -26.45765123    -0.00008409         1.4881         5.4947     0.013718
        336      2.5      0.0                 -26.45767461    -0.00002338         2.1140        13.5554     0.012002
        337      2.5      0.1                 -26.45775564    -0.00008103         1.4743         6.0611     0.015952
        338      2.5      0.0                 -26.45778007    -0.00002444         2.0392        11.3666     0.014846
        339      2.5      0.0                 -26.45785789    -0.00007782         1.4134         4.2599     0.009433
        340      2.5      0.0                 -26.45788432    -0.00002643         1.9344        10.1119     0.009575
        341      2.4      0.0                 -26.45795761    -0.00007329         1.3839         3.9682     0.018805
        342      2.5      0.1                 -26.45797492    -0.00001731         1.9228        11.6267     0.014659
        343      2.5      0.0                 -26.45804171    -0.00006679         1.2875         4.7518     0.009868
        344      2.4      0.0                 -26.45805760    -0.00001589         1.7296        11.6532     0.007707
        345      2.4      0.0                 -26.45811193    -0.00005433         1.2322         4.2189     0.011069
        346      2.5      0.1                 -26.45812655    -0.00001462         1.7383        10.7537     0.009452
        347      2.5      0.0                 -26.45818125    -0.00005470         1.2652         5.0563     0.008684
        348      2.5      0.0                 -26.45820801    -0.00002676         1.8256         8.7667     0.011666
        349      2.6      0.0                 -26.45827154    -0.00006353         1.2906         4.2818     0.012072
        350      2.6      0.1                 -26.45829114    -0.00001960         1.8204         7.1722     0.011404
        351      2.5      0.0                 -26.45835379    -0.00006265         1.2810         4.4945     0.008615
        352      2.5      0.0                 -26.45837501    -0.00002123         1.7875         7.1349     0.008728
        353      2.5      0.0                 -26.45843683    -0.00006182         1.2776         4.1664     0.021409
        354      2.5      0.0                 -26.45845133    -0.00001450         1.7386         7.8090     0.016639
        355      2.5      0.1                 -26.45851443    -0.00006309         1.3032         4.6302     0.005489
        356      2.5      0.0                 -26.45854075    -0.00002633         1.8409         7.4440     0.006516
        357      2.5      0.0                 -26.45861489    -0.00007413         1.3146         4.6229     0.028064
        358      2.6      0.0                 -26.45862547    -0.00001059         1.6827         5.3962     0.015602
        359      2.5      0.1                 -26.45869174    -0.00006627         1.2761         4.4572     0.004680
        360      2.5      0.0                 -26.45870582    -0.00001408         1.7310         7.0486     0.003371
        361      2.5      0.0                 -26.45877323    -0.00006741         1.3018         4.6826     0.022007
        362      2.5      0.0                 -26.45878384    -0.00001062         1.7533         8.5926     0.012978
        363      2.5      0.1                 -26.45884524    -0.00006140         1.2826         3.8976     0.007810
        364      2.6      0.0                 -26.45886049    -0.00001525         1.8179        12.7687     0.006293
        365      2.5      0.0                 -26.45891879    -0.00005830         1.2336         5.0277     0.015799
        366      2.4      0.0                 -26.45893176    -0.00001297         1.6680        13.4060     0.011768
        367      2.5      0.1                 -26.45897982    -0.00004806         1.1770         3.3964     0.010143
        368      2.5      0.0                 -26.45899327    -0.00001345         1.6585        13.8066     0.008912
        369      2.5      0.0                 -26.45904058    -0.00004731         1.2212         3.9473     0.007248
        370      2.4      0.0                 -26.45906084    -0.00002026         1.7986        13.0206     0.008781
        371      2.5      0.0                 -26.45911604    -0.00005520         1.2227         4.0688     0.019030
        372      2.6      0.1                 -26.45913150    -0.00001546         1.5702         6.9119     0.016888
        373      2.5      0.0                 -26.45918218    -0.00005068         1.1774         3.7684     0.006094
        374      2.5      0.0                 -26.45919027    -0.00000809         1.4485         6.6144     0.003596
        375      2.5      0.0                 -26.45924636    -0.00005609         1.2541         3.5615     0.032003
        376      2.5      0.1                 -26.45925004    -0.00000368         1.4847         4.6952     0.010940
        377      2.5      0.0                 -26.45930853    -0.00005849         1.2702         4.2031     0.006284
        378      2.5      0.0                 -26.45930977    -0.00000123         1.4339         4.9597     0.001054
        379      2.5      0.0                 -26.45935676    -0.00004700         1.0651         4.1120     0.016495
        380      2.4      0.0                 -26.45936316    -0.00000640         1.3986         4.5305     0.008792
        381      2.5      0.0                 -26.45940501    -0.00004185         1.0396         3.0237     0.003757
        382      2.5      0.0                 -26.45941409    -0.00000909         1.4466         5.8595     0.002748
        383      2.4      0.0                 -26.45945612    -0.00004203         1.0377         2.9001     0.008218
        384      2.5      0.0                 -26.45947052    -0.00001440         1.4740         8.7431     0.008407
        385      2.4      0.1                 -26.45951148    -0.00004096         1.0678         3.8085     0.005022
        386      2.5      0.0                 -26.45951937    -0.00000789         1.4794         9.4640     0.003377
        387      2.5      0.0                 -26.45955770    -0.00003833         1.0616         3.3682     0.009416
        388      2.5      0.0                 -26.45957472    -0.00001702         1.4824         8.7013     0.011741
        389      2.6      0.1                 -26.45961607    -0.00004135         1.0278         3.8080     0.004477
        390      2.5      0.0                 -26.45962632    -0.00001025         1.3990         5.8521     0.003603
        391      2.5      0.0                 -26.45966419    -0.00003787         0.9827         3.6716     0.013849


The minimization has converged.


>>> Timing data >>>
    Minimization loop was running for 1012.293 seconds ( 0:16:52.293 h:m:s).
    Performance: 2.589 seconds/step.
    Time spent within the MD module (overhead): 32.529 seconds (3.2134 % of total time).
<<< Timing data <<<


Finished minimization loop.



>>>>>> Dump Position, Format, PDB, Stride, 0, Filename, "mm_opt.pdb", Replace

Writing a single position snapshot for region "all": Format PDB, filename "mm_opt.pdb", replace.


###############################################################
########        Finished Executing Input Script        ########
###############################################################


    3 function calls, 0 operator calls, 27 evaluated expressions.


Timings for individual modules during the MD run:

MM module                       ...      974.603 sec (=  16.243 min) 100.0 %
Self time inside of MD module   ...       35.520 sec (=   0.592 min)   3.5 %

Sum of individual times         ...     1010.123 sec (=  16.835 min)

Total wall time of MD module    ...     1015.104 sec (=  16.918 min)
             --> "dark time"    ...        4.981 sec (=   0.083 min)   0.5 %

( The "dark time" is spent in the ORCA-internal routines for energy and gradient calculation,
  but not inside of the sub-programs which do so. It contains operating system overhead for
  spawning new processes in each MD step and some file IO time. )



    #########################################################
    ####    ORCA ab initio Molecular Dynamics leaving    ####
    ####           Martin Brehm, 2016 - 2022             ####
    ####        https://brehm-research.de/orcamd         ####
    #########################################################

