            --------------------------------------------------------
                             AMBER SQM VERSION 19
 
                                     By
              Ross C. Walker, Michael F. Crowley, Scott Brozell,
                         Tim Giese, Andreas W. Goetz,
                        Tai-Sung Lee and David A. Case
 
            --------------------------------------------------------
 

--------------------------------------------------------------------------------
  QM CALCULATION INFO
--------------------------------------------------------------------------------

| QMMM: Citation for AMBER QMMM Run:
| QMMM: R.C. Walker, M.F. Crowley and D.A. Case, J. COMP. CHEM. 29:1019, 2008

QMMM: SINGLET STATE CALCULATION
QMMM: RHF CALCULATION, NO. OF DOUBLY OCCUPIED LEVELS =119

| QMMM: *** Selected Hamiltonian *** 
| QMMM: AM1         

| QMMM: *** Parameter sets in use ***
| QMMM: S : M.J.S.DEWAR et al. INORG. CHEM., 29, 3881, (1990)
| QMMM: C : M.J.S.DEWAR et al. JACS, 107, 3902, (1985)
| QMMM: N : M.J.S.DEWAR et al. JACS, 107, 3902, (1985)
| QMMM: O : M.J.S.DEWAR et al. JACS, 107, 3902, (1985)
| QMMM: P : M.J.S.DEWAR et al. THEOCHEM, 187,1, (1989)
| QMMM: H : M.J.S.DEWAR et al. JACS, 107, 3902, (1985)

| QMMM: *** SCF convergence criteria ***
| QMMM: Energy change                :  0.1D-09 kcal/mol
| QMMM: Error matrix |FP-PF|         :  0.1D+00 au
| QMMM: Density matrix change        :  0.5D-06
| QMMM: Maximum number of SCF cycles :     1000

| QMMM: *** Diagonalization Routine Information ***
| QMMM: Pseudo diagonalizations are allowed.
| QMMM: Auto diagonalization routine selection is in use.
| QMMM:
| QMMM: Timing diagonalization routines:
| QMMM:                              norbs =      198
| QMMM:    diag iterations used for timing =        5
| QMMM:
| QMMM:              Internal diag routine = 0.072506 seconds
| QMMM:                 Dspev diag routine = 0.064405 seconds
| QMMM:                Dspevd diag routine = 0.048936 seconds
| QMMM:                Dspevx diag routine = 0.203192 seconds
| QMMM:                 Dsyev diag routine = 0.068502 seconds
| QMMM:                Dsyevd diag routine = 0.049196 seconds
| QMMM:                Dsyevr diag routine = 0.050039 seconds
| QMMM:
| QMMM:                Pseudo diag routine = 0.029829 seconds
| QMMM:
| QMMM: Using dspevd routine (diag_routine=3).

  QMMM: QM Region Cartesian Coordinates (*=link atom) 
  QMMM: QM_NO.   MM_NO.  ATOM         X         Y         Z
  QMMM:     1        1      S      -36.3230  -34.6810   24.2950
  QMMM:     2        2      C      -34.9450  -35.2240   23.4370
  QMMM:     3        3      N      -33.8270  -34.9430   24.1300
  QMMM:     4        4      C      -34.0480  -34.4030   25.4050
  QMMM:     5        5      C      -35.3790  -34.2180   25.6950
  QMMM:     6        6      C      -35.9910  -33.8260   27.0090
  QMMM:     7        7      C      -36.3560  -32.3460   27.2040
  QMMM:     8        8      O      -36.7330  -32.1670   28.5530
  QMMM:     9        9      P      -37.9460  -31.0730   28.8720
  QMMM:    10       10      P      -39.9240  -33.3160   28.4880
  QMMM:    11       11      N      -30.0550  -32.1620   23.6090
  QMMM:    12       12      O      -37.6780  -29.7330   28.2890
  QMMM:    13       13      O      -40.1100  -33.2480   30.0580
  QMMM:    14       14      C      -30.6350  -31.3410   22.7120
  QMMM:    15       15      O      -38.0710  -31.1200   30.4170
  QMMM:    16       16      O      -38.8680  -34.3750   28.0700
  QMMM:    17       17      N      -31.7610  -31.6030   22.0610
  QMMM:    18       18      O      -39.2130  -31.7800   28.1710
  QMMM:    19       19      O      -41.1470  -33.3680   27.6390
  QMMM:    20       20      C      -32.4060  -32.7850   22.2680
  QMMM:    21       21      N      -33.5310  -33.0070   21.5900
  QMMM:    22       22      C      -31.8580  -33.7270   23.2130
  QMMM:    23       23      C      -30.6860  -33.3280   23.8310
  QMMM:    24       24      C      -32.4550  -35.0660   23.5700
  QMMM:    25       25      C      -29.9750  -30.0220   22.4260
  QMMM:    26       26      C      -32.9010  -34.2010   26.3350
  QMMM:    27       27      H      -36.9120  -34.3970   27.2190
  QMMM:    28       28      H      -35.2710  -34.0890   27.8040
  QMMM:    29       29      H      -35.4920  -31.6960   26.9770
  QMMM:    30       30      H      -37.1730  -32.0700   26.5100
  QMMM:    31       31      H      -33.8450  -32.2780   20.9510
  QMMM:    32       32      H      -33.8620  -34.0170   21.4290
  QMMM:    33       33      H      -30.2180  -33.9990   24.5650
  QMMM:    34       34      H      -32.5390  -35.7470   22.7140
  QMMM:    35       35      H      -31.8220  -35.5530   24.3280
  QMMM:    36       36      H      -29.8780  -29.4340   23.3510
  QMMM:    37       37      H      -30.5490  -29.4490   21.6850
  QMMM:    38       38      H      -28.9520  -30.1750   22.0480
  QMMM:    39       39      H      -32.3260  -35.1380   26.4430
  QMMM:    40       40      H      -33.2730  -33.9010   27.3240
  QMMM:    41       41      H      -32.2110  -33.4180   25.9810
  QMMM:    42       42      C      -34.7120  -37.5460   22.4390
  QMMM:    43       43      C      -35.0050  -35.9810   22.0980
  QMMM:    44       44      O      -33.4610  -37.8290   22.5300
  QMMM:    45       45      O      -35.6570  -38.3300   22.5410
  QMMM:    46       46      O      -34.0540  -35.5080   21.2460
  QMMM:    47       47      C      -36.4110  -35.8220   21.4830
  QMMM:    48       48      C      -37.2300  -37.1160   21.0450
  QMMM:    49       49      C      -36.2860  -34.9000   20.3170
  QMMM:    50       50      H      -37.0160  -35.3240   22.2520
  QMMM:    51       51      N      -36.1930  -34.2440   19.3650
  QMMM:    52       52      N      -37.7970  -38.1300   21.7420
  QMMM:    53       53      S      -37.7970  -37.0870   19.3770
  QMMM:    54       54      C      -39.0140  -38.1650   19.7410
  QMMM:    55       55      C      -38.8270  -38.8000   20.9580
  QMMM:    56       56      H      -39.7860  -38.3710   19.0110
  QMMM:    57       57      C      -39.8090  -39.9310   21.1590
  QMMM:    58       58      O      -39.6790  -40.9290   22.1220
  QMMM:    59       59      C      -40.7130  -41.9340   21.8570
  QMMM:    60       60      C      -40.8740  -43.1000   22.8200
  QMMM:    61       61      H      -40.5160  -42.3730   20.8680
  QMMM:    62       62      H      -41.6950  -41.4390   21.8340
  QMMM:    63       63      H      -39.9700  -43.7080   22.8940
  QMMM:    64       64      H      -41.6830  -43.7510   22.4520
  QMMM:    65       65      H      -41.1620  -42.7650   23.8200
  QMMM:    66       66      O      -40.7370  -40.0110   20.3450

--------------------------------------------------------------------------------
  RESULTS
--------------------------------------------------------------------------------

      iter         sqm energy              rms gradient
      ----    -------------------    -----------------------
xmin    10     -306.6573 kcal/mol        1.4036 kcal/(mol*A)
xmin    20     -314.2549 kcal/mol        1.2499 kcal/(mol*A)
xmin    30     -318.1738 kcal/mol        2.4894 kcal/(mol*A)
xmin    40     -327.3775 kcal/mol        1.0063 kcal/(mol*A)
xmin    50     -336.0583 kcal/mol        0.7427 kcal/(mol*A)
xmin    60     -337.3628 kcal/mol        0.3045 kcal/(mol*A)
xmin    70     -337.8003 kcal/mol        0.1045 kcal/(mol*A)
xmin    80     -337.8260 kcal/mol        0.0931 kcal/(mol*A)
xmin    90     -337.8489 kcal/mol        0.0234 kcal/(mol*A)
xmin   100     -337.8516 kcal/mol        0.0203 kcal/(mol*A)
xmin   110     -337.8521 kcal/mol        0.0028 kcal/(mol*A)
xmin   120     -337.8521 kcal/mol        0.0015 kcal/(mol*A)
xmin   130     -337.8521 kcal/mol        0.0011 kcal/(mol*A)
xmin   140     -337.8522 kcal/mol        0.0027 kcal/(mol*A)
xmin   150     -337.8522 kcal/mol        0.0010 kcal/(mol*A)
  ... geometry converged !
 
 Final MO eigenvalues (eV):
 -34.1262  -34.0655  -33.1124  -31.6731  -30.7700  -30.1089  -29.5678  -29.0558
 -28.0209  -27.8873  -27.2341  -26.4383  -25.8409  -25.4199  -24.9648  -24.3296
 -24.1087  -22.5357  -22.2281  -21.5968  -20.9991  -20.6828  -20.5333  -19.6743
 -19.6293  -19.4556  -18.9998  -18.9360  -17.6806  -17.4353  -17.3743  -16.1260
 -15.4069  -15.3312  -13.8779  -13.5684  -12.3549  -12.2846  -11.9293  -11.6530
 -11.2685  -11.1451  -10.9981  -10.9040  -10.3087   -9.8563   -9.4292   -9.3881
  -9.2778   -9.0130   -8.7460   -8.5991   -8.4083   -8.2870   -8.0360   -7.8290
  -7.7889   -7.5952   -7.5133   -7.3647   -7.3185   -7.1913   -7.0444   -6.9336
  -6.6499   -6.6273   -6.5048   -6.4322   -6.2239   -6.1390   -5.9187   -5.8445
  -5.7570   -5.7258   -5.6945   -5.4417   -5.3155   -5.1982   -5.0851   -5.0487
  -4.9479   -4.6329   -4.4380   -4.2713   -4.1386   -3.8984   -3.7209   -3.7017
  -3.5626   -3.1759   -3.1607   -2.9102   -2.4013   -2.2865   -2.1960   -2.0992
  -1.8350   -1.6945   -1.5286   -1.4300   -1.2864   -0.9931   -0.8753   -0.5956
  -0.4502   -0.2590    0.0284    0.6752    0.8447    0.9537    1.2312    1.5529
   1.6355    2.1971    2.9448    2.9679    3.0200    3.1102    3.1222    6.6417
   7.0925    7.1003    7.2673    7.7903    8.0840    8.4483    8.4935    8.5011
   8.7552    8.9843    9.1450    9.2868    9.3398    9.3888    9.4220    9.5834
   9.6041    9.6665    9.8142    9.8498    9.9225   10.0096   10.3012   10.3290
  10.3361   10.3740   10.4308   10.4928   10.5325   10.7525   10.7939   11.0687
  11.1204   11.2265   11.4374   11.5414   11.6177   11.7900   11.8027   11.9438
  11.9730   12.0379   12.1440   12.1843   12.2254   12.2849   12.3649   12.4423
  12.4913   12.5484   12.8685   12.9116   13.0197   13.1599   13.3206   13.3483
  13.4705   13.6911   13.8214   14.0804   14.2295   14.2850   14.3779   14.4451
  14.6114   15.1534   15.3252   15.5309   15.9709   16.1545   16.9801   17.8269
  18.7283   19.5241   20.5979   21.0738   22.0665   22.0822

 Heat of formation   =       -337.85216814 kcal/mol  (      -14.65036937 eV)

 Total SCF energy    =    -204060.68686377 kcal/mol  (    -8848.73539152 eV)
 Electronic energy   =   -1828942.66313920 kcal/mol  (   -79308.90521396 eV)
 Core-core repulsion =    1624881.97627543 kcal/mol  (    70460.16982245 eV)
 
    Atomic Charges for Step       1 :
  Atom    Element       Mulliken Charge
     1      S                  0.674
     2      C                 -0.260
     3      N                 -0.039
     4      C                 -0.080
     5      C                 -0.264
     6      C                 -0.211
     7      C                  0.088
     8      O                 -0.753
     9      P                  2.674
    10      P                  2.657
    11      N                 -0.250
    12      O                 -1.247
    13      O                 -1.277
    14      C                  0.046
    15      O                 -1.234
    16      O                 -1.288
    17      N                 -0.282
    18      O                 -1.285
    19      O                 -1.278
    20      C                  0.199
    21      N                 -0.333
    22      C                 -0.233
    23      C                 -0.004
    24      C                 -0.012
    25      C                 -0.148
    26      C                 -0.185
    27      H                  0.203
    28      H                  0.160
    29      H                 -0.011
    30      H                  0.108
    31      H                  0.210
    32      H                  0.286
    33      H                  0.157
    34      H                  0.216
    35      H                  0.114
    36      H                  0.091
    37      H                  0.078
    38      H                  0.074
    39      H                  0.065
    40      H                  0.208
    41      H                  0.075
    42      C                  0.327
    43      C                  0.112
    44      O                 -0.557
    45      O                 -0.549
    46      O                 -0.642
    47      C                 -0.002
    48      C                 -0.343
    49      C                 -0.110
    50      H                  0.187
    51      N                 -0.099
    52      N                 -0.075
    53      S                  0.884
    54      C                 -0.588
    55      C                 -0.210
    56      H                  0.134
    57      C                  0.397
    58      O                 -0.258
    59      C                 -0.008
    60      C                 -0.213
    61      H                  0.066
    62      H                  0.067
    63      H                  0.087
    64      H                  0.048
    65      H                  0.088
    66      O                 -0.448
 Total Mulliken Charge =      -4.000
 
                  X        Y        Z     TOTAL  
  QM DIPOLE   706.273  641.236 -525.062 1088.897
 
 Final Structure

  QMMM: QM Region Cartesian Coordinates (*=link atom) 
  QMMM: QM_NO.   MM_NO.  ATOM         X         Y         Z
  QMMM:     1        1      S      -36.8928  -35.2975   25.5871
  QMMM:     2        2      C      -35.6199  -35.7621   24.5832
  QMMM:     3        3      N      -34.5163  -34.9785   24.7816
  QMMM:     4        4      C      -34.7259  -34.0117   25.7892
  QMMM:     5        5      C      -36.0082  -34.0627   26.3260
  QMMM:     6        6      C      -36.5449  -33.2065   27.3898
  QMMM:     7        7      C      -36.5912  -31.7063   27.0210
  QMMM:     8        8      O      -35.6300  -30.9987   27.7115
  QMMM:     9        9      P      -36.2353  -29.8254   28.7981
  QMMM:    10       10      P      -38.1274  -31.8310   30.6660
  QMMM:    11       11      N      -30.7148  -32.6384   23.0121
  QMMM:    12       12      O      -37.0236  -28.9415   27.8919
  QMMM:    13       13      O      -37.2737  -32.2830   31.8170
  QMMM:    14       14      C      -31.3395  -32.2120   21.8708
  QMMM:    15       15      O      -34.9940  -29.2627   29.3994
  QMMM:    16       16      O      -38.3813  -32.8864   29.6159
  QMMM:    17       17      N      -32.5480  -32.6287   21.4098
  QMMM:    18       18      O      -37.1050  -30.7164   29.7402
  QMMM:    19       19      O      -39.3248  -31.0168   31.0690
  QMMM:    20       20      C      -33.2289  -33.5614   22.1742
  QMMM:    21       21      N      -34.4858  -33.9421   21.7898
  QMMM:    22       22      C      -32.6345  -34.0814   23.3832
  QMMM:    23       23      C      -31.3876  -33.5543   23.7403
  QMMM:    24       24      C      -33.2157  -35.2035   24.1778
  QMMM:    25       25      C      -30.6232  -31.1608   21.0532
  QMMM:    26       26      C      -33.6679  -33.0785   26.2329
  QMMM:    27       27      H      -37.5800  -33.5130   27.7363
  QMMM:    28       28      H      -35.9035  -33.3138   28.3128
  QMMM:    29       29      H      -36.4016  -31.6032   25.9102
  QMMM:    30       30      H      -37.6202  -31.3136   27.2570
  QMMM:    31       31      H      -34.8292  -33.6483   20.9085
  QMMM:    32       32      H      -34.8698  -34.7843   22.1785
  QMMM:    33       33      H      -30.8888  -33.8844   24.6709
  QMMM:    34       34      H      -33.2875  -36.1344   23.5181
  QMMM:    35       35      H      -32.5138  -35.4584   25.0281
  QMMM:    36       36      H      -30.7928  -30.1642   21.5306
  QMMM:    37       37      H      -31.0090  -31.1289   20.0062
  QMMM:    38       38      H      -29.5264  -31.3671   21.0267
  QMMM:    39       39      H      -32.8541  -33.6397   26.7566
  QMMM:    40       40      H      -34.1196  -32.3237   26.9453
  QMMM:    41       41      H      -33.2241  -32.5296   25.3661
  QMMM:    42       42      C      -34.8227  -38.1052   24.4614
  QMMM:    43       43      C      -35.6275  -36.9783   23.6690
  QMMM:    44       44      O      -33.5663  -38.0107   24.4772
  QMMM:    45       45      O      -35.4792  -39.0186   25.0263
  QMMM:    46       46      O      -35.0229  -36.7075   22.4624
  QMMM:    47       47      C      -37.0786  -37.5095   23.3783
  QMMM:    48       48      C      -37.0299  -38.1530   22.0252
  QMMM:    49       49      C      -38.1219  -36.4988   23.3640
  QMMM:    50       50      H      -37.3189  -38.2826   24.1738
  QMMM:    51       51      N      -39.0021  -35.7406   23.2827
  QMMM:    52       52      N      -37.9618  -38.9190   21.4573
  QMMM:    53       53      S      -35.5986  -37.8677   21.0973
  QMMM:    54       54      C      -36.2202  -38.7946   19.8787
  QMMM:    55       55      C      -37.4967  -39.2950   20.1953
  QMMM:    56       56      H      -35.7362  -39.0180   18.9309
  QMMM:    57       57      C      -38.2444  -40.1292   19.2755
  QMMM:    58       58      O      -39.4752  -40.5746   19.7164
  QMMM:    59       59      C      -40.2144  -41.3937   18.8097
  QMMM:    60       60      C      -41.5086  -41.7424   19.5085
  QMMM:    61       61      H      -39.6168  -42.3112   18.5661
  QMMM:    62       62      H      -40.3985  -40.8252   17.8604
  QMMM:    63       63      H      -41.3005  -42.2908   20.4580
  QMMM:    64       64      H      -42.1307  -42.3833   18.8403
  QMMM:    65       65      H      -42.0740  -40.8140   19.7620
  QMMM:    66       66      O      -37.9218  -40.4997   18.1325

           --------- Calculation Completed ----------

