
Will write log file to "mm_opt.md.log".

Command line:  /software/orca/5.0.4/orca_5_0_4_linux_x86-64_openmpi411/orca_md mm_opt orca


    ################################################################
    ########    ORCA ab initio Molecular Dynamics Module    ########
    ########          and SANscript Interpreter             ########
    ########          Martin Brehm, 2016 - 2022             ########
    ########       https://brehm-research.de/orcamd         ########
    ################################################################


  * Compiled as ORCA module.
  * Called from ORCA.
  * Base name: "mm_opt"
  * Source code version: Jan 31 2022
  * Compiled at Mar  1 2023 11:25:12, compiler "Clang 12.0.0 (/home/frankw/CompEnv/src/llvm1200/llvm-project/clang d28af7c654d8db0b68c175db5ce212d74fb5e9bc)", LLVM, CLANG 12.0.0, Linux
  * Machine: x86_64, int=4b, long=8b, addr=8b, 0xA0B0C0D0=D0,C0,B0,A0.
  * Executable name: "/software/orca/5.0.4/orca_5_0_4_linux_x86-64_openmpi411/orca_md"
  * Running on qnode0221 at Wed Jul 24 13:07:15 2024 (PID 156191)
  * Running in /projects/b1039/wxk6447/INI-STRUCT-6/Out/1

Initializing SAN engine...

Started parsing input script.
Reading input file "mm_opt.mdinput" ...
204 Bytes read.
Tokenizing input...
Found 26 tokens in file.
Handling brackets...
Handling reference parentheses...
Handling keywords...
Handling operators...
Grouping commas...
Removing commas...
Handling variables...
Found unit "Bohr", converting 0.300000 Bohr to 0.158753 Angstrom...
Handling functions, iteration 1...
Handling functions, iteration 2...
Flattening tree...
Checking keyword syntax...
Finished parsing input script.

Initializing MD engine with interface "ORCA" ...


>>>>>>>>>>>>>>>>>>>>>>>>>>>>>>>>>>>>>>>>>>>>>>>>>>>>
>>>   Output of System Information (from ORCA)   >>>
>>>>>>>>>>>>>>>>>>>>>>>>>>>>>>>>>>>>>>>>>>>>>>>>>>>>


############################################
   Total Atom Count:           18669
   Total System Mass:       131385.1 a.m.u.
   Total Basis Dimension:          0
   Total Electron Number:          0
   Total Charge:                  -9
   Total Multiplicity:             1
  ------------------------------------------
   ReducePrint:                 true
   Print Mulliken Pop:             1
   Print Loewdin Pop:              1
   Print Mayer Pop:                1
   Print Orbital Energies:         1
############################################

<<<<<<<<<<<<<<<<<<<<<<<<<<<<<<<<<<<<<<<<<<<<<<<<<<<<
<<<          End of System Information           <<<
<<<<<<<<<<<<<<<<<<<<<<<<<<<<<<<<<<<<<<<<<<<<<<<<<<<<

Initializing regions...
  Found "mm_opt-active_atoms.tmp" file, reading active region data...
  Found "mm_opt-qm_atoms.tmp" file, reading QM region data...

Defined regions:
         all: 18669 atoms
          mm: 18669 atoms
      active:   408 atoms
    inactive: 18261 atoms


######################################################
########        Executing Input Script        ########
######################################################

Execution verbose level is 2.



>>>>>> Dump Position, Stride, 1, Filename, "mm_opt_trj.dcd", Replace

Modified writing position trajectory for region "all": Format DCD, stride 1, filename "mm_opt_trj.dcd", replace.


>>>>>> Minimize LBFGS, StepLimit, 0.30, MaxGrad, 4.9615, RMSGrad, 0.9923, Steps, 1000

Starting minimization loop with L-BFGS method:
    Max. Steps:             1000
    L-BFGS History:         20
    RMS(Grad) Convergence:  0.9923 kJ/mol/Angstrom
    Max(Grad) Convergence:  4.9615 kJ/mol/Angstrom
    Step Limit:             0.159 Angstrom
    Random Displacement:    disabled


Dump: Will write Position data of region "all" in DCD format with stride 1 to "mm_opt_trj.dcd" (replace).

Defined regions:
         all: 18669 atoms
          mm: 18669 atoms
      active:   408 atoms
    inactive: 18261 atoms

Will write restart file to "mm_opt.mdrestart" after each step.
Will write energy statistics to "mm_opt-minimize-ener.csv" after each step.


The system contains 1224 active degrees of freedom (408 active atoms * 3).

This is a 1224-dimensional optimization problem.

Allocating 546.19 KiB of memory for L-BFGS working space...



            |  t_SCF | t_Grad |     Temp |           E_Pot |      Delta E |    RMS(Grad) |    Max(Grad) |  Max(Step)
       Step |    [s] |    [s] |      [K] |       [Hartree] |    [Hartree] | [kJ/(mol*A)] | [kJ/(mol*A)] | [Angstrom]
------------|--------|--------|----------|-----------------|--------------|--------------|--------------|--------------
          1      2.5      0.0                 -25.51133751                                                          
          2      2.5      0.0                 -25.52611788    -0.01478037       154.4335       707.5650     0.002785
          3      2.5      0.0                 -25.82713249    -0.30101461        46.9226       251.6288     0.112862
          4      2.5      0.0                 -25.86932863    -0.04219614        40.4635       201.6183     0.034410
          5      2.5      0.1                 -25.89627927    -0.02695064        57.6934       299.1246     0.058048
          6      2.5      0.0                 -25.94137239    -0.04509312        48.8433       250.0055     0.083313
          7      2.5      0.0                 -25.97426751    -0.03289512        32.6741       161.9727     0.045990
          8      2.5      0.0                 -25.98448894    -0.01022143        38.4821       180.7521     0.044600
          9      2.5      0.0                 -26.00716223    -0.02267329        27.0392       140.6279     0.039645
         10      2.5      0.0                 -26.01504654    -0.00788432        38.1683       369.3374     0.041120
         11      2.5      0.0                 -26.03181606    -0.01676952        25.1984       140.8785     0.054399
         12      2.5      0.0                 -26.04171404    -0.00989798        21.3754        86.5008     0.028207
         13      2.5      0.0                 -26.05127129    -0.00955725        30.7653       206.2254     0.066273
         14      2.4      0.0                 -26.06526741    -0.01399612        27.5802       245.1450     0.046421
         15      2.5      0.0                 -26.07612944    -0.01086203        18.8675        78.8040     0.025223
         16      2.4      0.0                 -26.08016693    -0.00403749        24.0473       163.6433     0.027492
         17      2.5      0.0                 -26.08962587    -0.00945894        18.7249        89.5909     0.034763
         18      2.5      0.1                 -26.09267598    -0.00305011        26.2009       135.2412     0.035133
         19      2.5      0.0                 -26.10253016    -0.00985418        16.2101        83.6652     0.037669
         20      2.6      0.0                 -26.10346969    -0.00093952        20.7653       108.7703     0.015915
         21      2.5      0.0                 -26.10940253    -0.00593284        15.0901        58.2749     0.031890
         22      2.5      0.1                 -26.11131596    -0.00191343        20.0451       146.9540     0.032743
         23      2.5      0.0                 -26.11744291    -0.00612696        15.1396        65.7033     0.025222
         24      2.5      0.0                 -26.11766777    -0.00022485        17.5366        73.8257     0.005887
         25      2.5      0.0                 -26.12257279    -0.00490502        13.6979        77.7090     0.034266
         26      2.5      0.1                 -26.12367879    -0.00110600        18.8494       145.0939     0.027182
         27      2.5      0.0                 -26.12929705    -0.00561826        13.0614        75.7545     0.020837
         28      2.5      0.0                 -26.13073233    -0.00143528        17.5315        94.4860     0.017220
         29      2.5      0.0                 -26.13582437    -0.00509203        13.0072        64.2751     0.042218
         30      2.5      0.0                 -26.13688518    -0.00106082        17.2781        78.3822     0.031439
         31      2.5      0.0                 -26.14158703    -0.00470184        12.1144        49.3232     0.022944
         32      2.5      0.0                 -26.14191696    -0.00032993        14.6803        76.1276     0.007898
         33      2.5      0.0                 -26.14556458    -0.00364762        11.7588        46.3579     0.043658
         34      2.5      0.0                 -26.14606085    -0.00049627        15.3778        72.7434     0.024411
         35      2.5      0.1                 -26.14990030    -0.00383945        11.0063        47.0840     0.018800
         36      2.5      0.0                 -26.15082199    -0.00092169        14.9282        69.2972     0.014878
         37      2.5      0.0                 -26.15459396    -0.00377197        11.7963        46.2935     0.055278
         38      2.5      0.0                 -26.15499965    -0.00040569        15.1987        71.8480     0.027219
         39      2.5      0.0                 -26.15878071    -0.00378106        10.7885        44.4804     0.019951
         40      2.5      0.0                 -26.15961225    -0.00083154        14.3437        59.1516     0.014784
         41      2.4      0.0                 -26.16334190    -0.00372965        11.0577        47.1660     0.053071
         42      2.5      0.0                 -26.16395889    -0.00061699        14.7599        74.5685     0.033195
         43      2.5      0.0                 -26.16772700    -0.00376811        10.6710        59.9027     0.027363
         44      2.5      0.1                 -26.16869025    -0.00096326        14.6076        53.2907     0.022623
         45      2.5      0.0                 -26.17268972    -0.00399946        12.3595        56.5373     0.057548
         46      2.5      0.0                 -26.17341712    -0.00072740        17.6785       125.5017     0.041764
         47      2.5      0.0                 -26.17734683    -0.00392972        14.3267        94.5269     0.027730
         48      2.5      0.1                 -26.18086554    -0.00351870        13.1145        69.4337     0.082277
         49      2.6      0.0                 -26.18427952    -0.00341398        11.0905        64.4430     0.043234
         50      2.5      0.0                 -26.18552845    -0.00124893        15.4856        87.1044     0.046827
         51      2.5      0.0                 -26.18974866    -0.00422021        12.9612        72.8220     0.074265
         52      2.5      0.0                 -26.19007884    -0.00033018        16.3880        82.1458     0.028565
         53      2.5      0.0                 -26.19368357    -0.00360473        10.7390        60.0530     0.026933
         54      2.5      0.0                 -26.19424957    -0.00056600        12.6400        67.4642     0.015847
         55      2.5      0.0                 -26.19669812    -0.00244855        17.4469       144.3549     0.140697
         56      2.5      0.0                 -26.19699367    -0.00029555        13.3220        92.9277     0.042365
         57      2.5      0.1                 -26.19701933    -0.00002566        14.0830       103.2371     0.009582
         58      2.5      0.0                 -26.20094018    -0.00392084        11.8601        63.9044     0.065960
         59      2.5      0.0                 -26.20123754    -0.00029736        14.7625        75.7328     0.024280
         60      2.5      0.0                 -26.20466259    -0.00342505        10.7144        63.0661     0.071648
         61      2.5      0.1                 -26.20497239    -0.00030980        13.5045        77.7174     0.030209
         62      2.5      0.0                 -26.20760695    -0.00263456         9.5154        45.4700     0.024847
         63      2.5      0.0                 -26.20775437    -0.00014742        10.7181        65.9868     0.007467
         64      2.4      0.0                 -26.20980865    -0.00205428        11.0021        79.3858     0.122427
         65      2.5      0.0                 -26.20986680    -0.00005815         9.5838        53.6587     0.020912
         66      2.5      0.0                 -26.21188933    -0.00202253         9.4178        42.8190     0.044537
         67      2.5      0.0                 -26.21346636    -0.00157703         7.0068        32.9183     0.047681
         68      2.5      0.0                 -26.21360487    -0.00013850         8.4778        55.7756     0.019256
         69      2.4      0.0                 -26.21484041    -0.00123555         6.7489        26.7016     0.012485
         70      2.5      0.1                 -26.21490232    -0.00006190         7.9957        32.6781     0.003493
         71      2.5      0.0                 -26.21613792    -0.00123560         5.9821        25.6807     0.040699
         72      2.5      0.0                 -26.21635357    -0.00021565         7.7377        35.9682     0.026494
         73      2.5      0.0                 -26.21742487    -0.00107130         6.2012        34.5055     0.017929
         74      2.4      0.1                 -26.21748863    -0.00006376         7.5844        45.0977     0.005581
         75      2.5      0.0                 -26.21835861    -0.00086998         5.3943        25.2553     0.026570
         76      2.5      0.0                 -26.21858707    -0.00022846         7.2443        34.8848     0.022694
         77      2.5      0.0                 -26.21938671    -0.00079965         5.8054        36.2617     0.015397
         78      2.5      0.0                 -26.21946744    -0.00008073         7.1109        52.9221     0.006689
         79      2.5      0.0                 -26.22042476    -0.00095733         6.2006        31.5865     0.046463
         80      2.5      0.0                 -26.22049474    -0.00006998         7.3488        44.8807     0.017789
         81      2.5      0.0                 -26.22152390    -0.00102916         6.0560        26.6512     0.028377
         82      2.5      0.0                 -26.22155567    -0.00003177         7.0843        33.9841     0.005971
         83      2.5      0.1                 -26.22242038    -0.00086471         5.2217        21.6286     0.037416
         84      2.5      0.0                 -26.22269149    -0.00027111         7.4208        41.5467     0.036871
         85      2.4      0.0                 -26.22357696    -0.00088547         5.4134        22.8678     0.025072
         86      2.5      0.0                 -26.22376774    -0.00019079         7.5495        55.6570     0.018237
         87      2.5      0.1                 -26.22460750    -0.00083976         5.3520        24.0769     0.029495
         88      2.5      0.0                 -26.22485441    -0.00024691         7.5780        60.4379     0.026914
         89      2.5      0.0                 -26.22568252    -0.00082810         5.4922        25.6576     0.039583
         90      2.5      0.0                 -26.22595366    -0.00027114         7.4696        47.9367     0.040032
         91      2.5      0.0                 -26.22676266    -0.00080900         5.2402        20.3027     0.014534
         92      2.5      0.0                 -26.22683127    -0.00006861         6.2487        34.7638     0.005648
         93      2.5      0.0                 -26.22755085    -0.00071958         5.0596        19.9777     0.058390
         94      2.5      0.0                 -26.22761048    -0.00005963         6.0216        37.4175     0.024074
         95      2.5      0.0                 -26.22828122    -0.00067074         5.7088        32.6520     0.016994
         96      2.5      0.0                 -26.22883268    -0.00055146         4.1366        21.1939     0.022733
         97      2.5      0.0                 -26.22901149    -0.00017881         5.6908        26.6192     0.022455
         98      2.5      0.0                 -26.22954369    -0.00053219         4.0874        16.3282     0.011596
         99      2.6      0.0                 -26.22965056    -0.00010687         5.5086        19.6847     0.008031
        100      2.5      0.1                 -26.23015107    -0.00050051         3.8482        15.7151     0.014488
        101      2.5      0.0                 -26.23036117    -0.00021010         5.3747        24.1648     0.017324
        102      2.5      0.0                 -26.23085757    -0.00049640         3.7111        16.7859     0.014106
        103      2.6      0.0                 -26.23096896    -0.00011139         4.9873        21.8585     0.010571
        104      2.4      0.1                 -26.23139308    -0.00042411         3.5278        18.5700     0.013628
        105      2.5      0.0                 -26.23149963    -0.00010655         4.9358        20.0239     0.011108
        106      2.5      0.0                 -26.23187339    -0.00037376         3.3715        18.9353     0.009333
        107      2.5      0.0                 -26.23197667    -0.00010329         4.5171        19.7286     0.008130
        108      2.5      0.0                 -26.23232160    -0.00034493         3.2815        15.9091     0.010621
        109      2.5      0.1                 -26.23245451    -0.00013291         4.7982        21.2944     0.011896
        110      2.5      0.0                 -26.23282651    -0.00037200         3.3261        18.3567     0.010498
        111      2.6      0.0                 -26.23293865    -0.00011214         4.5858        19.7509     0.009750
        112      2.5      0.0                 -26.23329107    -0.00035241         3.2802        12.4083     0.015356
        113      2.5      0.0                 -26.23338371    -0.00009265         4.5188        21.4685     0.012981
        114      2.5      0.0                 -26.23374455    -0.00036083         3.3024        15.4948     0.011499
        115      2.5      0.0                 -26.23388324    -0.00013869         4.6282        19.1229     0.012841
        116      2.5      0.0                 -26.23426782    -0.00038458         3.3485        11.6349     0.017237
        117      2.5      0.1                 -26.23433523    -0.00006741         4.5417        25.0719     0.011032
        118      2.5      0.0                 -26.23466279    -0.00032756         3.1918        16.1518     0.011718
        119      2.4      0.0                 -26.23471860    -0.00005582         4.1704        19.6087     0.007244
        120      2.5      0.0                 -26.23501312    -0.00029452         3.0531        11.7432     0.014427
        121      2.5      0.1                 -26.23509592    -0.00008280         4.1464        22.0054     0.012986
        122      2.5      0.0                 -26.23540508    -0.00030916         3.1950        11.8602     0.012363
        123      2.5      0.0                 -26.23545911    -0.00005403         4.3048        22.2546     0.007797
        124      2.5      0.0                 -26.23578666    -0.00032755         3.1955        12.3862     0.020477
        125      2.5      0.0                 -26.23585692    -0.00007026         4.3271        27.0124     0.015506
        126      2.5      0.1                 -26.23618542    -0.00032850         3.2261        13.5032     0.012259
        127      2.5      0.0                 -26.23623711    -0.00005169         4.2389        17.3832     0.007188
        128      2.5      0.0                 -26.23656428    -0.00032717         3.3445        16.5792     0.022726
        129      2.5      0.0                 -26.23664030    -0.00007602         4.8380        31.3551     0.018170
        130      2.6      0.1                 -26.23700656    -0.00036627         3.6592        17.1930     0.015502
        131      2.6      0.0                 -26.23713908    -0.00013252         5.3618        21.7246     0.016654
        132      2.5      0.0                 -26.23762323    -0.00048415         4.3848        29.7107     0.042723
        133      2.5      0.0                 -26.23770901    -0.00008578         6.3702        65.9276     0.032837
        134      2.6      0.1                 -26.23771486    -0.00000585         5.7781        57.0146     0.007030
        135      2.5      0.0                 -26.23822920    -0.00051434         4.5296        18.7748     0.017889
        136      2.5      0.0                 -26.23826392    -0.00003472         5.3688        25.7505     0.006049
        137      2.6      0.0                 -26.23883890    -0.00057498         5.8620        52.1899     0.066840
        138      2.5      0.0                 -26.23885564    -0.00001673         7.2577        78.3505     0.019354
        139      2.5      0.1                 -26.23885946    -0.00000383         6.7708        69.7059     0.006065
        140      2.5      0.0                 -26.23960040    -0.00074093         5.2097        38.6330     0.030768
        141      2.6      0.0                 -26.23974045    -0.00014006         6.7848        26.3444     0.020764
        142      2.5      0.0                 -26.24051430    -0.00077385         6.6193        66.5520     0.064736
        143      2.5      0.1                 -26.24058964    -0.00007533         9.1750       106.2102     0.035286
        144      2.5      0.0                 -26.24059819    -0.00000855         8.3846        95.0242     0.009040
        145      2.4      0.0                 -26.24123758    -0.00063940         7.7795        52.5784     0.021973
        146      2.5      0.0                 -26.24127377    -0.00003619         6.7759        44.9357     0.004133
        147      2.5      0.0                 -26.24216822    -0.00089445         7.4764        65.6022     0.094745
        148      2.5      0.0                 -26.24301667    -0.00084845         6.2773        57.4268     0.040623
        149      2.5      0.0                 -26.24349047    -0.00047380         8.5547        66.1848     0.062546
        150      2.4      0.0                 -26.24448469    -0.00099423         6.7502        42.2358     0.028614
        151      2.5      0.0                 -26.24452585    -0.00004116         7.8255        53.5784     0.007166
        152      2.5      0.1                 -26.24520348    -0.00067763         8.7194       101.4475     0.078457
        153      2.5      0.0                 -26.24550220    -0.00029872        10.8803        77.6405     0.014490
        154      2.5      0.0                 -26.24579294    -0.00029074         6.7044        42.6191     0.005980
        155      2.5      0.0                 -26.24644453    -0.00065159         5.2041        24.3446     0.040463
        156      2.5      0.1                 -26.24683409    -0.00038957         7.7711        67.1442     0.072750
        157      2.5      0.0                 -26.24684744    -0.00001335         6.9138        56.5993     0.012154
        158      2.5      0.0                 -26.24761645    -0.00076901         4.7409        21.4189     0.020541
        159      2.5      0.0                 -26.24778713    -0.00017068         6.3521        26.1392     0.015357
        160      5.8      0.0                 -26.24842585    -0.00063872         4.3644        18.8232     0.044218
        161      2.5      0.0                 -26.24853287    -0.00010702         5.9359        37.4132     0.028728
        162      2.4      0.0                 -26.24902911    -0.00049625         4.1520        16.5139     0.005595
        163      2.5      0.0                 -26.24910551    -0.00007640         5.2385        41.0629     0.003221
        164      2.4      0.0                 -26.24953091    -0.00042540         4.9884        31.4146     0.056086
        165      2.5      0.1                 -26.24996331    -0.00043240         3.9327        17.1896     0.011456
        166      2.5      0.0                 -26.25000193    -0.00003862         4.9762        25.6930     0.004603
        167      2.5      0.0                 -26.25037163    -0.00036970         3.3672        11.4580     0.026575
        168      2.5      0.0                 -26.25044508    -0.00007345         4.3430        20.3916     0.018712
        169      2.5      0.1                 -26.25077784    -0.00033276         3.0940        12.2536     0.004879
        170      2.5      0.0                 -26.25088754    -0.00010970         4.2201        29.5630     0.004844
        171      2.5      0.0                 -26.25120857    -0.00032103         3.0020        13.0770     0.024326
        172      2.5      0.0                 -26.25128305    -0.00007448         4.2221        21.4900     0.019146
        173      2.5      0.0                 -26.25157523    -0.00029218         2.8830        14.9958     0.013371
        174      2.5      0.0                 -26.25167486    -0.00009964         4.0884        17.5713     0.013622
        175      2.5      0.0                 -26.25193585    -0.00026099         2.9210        12.2037     0.009388
        176      2.5      0.0                 -26.25197850    -0.00004265         3.8189        26.0597     0.005645
        177      2.5      0.0                 -26.25221930    -0.00024080         2.6649         9.1568     0.023389
        178      2.5      0.0                 -26.25228118    -0.00006188         3.5275        19.0774     0.020174
        179      2.5      0.0                 -26.25251561    -0.00023443         2.6274         9.4912     0.007079
        180      2.5      0.0                 -26.25259483    -0.00007923         3.7035        18.1222     0.007173
        181      2.5      0.0                 -26.25284214    -0.00024731         2.6467        10.4159     0.016493
        182      2.6      0.0                 -26.25287541    -0.00003327         3.5711        14.3892     0.008734
        183      2.5      0.0                 -26.25306568    -0.00019027         2.5192         8.9556     0.009782
        184      2.4      0.0                 -26.25311367    -0.00004799         3.4762        15.5264     0.007968
        185      2.5      0.0                 -26.25329721    -0.00018354         2.5411         9.0276     0.010096
        186      2.5      0.0                 -26.25338172    -0.00008451         3.6925        14.1869     0.012951
        187      2.5      0.0                 -26.25359530    -0.00021358         2.4718         8.6304     0.008832
        188      2.6      0.0                 -26.25367014    -0.00007484         3.1516        14.9155     0.009178
        189      2.5      0.0                 -26.25385034    -0.00018020         2.4146         9.6046     0.020137
        190      2.5      0.0                 -26.25387669    -0.00002635         3.2443        18.2818     0.011372
        191      2.5      0.1                 -26.25405021    -0.00017352         2.4453         7.4796     0.007074
        192      2.5      0.0                 -26.25408887    -0.00003866         3.3070        13.9995     0.005271
        193      2.5      0.0                 -26.25426275    -0.00017388         2.3034         7.7512     0.019618
        194      2.4      0.0                 -26.25429314    -0.00003039         3.0215        11.0950     0.012438
        195      2.4      0.1                 -26.25444612    -0.00015298         2.2372         8.3531     0.007673
        196      2.6      0.0                 -26.25449266    -0.00004654         3.1454        14.1385     0.007176
        197      2.5      0.0                 -26.25464867    -0.00015601         2.2773         9.4105     0.018208
        198      2.5      0.0                 -26.25468178    -0.00003312         3.0891        18.9623     0.013228
        199      2.6      0.0                 -26.25483568    -0.00015389         2.2231         8.7732     0.008673
        200      2.4      0.0                 -26.25489035    -0.00005467         3.2178        22.4012     0.009103
        201      2.5      0.0                 -26.25504952    -0.00015917         2.1661         7.4376     0.011229
        202      2.5      0.0                 -26.25509684    -0.00004732         2.9057        22.7954     0.010312
        203      2.5      0.0                 -26.25522436    -0.00012752         2.1106         6.8763     0.016405
        204      2.5      0.1                 -26.25524047    -0.00001611         2.7606        17.7133     0.008316
        205      2.5      0.0                 -26.25535913    -0.00011866         2.0728         6.7572     0.009778
        206      2.5      0.0                 -26.25541022    -0.00005109         2.7994        10.3539     0.011891
        207      2.5      0.0                 -26.25555761    -0.00014738         2.1409         6.7094     0.020542
        208      2.5      0.1                 -26.25557695    -0.00001934         2.7834        10.8281     0.010782
        209      2.5      0.0                 -26.25571640    -0.00013946         2.0099         5.8625     0.011636
        210      2.5      0.0                 -26.25574259    -0.00002618         2.6626        12.0636     0.007696
        211      2.5      0.0                 -26.25586357    -0.00012098         1.9774         6.4206     0.018673
        212      2.5      0.1                 -26.25587789    -0.00001432         2.5401        11.3694     0.009103
        213      2.5      0.0                 -26.25598690    -0.00010901         1.8034         5.6610     0.009451
        214      2.5      0.0                 -26.25600986    -0.00002296         2.3219         7.8552     0.006766
        215      2.5      0.0                 -26.25610775    -0.00009790         1.7461         5.9016     0.015349
        216      2.5      0.0                 -26.25611796    -0.00001021         2.2203         8.7124     0.006862
        217      2.5      0.1                 -26.25620154    -0.00008358         1.6545         5.1194     0.006873
        218      2.5      0.0                 -26.25621777    -0.00001623         2.2747         8.8145     0.004646
        219      2.5      0.0                 -26.25630240    -0.00008463         1.5943         4.6661     0.008715
        220      2.5      0.0                 -26.25633900    -0.00003660         2.1345         7.2567     0.010653
        221      2.5      0.0                 -26.25642052    -0.00008152         1.4780         4.2258     0.004755
        222      2.4      0.0                 -26.25643458    -0.00001406         1.9884         9.2771     0.002962
        223      2.5      0.0                 -26.25649953    -0.00006495         1.4149         4.0918     0.004857
        224      2.4      0.0                 -26.25651473    -0.00001520         1.9819         8.6954     0.003750
        225      2.5      0.1                 -26.25657587    -0.00006113         1.3851         4.5372     0.004783
        226      2.5      0.0                 -26.25660016    -0.00002429         1.9121         8.8061     0.005473
        227      2.5      0.0                 -26.25666055    -0.00006039         1.2654         3.5623     0.003401
        228      2.5      0.0                 -26.25667531    -0.00001476         1.6745         5.7270     0.002709
        229      2.5      0.1                 -26.25672525    -0.00004993         1.1760         3.0384     0.003711
        230      2.5      0.0                 -26.25674226    -0.00001701         1.6577         6.0281     0.003775
        231      2.6      0.0                 -26.25678820    -0.00004593         1.1753         3.3814     0.003628
        232      2.5      0.0                 -26.25679645    -0.00000825         1.6017         5.1514     0.002323
        233      2.5      0.0                 -26.25683802    -0.00004157         1.1665         3.8642     0.002592
        234      2.5      0.0                 -26.25685931    -0.00002129         1.6771         5.7582     0.003609
        235      2.5      0.0                 -26.25690836    -0.00004905         1.1845         3.5918     0.004020
        236      2.5      0.0                 -26.25692290    -0.00001454         1.6605         6.4478     0.003686
        237      2.5      0.0                 -26.25696803    -0.00004512         1.1992         4.0342     0.003912
        238      2.5      0.1                 -26.25697779    -0.00000977         1.6840         6.2223     0.002857
        239      2.5      0.0                 -26.25702185    -0.00004405         1.2114         3.7811     0.002686
        240      2.5      0.0                 -26.25704452    -0.00002267         1.6849         5.8372     0.003758
        241      2.4      0.0                 -26.25709454    -0.00005002         1.1967         4.0437     0.005176
        242      2.5      0.0                 -26.25710813    -0.00001359         1.6824         7.9636     0.004452
        243      2.4      0.0                 -26.25715606    -0.00004793         1.1827         3.6163     0.004562
        244      2.5      0.0                 -26.25717131    -0.00001525         1.6628         7.0993     0.004409
        245      2.5      0.0                 -26.25721826    -0.00004694         1.1987         3.7324     0.003919
        246      2.5      0.0                 -26.25723355    -0.00001529         1.7282         8.8517     0.003855
        247      2.4      0.1                 -26.25728193    -0.00004839         1.2322         4.7669     0.004246
        248      2.5      0.0                 -26.25729816    -0.00001623         1.7638         9.1681     0.004266
        249      2.5      0.0                 -26.25734672    -0.00004856         1.2435         4.2242     0.005662
        250      2.5      0.0                 -26.25736019    -0.00001346         1.7385        11.8628     0.004951
        251      2.4      0.1                 -26.25740623    -0.00004604         1.1825         4.2378     0.003818
        252      2.5      0.0                 -26.25742112    -0.00001490         1.6152        12.8364     0.003733
        253      2.5      0.0                 -26.25746067    -0.00003954         1.1559         3.5447     0.004102
        254      2.4      0.0                 -26.25746850    -0.00000783         1.5983        11.7138     0.002811
        255      2.6      0.1                 -26.25750532    -0.00003682         1.1422         3.7100     0.004417
        256      2.5      0.0                 -26.25752094    -0.00001561         1.6119         8.7575     0.005309
        257      2.5      0.0                 -26.25756096    -0.00004003         1.1254         3.0374     0.004207
        258      2.4      0.0                 -26.25757425    -0.00001329         1.5737         5.5137     0.004200
        259      2.5      0.0                 -26.25761387    -0.00003962         1.1027         3.1197     0.004359
        260      2.5      0.1                 -26.25762885    -0.00001498         1.5407         5.0285     0.004801
        261      2.5      0.0                 -26.25766831    -0.00003946         1.0945         3.3984     0.005142
        262      2.4      0.0                 -26.25767987    -0.00001156         1.5501         5.8106     0.004676
        263      2.5      0.0                 -26.25771984    -0.00003997         1.1162         3.1584     0.004823
        264      2.5      0.1                 -26.25773773    -0.00001789         1.5999         7.3933     0.006046
        265      2.5      0.0                 -26.25778041    -0.00004268         1.1455         3.5175     0.005147
        266      2.5      0.0                 -26.25779008    -0.00000967         1.6048         7.4696     0.003884
        267      2.5      0.0                 -26.25783077    -0.00004069         1.1235         3.9321     0.005469
        268      2.5      0.1                 -26.25784774    -0.00001697         1.5513         6.4484     0.006492
        269      2.5      0.0                 -26.25788882    -0.00004108         1.0956         3.4387     0.005519
        270      2.5      0.0                 -26.25790064    -0.00001182         1.5454         5.6880     0.004953
        271      2.5      0.0                 -26.25793991    -0.00003927         1.0601         3.0450     0.005069
        272      2.5      0.0                 -26.25795241    -0.00001250         1.4549         5.2605     0.004901
        273      2.5      0.1                 -26.25798798    -0.00003557         1.0127         2.8727     0.005620
        274      2.4      0.0                 -26.25799754    -0.00000956         1.4078         5.7055     0.004793
        275      2.5      0.0                 -26.25803054    -0.00003300         1.0139         3.3500     0.004828
        276      2.5      0.0                 -26.25804228    -0.00001174         1.4611         6.3269     0.005072
        277      2.5      0.1                 -26.25807646    -0.00003417         1.0141         3.2681     0.004832
        278      2.4      0.0                 -26.25808627    -0.00000981         1.4077         6.0163     0.004325
        279      2.6      0.0                 -26.25811841    -0.00003214         0.9952         3.3533     0.004367
        280      2.5      0.0                 -26.25813016    -0.00001175         1.4063         4.9930     0.004682
        281      2.6      0.1                 -26.25816346    -0.00003330         0.9752         3.6064     0.005666


The minimization has converged.


>>> Timing data >>>
    Minimization loop was running for 730.942 seconds ( 0:12:10.942 h:m:s).
    Performance: 2.601 seconds/step.
    Time spent within the MD module (overhead): 23.498 seconds (3.2148 % of total time).
<<< Timing data <<<


Finished minimization loop.



>>>>>> Dump Position, Format, PDB, Stride, 0, Filename, "mm_opt.pdb", Replace

Writing a single position snapshot for region "all": Format PDB, filename "mm_opt.pdb", replace.


###############################################################
########        Finished Executing Input Script        ########
###############################################################


    3 function calls, 0 operator calls, 27 evaluated expressions.


Timings for individual modules during the MD run:

MM module                       ...      704.136 sec (=  11.736 min) 100.0 %
Self time inside of MD module   ...       26.334 sec (=   0.439 min)   3.6 %

Sum of individual times         ...      730.471 sec (=  12.175 min)

Total wall time of MD module    ...      733.647 sec (=  12.227 min)
             --> "dark time"    ...        3.176 sec (=   0.053 min)   0.4 %

( The "dark time" is spent in the ORCA-internal routines for energy and gradient calculation,
  but not inside of the sub-programs which do so. It contains operating system overhead for
  spawning new processes in each MD step and some file IO time. )



    #########################################################
    ####    ORCA ab initio Molecular Dynamics leaving    ####
    ####           Martin Brehm, 2016 - 2022             ####
    ####        https://brehm-research.de/orcamd         ####
    #########################################################

