            --------------------------------------------------------
                             AMBER SQM VERSION 19
 
                                     By
              Ross C. Walker, Michael F. Crowley, Scott Brozell,
                         Tim Giese, Andreas W. Goetz,
                        Tai-Sung Lee and David A. Case
 
            --------------------------------------------------------
 

--------------------------------------------------------------------------------
  QM CALCULATION INFO
--------------------------------------------------------------------------------

| QMMM: Citation for AMBER QMMM Run:
| QMMM: R.C. Walker, M.F. Crowley and D.A. Case, J. COMP. CHEM. 29:1019, 2008

QMMM: SINGLET STATE CALCULATION
QMMM: RHF CALCULATION, NO. OF DOUBLY OCCUPIED LEVELS = 92

| QMMM: *** Selected Hamiltonian *** 
| QMMM: AM1         

| QMMM: *** Parameter sets in use ***
| QMMM: S : M.J.S.DEWAR et al. INORG. CHEM., 29, 3881, (1990)
| QMMM: C : M.J.S.DEWAR et al. JACS, 107, 3902, (1985)
| QMMM: N : M.J.S.DEWAR et al. JACS, 107, 3902, (1985)
| QMMM: O : M.J.S.DEWAR et al. JACS, 107, 3902, (1985)
| QMMM: P : M.J.S.DEWAR et al. THEOCHEM, 187,1, (1989)
| QMMM: H : M.J.S.DEWAR et al. JACS, 107, 3902, (1985)

| QMMM: *** SCF convergence criteria ***
| QMMM: Energy change                :  0.1D-09 kcal/mol
| QMMM: Error matrix |FP-PF|         :  0.1D+00 au
| QMMM: Density matrix change        :  0.5D-06
| QMMM: Maximum number of SCF cycles :     1000

| QMMM: *** Diagonalization Routine Information ***
| QMMM: Pseudo diagonalizations are allowed.
| QMMM: Auto diagonalization routine selection is in use.
| QMMM:
| QMMM: Timing diagonalization routines:
| QMMM:                              norbs =      152
| QMMM:    diag iterations used for timing =        5
| QMMM:
| QMMM:              Internal diag routine = 0.030019 seconds
| QMMM:                 Dspev diag routine = 0.028270 seconds
| QMMM:                Dspevd diag routine = 0.019300 seconds
| QMMM:                Dspevx diag routine = 0.090609 seconds
| QMMM:                 Dsyev diag routine = 0.030478 seconds
| QMMM:                Dsyevd diag routine = 0.022800 seconds
| QMMM:                Dsyevr diag routine = 0.023764 seconds
| QMMM:
| QMMM:                Pseudo diag routine = 0.012147 seconds
| QMMM:
| QMMM: Using dspevd routine (diag_routine=3).

  QMMM: QM Region Cartesian Coordinates (*=link atom) 
  QMMM: QM_NO.   MM_NO.  ATOM         X         Y         Z
  QMMM:     1        1      S      -36.3230  -34.6810   24.2950
  QMMM:     2        2      C      -34.9450  -35.2240   23.4370
  QMMM:     3        3      N      -33.8270  -34.9430   24.1300
  QMMM:     4        4      C      -34.0480  -34.4030   25.4050
  QMMM:     5        5      C      -35.3790  -34.2180   25.6950
  QMMM:     6        6      C      -35.9910  -33.8260   27.0090
  QMMM:     7        7      C      -36.3560  -32.3460   27.2040
  QMMM:     8        8      O      -36.7330  -32.1670   28.5530
  QMMM:     9        9      P      -37.9460  -31.0730   28.8720
  QMMM:    10       10      P      -39.9240  -33.3160   28.4880
  QMMM:    11       11      N      -30.0550  -32.1620   23.6090
  QMMM:    12       12      O      -37.6780  -29.7330   28.2890
  QMMM:    13       13      O      -40.1100  -33.2480   30.0580
  QMMM:    14       14      C      -30.6350  -31.3410   22.7120
  QMMM:    15       15      O      -38.0710  -31.1200   30.4170
  QMMM:    16       16      O      -38.8680  -34.3750   28.0700
  QMMM:    17       17      N      -31.7610  -31.6030   22.0610
  QMMM:    18       18      O      -39.2130  -31.7800   28.1710
  QMMM:    19       19      O      -41.1470  -33.3680   27.6390
  QMMM:    20       20      C      -32.4060  -32.7850   22.2680
  QMMM:    21       21      N      -33.5310  -33.0070   21.5900
  QMMM:    22       22      C      -31.8580  -33.7270   23.2130
  QMMM:    23       23      C      -30.6860  -33.3280   23.8310
  QMMM:    24       24      C      -32.4550  -35.0660   23.5700
  QMMM:    25       25      C      -29.9750  -30.0220   22.4260
  QMMM:    26       26      C      -32.9010  -34.2010   26.3350
  QMMM:    27       27      H      -36.9120  -34.3970   27.2190
  QMMM:    28       28      H      -35.2710  -34.0890   27.8040
  QMMM:    29       29      H      -35.4920  -31.6960   26.9770
  QMMM:    30       30      H      -37.1730  -32.0700   26.5100
  QMMM:    31       31      H      -33.8450  -32.2780   20.9510
  QMMM:    32       32      H      -33.8620  -34.0170   21.4290
  QMMM:    33       33      H      -30.2180  -33.9990   24.5650
  QMMM:    34       34      H      -32.5390  -35.7470   22.7140
  QMMM:    35       35      H      -31.8220  -35.5530   24.3280
  QMMM:    36       36      H      -29.8780  -29.4340   23.3510
  QMMM:    37       37      H      -30.5490  -29.4490   21.6850
  QMMM:    38       38      H      -28.9520  -30.1750   22.0480
  QMMM:    39       39      H      -32.3260  -35.1380   26.4430
  QMMM:    40       40      H      -33.2730  -33.9010   27.3240
  QMMM:    41       41      H      -32.2110  -33.4180   25.9810
  QMMM:    42       42      C      -34.7120  -37.5460   22.4390
  QMMM:    43       43      C      -35.0050  -35.9810   22.0980
  QMMM:    44       44      O      -33.4610  -37.8290   22.5300
  QMMM:    45       45      O      -35.6570  -38.3300   22.5410
  QMMM:    46       46      O      -34.0540  -35.5080   21.2460
  QMMM:    47       47      C      -36.4350  -36.1970   20.0140
  QMMM:    48       48      C      -36.4040  -35.8220   21.4860
  QMMM:    49       49      H      -37.4340  -36.0350   19.5990
  QMMM:    50       50      H      -36.1740  -37.2530   19.8740
  QMMM:    51       51      H      -35.7230  -35.5980   19.4370
  QMMM:    52       52      H      -37.0990  -36.4650   22.0360
  QMMM:    53       53      H      -36.7140  -34.7800   21.6020

--------------------------------------------------------------------------------
  RESULTS
--------------------------------------------------------------------------------

      iter         sqm energy              rms gradient
      ----    -------------------    -----------------------
xmin    10     -317.9753 kcal/mol        2.2291 kcal/(mol*A)
xmin    20     -321.7846 kcal/mol        1.0559 kcal/(mol*A)
xmin    30     -336.3995 kcal/mol        8.9667 kcal/(mol*A)
xmin    40     -365.6827 kcal/mol        0.3647 kcal/(mol*A)
xmin    50     -365.8552 kcal/mol        0.0486 kcal/(mol*A)
xmin    60     -365.8613 kcal/mol        0.0097 kcal/(mol*A)
xmin    70     -365.8615 kcal/mol        0.0046 kcal/(mol*A)
xmin    80     -365.8615 kcal/mol        0.0013 kcal/(mol*A)
  ... geometry converged !
 
 Final MO eigenvalues (eV):
 -30.8328  -29.9410  -28.7770  -27.0220  -26.4894  -25.7213  -24.7200  -24.1047
 -24.0549  -23.0594  -23.0225  -22.3675  -21.8024  -21.5091  -21.4331  -21.0754
 -21.0354  -20.8849  -20.8313  -18.7140  -17.8257  -15.6209  -13.9739  -13.8235
 -12.9980  -12.7881  -11.8389   -9.9638   -9.3092   -8.8945   -8.7058   -8.3142
  -7.9492   -7.6383   -7.3319   -6.8108   -6.7575   -6.4025   -6.1821   -5.9554
  -5.8123   -5.5292   -5.3716   -5.1789   -5.0316   -4.7605   -4.6437   -4.4995
  -4.4760   -4.3678   -4.3148   -4.0678   -3.8484   -3.6871   -3.5311   -3.3685
  -3.2318   -3.1569   -3.0839   -2.7757   -2.5326   -2.4240   -2.3584   -2.3026
  -2.0927   -2.0405   -1.8741   -1.2141   -1.1651   -1.0748   -1.0317   -0.8861
  -0.8310   -0.5823   -0.4283   -0.3286   -0.0135    0.2817    0.4077    0.4829
   0.5885    0.7058    0.7958    0.8409    0.9262    1.1274    1.1730    1.4476
   1.5021    1.6242    2.0366    2.3855    9.7535   10.5173   10.5528   10.9215
  11.8014   11.9079   12.0281   12.1117   12.1485   12.2063   12.7039   12.7185
  13.0434   13.1174   13.2954   13.3400   13.5396   13.5537   13.6950   13.7714
  13.8623   13.9309   13.9759   14.0387   14.0857   14.1126   14.1944   14.2203
  14.2782   14.4014   14.4776   14.4894   14.6549   14.6818   14.7422   14.8191
  14.8295   14.8724   14.9168   15.0017   15.0740   15.2909   15.3457   15.5531
  15.6843   15.7904   16.0690   16.2084   16.5041   16.7174   16.8280   17.0416
  18.0688   18.1116   18.5551   18.9147   19.7629   19.9939   20.0872   20.7761


 Heat of formation   =       -365.86154665 kcal/mol  (      -15.86494717 eV)

 Total SCF energy    =    -156969.08199673 kcal/mol  (    -6806.69016941 eV)
 Electronic energy   =   -1273078.98032432 kcal/mol  (   -55204.84715859 eV)
 Core-core repulsion =    1116109.89832760 kcal/mol  (    48398.15698919 eV)
 
    Atomic Charges for Step       1 :
  Atom    Element       Mulliken Charge
     1      S                  1.192
     2      C                 -0.509
     3      N                 -0.007
     4      C                 -0.092
     5      C                 -0.479
     6      C                 -0.125
     7      C                  0.061
     8      O                 -0.762
     9      P                  2.701
    10      P                  2.766
    11      N                 -0.377
    12      O                 -1.230
    13      O                 -1.245
    14      C                  0.037
    15      O                 -1.223
    16      O                 -1.172
    17      N                 -0.379
    18      O                 -1.299
    19      O                 -1.240
    20      C                  0.120
    21      N                 -0.378
    22      C                 -0.256
    23      C                 -0.033
    24      C                  0.015
    25      C                 -0.136
    26      C                 -0.141
    27      H                  0.137
    28      H                  0.046
    29      H                  0.015
    30      H                  0.079
    31      H                  0.084
    32      H                  0.205
    33      H                  0.112
    34      H                  0.156
    35      H                  0.093
    36      H                  0.053
    37      H                  0.056
    38      H                  0.045
    39      H                  0.053
    40      H                  0.074
    41      H                  0.089
    42      C                  0.352
    43      C                  0.080
    44      O                 -0.582
    45      O                 -0.602
    46      O                 -0.346
    47      C                 -0.190
    48      C                 -0.160
    49      H                  0.019
    50      H                  0.098
    51      H                  0.045
    52      H                  0.107
    53      H                  0.072
 Total Mulliken Charge =      -4.000
 
                  X        Y        Z     TOTAL  
  QM DIPOLE   696.965  653.391 -488.851 1073.152
 
 Final Structure

  QMMM: QM Region Cartesian Coordinates (*=link atom) 
  QMMM: QM_NO.   MM_NO.  ATOM         X         Y         Z
  QMMM:     1        1      S      -36.4374  -34.7387   25.0248
  QMMM:     2        2      C      -35.2481  -35.0038   23.7960
  QMMM:     3        3      N      -34.0389  -34.4276   24.0904
  QMMM:     4        4      C      -34.0889  -33.7904   25.3360
  QMMM:     5        5      C      -35.3407  -33.9001   25.9503
  QMMM:     6        6      C      -35.6816  -33.3952   27.2949
  QMMM:     7        7      C      -36.2892  -31.9866   27.2692
  QMMM:     8        8      O      -36.9672  -31.7064   28.4517
  QMMM:     9        9      P      -38.6369  -31.6881   28.3561
  QMMM:    10       10      P      -39.0195  -34.7038   27.1378
  QMMM:    11       11      N      -29.5647  -32.7395   23.6836
  QMMM:    12       12      O      -38.9695  -30.6178   27.3835
  QMMM:    13       13      O      -38.5936  -35.6377   28.2109
  QMMM:    14       14      C      -29.8360  -31.6828   22.8469
  QMMM:    15       15      O      -39.1164  -31.5565   29.7548
  QMMM:    16       16      O      -37.9101  -34.7091   25.9871
  QMMM:    17       17      N      -30.9681  -31.4386   22.1717
  QMMM:    18       18      O      -38.8588  -33.1531   27.7419
  QMMM:    19       19      O      -40.3827  -34.8232   26.5616
  QMMM:    20       20      C      -32.0470  -32.3591   22.3142
  QMMM:    21       21      N      -33.1893  -32.2160   21.6792
  QMMM:    22       22      C      -31.8280  -33.5163   23.2065
  QMMM:    23       23      C      -30.5960  -33.6182   23.8256
  QMMM:    24       24      C      -32.8158  -34.6283   23.3277
  QMMM:    25       25      C      -28.7067  -30.6818   22.6787
  QMMM:    26       26      C      -32.9350  -33.0616   25.9060
  QMMM:    27       27      H      -36.4501  -34.0981   27.7429
  QMMM:    28       28      H      -34.7885  -33.4015   27.9714
  QMMM:    29       29      H      -35.4541  -31.2353   27.1583
  QMMM:    30       30      H      -36.9866  -31.8816   26.3917
  QMMM:    31       31      H      -33.2338  -31.3976   21.1074
  QMMM:    32       32      H      -35.1185  -34.1590   21.5436
  QMMM:    33       33      H      -30.3804  -34.4696   24.4974
  QMMM:    34       34      H      -33.1213  -34.9520   22.2859
  QMMM:    35       35      H      -32.3013  -35.5211   23.7999
  QMMM:    36       36      H      -28.4761  -30.2095   23.6642
  QMMM:    37       37      H      -28.9750  -29.8765   21.9538
  QMMM:    38       38      H      -27.7897  -31.2008   22.3082
  QMMM:    39       39      H      -32.0647  -33.7489   26.0599
  QMMM:    40       40      H      -33.2206  -32.6119   26.8884
  QMMM:    41       41      H      -32.6086  -32.2395   25.2194
  QMMM:    42       42      C      -34.8198  -37.1826   22.5015
  QMMM:    43       43      C      -35.5364  -35.7849   22.5371
  QMMM:    44       44      O      -33.5703  -37.2381   22.6782
  QMMM:    45       45      O      -35.5130  -38.2177   22.2701
  QMMM:    46       46      O      -35.0950  -35.1051   21.3564
  QMMM:    47       47      C      -37.5277  -36.3603   21.0779
  QMMM:    48       48      C      -37.0664  -35.9564   22.4538
  QMMM:    49       49      H      -38.6376  -36.4896   21.0619
  QMMM:    50       50      H      -37.0392  -37.3245   20.7918
  QMMM:    51       51      H      -37.2490  -35.5824   20.3261
  QMMM:    52       52      H      -37.3577  -36.7467   23.1946
  QMMM:    53       53      H      -37.5695  -34.9968   22.7496

           --------- Calculation Completed ----------

