            --------------------------------------------------------
                             AMBER SQM VERSION 19
 
                                     By
              Ross C. Walker, Michael F. Crowley, Scott Brozell,
                         Tim Giese, Andreas W. Goetz,
                        Tai-Sung Lee and David A. Case
 
            --------------------------------------------------------
 

--------------------------------------------------------------------------------
  QM CALCULATION INFO
--------------------------------------------------------------------------------

| QMMM: Citation for AMBER QMMM Run:
| QMMM: R.C. Walker, M.F. Crowley and D.A. Case, J. COMP. CHEM. 29:1019, 2008

QMMM: SINGLET STATE CALCULATION
QMMM: RHF CALCULATION, NO. OF DOUBLY OCCUPIED LEVELS = 95

| QMMM: *** Selected Hamiltonian *** 
| QMMM: AM1         

| QMMM: *** Parameter sets in use ***
| QMMM: S : M.J.S.DEWAR et al. INORG. CHEM., 29, 3881, (1990)
| QMMM: C : M.J.S.DEWAR et al. JACS, 107, 3902, (1985)
| QMMM: N : M.J.S.DEWAR et al. JACS, 107, 3902, (1985)
| QMMM: O : M.J.S.DEWAR et al. JACS, 107, 3902, (1985)
| QMMM: P : M.J.S.DEWAR et al. THEOCHEM, 187,1, (1989)
| QMMM: H : M.J.S.DEWAR et al. JACS, 107, 3902, (1985)

| QMMM: *** SCF convergence criteria ***
| QMMM: Energy change                :  0.1D-09 kcal/mol
| QMMM: Error matrix |FP-PF|         :  0.1D+00 au
| QMMM: Density matrix change        :  0.5D-06
| QMMM: Maximum number of SCF cycles :     1000

| QMMM: *** Diagonalization Routine Information ***
| QMMM: Pseudo diagonalizations are allowed.
| QMMM: Auto diagonalization routine selection is in use.
| QMMM:
| QMMM: Timing diagonalization routines:
| QMMM:                              norbs =      158
| QMMM:    diag iterations used for timing =        5
| QMMM:
| QMMM:              Internal diag routine = 0.031956 seconds
| QMMM:                 Dspev diag routine = 0.031978 seconds
| QMMM:                Dspevd diag routine = 0.022251 seconds
| QMMM:                Dspevx diag routine = 0.117906 seconds
| QMMM:                 Dsyev diag routine = 0.037607 seconds
| QMMM:                Dsyevd diag routine = 0.029546 seconds
| QMMM:                Dsyevr diag routine = 0.031068 seconds
| QMMM:
| QMMM:                Pseudo diag routine = 0.017748 seconds
| QMMM:
| QMMM: Using dspevd routine (diag_routine=3).

  QMMM: QM Region Cartesian Coordinates (*=link atom) 
  QMMM: QM_NO.   MM_NO.  ATOM         X         Y         Z
  QMMM:     1        1      S      -36.3230  -34.6810   24.2950
  QMMM:     2        2      C      -34.9450  -35.2240   23.4370
  QMMM:     3        3      N      -33.8270  -34.9430   24.1300
  QMMM:     4        4      C      -34.0480  -34.4030   25.4050
  QMMM:     5        5      C      -35.3790  -34.2180   25.6950
  QMMM:     6        6      C      -35.9910  -33.8260   27.0090
  QMMM:     7        7      C      -36.3560  -32.3460   27.2040
  QMMM:     8        8      O      -36.7330  -32.1670   28.5530
  QMMM:     9        9      P      -37.9460  -31.0730   28.8720
  QMMM:    10       10      P      -39.9240  -33.3160   28.4880
  QMMM:    11       11      N      -30.0550  -32.1620   23.6090
  QMMM:    12       12      O      -37.6780  -29.7330   28.2890
  QMMM:    13       13      O      -40.1100  -33.2480   30.0580
  QMMM:    14       14      C      -30.6350  -31.3410   22.7120
  QMMM:    15       15      O      -38.0710  -31.1200   30.4170
  QMMM:    16       16      O      -38.8680  -34.3750   28.0700
  QMMM:    17       17      N      -31.7610  -31.6030   22.0610
  QMMM:    18       18      O      -39.2130  -31.7800   28.1710
  QMMM:    19       19      O      -41.1470  -33.3680   27.6390
  QMMM:    20       20      C      -32.4060  -32.7850   22.2680
  QMMM:    21       21      N      -33.5310  -33.0070   21.5900
  QMMM:    22       22      C      -31.8580  -33.7270   23.2130
  QMMM:    23       23      C      -30.6860  -33.3280   23.8310
  QMMM:    24       24      C      -32.4550  -35.0660   23.5700
  QMMM:    25       25      C      -29.9750  -30.0220   22.4260
  QMMM:    26       26      C      -32.9010  -34.2010   26.3350
  QMMM:    27       27      H      -36.9120  -34.3970   27.2190
  QMMM:    28       28      H      -35.2710  -34.0890   27.8040
  QMMM:    29       29      H      -35.4920  -31.6960   26.9770
  QMMM:    30       30      H      -37.1730  -32.0700   26.5100
  QMMM:    31       31      H      -33.8450  -32.2780   20.9510
  QMMM:    32       32      H      -33.8620  -34.0170   21.4290
  QMMM:    33       33      H      -30.2180  -33.9990   24.5650
  QMMM:    34       34      H      -32.5390  -35.7470   22.7140
  QMMM:    35       35      H      -31.8220  -35.5530   24.3280
  QMMM:    36       36      H      -29.8780  -29.4340   23.3510
  QMMM:    37       37      H      -30.5490  -29.4490   21.6850
  QMMM:    38       38      H      -28.9520  -30.1750   22.0480
  QMMM:    39       39      H      -32.3260  -35.1380   26.4430
  QMMM:    40       40      H      -33.2730  -33.9010   27.3240
  QMMM:    41       41      H      -32.2110  -33.4180   25.9810
  QMMM:    42       42      C      -34.7120  -37.5460   22.4390
  QMMM:    43       43      C      -35.0050  -35.9810   22.0980
  QMMM:    44       44      O      -33.4610  -37.8290   22.5300
  QMMM:    45       45      O      -35.6570  -38.3300   22.5410
  QMMM:    46       46      O      -34.0540  -35.5080   21.2460
  QMMM:    47       47      C      -36.4010  -35.8230   21.4870
  QMMM:    48       48      H      -37.1270  -36.3630   22.1030
  QMMM:    49       49      H      -36.3960  -36.3110   20.5040
  QMMM:    50       50      C      -36.7650  -34.3500   21.3540
  QMMM:    51       51      H      -36.7250  -33.8580   22.3310
  QMMM:    52       52      C      -38.1520  -34.1720   20.7600
  QMMM:    53       53      H      -36.0300  -33.8420   20.7190
  QMMM:    54       54      H      -38.9140  -34.6300   21.3990
  QMMM:    55       55      H      -38.2170  -34.6300   19.7670
  QMMM:    56       56      H      -38.3890  -33.1080   20.6590

--------------------------------------------------------------------------------
  RESULTS
--------------------------------------------------------------------------------

      iter         sqm energy              rms gradient
      ----    -------------------    -----------------------
xmin    10     -325.7536 kcal/mol        1.8861 kcal/(mol*A)
xmin    20     -329.8885 kcal/mol        0.4846 kcal/(mol*A)
xmin    30     -371.5269 kcal/mol        1.3800 kcal/(mol*A)
xmin    40     -373.4288 kcal/mol        0.4128 kcal/(mol*A)
xmin    50     -373.6483 kcal/mol        0.0696 kcal/(mol*A)
xmin    60     -373.6591 kcal/mol        0.0145 kcal/(mol*A)
xmin    70     -373.6607 kcal/mol        0.0092 kcal/(mol*A)
xmin    80     -373.6608 kcal/mol        0.0020 kcal/(mol*A)
  ... geometry converged !
 
 Final MO eigenvalues (eV):
 -30.8493  -29.9735  -28.8879  -27.0459  -26.6047  -25.7499  -25.4298  -24.7301
 -24.0704  -23.4279  -23.0864  -22.4128  -21.8371  -21.5444  -21.5366  -21.0999
 -21.0581  -20.9163  -20.8619  -20.3408  -17.8412  -16.4166  -15.4791  -14.0115
 -13.7665  -12.9323  -11.9751  -11.7711  -10.1873   -9.2934   -8.9144   -8.7995
  -8.3863   -8.0445   -7.6571   -7.3868   -6.7818   -6.6700   -6.6253   -6.3140
  -6.0861   -5.8481   -5.6933   -5.5478   -5.4009   -5.1937   -5.0462   -4.6809
  -4.6538   -4.5240   -4.3806   -4.3717   -4.2468   -4.0864   -3.8643   -3.7258
  -3.5582   -3.3994   -3.3487   -3.1802   -3.1393   -2.9741   -2.6262   -2.5613
  -2.4206   -2.3634   -2.3229   -2.1153   -1.9122   -1.8355   -1.2445   -1.1546
  -1.0792   -1.0407   -0.8900   -0.8642   -0.6096   -0.4503   -0.3523   -0.0294
   0.2563    0.3775    0.4817    0.5617    0.7027    0.7821    0.8150    0.9009
   1.1064    1.1596    1.4210    1.4752    1.6014    2.0167    2.4044    9.7333
  10.5281   10.5357   10.9140   11.8070   11.8890   12.0157   12.0925   12.1359
  12.1874   12.6854   12.6989   12.9176   13.0084   13.0283   13.1547   13.2826
  13.4531   13.5380   13.5982   13.6842   13.7615   13.8736   13.9446   13.9854
  14.0155   14.0711   14.0941   14.1362   14.1947   14.2211   14.2708   14.4306
  14.4600   14.4922   14.6425   14.6589   14.7050   14.7880   14.8332   14.8783
  14.8881   14.9866   15.1000   15.2642   15.3236   15.5330   15.6576   15.7711
  16.0685   16.2051   16.4918   16.6965   16.8022   17.0200   18.0634   18.0890
  18.5315   18.9343   19.7389   19.9680   20.0600   20.7512

 Heat of formation   =       -373.66077843 kcal/mol  (      -16.20314724 eV)

 Total SCF energy    =    -160563.73426004 kcal/mol  (    -6962.56598847 eV)
 Electronic energy   =   -1345757.91802600 kcal/mol  (   -58356.44239304 eV)
 Core-core repulsion =    1185194.18376597 kcal/mol  (    51393.87640458 eV)
 
    Atomic Charges for Step       1 :
  Atom    Element       Mulliken Charge
     1      S                  1.191
     2      C                 -0.502
     3      N                 -0.005
     4      C                 -0.090
     5      C                 -0.482
     6      C                 -0.124
     7      C                  0.061
     8      O                 -0.762
     9      P                  2.701
    10      P                  2.766
    11      N                 -0.377
    12      O                 -1.230
    13      O                 -1.243
    14      C                  0.037
    15      O                 -1.223
    16      O                 -1.173
    17      N                 -0.379
    18      O                 -1.299
    19      O                 -1.241
    20      C                  0.119
    21      N                 -0.377
    22      C                 -0.257
    23      C                 -0.033
    24      C                  0.016
    25      C                 -0.136
    26      C                 -0.141
    27      H                  0.136
    28      H                  0.046
    29      H                  0.015
    30      H                  0.078
    31      H                  0.083
    32      H                  0.203
    33      H                  0.113
    34      H                  0.149
    35      H                  0.097
    36      H                  0.053
    37      H                  0.056
    38      H                  0.046
    39      H                  0.055
    40      H                  0.073
    41      H                  0.088
    42      C                  0.353
    43      C                  0.078
    44      O                 -0.580
    45      O                 -0.603
    46      O                 -0.344
    47      C                 -0.168
    48      H                  0.101
    49      H                  0.095
    50      C                 -0.161
    51      H                  0.099
    52      C                 -0.207
    53      H                  0.049
    54      H                  0.122
    55      H                  0.031
    56      H                  0.031
 Total Mulliken Charge =      -4.000
 
                  X        Y        Z     TOTAL  
  QM DIPOLE   696.755  652.728 -486.876 1071.713
 
 Final Structure

  QMMM: QM Region Cartesian Coordinates (*=link atom) 
  QMMM: QM_NO.   MM_NO.  ATOM         X         Y         Z
  QMMM:     1        1      S      -36.4212  -34.6146   24.9185
  QMMM:     2        2      C      -35.2088  -34.8836   23.7159
  QMMM:     3        3      N      -33.9953  -34.3415   24.0558
  QMMM:     4        4      C      -34.0676  -33.7155   25.3065
  QMMM:     5        5      C      -35.3376  -33.8069   25.8848
  QMMM:     6        6      C      -35.7108  -33.3181   27.2265
  QMMM:     7        7      C      -36.3420  -31.9199   27.1991
  QMMM:     8        8      O      -37.0544  -31.6635   28.3667
  QMMM:     9        9      P      -38.7211  -31.6671   28.2267
  QMMM:    10       10      P      -39.0363  -34.6847   26.9937
  QMMM:    11       11      N      -29.4526  -32.8087   23.8112
  QMMM:    12       12      O      -39.0402  -30.5996   27.2465
  QMMM:    13       13      O      -38.6428  -35.6170   28.0801
  QMMM:    14       14      C      -29.6608  -31.7435   22.9675
  QMMM:    15       15      O      -39.2399  -31.5447   29.6120
  QMMM:    16       16      O      -37.8943  -34.6798   25.8768
  QMMM:    17       17      N      -30.7609  -31.4618   22.2549
  QMMM:    18       18      O      -38.9074  -33.1335   27.6036
  QMMM:    19       19      O      -40.3764  -34.8142   26.3669
  QMMM:    20       20      C      -31.8735  -32.3467   22.3596
  QMMM:    21       21      N      -32.9888  -32.1655   21.6874
  QMMM:    22       22      C      -31.7224  -33.5111   23.2565
  QMMM:    23       23      C      -30.5162  -33.6533   23.9173
  QMMM:    24       24      C      -32.7502  -34.5896   23.3446
  QMMM:    25       25      C      -28.4941  -30.7800   22.8386
  QMMM:    26       26      C      -32.9149  -33.0168   25.9151
  QMMM:    27       27      H      -36.4761  -34.0374   27.6536
  QMMM:    28       28      H      -34.8316  -33.3145   27.9206
  QMMM:    29       29      H      -35.5179  -31.1531   27.1164
  QMMM:    30       30      H      -37.0191  -31.8182   26.3054
  QMMM:    31       31      H      -32.9867  -31.3460   21.1154
  QMMM:    32       32      H      -34.9963  -34.0400   21.4581
  QMMM:    33       33      H      -30.3518  -34.5112   24.5953
  QMMM:    34       34      H      -33.0260  -34.9062   22.2934
  QMMM:    35       35      H      -32.2862  -35.4966   23.8419
  QMMM:    36       36      H      -28.2802  -30.3171   23.8323
  QMMM:    37       37      H      -28.7119  -29.9653   22.1074
  QMMM:    38       38      H      -27.5833  -31.3287   22.4968
  QMMM:    39       39      H      -32.0691  -33.7272   26.0983
  QMMM:    40       40      H      -33.2211  -32.5590   26.8874
  QMMM:    41       41      H      -32.5432  -32.2044   25.2400
  QMMM:    42       42      C      -34.7929  -37.0745   22.4137
  QMMM:    43       43      C      -35.4682  -35.6532   22.4447
  QMMM:    44       44      O      -33.6540  -37.2299   22.9355
  QMMM:    45       45      O      -35.4074  -38.0182   21.8329
  QMMM:    46       46      O      -34.9539  -34.9884   21.2847
  QMMM:    47       47      C      -36.9896  -35.8147   22.2721
  QMMM:    48       48      H      -37.4241  -36.1832   23.2395
  QMMM:    49       49      H      -37.1627  -36.6074   21.4975
  QMMM:    50       50      C      -37.6783  -34.5337   21.8513
  QMMM:    51       51      H      -37.3819  -33.7095   22.5565
  QMMM:    52       52      C      -39.1779  -34.6831   21.8620
  QMMM:    53       53      H      -37.3269  -34.2419   20.8264
  QMMM:    54       54      H      -39.5381  -34.8679   22.9056
  QMMM:    55       55      H      -39.4962  -35.5384   21.2174
  QMMM:    56       56      H      -39.6671  -33.7549   21.4782

           --------- Calculation Completed ----------

